<?xml version="1.0" encoding="UTF-8"?>
<coverage generated="1771012281487" clover="3.2.0">
  <project timestamp="1771012281487" name="All files">
    <metrics statements="789" coveredstatements="692" conditionals="1068" coveredconditionals="879" methods="316" coveredmethods="256" elements="2173" coveredelements="1827" complexity="0" loc="789" ncloc="789" packages="7" files="26" classes="26"/>
    <package name="app">
      <metrics statements="200" coveredstatements="194" conditionals="277" coveredconditionals="247" methods="58" coveredmethods="55"/>
      <file name="_layout.tsx" path="C:\Users\kouad\care\app\_layout.tsx">
        <metrics statements="2" coveredstatements="2" conditionals="0" coveredconditionals="0" methods="1" coveredmethods="1"/>
        <line num="14" count="2" type="stmt"/>
        <line num="34" count="1" type="stmt"/>
      </file>
      <file name="add-task.tsx" path="C:\Users\kouad\care\app\add-task.tsx">
        <metrics statements="33" coveredstatements="33" conditionals="65" coveredconditionals="56" methods="7" coveredmethods="7"/>
        <line num="20" count="1" type="stmt"/>
        <line num="21" count="3" type="cond" truecount="1" falsecount="1"/>
        <line num="23" count="3" type="stmt"/>
        <line num="24" count="3" type="stmt"/>
        <line num="25" count="3" type="cond" truecount="1" falsecount="1"/>
        <line num="27" count="3" type="cond" truecount="2" falsecount="0"/>
        <line num="28" count="3" type="cond" truecount="3" falsecount="1"/>
        <line num="30" count="3" type="stmt"/>
        <line num="34" count="1" type="stmt"/>
        <line num="35" count="5" type="cond" truecount="1" falsecount="1"/>
        <line num="38" count="5" type="stmt"/>
        <line num="39" count="5" type="cond" truecount="2" falsecount="2"/>
        <line num="41" count="5" type="stmt"/>
        <line num="45" count="13" type="stmt"/>
        <line num="46" count="13" type="stmt"/>
        <line num="48" count="13" type="stmt"/>
        <line num="49" count="13" type="stmt"/>
        <line num="50" count="13" type="stmt"/>
        <line num="52" count="13" type="stmt"/>
        <line num="64" count="13" type="stmt"/>
        <line num="66" count="13" type="stmt"/>
        <line num="67" count="2" type="cond" truecount="5" falsecount="0"/>
        <line num="68" count="1" type="stmt"/>
        <line num="69" count="1" type="stmt"/>
        <line num="72" count="1" type="stmt"/>
        <line num="73" count="1" type="stmt"/>
        <line num="75" count="1" type="stmt"/>
        <line num="77" count="1" type="stmt"/>
        <line num="83" count="1" type="stmt"/>
        <line num="86" count="13" type="stmt"/>
        <line num="188" count="13" type="stmt"/>
        <line num="199" count="13" type="stmt"/>
        <line num="218" count="1" type="stmt"/>
      </file>
      <file name="emergency-sos.tsx" path="C:\Users\kouad\care\app\emergency-sos.tsx">
        <metrics statements="20" coveredstatements="20" conditionals="26" coveredconditionals="26" methods="5" coveredmethods="5"/>
        <line num="9" count="8" type="stmt"/>
        <line num="10" count="8" type="stmt"/>
        <line num="11" count="8" type="stmt"/>
        <line num="13" count="8" type="stmt"/>
        <line num="14" count="4" type="stmt"/>
        <line num="15" count="4" type="stmt"/>
        <line num="17" count="4" type="stmt"/>
        <line num="18" count="4" type="stmt"/>
        <line num="19" count="4" type="cond" truecount="2" falsecount="0"/>
        <line num="20" count="1" type="stmt"/>
        <line num="21" count="1" type="stmt"/>
        <line num="23" count="3" type="stmt"/>
        <line num="25" count="1" type="stmt"/>
        <line num="26" count="1" type="stmt"/>
        <line num="30" count="8" type="stmt"/>
        <line num="31" count="1" type="stmt"/>
        <line num="34" count="8" type="stmt"/>
        <line num="58" count="1" type="stmt"/>
        <line num="76" count="3" type="stmt"/>
        <line num="112" count="1" type="stmt"/>
      </file>
      <file name="forgot-username.tsx" path="C:\Users\kouad\care\app\forgot-username.tsx">
        <metrics statements="20" coveredstatements="20" conditionals="18" coveredconditionals="17" methods="5" coveredmethods="5"/>
        <line num="15" count="12" type="stmt"/>
        <line num="17" count="12" type="stmt"/>
        <line num="18" count="12" type="stmt"/>
        <line num="19" count="12" type="stmt"/>
        <line num="21" count="12" type="stmt"/>
        <line num="22" count="6" type="cond" truecount="2" falsecount="0"/>
        <line num="45" count="12" type="stmt"/>
        <line num="46" count="3" type="stmt"/>
        <line num="47" count="3" type="stmt"/>
        <line num="49" count="3" type="cond" truecount="2" falsecount="0"/>
        <line num="50" count="1" type="stmt"/>
        <line num="51" count="1" type="stmt"/>
        <line num="54" count="2" type="cond" truecount="2" falsecount="0"/>
        <line num="55" count="1" type="stmt"/>
        <line num="56" count="1" type="stmt"/>
        <line num="60" count="1" type="stmt"/>
        <line num="62" count="1" type="stmt"/>
        <line num="65" count="12" type="stmt"/>
        <line num="128" count="1" type="stmt"/>
        <line num="140" count="1" type="stmt"/>
      </file>
      <file name="index.tsx" path="C:\Users\kouad\care\app\index.tsx">
        <metrics statements="36" coveredstatements="34" conditionals="50" coveredconditionals="47" methods="13" coveredmethods="12"/>
        <line num="15" count="18" type="stmt"/>
        <line num="17" count="18" type="stmt"/>
        <line num="18" count="18" type="stmt"/>
        <line num="19" count="18" type="stmt"/>
        <line num="21" count="18" type="stmt"/>
        <line num="23" count="18" type="stmt"/>
        <line num="24" count="3" type="stmt"/>
        <line num="26" count="3" type="stmt"/>
        <line num="28" count="3" type="cond" truecount="2" falsecount="0"/>
        <line num="29" count="1" type="stmt"/>
        <line num="30" count="1" type="stmt"/>
        <line num="33" count="6" type="cond" truecount="4" falsecount="0"/>
        <line num="34" count="1" type="stmt"/>
        <line num="35" count="1" type="stmt"/>
        <line num="38" count="1" type="stmt"/>
        <line num="39" count="1" type="stmt"/>
        <line num="40" count="1" type="stmt"/>
        <line num="42" count="0" type="stmt"/>
        <line num="43" count="0" type="stmt"/>
        <line num="47" count="18" type="stmt"/>
        <line num="48" count="7" type="cond" truecount="3" falsecount="1"/>
        <line num="49" count="7" type="stmt"/>
        <line num="50" count="7" type="stmt"/>
        <line num="51" count="7" type="stmt"/>
        <line num="53" count="7" type="cond" truecount="4" falsecount="0"/>
        <line num="54" count="5" type="stmt"/>
        <line num="59" count="18" type="stmt"/>
        <line num="60" count="7" type="cond" truecount="2" falsecount="0"/>
        <line num="85" count="18" type="stmt"/>
        <line num="140" count="1" type="stmt"/>
        <line num="179" count="108" type="stmt"/>
        <line num="181" count="204" type="stmt"/>
        <line num="183" count="7" type="stmt"/>
        <line num="223" count="1" type="stmt"/>
        <line num="226" count="1" type="stmt"/>
        <line num="241" count="1" type="stmt"/>
      </file>
      <file name="modal.tsx" path="C:\Users\kouad\care\app\modal.tsx">
        <metrics statements="2" coveredstatements="2" conditionals="0" coveredconditionals="0" methods="1" coveredmethods="1"/>
        <line num="8" count="3" type="stmt"/>
        <line num="18" count="1" type="stmt"/>
      </file>
      <file name="notification-settings.tsx" path="C:\Users\kouad\care\app\notification-settings.tsx">
        <metrics statements="54" coveredstatements="50" conditionals="76" coveredconditionals="63" methods="14" coveredmethods="12"/>
        <line num="29" count="1" type="stmt"/>
        <line num="31" count="1" type="stmt"/>
        <line num="42" count="11" type="stmt"/>
        <line num="44" count="11" type="stmt"/>
        <line num="45" count="11" type="stmt"/>
        <line num="46" count="11" type="stmt"/>
        <line num="49" count="11" type="stmt"/>
        <line num="52" count="11" type="stmt"/>
        <line num="55" count="11" type="stmt"/>
        <line num="56" count="11" type="stmt"/>
        <line num="58" count="11" type="stmt"/>
        <line num="59" count="5" type="cond" truecount="2" falsecount="0"/>
        <line num="94" count="11" type="stmt"/>
        <line num="95" count="11" type="stmt"/>
        <line num="96" count="11" type="stmt"/>
        <line num="97" count="11" type="cond" truecount="2" falsecount="0"/>
        <line num="99" count="1" type="stmt"/>
        <line num="101" count="1" type="cond" truecount="1" falsecount="1"/>
        <line num="102" count="1" type="cond" truecount="1" falsecount="1"/>
        <line num="103" count="1" type="cond" truecount="1" falsecount="1"/>
        <line num="104" count="1" type="cond" truecount="1" falsecount="1"/>
        <line num="105" count="1" type="cond" truecount="1" falsecount="1"/>
        <line num="106" count="1" type="cond" truecount="1" falsecount="1"/>
        <line num="107" count="1" type="cond" truecount="1" falsecount="1"/>
        <line num="109" count="0" type="stmt"/>
        <line num="113" count="11" type="stmt"/>
        <line num="115" count="11" type="stmt"/>
        <line num="119" count="11" type="stmt"/>
        <line num="120" count="1" type="stmt"/>
        <line num="130" count="1" type="stmt"/>
        <line num="131" count="1" type="stmt"/>
        <line num="132" count="1" type="stmt"/>
        <line num="134" count="0" type="stmt"/>
        <line num="138" count="11" type="stmt"/>
        <line num="147" count="33" type="stmt"/>
        <line num="160" count="11" type="stmt"/>
        <line num="172" count="22" type="cond" truecount="2" falsecount="0"/>
        <line num="175" count="22" type="cond" truecount="4" falsecount="0"/>
        <line num="177" count="22" type="cond" truecount="2" falsecount="0"/>
        <line num="178" count="22" type="stmt"/>
        <line num="179" count="22" type="stmt"/>
        <line num="181" count="22" type="cond" truecount="2" falsecount="0"/>
        <line num="187" count="22" type="cond" truecount="2" falsecount="0"/>
        <line num="193" count="22" type="stmt"/>
        <line num="199" count="88" type="stmt"/>
        <line num="200" count="88" type="stmt"/>
        <line num="203" count="1" type="stmt"/>
        <line num="204" count="88" type="stmt"/>
        <line num="230" count="11" type="stmt"/>
        <line num="257" count="0" type="stmt"/>
        <line num="276" count="0" type="stmt"/>
        <line num="277" count="11" type="stmt"/>
        <line num="407" count="11" type="stmt"/>
        <line num="466" count="1" type="stmt"/>
      </file>
      <file name="register.tsx" path="C:\Users\kouad\care\app\register.tsx">
        <metrics statements="33" coveredstatements="33" conditionals="42" coveredconditionals="38" methods="12" coveredmethods="12"/>
        <line num="15" count="28" type="stmt"/>
        <line num="17" count="28" type="stmt"/>
        <line num="18" count="28" type="stmt"/>
        <line num="19" count="28" type="stmt"/>
        <line num="20" count="28" type="stmt"/>
        <line num="21" count="28" type="stmt"/>
        <line num="23" count="28" type="stmt"/>
        <line num="25" count="28" type="stmt"/>
        <line num="26" count="9" type="cond" truecount="2" falsecount="0"/>
        <line num="49" count="28" type="stmt"/>
        <line num="50" count="11" type="cond" truecount="1" falsecount="1"/>
        <line num="51" count="11" type="cond" truecount="3" falsecount="1"/>
        <line num="53" count="11" type="stmt"/>
        <line num="54" count="11" type="stmt"/>
        <line num="55" count="11" type="stmt"/>
        <line num="56" count="11" type="stmt"/>
        <line num="59" count="11" type="cond" truecount="4" falsecount="0"/>
        <line num="62" count="28" type="stmt"/>
        <line num="63" count="5" type="stmt"/>
        <line num="64" count="5" type="stmt"/>
        <line num="66" count="5" type="cond" truecount="2" falsecount="0"/>
        <line num="67" count="4" type="cond" truecount="2" falsecount="0"/>
        <line num="68" count="3" type="cond" truecount="2" falsecount="0"/>
        <line num="69" count="6" type="cond" truecount="4" falsecount="0"/>
        <line num="71" count="1" type="stmt"/>
        <line num="72" count="1" type="stmt"/>
        <line num="75" count="28" type="stmt"/>
        <line num="82" count="1" type="stmt"/>
        <line num="146" count="168" type="stmt"/>
        <line num="148" count="324" type="stmt"/>
        <line num="150" count="11" type="stmt"/>
        <line num="177" count="1" type="stmt"/>
        <line num="188" count="1" type="stmt"/>
      </file>
    </package>
    <package name="app.(tabs)">
      <metrics statements="381" coveredstatements="316" conditionals="730" coveredconditionals="593" methods="172" coveredmethods="127"/>
      <file name="alerts.tsx" path="C:\Users\kouad\care\app\(tabs)\alerts.tsx">
        <metrics statements="21" coveredstatements="19" conditionals="62" coveredconditionals="58" methods="8" coveredmethods="7"/>
        <line num="18" count="6" type="stmt"/>
        <line num="20" count="6" type="stmt"/>
        <line num="21" count="6" type="stmt"/>
        <line num="23" count="6" type="stmt"/>
        <line num="35" count="6" type="stmt"/>
        <line num="36" count="6" type="stmt"/>
        <line num="37" count="6" type="stmt"/>
        <line num="38" count="6" type="cond" truecount="2" falsecount="0"/>
        <line num="40" count="1" type="stmt"/>
        <line num="41" count="1" type="cond" truecount="1" falsecount="1"/>
        <line num="42" count="1" type="cond" truecount="1" falsecount="1"/>
        <line num="44" count="0" type="stmt"/>
        <line num="49" count="6" type="stmt"/>
        <line num="51" count="6" type="stmt"/>
        <line num="55" count="6" type="stmt"/>
        <line num="69" count="0" type="stmt"/>
        <line num="89" count="1" type="stmt"/>
        <line num="90" count="6" type="stmt"/>
        <line num="118" count="1" type="stmt"/>
        <line num="119" count="6" type="stmt"/>
        <line num="213" count="1" type="stmt"/>
      </file>
      <file name="communication.tsx" path="C:\Users\kouad\care\app\(tabs)\communication.tsx">
        <metrics statements="44" coveredstatements="40" conditionals="124" coveredconditionals="106" methods="21" coveredmethods="18"/>
        <line num="19" count="12" type="stmt"/>
        <line num="20" count="12" type="stmt"/>
        <line num="21" count="12" type="stmt"/>
        <line num="23" count="12" type="stmt"/>
        <line num="24" count="12" type="stmt"/>
        <line num="25" count="12" type="stmt"/>
        <line num="27" count="12" type="stmt"/>
        <line num="28" count="5" type="stmt"/>
        <line num="45" count="12" type="stmt"/>
        <line num="46" count="3" type="stmt"/>
        <line num="47" count="3" type="stmt"/>
        <line num="50" count="12" type="stmt"/>
        <line num="51" count="3" type="cond" truecount="2" falsecount="0"/>
        <line num="52" count="2" type="cond" truecount="1" falsecount="1"/>
        <line num="53" count="0" type="stmt"/>
        <line num="54" count="2" type="cond" truecount="2" falsecount="0"/>
        <line num="55" count="1" type="stmt"/>
        <line num="57" count="1" type="stmt"/>
        <line num="61" count="3" type="stmt"/>
        <line num="67" count="12" type="stmt"/>
        <line num="68" count="1" type="cond" truecount="1" falsecount="1"/>
        <line num="69" count="0" type="stmt"/>
        <line num="70" count="0" type="stmt"/>
        <line num="72" count="1" type="stmt"/>
        <line num="73" count="1" type="stmt"/>
        <line num="76" count="12" type="stmt"/>
        <line num="77" count="1" type="stmt"/>
        <line num="78" count="1" type="stmt"/>
        <line num="79" count="1" type="stmt"/>
        <line num="82" count="12" type="stmt"/>
        <line num="84" count="12" type="stmt"/>
        <line num="98" count="0" type="stmt"/>
        <line num="125" count="1" type="stmt"/>
        <line num="126" count="12" type="stmt"/>
        <line num="140" count="12" type="stmt"/>
        <line num="179" count="2" type="stmt"/>
        <line num="180" count="12" type="stmt"/>
        <line num="195" count="12" type="stmt"/>
        <line num="215" count="12" type="stmt"/>
        <line num="328" count="1" type="stmt"/>
        <line num="348" count="2" type="stmt"/>
        <line num="372" count="5" type="stmt"/>
        <line num="386" count="5" type="stmt"/>
        <line num="424" count="1" type="stmt"/>
      </file>
      <file name="dashboard.tsx" path="C:\Users\kouad\care\app\(tabs)\dashboard.tsx">
        <metrics statements="24" coveredstatements="23" conditionals="60" coveredconditionals="54" methods="9" coveredmethods="8"/>
        <line num="28" count="5" type="stmt"/>
        <line num="29" count="5" type="stmt"/>
        <line num="31" count="5" type="stmt"/>
        <line num="32" count="5" type="stmt"/>
        <line num="34" count="5" type="stmt"/>
        <line num="35" count="5" type="stmt"/>
        <line num="37" count="5" type="stmt"/>
        <line num="38" count="5" type="stmt"/>
        <line num="53" count="5" type="stmt"/>
        <line num="55" count="5" type="stmt"/>
        <line num="56" count="1" type="stmt"/>
        <line num="58" count="1" type="stmt"/>
        <line num="61" count="1" type="stmt"/>
        <line num="63" count="1" type="stmt"/>
        <line num="67" count="5" type="stmt"/>
        <line num="68" count="30" type="stmt"/>
        <line num="69" count="5" type="stmt"/>
        <line num="70" count="30" type="stmt"/>
        <line num="95" count="5" type="stmt"/>
        <line num="96" count="30" type="cond" truecount="3" falsecount="1"/>
        <line num="98" count="30" type="stmt"/>
        <line num="99" count="0" type="cond" truecount="2" falsecount="2"/>
        <line num="122" count="5" type="stmt"/>
        <line num="169" count="1" type="stmt"/>
      </file>
      <file name="explore.tsx" path="C:\Users\kouad\care\app\(tabs)\explore.tsx">
        <metrics statements="2" coveredstatements="2" conditionals="0" coveredconditionals="0" methods="1" coveredmethods="1"/>
        <line num="13" count="1" type="stmt"/>
        <line num="101" count="1" type="stmt"/>
      </file>
      <file name="history.tsx" path="C:\Users\kouad\care\app\(tabs)\history.tsx">
        <metrics statements="109" coveredstatements="78" conditionals="157" coveredconditionals="113" methods="49" coveredmethods="26"/>
        <line num="39" count="10" type="stmt"/>
        <line num="40" count="10" type="stmt"/>
        <line num="42" count="10" type="stmt"/>
        <line num="43" count="10" type="stmt"/>
        <line num="45" count="10" type="stmt"/>
        <line num="46" count="10" type="stmt"/>
        <line num="47" count="10" type="stmt"/>
        <line num="49" count="10" type="stmt"/>
        <line num="50" count="5" type="stmt"/>
        <line num="78" count="10" type="stmt"/>
        <line num="79" count="6" type="stmt"/>
        <line num="80" count="6" type="stmt"/>
        <line num="81" count="6" type="cond" truecount="1" falsecount="1"/>
        <line num="82" count="6" type="stmt"/>
        <line num="84" count="0" type="stmt"/>
        <line num="88" count="10" type="stmt"/>
        <line num="89" count="5" type="stmt"/>
        <line num="90" count="5" type="stmt"/>
        <line num="93" count="5" type="stmt"/>
        <line num="94" count="5" type="stmt"/>
        <line num="107" count="5" type="stmt"/>
        <line num="108" count="5" type="cond" truecount="2" falsecount="0"/>
        <line num="109" count="1" type="stmt"/>
        <line num="110" count="1" type="stmt"/>
        <line num="111" count="1" type="stmt"/>
        <line num="112" count="1" type="stmt"/>
        <line num="123" count="0" type="stmt"/>
        <line num="128" count="5" type="stmt"/>
        <line num="129" count="5" type="stmt"/>
        <line num="132" count="5" type="stmt"/>
        <line num="135" count="10" type="stmt"/>
        <line num="136" count="10" type="cond" truecount="1" falsecount="1"/>
        <line num="139" count="10" type="stmt"/>
        <line num="140" count="10" type="cond" truecount="1" falsecount="1"/>
        <line num="143" count="10" type="stmt"/>
        <line num="144" count="10" type="stmt"/>
        <line num="145" count="6" type="stmt"/>
        <line num="146" count="6" type="cond" truecount="1" falsecount="1"/>
        <line num="147" count="6" type="stmt"/>
        <line num="148" count="6" type="stmt"/>
        <line num="152" count="10" type="stmt"/>
        <line num="155" count="10" type="stmt"/>
        <line num="156" count="10" type="stmt"/>
        <line num="158" count="10" type="stmt"/>
        <line num="159" count="310" type="stmt"/>
        <line num="160" count="310" type="stmt"/>
        <line num="163" count="10" type="stmt"/>
        <line num="167" count="10" type="stmt"/>
        <line num="169" count="10" type="stmt"/>
        <line num="170" count="0" type="stmt"/>
        <line num="173" count="10" type="stmt"/>
        <line num="174" count="0" type="stmt"/>
        <line num="177" count="10" type="stmt"/>
        <line num="178" count="0" type="stmt"/>
        <line num="179" count="0" type="stmt"/>
        <line num="180" count="0" type="stmt"/>
        <line num="181" count="0" type="stmt"/>
        <line num="184" count="10" type="stmt"/>
        <line num="185" count="5" type="stmt"/>
        <line num="186" count="5" type="stmt"/>
        <line num="187" count="5" type="stmt"/>
        <line num="189" count="20" type="stmt"/>
        <line num="190" count="155" type="stmt"/>
        <line num="191" count="5" type="stmt"/>
        <line num="194" count="10" type="stmt"/>
        <line num="195" count="6" type="cond" truecount="2" falsecount="0"/>
        <line num="196" count="5" type="cond" truecount="1" falsecount="1"/>
        <line num="198" count="5" type="cond" truecount="2" falsecount="3"/>
        <line num="200" count="0" type="stmt"/>
        <line num="202" count="0" type="stmt"/>
        <line num="204" count="0" type="stmt"/>
        <line num="207" count="5" type="stmt"/>
        <line num="211" count="10" type="stmt"/>
        <line num="217" count="0" type="stmt"/>
        <line num="232" count="0" type="stmt"/>
        <line num="244" count="1" type="stmt"/>
        <line num="245" count="10" type="stmt"/>
        <line num="261" count="0" type="stmt"/>
        <line num="262" count="10" type="stmt"/>
        <line num="280" count="0" type="stmt"/>
        <line num="304" count="70" type="stmt"/>
        <line num="312" count="350" type="cond" truecount="2" falsecount="0"/>
        <line num="314" count="310" type="stmt"/>
        <line num="320" count="310" type="stmt"/>
        <line num="321" count="310" type="stmt"/>
        <line num="323" count="310" type="cond" truecount="1" falsecount="1"/>
        <line num="329" count="310" type="cond" truecount="1" falsecount="1"/>
        <line num="335" count="310" type="cond" truecount="1" falsecount="1"/>
        <line num="341" count="310" type="stmt"/>
        <line num="344" count="0" type="stmt"/>
        <line num="345" count="0" type="stmt"/>
        <line num="366" count="0" type="stmt"/>
        <line num="367" count="0" type="stmt"/>
        <line num="368" count="0" type="stmt"/>
        <line num="370" count="0" type="stmt"/>
        <line num="380" count="0" type="stmt"/>
        <line num="381" count="0" type="stmt"/>
        <line num="397" count="6" type="stmt"/>
        <line num="405" count="6" type="stmt"/>
        <line num="407" count="6" type="stmt"/>
        <line num="450" count="0" type="stmt"/>
        <line num="451" count="0" type="stmt"/>
        <line num="486" count="0" type="stmt"/>
        <line num="490" count="0" type="stmt"/>
        <line num="494" count="0" type="stmt"/>
        <line num="498" count="0" type="stmt"/>
        <line num="502" count="0" type="stmt"/>
        <line num="506" count="0" type="stmt"/>
        <line num="516" count="1" type="stmt"/>
      </file>
      <file name="patient-info.tsx" path="C:\Users\kouad\care\app\(tabs)\patient-info.tsx">
        <metrics statements="52" coveredstatements="50" conditionals="111" coveredconditionals="97" methods="34" coveredmethods="31"/>
        <line num="29" count="1" type="stmt"/>
        <line num="36" count="1" type="stmt"/>
        <line num="42" count="44" type="stmt"/>
        <line num="43" count="44" type="stmt"/>
        <line num="44" count="44" type="stmt"/>
        <line num="45" count="44" type="stmt"/>
        <line num="46" count="44" type="cond" truecount="4" falsecount="1"/>
        <line num="47" count="40" type="stmt"/>
        <line num="49" count="44" type="stmt"/>
        <line num="53" count="22" type="stmt"/>
        <line num="54" count="22" type="stmt"/>
        <line num="62" count="22" type="stmt"/>
        <line num="64" count="22" type="stmt"/>
        <line num="65" count="22" type="stmt"/>
        <line num="67" count="22" type="stmt"/>
        <line num="69" count="22" type="stmt"/>
        <line num="71" count="22" type="stmt"/>
        <line num="72" count="7" type="stmt"/>
        <line num="95" count="22" type="stmt"/>
        <line num="97" count="1" type="stmt"/>
        <line num="100" count="22" type="stmt"/>
        <line num="101" count="1" type="stmt"/>
        <line num="102" count="1" type="stmt"/>
        <line num="105" count="22" type="stmt"/>
        <line num="107" count="1" type="stmt"/>
        <line num="110" count="22" type="stmt"/>
        <line num="111" count="1" type="stmt"/>
        <line num="112" count="1" type="stmt"/>
        <line num="115" count="22" type="stmt"/>
        <line num="117" count="22" type="stmt"/>
        <line num="128" count="0" type="stmt"/>
        <line num="159" count="1" type="stmt"/>
        <line num="160" count="22" type="stmt"/>
        <line num="185" count="2" type="stmt"/>
        <line num="186" count="22" type="cond" truecount="1" falsecount="1"/>
        <line num="230" count="2" type="stmt"/>
        <line num="231" count="22" type="cond" truecount="1" falsecount="1"/>
        <line num="274" count="2" type="stmt"/>
        <line num="281" count="1" type="stmt"/>
        <line num="292" count="1" type="stmt"/>
        <line num="301" count="0" type="stmt"/>
        <line num="311" count="6" type="stmt"/>
        <line num="324" count="6" type="stmt"/>
        <line num="370" count="2" type="stmt"/>
        <line num="377" count="1" type="stmt"/>
        <line num="387" count="5" type="stmt"/>
        <line num="400" count="5" type="stmt"/>
        <line num="429" count="44" type="stmt"/>
        <line num="448" count="220" type="stmt"/>
        <line num="482" count="34" type="stmt"/>
        <line num="484" count="34" type="stmt"/>
        <line num="512" count="1" type="stmt"/>
      </file>
      <file name="today-tasks.tsx" path="C:\Users\kouad\care\app\(tabs)\today-tasks.tsx">
        <metrics statements="129" coveredstatements="104" conditionals="216" coveredconditionals="165" methods="50" coveredmethods="36"/>
        <line num="9" count="1" type="stmt"/>
        <line num="10" count="1" type="stmt"/>
        <line num="11" count="1" type="stmt"/>
        <line num="14" count="1" type="cond" truecount="1" falsecount="1"/>
        <line num="15" count="0" type="stmt"/>
        <line num="16" count="0" type="stmt"/>
        <line num="17" count="0" type="stmt"/>
        <line num="21" count="1" type="cond" truecount="2" falsecount="2"/>
        <line num="22" count="0" type="stmt"/>
        <line num="23" count="0" type="cond" truecount="0" falsecount="2"/>
        <line num="24" count="0" type="cond" truecount="0" falsecount="2"/>
        <line num="25" count="0" type="cond" truecount="0" falsecount="2"/>
        <line num="26" count="0" type="cond" truecount="0" falsecount="4"/>
        <line num="27" count="0" type="stmt"/>
        <line num="30" count="1" type="stmt"/>
        <line num="34" count="1" type="stmt"/>
        <line num="36" count="1" type="stmt"/>
        <line num="37" count="72" type="stmt"/>
        <line num="38" count="72" type="stmt"/>
        <line num="39" count="72" type="stmt"/>
        <line num="42" count="1" type="stmt"/>
        <line num="43" count="2" type="stmt"/>
        <line num="44" count="2" type="stmt"/>
        <line num="45" count="2" type="stmt"/>
        <line num="47" count="2" type="stmt"/>
        <line num="48" count="2" type="stmt"/>
        <line num="50" count="2" type="stmt"/>
        <line num="51" count="8" type="stmt"/>
        <line num="52" count="62" type="stmt"/>
        <line num="53" count="2" type="stmt"/>
        <line num="57" count="18" type="stmt"/>
        <line num="58" count="18" type="stmt"/>
        <line num="60" count="18" type="stmt"/>
        <line num="63" count="18" type="stmt"/>
        <line num="64" count="18" type="stmt"/>
        <line num="65" count="18" type="stmt"/>
        <line num="66" count="18" type="stmt"/>
        <line num="69" count="18" type="stmt"/>
        <line num="70" count="18" type="stmt"/>
        <line num="71" count="18" type="stmt"/>
        <line num="72" count="18" type="stmt"/>
        <line num="75" count="18" type="stmt"/>
        <line num="76" count="18" type="stmt"/>
        <line num="78" count="18" type="stmt"/>
        <line num="95" count="18" type="stmt"/>
        <line num="97" count="21" type="stmt"/>
        <line num="98" count="18" type="stmt"/>
        <line num="99" count="18" type="stmt"/>
        <line num="101" count="18" type="stmt"/>
        <line num="102" count="66" type="stmt"/>
        <line num="103" count="66" type="stmt"/>
        <line num="105" count="66" type="stmt"/>
        <line num="106" count="198" type="stmt"/>
        <line num="107" count="198" type="cond" truecount="1" falsecount="1"/>
        <line num="108" count="198" type="stmt"/>
        <line num="109" count="198" type="stmt"/>
        <line num="110" count="198" type="cond" truecount="2" falsecount="0"/>
        <line num="114" count="18" type="stmt"/>
        <line num="116" count="18" type="stmt"/>
        <line num="117" count="1" type="stmt"/>
        <line num="119" count="1" type="stmt"/>
        <line num="120" count="1" type="cond" truecount="1" falsecount="1"/>
        <line num="121" count="1" type="cond" truecount="1" falsecount="1"/>
        <line num="123" count="1" type="stmt"/>
        <line num="124" count="1" type="stmt"/>
        <line num="125" count="1" type="stmt"/>
        <line num="126" count="1" type="stmt"/>
        <line num="127" count="1" type="stmt"/>
        <line num="128" count="1" type="stmt"/>
        <line num="131" count="18" type="stmt"/>
        <line num="132" count="1" type="stmt"/>
        <line num="133" count="1" type="stmt"/>
        <line num="134" count="1" type="stmt"/>
        <line num="137" count="18" type="stmt"/>
        <line num="138" count="1" type="cond" truecount="1" falsecount="1"/>
        <line num="139" count="1" type="stmt"/>
        <line num="140" count="1" type="stmt"/>
        <line num="143" count="18" type="stmt"/>
        <line num="144" count="1" type="cond" truecount="5" falsecount="1"/>
        <line num="145" count="1" type="stmt"/>
        <line num="149" count="1" type="stmt"/>
        <line num="150" count="1" type="stmt"/>
        <line num="154" count="18" type="stmt"/>
        <line num="155" count="34" type="stmt"/>
        <line num="157" count="34" type="stmt"/>
        <line num="169" count="1" type="stmt"/>
        <line num="198" count="2" type="cond" truecount="1" falsecount="1"/>
        <line num="205" count="1" type="stmt"/>
        <line num="208" count="1" type="stmt"/>
        <line num="217" count="18" type="stmt"/>
        <line num="223" count="0" type="stmt"/>
        <line num="246" count="0" type="stmt"/>
        <line num="247" count="17" type="stmt"/>
        <line num="272" count="17" type="stmt"/>
        <line num="284" count="0" type="stmt"/>
        <line num="296" count="1" type="stmt"/>
        <line num="307" count="32" type="stmt"/>
        <line num="321" count="0" type="cond" truecount="0" falsecount="2"/>
        <line num="322" count="0" type="stmt"/>
        <line num="323" count="0" type="stmt"/>
        <line num="338" count="0" type="cond" truecount="0" falsecount="2"/>
        <line num="339" count="0" type="stmt"/>
        <line num="340" count="0" type="stmt"/>
        <line num="353" count="14" type="stmt"/>
        <line num="360" count="70" type="cond" truecount="2" falsecount="0"/>
        <line num="362" count="62" type="stmt"/>
        <line num="363" count="62" type="stmt"/>
        <line num="364" count="62" type="cond" truecount="2" falsecount="0"/>
        <line num="365" count="62" type="stmt"/>
        <line num="368" count="62" type="cond" truecount="2" falsecount="0"/>
        <line num="381" count="62" type="cond" truecount="4" falsecount="0"/>
        <line num="388" count="62" type="cond" truecount="2" falsecount="0"/>
        <line num="398" count="62" type="stmt"/>
        <line num="401" count="1" type="stmt"/>
        <line num="402" count="31" type="stmt"/>
        <line num="414" count="8" type="stmt"/>
        <line num="444" count="4" type="stmt"/>
        <line num="457" count="0" type="stmt"/>
        <line num="461" count="0" type="stmt"/>
        <line num="466" count="0" type="stmt"/>
        <line num="485" count="1" type="stmt"/>
        <line num="495" count="0" type="stmt"/>
        <line num="496" count="1" type="stmt"/>
        <line num="510" count="0" type="stmt"/>
        <line num="518" count="0" type="stmt"/>
        <line num="600" count="4" type="stmt"/>
        <line num="610" count="0" type="stmt"/>
        <line num="611" count="4" type="stmt"/>
        <line num="629" count="1" type="stmt"/>
      </file>
    </package>
    <package name="assets.images">
      <metrics statements="1" coveredstatements="1" conditionals="0" coveredconditionals="0" methods="0" coveredmethods="0"/>
      <file name="react-logo.png" path="C:\Users\kouad\care\assets\images\react-logo.png">
        <metrics statements="1" coveredstatements="1" conditionals="0" coveredconditionals="0" methods="0" coveredmethods="0"/>
        <line num="1" count="1" type="stmt"/>
      </file>
    </package>
    <package name="components">
      <metrics statements="5" coveredstatements="5" conditionals="11" coveredconditionals="7" methods="2" coveredmethods="2"/>
      <file name="themed-text.tsx" path="C:\Users\kouad\care\components\themed-text.tsx">
        <metrics statements="3" coveredstatements="3" conditionals="11" coveredconditionals="7" methods="1" coveredmethods="1"/>
        <line num="18" count="6" type="stmt"/>
        <line num="20" count="6" type="stmt"/>
        <line num="36" count="1" type="stmt"/>
      </file>
      <file name="themed-view.tsx" path="C:\Users\kouad\care\components\themed-view.tsx">
        <metrics statements="2" coveredstatements="2" conditionals="0" coveredconditionals="0" methods="1" coveredmethods="1"/>
        <line num="11" count="3" type="stmt"/>
        <line num="13" count="3" type="stmt"/>
      </file>
    </package>
    <package name="constants">
      <metrics statements="4" coveredstatements="4" conditionals="0" coveredconditionals="0" methods="0" coveredmethods="0"/>
      <file name="theme.ts" path="C:\Users\kouad\care\constants\theme.ts">
        <metrics statements="4" coveredstatements="4" conditionals="0" coveredconditionals="0" methods="0" coveredmethods="0"/>
        <line num="8" count="1" type="stmt"/>
        <line num="9" count="1" type="stmt"/>
        <line num="11" count="1" type="stmt"/>
        <line num="30" count="1" type="stmt"/>
      </file>
    </package>
    <package name="context">
      <metrics statements="193" coveredstatements="168" conditionals="46" coveredconditionals="30" methods="83" coveredmethods="71"/>
      <file name="HealthLogsContext.tsx" path="C:\Users\kouad\care\context\HealthLogsContext.tsx">
        <metrics statements="44" coveredstatements="26" conditionals="12" coveredconditionals="2" methods="18" coveredmethods="6"/>
        <line num="28" count="1" type="stmt"/>
        <line num="32" count="1" type="stmt"/>
        <line num="35" count="1" type="stmt"/>
        <line num="175" count="1" type="stmt"/>
        <line num="178" count="4" type="stmt"/>
        <line num="179" count="4" type="stmt"/>
        <line num="182" count="4" type="stmt"/>
        <line num="183" count="2" type="stmt"/>
        <line num="184" count="2" type="stmt"/>
        <line num="185" count="2" type="stmt"/>
        <line num="186" count="0" type="cond" truecount="0" falsecount="2"/>
        <line num="188" count="0" type="stmt"/>
        <line num="191" count="0" type="stmt"/>
        <line num="196" count="0" type="stmt"/>
        <line num="198" count="2" type="stmt"/>
        <line num="200" count="2" type="stmt"/>
        <line num="206" count="4" type="stmt"/>
        <line num="207" count="4" type="cond" truecount="2" falsecount="0"/>
        <line num="209" count="2" type="stmt"/>
        <line num="210" count="2" type="stmt"/>
        <line num="211" count="2" type="stmt"/>
        <line num="212" count="0" type="stmt"/>
        <line num="214" count="2" type="stmt"/>
        <line num="216" count="2" type="stmt"/>
        <line num="221" count="4" type="stmt"/>
        <line num="222" count="2" type="stmt"/>
        <line num="226" count="4" type="stmt"/>
        <line num="227" count="0" type="stmt"/>
        <line num="229" count="0" type="stmt"/>
        <line num="232" count="0" type="stmt"/>
        <line num="233" count="0" type="stmt"/>
        <line num="236" count="4" type="stmt"/>
        <line num="238" count="0" type="cond" truecount="0" falsecount="2"/>
        <line num="239" count="0" type="stmt"/>
        <line num="242" count="4" type="stmt"/>
        <line num="243" count="0" type="cond" truecount="0" falsecount="2"/>
        <line num="244" count="0" type="stmt"/>
        <line num="245" count="0" type="cond" truecount="0" falsecount="2"/>
        <line num="249" count="4" type="stmt"/>
        <line num="258" count="1" type="stmt"/>
        <line num="259" count="0" type="stmt"/>
        <line num="260" count="0" type="cond" truecount="0" falsecount="2"/>
        <line num="261" count="0" type="stmt"/>
        <line num="262" count="0" type="stmt"/>
      </file>
      <file name="MessagesContext.tsx" path="C:\Users\kouad\care\context\MessagesContext.tsx">
        <metrics statements="16" coveredstatements="16" conditionals="4" coveredconditionals="4" methods="9" coveredmethods="9"/>
        <line num="28" count="2" type="stmt"/>
        <line num="30" count="2" type="stmt"/>
        <line num="64" count="9" type="stmt"/>
        <line num="66" count="9" type="stmt"/>
        <line num="67" count="1" type="stmt"/>
        <line num="68" count="2" type="cond" truecount="2" falsecount="0"/>
        <line num="72" count="9" type="stmt"/>
        <line num="73" count="19" type="stmt"/>
        <line num="77" count="9" type="stmt"/>
        <line num="79" count="9" type="stmt"/>
        <line num="80" count="9" type="stmt"/>
        <line num="84" count="9" type="stmt"/>
        <line num="92" count="10" type="stmt"/>
        <line num="93" count="9" type="cond" truecount="2" falsecount="0"/>
        <line num="94" count="2" type="stmt"/>
        <line num="95" count="7" type="stmt"/>
      </file>
      <file name="ScheduledAppointmentsContext.tsx" path="C:\Users\kouad\care\context\ScheduledAppointmentsContext.tsx">
        <metrics statements="62" coveredstatements="57" conditionals="18" coveredconditionals="13" methods="18" coveredmethods="18"/>
        <line num="26" count="1" type="stmt"/>
        <line num="28" count="1" type="stmt"/>
        <line num="29" count="1" type="stmt"/>
        <line num="31" count="1" type="stmt"/>
        <line num="116" count="80" type="stmt"/>
        <line num="117" count="80" type="cond" truecount="1" falsecount="1"/>
        <line num="120" count="1" type="stmt"/>
        <line num="124" count="11" type="stmt"/>
        <line num="125" count="11" type="stmt"/>
        <line num="128" count="11" type="stmt"/>
        <line num="129" count="5" type="stmt"/>
        <line num="130" count="5" type="stmt"/>
        <line num="131" count="5" type="stmt"/>
        <line num="132" count="5" type="stmt"/>
        <line num="134" count="5" type="cond" truecount="2" falsecount="0"/>
        <line num="135" count="1" type="stmt"/>
        <line num="136" count="1" type="cond" truecount="1" falsecount="1"/>
        <line num="139" count="5" type="cond" truecount="2" falsecount="0"/>
        <line num="140" count="1" type="stmt"/>
        <line num="141" count="1" type="cond" truecount="1" falsecount="1"/>
        <line num="142" count="4" type="stmt"/>
        <line num="146" count="0" type="stmt"/>
        <line num="152" count="11" type="stmt"/>
        <line num="153" count="6" type="stmt"/>
        <line num="154" count="6" type="stmt"/>
        <line num="155" count="6" type="stmt"/>
        <line num="157" count="0" type="stmt"/>
        <line num="162" count="11" type="stmt"/>
        <line num="163" count="10" type="stmt"/>
        <line num="164" count="10" type="stmt"/>
        <line num="165" count="10" type="stmt"/>
        <line num="170" count="0" type="stmt"/>
        <line num="175" count="11" type="stmt"/>
        <line num="176" count="4" type="stmt"/>
        <line num="177" count="4" type="cond" truecount="2" falsecount="0"/>
        <line num="181" count="11" type="stmt"/>
        <line num="182" count="10" type="stmt"/>
        <line num="186" count="11" type="stmt"/>
        <line num="187" count="10" type="stmt"/>
        <line num="188" count="10" type="stmt"/>
        <line num="189" count="10" type="stmt"/>
        <line num="191" count="10" type="stmt"/>
        <line num="192" count="80" type="stmt"/>
        <line num="193" count="80" type="cond" truecount="1" falsecount="1"/>
        <line num="194" count="80" type="cond" truecount="2" falsecount="0"/>
        <line num="197" count="40" type="stmt"/>
        <line num="198" count="10" type="stmt"/>
        <line num="201" count="11" type="stmt"/>
        <line num="202" count="1" type="stmt"/>
        <line num="203" count="1" type="stmt"/>
        <line num="204" count="1" type="stmt"/>
        <line num="205" count="1" type="stmt"/>
        <line num="206" count="1" type="stmt"/>
        <line num="207" count="1" type="stmt"/>
        <line num="209" count="0" type="stmt"/>
        <line num="214" count="11" type="stmt"/>
        <line num="224" count="11" type="stmt"/>
        <line num="231" count="1" type="stmt"/>
        <line num="232" count="10" type="stmt"/>
        <line num="233" count="10" type="cond" truecount="1" falsecount="1"/>
        <line num="234" count="0" type="stmt"/>
        <line num="236" count="10" type="stmt"/>
      </file>
      <file name="TasksContext.tsx" path="C:\Users\kouad\care\context\TasksContext.tsx">
        <metrics statements="49" coveredstatements="47" conditionals="8" coveredconditionals="7" methods="31" coveredmethods="31"/>
        <line num="21" count="1" type="stmt"/>
        <line num="23" count="1" type="stmt"/>
        <line num="25" count="1" type="stmt"/>
        <line num="39" count="5" type="stmt"/>
        <line num="40" count="5" type="stmt"/>
        <line num="43" count="1" type="stmt"/>
        <line num="44" count="11" type="stmt"/>
        <line num="47" count="11" type="stmt"/>
        <line num="48" count="5" type="stmt"/>
        <line num="49" count="5" type="stmt"/>
        <line num="50" count="5" type="stmt"/>
        <line num="51" count="5" type="cond" truecount="2" falsecount="0"/>
        <line num="53" count="1" type="stmt"/>
        <line num="55" count="1" type="stmt"/>
        <line num="56" count="9" type="stmt"/>
        <line num="57" count="2" type="stmt"/>
        <line num="61" count="1" type="stmt"/>
        <line num="64" count="0" type="stmt"/>
        <line num="70" count="11" type="stmt"/>
        <line num="71" count="11" type="stmt"/>
        <line num="72" count="11" type="stmt"/>
        <line num="73" count="104" type="stmt"/>
        <line num="74" count="11" type="stmt"/>
        <line num="76" count="5" type="stmt"/>
        <line num="79" count="0" type="stmt"/>
        <line num="84" count="11" type="stmt"/>
        <line num="85" count="11" type="stmt"/>
        <line num="86" count="104" type="stmt"/>
        <line num="90" count="11" type="stmt"/>
        <line num="91" count="48" type="stmt"/>
        <line num="95" count="11" type="stmt"/>
        <line num="96" count="48" type="stmt"/>
        <line num="100" count="11" type="stmt"/>
        <line num="101" count="1" type="stmt"/>
        <line num="102" count="9" type="cond" truecount="2" falsecount="0"/>
        <line num="106" count="11" type="stmt"/>
        <line num="107" count="2" type="stmt"/>
        <line num="108" count="18" type="stmt"/>
        <line num="109" count="2" type="stmt"/>
        <line num="113" count="11" type="stmt"/>
        <line num="114" count="10" type="stmt"/>
        <line num="117" count="11" type="stmt"/>
        <line num="118" count="10" type="cond" truecount="2" falsecount="0"/>
        <line num="121" count="11" type="stmt"/>
        <line num="131" count="11" type="stmt"/>
        <line num="134" count="1" type="stmt"/>
        <line num="135" count="11" type="stmt"/>
        <line num="136" count="11" type="cond" truecount="1" falsecount="1"/>
        <line num="137" count="11" type="stmt"/>
      </file>
      <file name="ThemeContext.tsx" path="C:\Users\kouad\care\context\ThemeContext.tsx">
        <metrics statements="22" coveredstatements="22" conditionals="4" coveredconditionals="4" methods="7" coveredmethods="7"/>
        <line num="10" count="1" type="stmt"/>
        <line num="12" count="1" type="stmt"/>
        <line num="15" count="8" type="stmt"/>
        <line num="17" count="8" type="stmt"/>
        <line num="18" count="1" type="stmt"/>
        <line num="19" count="1" type="stmt"/>
        <line num="20" count="1" type="stmt"/>
        <line num="24" count="8" type="stmt"/>
        <line num="25" count="4" type="stmt"/>
        <line num="26" count="4" type="stmt"/>
        <line num="27" count="4" type="stmt"/>
        <line num="28" count="4" type="cond" truecount="2" falsecount="0"/>
        <line num="33" count="8" type="stmt"/>
        <line num="34" count="1" type="stmt"/>
        <line num="35" count="1" type="stmt"/>
        <line num="36" count="1" type="stmt"/>
        <line num="40" count="8" type="stmt"/>
        <line num="41" count="8" type="stmt"/>
        <line num="45" count="8" type="stmt"/>
        <line num="49" count="11" type="stmt"/>
        <line num="50" count="10" type="cond" truecount="2" falsecount="0"/>
        <line num="51" count="8" type="stmt"/>
      </file>
    </package>
    <package name="hooks">
      <metrics statements="5" coveredstatements="4" conditionals="4" coveredconditionals="2" methods="1" coveredmethods="1"/>
      <file name="use-color-scheme.ts" path="C:\Users\kouad\care\hooks\use-color-scheme.ts">
        <metrics statements="0" coveredstatements="0" conditionals="0" coveredconditionals="0" methods="0" coveredmethods="0"/>
      </file>
      <file name="use-theme-color.ts" path="C:\Users\kouad\care\hooks\use-theme-color.ts">
        <metrics statements="5" coveredstatements="4" conditionals="4" coveredconditionals="2" methods="1" coveredmethods="1"/>
        <line num="13" count="9" type="cond" truecount="1" falsecount="1"/>
        <line num="14" count="9" type="stmt"/>
        <line num="16" count="9" type="cond" truecount="1" falsecount="1"/>
        <line num="17" count="0" type="stmt"/>
        <line num="19" count="9" type="stmt"/>
      </file>
    </package>
  </project>
</coverage>
