<?xml version="1.0" encoding="UTF-8"?>
<coverage generated="1771389297556" clover="3.2.0">
  <project timestamp="1771389297556" name="All files">
    <metrics statements="788" coveredstatements="676" conditionals="1058" coveredconditionals="862" methods="312" coveredmethods="246" elements="2158" coveredelements="1784" complexity="0" loc="788" ncloc="788" packages="7" files="26" classes="26"/>
    <package name="app">
      <metrics statements="200" coveredstatements="194" conditionals="277" coveredconditionals="247" methods="58" coveredmethods="55"/>
      <file name="_layout.tsx" path="D:\React-native-app\app\_layout.tsx">
        <metrics statements="2" coveredstatements="2" conditionals="0" coveredconditionals="0" methods="1" coveredmethods="1"/>
        <line num="14" count="2" type="stmt"/>
        <line num="34" count="1" type="stmt"/>
      </file>
      <file name="add-task.tsx" path="D:\React-native-app\app\add-task.tsx">
        <metrics statements="33" coveredstatements="33" conditionals="65" coveredconditionals="56" methods="7" coveredmethods="7"/>
        <line num="20" count="1" type="stmt"/>
        <line num="21" count="3" type="cond" truecount="1" falsecount="1"/>
        <line num="23" count="3" type="stmt"/>
        <line num="24" count="3" type="stmt"/>
        <line num="25" count="3" type="cond" truecount="1" falsecount="1"/>
        <line num="27" count="3" type="cond" truecount="2" falsecount="0"/>
        <line num="28" count="3" type="cond" truecount="3" falsecount="1"/>
        <line num="30" count="3" type="stmt"/>
        <line num="34" count="1" type="stmt"/>
        <line num="35" count="5" type="cond" truecount="1" falsecount="1"/>
        <line num="38" count="5" type="stmt"/>
        <line num="39" count="5" type="cond" truecount="2" falsecount="2"/>
        <line num="41" count="5" type="stmt"/>
        <line num="45" count="13" type="stmt"/>
        <line num="46" count="13" type="stmt"/>
        <line num="48" count="13" type="stmt"/>
        <line num="49" count="13" type="stmt"/>
        <line num="50" count="13" type="stmt"/>
        <line num="52" count="13" type="stmt"/>
        <line num="64" count="13" type="stmt"/>
        <line num="66" count="13" type="stmt"/>
        <line num="67" count="2" type="cond" truecount="5" falsecount="0"/>
        <line num="68" count="1" type="stmt"/>
        <line num="69" count="1" type="stmt"/>
        <line num="72" count="1" type="stmt"/>
        <line num="73" count="1" type="stmt"/>
        <line num="75" count="1" type="stmt"/>
        <line num="77" count="1" type="stmt"/>
        <line num="83" count="1" type="stmt"/>
        <line num="86" count="13" type="stmt"/>
        <line num="309" count="13" type="stmt"/>
        <line num="329" count="13" type="stmt"/>
        <line num="356" count="1" type="stmt"/>
      </file>
      <file name="emergency-sos.tsx" path="D:\React-native-app\app\emergency-sos.tsx">
        <metrics statements="20" coveredstatements="20" conditionals="26" coveredconditionals="26" methods="5" coveredmethods="5"/>
        <line num="9" count="8" type="stmt"/>
        <line num="10" count="8" type="stmt"/>
        <line num="11" count="8" type="stmt"/>
        <line num="13" count="8" type="stmt"/>
        <line num="14" count="4" type="stmt"/>
        <line num="15" count="4" type="stmt"/>
        <line num="17" count="4" type="stmt"/>
        <line num="18" count="4" type="stmt"/>
        <line num="19" count="4" type="cond" truecount="2" falsecount="0"/>
        <line num="20" count="1" type="stmt"/>
        <line num="21" count="1" type="stmt"/>
        <line num="23" count="3" type="stmt"/>
        <line num="25" count="1" type="stmt"/>
        <line num="26" count="1" type="stmt"/>
        <line num="30" count="8" type="stmt"/>
        <line num="31" count="1" type="stmt"/>
        <line num="34" count="8" type="stmt"/>
        <line num="76" count="1" type="stmt"/>
        <line num="104" count="3" type="stmt"/>
        <line num="157" count="1" type="stmt"/>
      </file>
      <file name="forgot-username.tsx" path="D:\React-native-app\app\forgot-username.tsx">
        <metrics statements="20" coveredstatements="20" conditionals="18" coveredconditionals="17" methods="5" coveredmethods="5"/>
        <line num="15" count="12" type="stmt"/>
        <line num="17" count="12" type="stmt"/>
        <line num="18" count="12" type="stmt"/>
        <line num="19" count="12" type="stmt"/>
        <line num="21" count="12" type="stmt"/>
        <line num="22" count="6" type="cond" truecount="2" falsecount="0"/>
        <line num="45" count="12" type="stmt"/>
        <line num="46" count="3" type="stmt"/>
        <line num="47" count="3" type="stmt"/>
        <line num="49" count="3" type="cond" truecount="2" falsecount="0"/>
        <line num="50" count="1" type="stmt"/>
        <line num="51" count="1" type="stmt"/>
        <line num="54" count="2" type="cond" truecount="2" falsecount="0"/>
        <line num="55" count="1" type="stmt"/>
        <line num="56" count="1" type="stmt"/>
        <line num="60" count="1" type="stmt"/>
        <line num="62" count="1" type="stmt"/>
        <line num="65" count="12" type="stmt"/>
        <line num="163" count="1" type="stmt"/>
        <line num="182" count="1" type="stmt"/>
      </file>
      <file name="index.tsx" path="D:\React-native-app\app\index.tsx">
        <metrics statements="36" coveredstatements="34" conditionals="50" coveredconditionals="47" methods="13" coveredmethods="12"/>
        <line num="15" count="34" type="stmt"/>
        <line num="17" count="34" type="stmt"/>
        <line num="18" count="34" type="stmt"/>
        <line num="19" count="34" type="stmt"/>
        <line num="21" count="34" type="stmt"/>
        <line num="23" count="34" type="stmt"/>
        <line num="24" count="6" type="stmt"/>
        <line num="26" count="6" type="stmt"/>
        <line num="28" count="6" type="cond" truecount="2" falsecount="0"/>
        <line num="29" count="2" type="stmt"/>
        <line num="30" count="2" type="stmt"/>
        <line num="33" count="12" type="cond" truecount="4" falsecount="0"/>
        <line num="34" count="2" type="stmt"/>
        <line num="35" count="2" type="stmt"/>
        <line num="38" count="2" type="stmt"/>
        <line num="39" count="2" type="stmt"/>
        <line num="40" count="2" type="stmt"/>
        <line num="42" count="0" type="stmt"/>
        <line num="43" count="0" type="stmt"/>
        <line num="47" count="34" type="stmt"/>
        <line num="48" count="14" type="cond" truecount="3" falsecount="1"/>
        <line num="49" count="14" type="stmt"/>
        <line num="50" count="14" type="stmt"/>
        <line num="51" count="14" type="stmt"/>
        <line num="53" count="14" type="cond" truecount="4" falsecount="0"/>
        <line num="54" count="10" type="stmt"/>
        <line num="59" count="34" type="stmt"/>
        <line num="60" count="12" type="cond" truecount="2" falsecount="0"/>
        <line num="85" count="34" type="stmt"/>
        <line num="177" count="1" type="stmt"/>
        <line num="255" count="204" type="stmt"/>
        <line num="257" count="384" type="stmt"/>
        <line num="259" count="14" type="stmt"/>
        <line num="330" count="1" type="stmt"/>
        <line num="344" count="1" type="stmt"/>
        <line num="373" count="3" type="stmt"/>
      </file>
      <file name="modal.tsx" path="D:\React-native-app\app\modal.tsx">
        <metrics statements="2" coveredstatements="2" conditionals="0" coveredconditionals="0" methods="1" coveredmethods="1"/>
        <line num="8" count="3" type="stmt"/>
        <line num="18" count="1" type="stmt"/>
      </file>
      <file name="notification-settings.tsx" path="D:\React-native-app\app\notification-settings.tsx">
        <metrics statements="54" coveredstatements="50" conditionals="76" coveredconditionals="63" methods="14" coveredmethods="12"/>
        <line num="29" count="1" type="stmt"/>
        <line num="31" count="1" type="stmt"/>
        <line num="42" count="11" type="stmt"/>
        <line num="44" count="11" type="stmt"/>
        <line num="45" count="11" type="stmt"/>
        <line num="46" count="11" type="stmt"/>
        <line num="49" count="11" type="stmt"/>
        <line num="52" count="11" type="stmt"/>
        <line num="55" count="11" type="stmt"/>
        <line num="56" count="11" type="stmt"/>
        <line num="58" count="11" type="stmt"/>
        <line num="59" count="5" type="cond" truecount="2" falsecount="0"/>
        <line num="94" count="11" type="stmt"/>
        <line num="95" count="11" type="stmt"/>
        <line num="96" count="11" type="stmt"/>
        <line num="97" count="11" type="cond" truecount="2" falsecount="0"/>
        <line num="99" count="1" type="stmt"/>
        <line num="101" count="1" type="cond" truecount="1" falsecount="1"/>
        <line num="102" count="1" type="cond" truecount="1" falsecount="1"/>
        <line num="103" count="1" type="cond" truecount="1" falsecount="1"/>
        <line num="104" count="1" type="cond" truecount="1" falsecount="1"/>
        <line num="105" count="1" type="cond" truecount="1" falsecount="1"/>
        <line num="106" count="1" type="cond" truecount="1" falsecount="1"/>
        <line num="107" count="1" type="cond" truecount="1" falsecount="1"/>
        <line num="109" count="0" type="stmt"/>
        <line num="113" count="11" type="stmt"/>
        <line num="115" count="11" type="stmt"/>
        <line num="119" count="11" type="stmt"/>
        <line num="120" count="1" type="stmt"/>
        <line num="130" count="1" type="stmt"/>
        <line num="131" count="1" type="stmt"/>
        <line num="132" count="1" type="stmt"/>
        <line num="134" count="0" type="stmt"/>
        <line num="138" count="11" type="stmt"/>
        <line num="149" count="33" type="stmt"/>
        <line num="166" count="11" type="stmt"/>
        <line num="178" count="22" type="cond" truecount="2" falsecount="0"/>
        <line num="181" count="22" type="cond" truecount="4" falsecount="0"/>
        <line num="183" count="22" type="cond" truecount="2" falsecount="0"/>
        <line num="184" count="22" type="stmt"/>
        <line num="185" count="22" type="stmt"/>
        <line num="187" count="22" type="cond" truecount="2" falsecount="0"/>
        <line num="193" count="22" type="cond" truecount="2" falsecount="0"/>
        <line num="199" count="22" type="stmt"/>
        <line num="205" count="88" type="stmt"/>
        <line num="206" count="88" type="stmt"/>
        <line num="213" count="1" type="stmt"/>
        <line num="214" count="88" type="stmt"/>
        <line num="241" count="11" type="stmt"/>
        <line num="270" count="0" type="stmt"/>
        <line num="293" count="0" type="stmt"/>
        <line num="294" count="11" type="stmt"/>
        <line num="436" count="11" type="stmt"/>
        <line num="495" count="1" type="stmt"/>
      </file>
      <file name="register.tsx" path="D:\React-native-app\app\register.tsx">
        <metrics statements="33" coveredstatements="33" conditionals="42" coveredconditionals="38" methods="12" coveredmethods="12"/>
        <line num="15" count="40" type="stmt"/>
        <line num="17" count="40" type="stmt"/>
        <line num="18" count="40" type="stmt"/>
        <line num="19" count="40" type="stmt"/>
        <line num="20" count="40" type="stmt"/>
        <line num="21" count="40" type="stmt"/>
        <line num="23" count="40" type="stmt"/>
        <line num="25" count="40" type="stmt"/>
        <line num="26" count="12" type="cond" truecount="2" falsecount="0"/>
        <line num="49" count="40" type="stmt"/>
        <line num="50" count="17" type="cond" truecount="1" falsecount="1"/>
        <line num="51" count="17" type="cond" truecount="3" falsecount="1"/>
        <line num="53" count="17" type="stmt"/>
        <line num="54" count="17" type="stmt"/>
        <line num="55" count="17" type="stmt"/>
        <line num="56" count="17" type="stmt"/>
        <line num="59" count="17" type="cond" truecount="4" falsecount="0"/>
        <line num="62" count="40" type="stmt"/>
        <line num="63" count="7" type="stmt"/>
        <line num="64" count="7" type="stmt"/>
        <line num="66" count="7" type="cond" truecount="2" falsecount="0"/>
        <line num="67" count="5" type="cond" truecount="2" falsecount="0"/>
        <line num="68" count="4" type="cond" truecount="2" falsecount="0"/>
        <line num="69" count="12" type="cond" truecount="4" falsecount="0"/>
        <line num="71" count="2" type="stmt"/>
        <line num="72" count="2" type="stmt"/>
        <line num="75" count="40" type="stmt"/>
        <line num="90" count="2" type="stmt"/>
        <line num="221" count="240" type="stmt"/>
        <line num="223" count="456" type="stmt"/>
        <line num="225" count="17" type="stmt"/>
        <line num="274" count="1" type="stmt"/>
        <line num="294" count="2" type="stmt"/>
      </file>
    </package>
    <package name="app.(tabs)">
      <metrics statements="380" coveredstatements="300" conditionals="716" coveredconditionals="573" methods="168" coveredmethods="117"/>
      <file name="alerts.tsx" path="D:\React-native-app\app\(tabs)\alerts.tsx">
        <metrics statements="21" coveredstatements="19" conditionals="62" coveredconditionals="58" methods="8" coveredmethods="7"/>
        <line num="18" count="6" type="stmt"/>
        <line num="20" count="6" type="stmt"/>
        <line num="21" count="6" type="stmt"/>
        <line num="23" count="6" type="stmt"/>
        <line num="35" count="6" type="stmt"/>
        <line num="36" count="6" type="stmt"/>
        <line num="37" count="6" type="stmt"/>
        <line num="38" count="6" type="cond" truecount="2" falsecount="0"/>
        <line num="40" count="1" type="stmt"/>
        <line num="41" count="1" type="cond" truecount="1" falsecount="1"/>
        <line num="42" count="1" type="cond" truecount="1" falsecount="1"/>
        <line num="44" count="0" type="stmt"/>
        <line num="49" count="6" type="stmt"/>
        <line num="51" count="6" type="stmt"/>
        <line num="55" count="6" type="stmt"/>
        <line num="93" count="0" type="stmt"/>
        <line num="141" count="1" type="stmt"/>
        <line num="146" count="6" type="stmt"/>
        <line num="190" count="1" type="stmt"/>
        <line num="195" count="6" type="stmt"/>
        <line num="378" count="1" type="stmt"/>
      </file>
      <file name="communication.tsx" path="D:\React-native-app\app\(tabs)\communication.tsx">
        <metrics statements="40" coveredstatements="21" conditionals="80" coveredconditionals="57" methods="17" coveredmethods="8"/>
        <line num="19" count="3" type="stmt"/>
        <line num="20" count="3" type="stmt"/>
        <line num="21" count="3" type="stmt"/>
        <line num="23" count="3" type="stmt"/>
        <line num="24" count="3" type="stmt"/>
        <line num="25" count="3" type="stmt"/>
        <line num="27" count="3" type="stmt"/>
        <line num="28" count="3" type="stmt"/>
        <line num="45" count="3" type="stmt"/>
        <line num="46" count="0" type="stmt"/>
        <line num="47" count="0" type="stmt"/>
        <line num="50" count="3" type="stmt"/>
        <line num="51" count="0" type="cond" truecount="0" falsecount="2"/>
        <line num="52" count="0" type="cond" truecount="0" falsecount="2"/>
        <line num="53" count="0" type="stmt"/>
        <line num="54" count="0" type="cond" truecount="0" falsecount="2"/>
        <line num="55" count="0" type="stmt"/>
        <line num="57" count="0" type="stmt"/>
        <line num="61" count="0" type="stmt"/>
        <line num="67" count="3" type="stmt"/>
        <line num="68" count="0" type="cond" truecount="0" falsecount="2"/>
        <line num="69" count="0" type="stmt"/>
        <line num="70" count="0" type="stmt"/>
        <line num="72" count="0" type="stmt"/>
        <line num="73" count="0" type="stmt"/>
        <line num="76" count="3" type="stmt"/>
        <line num="77" count="0" type="stmt"/>
        <line num="78" count="0" type="stmt"/>
        <line num="79" count="0" type="stmt"/>
        <line num="82" count="3" type="stmt"/>
        <line num="84" count="3" type="stmt"/>
        <line num="109" count="0" type="stmt"/>
        <line num="170" count="1" type="stmt"/>
        <line num="175" count="3" type="stmt"/>
        <line num="196" count="3" type="stmt"/>
        <line num="278" count="0" type="stmt"/>
        <line num="283" count="3" type="stmt"/>
        <line num="308" count="3" type="stmt"/>
        <line num="346" count="3" type="stmt"/>
        <line num="508" count="1" type="stmt"/>
      </file>
      <file name="dashboard.tsx" path="D:\React-native-app\app\(tabs)\dashboard.tsx">
        <metrics statements="27" coveredstatements="26" conditionals="74" coveredconditionals="68" methods="9" coveredmethods="8"/>
        <line num="28" count="22" type="stmt"/>
        <line num="29" count="22" type="stmt"/>
        <line num="31" count="22" type="stmt"/>
        <line num="32" count="22" type="stmt"/>
        <line num="34" count="22" type="stmt"/>
        <line num="35" count="22" type="stmt"/>
        <line num="37" count="22" type="stmt"/>
        <line num="38" count="22" type="stmt"/>
        <line num="53" count="22" type="stmt"/>
        <line num="55" count="22" type="stmt"/>
        <line num="56" count="1" type="stmt"/>
        <line num="58" count="1" type="stmt"/>
        <line num="61" count="1" type="stmt"/>
        <line num="63" count="1" type="stmt"/>
        <line num="67" count="22" type="stmt"/>
        <line num="68" count="132" type="stmt"/>
        <line num="69" count="6" type="stmt"/>
        <line num="74" count="132" type="stmt"/>
        <line num="128" count="22" type="stmt"/>
        <line num="129" count="132" type="cond" truecount="3" falsecount="1"/>
        <line num="131" count="132" type="cond" truecount="6" falsecount="0"/>
        <line num="133" count="132" type="stmt"/>
        <line num="134" count="132" type="cond" truecount="2" falsecount="0"/>
        <line num="136" count="132" type="stmt"/>
        <line num="138" count="0" type="cond" truecount="2" falsecount="2"/>
        <line num="176" count="22" type="stmt"/>
        <line num="268" count="3" type="stmt"/>
      </file>
      <file name="explore.tsx" path="D:\React-native-app\app\(tabs)\explore.tsx">
        <metrics statements="2" coveredstatements="2" conditionals="0" coveredconditionals="0" methods="1" coveredmethods="1"/>
        <line num="13" count="1" type="stmt"/>
        <line num="105" count="1" type="stmt"/>
      </file>
      <file name="history.tsx" path="D:\React-native-app\app\(tabs)\history.tsx">
        <metrics statements="109" coveredstatements="78" conditionals="167" coveredconditionals="122" methods="49" coveredmethods="26"/>
        <line num="39" count="10" type="stmt"/>
        <line num="40" count="10" type="stmt"/>
        <line num="42" count="10" type="stmt"/>
        <line num="43" count="10" type="stmt"/>
        <line num="45" count="10" type="stmt"/>
        <line num="46" count="10" type="stmt"/>
        <line num="47" count="10" type="stmt"/>
        <line num="49" count="10" type="stmt"/>
        <line num="50" count="5" type="stmt"/>
        <line num="78" count="10" type="stmt"/>
        <line num="79" count="6" type="stmt"/>
        <line num="80" count="6" type="stmt"/>
        <line num="81" count="6" type="cond" truecount="1" falsecount="1"/>
        <line num="82" count="6" type="stmt"/>
        <line num="84" count="0" type="stmt"/>
        <line num="88" count="10" type="stmt"/>
        <line num="89" count="5" type="stmt"/>
        <line num="90" count="5" type="stmt"/>
        <line num="93" count="5" type="stmt"/>
        <line num="94" count="5" type="stmt"/>
        <line num="107" count="5" type="stmt"/>
        <line num="108" count="5" type="cond" truecount="2" falsecount="0"/>
        <line num="109" count="1" type="stmt"/>
        <line num="110" count="1" type="stmt"/>
        <line num="111" count="1" type="stmt"/>
        <line num="112" count="1" type="stmt"/>
        <line num="123" count="0" type="stmt"/>
        <line num="128" count="5" type="stmt"/>
        <line num="129" count="5" type="stmt"/>
        <line num="132" count="5" type="stmt"/>
        <line num="135" count="10" type="stmt"/>
        <line num="136" count="10" type="cond" truecount="1" falsecount="1"/>
        <line num="139" count="10" type="stmt"/>
        <line num="140" count="10" type="cond" truecount="1" falsecount="1"/>
        <line num="143" count="10" type="stmt"/>
        <line num="144" count="10" type="stmt"/>
        <line num="145" count="6" type="stmt"/>
        <line num="146" count="6" type="cond" truecount="1" falsecount="1"/>
        <line num="147" count="6" type="stmt"/>
        <line num="148" count="6" type="stmt"/>
        <line num="152" count="10" type="stmt"/>
        <line num="155" count="10" type="stmt"/>
        <line num="156" count="10" type="stmt"/>
        <line num="158" count="10" type="stmt"/>
        <line num="159" count="310" type="stmt"/>
        <line num="160" count="310" type="stmt"/>
        <line num="163" count="10" type="stmt"/>
        <line num="167" count="10" type="stmt"/>
        <line num="169" count="10" type="stmt"/>
        <line num="170" count="0" type="stmt"/>
        <line num="173" count="10" type="stmt"/>
        <line num="174" count="0" type="stmt"/>
        <line num="177" count="10" type="stmt"/>
        <line num="178" count="0" type="stmt"/>
        <line num="179" count="0" type="stmt"/>
        <line num="180" count="0" type="stmt"/>
        <line num="181" count="0" type="stmt"/>
        <line num="184" count="10" type="stmt"/>
        <line num="185" count="5" type="stmt"/>
        <line num="186" count="5" type="stmt"/>
        <line num="187" count="5" type="stmt"/>
        <line num="189" count="20" type="stmt"/>
        <line num="190" count="155" type="stmt"/>
        <line num="191" count="5" type="stmt"/>
        <line num="194" count="10" type="stmt"/>
        <line num="195" count="6" type="cond" truecount="2" falsecount="0"/>
        <line num="196" count="5" type="cond" truecount="1" falsecount="1"/>
        <line num="198" count="5" type="cond" truecount="2" falsecount="3"/>
        <line num="200" count="0" type="stmt"/>
        <line num="202" count="0" type="stmt"/>
        <line num="204" count="0" type="stmt"/>
        <line num="207" count="5" type="stmt"/>
        <line num="211" count="10" type="stmt"/>
        <line num="217" count="0" type="stmt"/>
        <line num="232" count="0" type="stmt"/>
        <line num="244" count="1" type="stmt"/>
        <line num="245" count="10" type="stmt"/>
        <line num="264" count="0" type="stmt"/>
        <line num="265" count="10" type="stmt"/>
        <line num="287" count="0" type="stmt"/>
        <line num="311" count="70" type="stmt"/>
        <line num="319" count="350" type="cond" truecount="2" falsecount="0"/>
        <line num="321" count="310" type="stmt"/>
        <line num="327" count="310" type="stmt"/>
        <line num="328" count="310" type="stmt"/>
        <line num="330" count="310" type="cond" truecount="1" falsecount="1"/>
        <line num="336" count="310" type="cond" truecount="1" falsecount="1"/>
        <line num="342" count="310" type="cond" truecount="1" falsecount="1"/>
        <line num="348" count="310" type="stmt"/>
        <line num="351" count="0" type="stmt"/>
        <line num="352" count="0" type="stmt"/>
        <line num="378" count="0" type="stmt"/>
        <line num="379" count="0" type="stmt"/>
        <line num="380" count="0" type="stmt"/>
        <line num="382" count="0" type="stmt"/>
        <line num="396" count="0" type="stmt"/>
        <line num="397" count="0" type="stmt"/>
        <line num="417" count="6" type="stmt"/>
        <line num="425" count="6" type="stmt"/>
        <line num="427" count="6" type="stmt"/>
        <line num="473" count="0" type="stmt"/>
        <line num="474" count="0" type="stmt"/>
        <line num="513" count="0" type="stmt"/>
        <line num="517" count="0" type="stmt"/>
        <line num="521" count="0" type="stmt"/>
        <line num="525" count="0" type="stmt"/>
        <line num="529" count="0" type="stmt"/>
        <line num="533" count="0" type="stmt"/>
        <line num="543" count="1" type="stmt"/>
      </file>
      <file name="patient-info.tsx" path="D:\React-native-app\app\(tabs)\patient-info.tsx">
        <metrics statements="52" coveredstatements="50" conditionals="113" coveredconditionals="99" methods="34" coveredmethods="31"/>
        <line num="29" count="1" type="stmt"/>
        <line num="36" count="1" type="stmt"/>
        <line num="42" count="44" type="stmt"/>
        <line num="43" count="44" type="stmt"/>
        <line num="44" count="44" type="stmt"/>
        <line num="45" count="44" type="stmt"/>
        <line num="46" count="44" type="cond" truecount="4" falsecount="1"/>
        <line num="47" count="40" type="stmt"/>
        <line num="49" count="44" type="stmt"/>
        <line num="53" count="22" type="stmt"/>
        <line num="54" count="22" type="stmt"/>
        <line num="62" count="22" type="stmt"/>
        <line num="64" count="22" type="stmt"/>
        <line num="65" count="22" type="stmt"/>
        <line num="67" count="22" type="stmt"/>
        <line num="69" count="22" type="stmt"/>
        <line num="71" count="22" type="stmt"/>
        <line num="72" count="7" type="stmt"/>
        <line num="95" count="22" type="stmt"/>
        <line num="97" count="1" type="stmt"/>
        <line num="100" count="22" type="stmt"/>
        <line num="101" count="1" type="stmt"/>
        <line num="102" count="1" type="stmt"/>
        <line num="105" count="22" type="stmt"/>
        <line num="107" count="1" type="stmt"/>
        <line num="110" count="22" type="stmt"/>
        <line num="111" count="1" type="stmt"/>
        <line num="112" count="1" type="stmt"/>
        <line num="115" count="22" type="stmt"/>
        <line num="117" count="22" type="stmt"/>
        <line num="139" count="0" type="stmt"/>
        <line num="200" count="1" type="stmt"/>
        <line num="205" count="22" type="stmt"/>
        <line num="257" count="2" type="stmt"/>
        <line num="262" count="22" type="cond" truecount="1" falsecount="1"/>
        <line num="332" count="2" type="stmt"/>
        <line num="337" count="22" type="cond" truecount="1" falsecount="1"/>
        <line num="386" count="2" type="stmt"/>
        <line num="393" count="1" type="stmt"/>
        <line num="404" count="1" type="stmt"/>
        <line num="413" count="0" type="stmt"/>
        <line num="427" count="6" type="stmt"/>
        <line num="447" count="6" type="stmt"/>
        <line num="496" count="2" type="stmt"/>
        <line num="503" count="1" type="stmt"/>
        <line num="517" count="5" type="stmt"/>
        <line num="537" count="5" type="stmt"/>
        <line num="569" count="44" type="stmt"/>
        <line num="602" count="220" type="stmt"/>
        <line num="651" count="34" type="stmt"/>
        <line num="653" count="34" type="stmt"/>
        <line num="687" count="1" type="stmt"/>
      </file>
      <file name="today-tasks.tsx" path="D:\React-native-app\app\(tabs)\today-tasks.tsx">
        <metrics statements="129" coveredstatements="104" conditionals="220" coveredconditionals="169" methods="50" coveredmethods="36"/>
        <line num="9" count="1" type="stmt"/>
        <line num="10" count="1" type="stmt"/>
        <line num="11" count="1" type="stmt"/>
        <line num="14" count="1" type="cond" truecount="1" falsecount="1"/>
        <line num="15" count="0" type="stmt"/>
        <line num="16" count="0" type="stmt"/>
        <line num="17" count="0" type="stmt"/>
        <line num="21" count="1" type="cond" truecount="2" falsecount="2"/>
        <line num="22" count="0" type="stmt"/>
        <line num="23" count="0" type="cond" truecount="0" falsecount="2"/>
        <line num="24" count="0" type="cond" truecount="0" falsecount="2"/>
        <line num="25" count="0" type="cond" truecount="0" falsecount="2"/>
        <line num="26" count="0" type="cond" truecount="0" falsecount="4"/>
        <line num="27" count="0" type="stmt"/>
        <line num="30" count="1" type="stmt"/>
        <line num="34" count="1" type="stmt"/>
        <line num="36" count="1" type="stmt"/>
        <line num="37" count="134" type="stmt"/>
        <line num="38" count="134" type="stmt"/>
        <line num="39" count="134" type="stmt"/>
        <line num="42" count="1" type="stmt"/>
        <line num="43" count="2" type="stmt"/>
        <line num="44" count="2" type="stmt"/>
        <line num="45" count="2" type="stmt"/>
        <line num="47" count="2" type="stmt"/>
        <line num="48" count="2" type="stmt"/>
        <line num="50" count="2" type="stmt"/>
        <line num="51" count="8" type="stmt"/>
        <line num="52" count="62" type="stmt"/>
        <line num="53" count="2" type="stmt"/>
        <line num="57" count="18" type="stmt"/>
        <line num="58" count="18" type="stmt"/>
        <line num="60" count="18" type="stmt"/>
        <line num="63" count="18" type="stmt"/>
        <line num="64" count="18" type="stmt"/>
        <line num="65" count="18" type="stmt"/>
        <line num="66" count="18" type="stmt"/>
        <line num="69" count="18" type="stmt"/>
        <line num="70" count="18" type="stmt"/>
        <line num="71" count="18" type="stmt"/>
        <line num="72" count="18" type="stmt"/>
        <line num="75" count="18" type="stmt"/>
        <line num="76" count="18" type="stmt"/>
        <line num="78" count="18" type="stmt"/>
        <line num="95" count="18" type="stmt"/>
        <line num="97" count="21" type="stmt"/>
        <line num="98" count="18" type="stmt"/>
        <line num="99" count="18" type="stmt"/>
        <line num="101" count="18" type="stmt"/>
        <line num="102" count="66" type="stmt"/>
        <line num="103" count="66" type="stmt"/>
        <line num="105" count="66" type="stmt"/>
        <line num="106" count="198" type="stmt"/>
        <line num="107" count="198" type="cond" truecount="1" falsecount="1"/>
        <line num="108" count="198" type="stmt"/>
        <line num="109" count="198" type="stmt"/>
        <line num="110" count="198" type="cond" truecount="2" falsecount="0"/>
        <line num="114" count="18" type="stmt"/>
        <line num="116" count="18" type="stmt"/>
        <line num="117" count="1" type="stmt"/>
        <line num="119" count="1" type="stmt"/>
        <line num="120" count="1" type="cond" truecount="1" falsecount="1"/>
        <line num="121" count="1" type="cond" truecount="1" falsecount="1"/>
        <line num="123" count="1" type="stmt"/>
        <line num="124" count="1" type="stmt"/>
        <line num="125" count="1" type="stmt"/>
        <line num="126" count="1" type="stmt"/>
        <line num="127" count="1" type="stmt"/>
        <line num="128" count="1" type="stmt"/>
        <line num="131" count="18" type="stmt"/>
        <line num="132" count="1" type="stmt"/>
        <line num="133" count="1" type="stmt"/>
        <line num="134" count="1" type="stmt"/>
        <line num="137" count="18" type="stmt"/>
        <line num="138" count="1" type="cond" truecount="1" falsecount="1"/>
        <line num="139" count="1" type="stmt"/>
        <line num="140" count="1" type="stmt"/>
        <line num="143" count="18" type="stmt"/>
        <line num="144" count="1" type="cond" truecount="5" falsecount="1"/>
        <line num="145" count="1" type="stmt"/>
        <line num="149" count="1" type="stmt"/>
        <line num="150" count="1" type="stmt"/>
        <line num="154" count="18" type="stmt"/>
        <line num="155" count="34" type="stmt"/>
        <line num="157" count="34" type="stmt"/>
        <line num="174" count="1" type="stmt"/>
        <line num="209" count="2" type="cond" truecount="1" falsecount="1"/>
        <line num="223" count="1" type="stmt"/>
        <line num="233" count="1" type="stmt"/>
        <line num="244" count="18" type="stmt"/>
        <line num="255" count="0" type="stmt"/>
        <line num="285" count="0" type="stmt"/>
        <line num="286" count="17" type="stmt"/>
        <line num="315" count="17" type="stmt"/>
        <line num="333" count="0" type="stmt"/>
        <line num="354" count="1" type="stmt"/>
        <line num="367" count="32" type="stmt"/>
        <line num="386" count="0" type="cond" truecount="0" falsecount="2"/>
        <line num="387" count="0" type="stmt"/>
        <line num="388" count="0" type="stmt"/>
        <line num="408" count="0" type="cond" truecount="0" falsecount="2"/>
        <line num="409" count="0" type="stmt"/>
        <line num="410" count="0" type="stmt"/>
        <line num="423" count="14" type="stmt"/>
        <line num="430" count="70" type="cond" truecount="2" falsecount="0"/>
        <line num="432" count="62" type="stmt"/>
        <line num="433" count="62" type="stmt"/>
        <line num="434" count="62" type="cond" truecount="2" falsecount="0"/>
        <line num="435" count="62" type="stmt"/>
        <line num="438" count="62" type="cond" truecount="2" falsecount="0"/>
        <line num="451" count="62" type="cond" truecount="4" falsecount="0"/>
        <line num="458" count="62" type="cond" truecount="2" falsecount="0"/>
        <line num="468" count="62" type="stmt"/>
        <line num="476" count="1" type="stmt"/>
        <line num="477" count="31" type="stmt"/>
        <line num="489" count="8" type="stmt"/>
        <line num="519" count="4" type="stmt"/>
        <line num="535" count="0" type="stmt"/>
        <line num="546" count="0" type="stmt"/>
        <line num="557" count="0" type="stmt"/>
        <line num="581" count="1" type="stmt"/>
        <line num="595" count="0" type="stmt"/>
        <line num="596" count="1" type="stmt"/>
        <line num="616" count="0" type="stmt"/>
        <line num="630" count="0" type="stmt"/>
        <line num="729" count="4" type="stmt"/>
        <line num="743" count="0" type="stmt"/>
        <line num="744" count="4" type="stmt"/>
        <line num="762" count="1" type="stmt"/>
      </file>
    </package>
    <package name="assets.images">
      <metrics statements="1" coveredstatements="1" conditionals="0" coveredconditionals="0" methods="0" coveredmethods="0"/>
      <file name="react-logo.png" path="D:\React-native-app\assets\images\react-logo.png">
        <metrics statements="1" coveredstatements="1" conditionals="0" coveredconditionals="0" methods="0" coveredmethods="0"/>
        <line num="1" count="1" type="stmt"/>
      </file>
    </package>
    <package name="components">
      <metrics statements="5" coveredstatements="5" conditionals="15" coveredconditionals="10" methods="2" coveredmethods="2"/>
      <file name="themed-text.tsx" path="D:\React-native-app\components\themed-text.tsx">
        <metrics statements="3" coveredstatements="3" conditionals="15" coveredconditionals="10" methods="1" coveredmethods="1"/>
        <line num="18" count="6" type="stmt"/>
        <line num="20" count="6" type="stmt"/>
        <line num="37" count="1" type="stmt"/>
      </file>
      <file name="themed-view.tsx" path="D:\React-native-app\components\themed-view.tsx">
        <metrics statements="2" coveredstatements="2" conditionals="0" coveredconditionals="0" methods="1" coveredmethods="1"/>
        <line num="11" count="3" type="stmt"/>
        <line num="13" count="3" type="stmt"/>
      </file>
    </package>
    <package name="constants">
      <metrics statements="4" coveredstatements="4" conditionals="0" coveredconditionals="0" methods="0" coveredmethods="0"/>
      <file name="theme.ts" path="D:\React-native-app\constants\theme.ts">
        <metrics statements="4" coveredstatements="4" conditionals="0" coveredconditionals="0" methods="0" coveredmethods="0"/>
        <line num="8" count="1" type="stmt"/>
        <line num="9" count="1" type="stmt"/>
        <line num="11" count="1" type="stmt"/>
        <line num="30" count="1" type="stmt"/>
      </file>
    </package>
    <package name="context">
      <metrics statements="193" coveredstatements="168" conditionals="46" coveredconditionals="30" methods="83" coveredmethods="71"/>
      <file name="HealthLogsContext.tsx" path="D:\React-native-app\context\HealthLogsContext.tsx">
        <metrics statements="44" coveredstatements="26" conditionals="12" coveredconditionals="2" methods="18" coveredmethods="6"/>
        <line num="28" count="1" type="stmt"/>
        <line num="32" count="1" type="stmt"/>
        <line num="35" count="1" type="stmt"/>
        <line num="175" count="1" type="stmt"/>
        <line num="178" count="4" type="stmt"/>
        <line num="179" count="4" type="stmt"/>
        <line num="182" count="4" type="stmt"/>
        <line num="183" count="2" type="stmt"/>
        <line num="184" count="2" type="stmt"/>
        <line num="185" count="2" type="stmt"/>
        <line num="186" count="0" type="cond" truecount="0" falsecount="2"/>
        <line num="188" count="0" type="stmt"/>
        <line num="191" count="0" type="stmt"/>
        <line num="196" count="0" type="stmt"/>
        <line num="198" count="2" type="stmt"/>
        <line num="200" count="2" type="stmt"/>
        <line num="206" count="4" type="stmt"/>
        <line num="207" count="4" type="cond" truecount="2" falsecount="0"/>
        <line num="209" count="2" type="stmt"/>
        <line num="210" count="2" type="stmt"/>
        <line num="211" count="2" type="stmt"/>
        <line num="212" count="0" type="stmt"/>
        <line num="214" count="2" type="stmt"/>
        <line num="216" count="2" type="stmt"/>
        <line num="221" count="4" type="stmt"/>
        <line num="222" count="2" type="stmt"/>
        <line num="226" count="4" type="stmt"/>
        <line num="227" count="0" type="stmt"/>
        <line num="229" count="0" type="stmt"/>
        <line num="232" count="0" type="stmt"/>
        <line num="233" count="0" type="stmt"/>
        <line num="236" count="4" type="stmt"/>
        <line num="238" count="0" type="cond" truecount="0" falsecount="2"/>
        <line num="239" count="0" type="stmt"/>
        <line num="242" count="4" type="stmt"/>
        <line num="243" count="0" type="cond" truecount="0" falsecount="2"/>
        <line num="244" count="0" type="stmt"/>
        <line num="245" count="0" type="cond" truecount="0" falsecount="2"/>
        <line num="249" count="4" type="stmt"/>
        <line num="258" count="1" type="stmt"/>
        <line num="259" count="0" type="stmt"/>
        <line num="260" count="0" type="cond" truecount="0" falsecount="2"/>
        <line num="261" count="0" type="stmt"/>
        <line num="262" count="0" type="stmt"/>
      </file>
      <file name="MessagesContext.tsx" path="D:\React-native-app\context\MessagesContext.tsx">
        <metrics statements="16" coveredstatements="16" conditionals="4" coveredconditionals="4" methods="9" coveredmethods="9"/>
        <line num="28" count="3" type="stmt"/>
        <line num="30" count="3" type="stmt"/>
        <line num="64" count="11" type="stmt"/>
        <line num="66" count="11" type="stmt"/>
        <line num="67" count="1" type="stmt"/>
        <line num="68" count="2" type="cond" truecount="2" falsecount="0"/>
        <line num="72" count="11" type="stmt"/>
        <line num="73" count="23" type="stmt"/>
        <line num="77" count="11" type="stmt"/>
        <line num="79" count="11" type="stmt"/>
        <line num="80" count="11" type="stmt"/>
        <line num="84" count="11" type="stmt"/>
        <line num="92" count="12" type="stmt"/>
        <line num="93" count="11" type="cond" truecount="2" falsecount="0"/>
        <line num="94" count="2" type="stmt"/>
        <line num="95" count="9" type="stmt"/>
      </file>
      <file name="ScheduledAppointmentsContext.tsx" path="D:\React-native-app\context\ScheduledAppointmentsContext.tsx">
        <metrics statements="62" coveredstatements="57" conditionals="18" coveredconditionals="13" methods="18" coveredmethods="18"/>
        <line num="26" count="1" type="stmt"/>
        <line num="28" count="1" type="stmt"/>
        <line num="29" count="1" type="stmt"/>
        <line num="31" count="1" type="stmt"/>
        <line num="116" count="80" type="stmt"/>
        <line num="117" count="80" type="cond" truecount="1" falsecount="1"/>
        <line num="120" count="1" type="stmt"/>
        <line num="124" count="11" type="stmt"/>
        <line num="125" count="11" type="stmt"/>
        <line num="128" count="11" type="stmt"/>
        <line num="129" count="5" type="stmt"/>
        <line num="130" count="5" type="stmt"/>
        <line num="131" count="5" type="stmt"/>
        <line num="132" count="5" type="stmt"/>
        <line num="134" count="5" type="cond" truecount="2" falsecount="0"/>
        <line num="135" count="1" type="stmt"/>
        <line num="136" count="1" type="cond" truecount="1" falsecount="1"/>
        <line num="139" count="5" type="cond" truecount="2" falsecount="0"/>
        <line num="140" count="1" type="stmt"/>
        <line num="141" count="1" type="cond" truecount="1" falsecount="1"/>
        <line num="142" count="4" type="stmt"/>
        <line num="146" count="0" type="stmt"/>
        <line num="152" count="11" type="stmt"/>
        <line num="153" count="6" type="stmt"/>
        <line num="154" count="6" type="stmt"/>
        <line num="155" count="6" type="stmt"/>
        <line num="157" count="0" type="stmt"/>
        <line num="162" count="11" type="stmt"/>
        <line num="163" count="10" type="stmt"/>
        <line num="164" count="10" type="stmt"/>
        <line num="165" count="10" type="stmt"/>
        <line num="170" count="0" type="stmt"/>
        <line num="175" count="11" type="stmt"/>
        <line num="176" count="4" type="stmt"/>
        <line num="177" count="4" type="cond" truecount="2" falsecount="0"/>
        <line num="181" count="11" type="stmt"/>
        <line num="182" count="10" type="stmt"/>
        <line num="186" count="11" type="stmt"/>
        <line num="187" count="10" type="stmt"/>
        <line num="188" count="10" type="stmt"/>
        <line num="189" count="10" type="stmt"/>
        <line num="191" count="10" type="stmt"/>
        <line num="192" count="80" type="stmt"/>
        <line num="193" count="80" type="cond" truecount="1" falsecount="1"/>
        <line num="194" count="80" type="cond" truecount="2" falsecount="0"/>
        <line num="197" count="40" type="stmt"/>
        <line num="198" count="10" type="stmt"/>
        <line num="201" count="11" type="stmt"/>
        <line num="202" count="1" type="stmt"/>
        <line num="203" count="1" type="stmt"/>
        <line num="204" count="1" type="stmt"/>
        <line num="205" count="1" type="stmt"/>
        <line num="206" count="1" type="stmt"/>
        <line num="207" count="1" type="stmt"/>
        <line num="209" count="0" type="stmt"/>
        <line num="214" count="11" type="stmt"/>
        <line num="224" count="11" type="stmt"/>
        <line num="231" count="1" type="stmt"/>
        <line num="232" count="10" type="stmt"/>
        <line num="233" count="10" type="cond" truecount="1" falsecount="1"/>
        <line num="234" count="0" type="stmt"/>
        <line num="236" count="10" type="stmt"/>
      </file>
      <file name="TasksContext.tsx" path="D:\React-native-app\context\TasksContext.tsx">
        <metrics statements="49" coveredstatements="47" conditionals="8" coveredconditionals="7" methods="31" coveredmethods="31"/>
        <line num="21" count="1" type="stmt"/>
        <line num="23" count="1" type="stmt"/>
        <line num="25" count="1" type="stmt"/>
        <line num="39" count="5" type="stmt"/>
        <line num="40" count="5" type="stmt"/>
        <line num="43" count="1" type="stmt"/>
        <line num="44" count="11" type="stmt"/>
        <line num="47" count="11" type="stmt"/>
        <line num="48" count="5" type="stmt"/>
        <line num="49" count="5" type="stmt"/>
        <line num="50" count="5" type="stmt"/>
        <line num="51" count="5" type="cond" truecount="2" falsecount="0"/>
        <line num="53" count="1" type="stmt"/>
        <line num="55" count="1" type="stmt"/>
        <line num="56" count="9" type="stmt"/>
        <line num="57" count="2" type="stmt"/>
        <line num="61" count="1" type="stmt"/>
        <line num="64" count="0" type="stmt"/>
        <line num="70" count="11" type="stmt"/>
        <line num="71" count="11" type="stmt"/>
        <line num="72" count="11" type="stmt"/>
        <line num="73" count="104" type="stmt"/>
        <line num="74" count="11" type="stmt"/>
        <line num="76" count="5" type="stmt"/>
        <line num="79" count="0" type="stmt"/>
        <line num="84" count="11" type="stmt"/>
        <line num="85" count="11" type="stmt"/>
        <line num="86" count="104" type="stmt"/>
        <line num="90" count="11" type="stmt"/>
        <line num="91" count="48" type="stmt"/>
        <line num="95" count="11" type="stmt"/>
        <line num="96" count="48" type="stmt"/>
        <line num="100" count="11" type="stmt"/>
        <line num="101" count="1" type="stmt"/>
        <line num="102" count="9" type="cond" truecount="2" falsecount="0"/>
        <line num="106" count="11" type="stmt"/>
        <line num="107" count="2" type="stmt"/>
        <line num="108" count="18" type="stmt"/>
        <line num="109" count="2" type="stmt"/>
        <line num="113" count="11" type="stmt"/>
        <line num="114" count="10" type="stmt"/>
        <line num="117" count="11" type="stmt"/>
        <line num="118" count="10" type="cond" truecount="2" falsecount="0"/>
        <line num="121" count="11" type="stmt"/>
        <line num="131" count="11" type="stmt"/>
        <line num="134" count="1" type="stmt"/>
        <line num="135" count="11" type="stmt"/>
        <line num="136" count="11" type="cond" truecount="1" falsecount="1"/>
        <line num="137" count="11" type="stmt"/>
      </file>
      <file name="ThemeContext.tsx" path="D:\React-native-app\context\ThemeContext.tsx">
        <metrics statements="22" coveredstatements="22" conditionals="4" coveredconditionals="4" methods="7" coveredmethods="7"/>
        <line num="10" count="4" type="stmt"/>
        <line num="12" count="4" type="stmt"/>
        <line num="15" count="18" type="stmt"/>
        <line num="17" count="18" type="stmt"/>
        <line num="18" count="1" type="stmt"/>
        <line num="19" count="1" type="stmt"/>
        <line num="20" count="1" type="stmt"/>
        <line num="24" count="18" type="stmt"/>
        <line num="25" count="13" type="stmt"/>
        <line num="26" count="13" type="stmt"/>
        <line num="27" count="13" type="stmt"/>
        <line num="28" count="13" type="cond" truecount="2" falsecount="0"/>
        <line num="33" count="18" type="stmt"/>
        <line num="34" count="1" type="stmt"/>
        <line num="35" count="1" type="stmt"/>
        <line num="36" count="1" type="stmt"/>
        <line num="40" count="18" type="stmt"/>
        <line num="41" count="17" type="stmt"/>
        <line num="45" count="18" type="stmt"/>
        <line num="49" count="41" type="stmt"/>
        <line num="50" count="40" type="cond" truecount="2" falsecount="0"/>
        <line num="51" count="38" type="stmt"/>
      </file>
    </package>
    <package name="hooks">
      <metrics statements="5" coveredstatements="4" conditionals="4" coveredconditionals="2" methods="1" coveredmethods="1"/>
      <file name="use-color-scheme.ts" path="D:\React-native-app\hooks\use-color-scheme.ts">
        <metrics statements="0" coveredstatements="0" conditionals="0" coveredconditionals="0" methods="0" coveredmethods="0"/>
      </file>
      <file name="use-theme-color.ts" path="D:\React-native-app\hooks\use-theme-color.ts">
        <metrics statements="5" coveredstatements="4" conditionals="4" coveredconditionals="2" methods="1" coveredmethods="1"/>
        <line num="13" count="9" type="cond" truecount="1" falsecount="1"/>
        <line num="14" count="9" type="stmt"/>
        <line num="16" count="9" type="cond" truecount="1" falsecount="1"/>
        <line num="17" count="0" type="stmt"/>
        <line num="19" count="9" type="stmt"/>
      </file>
    </package>
  </project>
</coverage>
