{"D:\\React-native-app\\app\\_layout.tsx": {"path":"D:\\React-native-app\\app\\_layout.tsx","statementMap":{"0":{"start":{"line":14,"column":2},"end":{"line":31,"column":4}},"1":{"start":{"line":34,"column":15},"end":{"line":34,"column":60}}},"fnMap":{"0":{"name":"RootLayout","decl":{"start":{"line":13,"column":24},"end":{"line":13,"column":34}},"loc":{"start":{"line":13,"column":37},"end":{"line":32,"column":1}},"line":13}},"branchMap":{},"s":{"0":2,"1":1},"f":{"0":2},"b":{},"_coverageSchema":"1a1c01bbd47fc00a2c39e90264f33305004495a9","hash":"4f8cfd1c12e6624c7a7b4a62fb7b2b867d0d94f1"}
,"D:\\React-native-app\\app\\add-task.tsx": {"path":"D:\\React-native-app\\app\\add-task.tsx","statementMap":{"0":{"start":{"line":20,"column":25},"end":{"line":31,"column":1}},"1":{"start":{"line":21,"column":2},"end":{"line":21,"column":25}},"2":{"start":{"line":21,"column":15},"end":{"line":21,"column":25}},"3":{"start":{"line":23,"column":33},"end":{"line":23,"column":50}},"4":{"start":{"line":24,"column":16},"end":{"line":24,"column":32}},"5":{"start":{"line":25,"column":18},"end":{"line":25,"column":43}},"6":{"start":{"line":27,"column":19},"end":{"line":27,"column":44}},"7":{"start":{"line":28,"column":23},"end":{"line":28,"column":73}},"8":{"start":{"line":30,"column":2},"end":{"line":30,"column":75}},"9":{"start":{"line":34,"column":28},"end":{"line":42,"column":1}},"10":{"start":{"line":35,"column":2},"end":{"line":35,"column":29}},"11":{"start":{"line":35,"column":19},"end":{"line":35,"column":29}},"12":{"start":{"line":38,"column":20},"end":{"line":38,"column":53}},"13":{"start":{"line":39,"column":15},"end":{"line":39,"column":58}},"14":{"start":{"line":41,"column":2},"end":{"line":41,"column":95}},"15":{"start":{"line":45,"column":31},"end":{"line":45,"column":41}},"16":{"start":{"line":46,"column":22},"end":{"line":46,"column":32}},"17":{"start":{"line":48,"column":36},"end":{"line":48,"column":48}},"18":{"start":{"line":49,"column":34},"end":{"line":49,"column":46}},"19":{"start":{"line":50,"column":34},"end":{"line":50,"column":46}},"20":{"start":{"line":52,"column":17},"end":{"line":62,"column":3}},"21":{"start":{"line":64,"column":17},"end":{"line":64,"column":50}},"22":{"start":{"line":64,"column":23},"end":{"line":64,"column":50}},"23":{"start":{"line":66,"column":21},"end":{"line":84,"column":3}},"24":{"start":{"line":67,"column":4},"end":{"line":70,"column":5}},"25":{"start":{"line":68,"column":6},"end":{"line":68,"column":64}},"26":{"start":{"line":69,"column":6},"end":{"line":69,"column":13}},"27":{"start":{"line":72,"column":26},"end":{"line":72,"column":52}},"28":{"start":{"line":73,"column":26},"end":{"line":73,"column":55}},"29":{"start":{"line":75,"column":25},"end":{"line":75,"column":63}},"30":{"start":{"line":77,"column":4},"end":{"line":81,"column":7}},"31":{"start":{"line":83,"column":4},"end":{"line":83,"column":13}},"32":{"start":{"line":86,"column":2},"end":{"line":353,"column":4}},"33":{"start":{"line":309,"column":42},"end":{"line":313,"column":19}},"34":{"start":{"line":329,"column":42},"end":{"line":333,"column":19}},"35":{"start":{"line":356,"column":15},"end":{"line":396,"column":2}}},"fnMap":{"0":{"name":"(anonymous_0)","decl":{"start":{"line":20,"column":25},"end":{"line":20,"column":26}},"loc":{"start":{"line":20,"column":53},"end":{"line":31,"column":1}},"line":20},"1":{"name":"(anonymous_1)","decl":{"start":{"line":34,"column":28},"end":{"line":34,"column":29}},"loc":{"start":{"line":34,"column":60},"end":{"line":42,"column":1}},"line":34},"2":{"name":"AddTaskScreen","decl":{"start":{"line":44,"column":24},"end":{"line":44,"column":37}},"loc":{"start":{"line":44,"column":40},"end":{"line":354,"column":1}},"line":44},"3":{"name":"(anonymous_3)","decl":{"start":{"line":64,"column":17},"end":{"line":64,"column":18}},"loc":{"start":{"line":64,"column":23},"end":{"line":64,"column":50}},"line":64},"4":{"name":"(anonymous_4)","decl":{"start":{"line":66,"column":21},"end":{"line":66,"column":22}},"loc":{"start":{"line":66,"column":27},"end":{"line":84,"column":3}},"line":66},"5":{"name":"(anonymous_5)","decl":{"start":{"line":309,"column":25},"end":{"line":309,"column":26}},"loc":{"start":{"line":309,"column":42},"end":{"line":313,"column":19}},"line":309},"6":{"name":"(anonymous_6)","decl":{"start":{"line":329,"column":25},"end":{"line":329,"column":26}},"loc":{"start":{"line":329,"column":42},"end":{"line":333,"column":19}},"line":329}},"branchMap":{"0":{"loc":{"start":{"line":21,"column":2},"end":{"line":21,"column":25}},"type":"if","locations":[{"start":{"line":21,"column":2},"end":{"line":21,"column":25}},{"start":{},"end":{}}],"line":21},"1":{"loc":{"start":{"line":25,"column":25},"end":{"line":25,"column":42}},"type":"binary-expr","locations":[{"start":{"line":25,"column":25},"end":{"line":25,"column":35}},{"start":{"line":25,"column":39},"end":{"line":25,"column":42}}],"line":25},"2":{"loc":{"start":{"line":27,"column":19},"end":{"line":27,"column":44}},"type":"cond-expr","locations":[{"start":{"line":27,"column":33},"end":{"line":27,"column":37}},{"start":{"line":27,"column":40},"end":{"line":27,"column":44}}],"line":27},"3":{"loc":{"start":{"line":28,"column":23},"end":{"line":28,"column":73}},"type":"cond-expr","locations":[{"start":{"line":28,"column":36},"end":{"line":28,"column":46}},{"start":{"line":28,"column":49},"end":{"line":28,"column":73}}],"line":28},"4":{"loc":{"start":{"line":28,"column":49},"end":{"line":28,"column":73}},"type":"cond-expr","locations":[{"start":{"line":28,"column":63},"end":{"line":28,"column":65}},{"start":{"line":28,"column":68},"end":{"line":28,"column":73}}],"line":28},"5":{"loc":{"start":{"line":35,"column":2},"end":{"line":35,"column":29}},"type":"if","locations":[{"start":{"line":35,"column":2},"end":{"line":35,"column":29}},{"start":{},"end":{}}],"line":35},"6":{"loc":{"start":{"line":39,"column":37},"end":{"line":39,"column":43}},"type":"binary-expr","locations":[{"start":{"line":39,"column":37},"end":{"line":39,"column":38}},{"start":{"line":39,"column":42},"end":{"line":39,"column":43}}],"line":39},"7":{"loc":{"start":{"line":39,"column":50},"end":{"line":39,"column":56}},"type":"binary-expr","locations":[{"start":{"line":39,"column":50},"end":{"line":39,"column":51}},{"start":{"line":39,"column":55},"end":{"line":39,"column":56}}],"line":39},"8":{"loc":{"start":{"line":53,"column":8},"end":{"line":53,"column":48}},"type":"cond-expr","locations":[{"start":{"line":53,"column":27},"end":{"line":53,"column":36}},{"start":{"line":53,"column":39},"end":{"line":53,"column":48}}],"line":53},"9":{"loc":{"start":{"line":54,"column":14},"end":{"line":54,"column":54}},"type":"cond-expr","locations":[{"start":{"line":54,"column":33},"end":{"line":54,"column":42}},{"start":{"line":54,"column":45},"end":{"line":54,"column":54}}],"line":54},"10":{"loc":{"start":{"line":55,"column":10},"end":{"line":55,"column":50}},"type":"cond-expr","locations":[{"start":{"line":55,"column":29},"end":{"line":55,"column":38}},{"start":{"line":55,"column":41},"end":{"line":55,"column":50}}],"line":55},"11":{"loc":{"start":{"line":56,"column":12},"end":{"line":56,"column":52}},"type":"cond-expr","locations":[{"start":{"line":56,"column":31},"end":{"line":56,"column":40}},{"start":{"line":56,"column":43},"end":{"line":56,"column":52}}],"line":56},"12":{"loc":{"start":{"line":57,"column":11},"end":{"line":57,"column":51}},"type":"cond-expr","locations":[{"start":{"line":57,"column":30},"end":{"line":57,"column":39}},{"start":{"line":57,"column":42},"end":{"line":57,"column":51}}],"line":57},"13":{"loc":{"start":{"line":58,"column":9},"end":{"line":58,"column":49}},"type":"cond-expr","locations":[{"start":{"line":58,"column":28},"end":{"line":58,"column":37}},{"start":{"line":58,"column":40},"end":{"line":58,"column":49}}],"line":58},"14":{"loc":{"start":{"line":59,"column":13},"end":{"line":59,"column":53}},"type":"cond-expr","locations":[{"start":{"line":59,"column":32},"end":{"line":59,"column":41}},{"start":{"line":59,"column":44},"end":{"line":59,"column":53}}],"line":59},"15":{"loc":{"start":{"line":60,"column":13},"end":{"line":60,"column":53}},"type":"cond-expr","locations":[{"start":{"line":60,"column":32},"end":{"line":60,"column":41}},{"start":{"line":60,"column":44},"end":{"line":60,"column":53}}],"line":60},"16":{"loc":{"start":{"line":61,"column":17},"end":{"line":61,"column":57}},"type":"cond-expr","locations":[{"start":{"line":61,"column":36},"end":{"line":61,"column":45}},{"start":{"line":61,"column":48},"end":{"line":61,"column":57}}],"line":61},"17":{"loc":{"start":{"line":67,"column":4},"end":{"line":70,"column":5}},"type":"if","locations":[{"start":{"line":67,"column":4},"end":{"line":70,"column":5}},{"start":{},"end":{}}],"line":67},"18":{"loc":{"start":{"line":67,"column":8},"end":{"line":67,"column":51}},"type":"binary-expr","locations":[{"start":{"line":67,"column":8},"end":{"line":67,"column":25}},{"start":{"line":67,"column":29},"end":{"line":67,"column":38}},{"start":{"line":67,"column":42},"end":{"line":67,"column":51}}],"line":67},"19":{"loc":{"start":{"line":113,"column":65},"end":{"line":113,"column":106}},"type":"cond-expr","locations":[{"start":{"line":113,"column":84},"end":{"line":113,"column":94}},{"start":{"line":113,"column":97},"end":{"line":113,"column":106}}],"line":113},"20":{"loc":{"start":{"line":121,"column":57},"end":{"line":121,"column":97}},"type":"cond-expr","locations":[{"start":{"line":121,"column":76},"end":{"line":121,"column":85}},{"start":{"line":121,"column":88},"end":{"line":121,"column":97}}],"line":121},"21":{"loc":{"start":{"line":127,"column":32},"end":{"line":127,"column":66}},"type":"cond-expr","locations":[{"start":{"line":127,"column":51},"end":{"line":127,"column":57}},{"start":{"line":127,"column":60},"end":{"line":127,"column":66}}],"line":127},"22":{"loc":{"start":{"line":154,"column":20},"end":{"line":154,"column":65}},"type":"cond-expr","locations":[{"start":{"line":154,"column":44},"end":{"line":154,"column":53}},{"start":{"line":154,"column":56},"end":{"line":154,"column":65}}],"line":154},"23":{"loc":{"start":{"line":204,"column":40},"end":{"line":204,"column":77}},"type":"cond-expr","locations":[{"start":{"line":204,"column":59},"end":{"line":204,"column":65}},{"start":{"line":204,"column":68},"end":{"line":204,"column":77}}],"line":204},"24":{"loc":{"start":{"line":236,"column":40},"end":{"line":236,"column":77}},"type":"cond-expr","locations":[{"start":{"line":236,"column":59},"end":{"line":236,"column":65}},{"start":{"line":236,"column":68},"end":{"line":236,"column":77}}],"line":236},"25":{"loc":{"start":{"line":255,"column":30},"end":{"line":255,"column":76}},"type":"cond-expr","locations":[{"start":{"line":255,"column":41},"end":{"line":255,"column":70}},{"start":{"line":255,"column":73},"end":{"line":255,"column":76}}],"line":255},"26":{"loc":{"start":{"line":275,"column":40},"end":{"line":275,"column":77}},"type":"cond-expr","locations":[{"start":{"line":275,"column":59},"end":{"line":275,"column":65}},{"start":{"line":275,"column":68},"end":{"line":275,"column":77}}],"line":275},"27":{"loc":{"start":{"line":294,"column":30},"end":{"line":294,"column":73}},"type":"cond-expr","locations":[{"start":{"line":294,"column":41},"end":{"line":294,"column":67}},{"start":{"line":294,"column":70},"end":{"line":294,"column":73}}],"line":294},"28":{"loc":{"start":{"line":311,"column":67},"end":{"line":311,"column":104}},"type":"cond-expr","locations":[{"start":{"line":311,"column":86},"end":{"line":311,"column":95}},{"start":{"line":311,"column":98},"end":{"line":311,"column":104}}],"line":311},"29":{"loc":{"start":{"line":312,"column":20},"end":{"line":312,"column":48}},"type":"binary-expr","locations":[{"start":{"line":312,"column":20},"end":{"line":312,"column":27}},{"start":{"line":312,"column":31},"end":{"line":312,"column":48}}],"line":312},"30":{"loc":{"start":{"line":331,"column":39},"end":{"line":331,"column":79}},"type":"cond-expr","locations":[{"start":{"line":331,"column":58},"end":{"line":331,"column":67}},{"start":{"line":331,"column":70},"end":{"line":331,"column":79}}],"line":331},"31":{"loc":{"start":{"line":332,"column":20},"end":{"line":332,"column":48}},"type":"binary-expr","locations":[{"start":{"line":332,"column":20},"end":{"line":332,"column":27}},{"start":{"line":332,"column":31},"end":{"line":332,"column":48}}],"line":332}},"s":{"0":1,"1":3,"2":0,"3":3,"4":3,"5":3,"6":3,"7":3,"8":3,"9":1,"10":5,"11":0,"12":5,"13":5,"14":5,"15":13,"16":13,"17":13,"18":13,"19":13,"20":13,"21":13,"22":3,"23":13,"24":2,"25":1,"26":1,"27":1,"28":1,"29":1,"30":1,"31":1,"32":13,"33":13,"34":13,"35":1},"f":{"0":3,"1":5,"2":13,"3":3,"4":2,"5":13,"6":13},"b":{"0":[0,3],"1":[3,0],"2":[2,1],"3":[2,1],"4":[0,1],"5":[0,5],"6":[5,0],"7":[5,0],"8":[1,12],"9":[1,12],"10":[1,12],"11":[1,12],"12":[1,12],"13":[1,12],"14":[1,12],"15":[1,12],"16":[1,12],"17":[1,1],"18":[2,1,1],"19":[1,12],"20":[1,12],"21":[1,12],"22":[13,0],"23":[1,12],"24":[1,12],"25":[4,9],"26":[1,12],"27":[2,11],"28":[1,12],"29":[13,0],"30":[1,12],"31":[13,0]},"_coverageSchema":"1a1c01bbd47fc00a2c39e90264f33305004495a9","hash":"d9ce3f00a6f6392d5433aeb20bdf66138b36904a"}
,"D:\\React-native-app\\app\\emergency-sos.tsx": {"path":"D:\\React-native-app\\app\\emergency-sos.tsx","statementMap":{"0":{"start":{"line":9,"column":17},"end":{"line":9,"column":28}},"1":{"start":{"line":10,"column":31},"end":{"line":10,"column":41}},"2":{"start":{"line":11,"column":35},"end":{"line":11,"column":56}},"3":{"start":{"line":13,"column":21},"end":{"line":28,"column":3}},"4":{"start":{"line":14,"column":18},"end":{"line":14,"column":52}},"5":{"start":{"line":15,"column":16},"end":{"line":15,"column":30}},"6":{"start":{"line":17,"column":4},"end":{"line":27,"column":5}},"7":{"start":{"line":18,"column":24},"end":{"line":18,"column":53}},"8":{"start":{"line":19,"column":6},"end":{"line":22,"column":7}},"9":{"start":{"line":20,"column":8},"end":{"line":20,"column":78}},"10":{"start":{"line":21,"column":8},"end":{"line":21,"column":15}},"11":{"start":{"line":23,"column":6},"end":{"line":23,"column":33}},"12":{"start":{"line":25,"column":6},"end":{"line":25,"column":22}},"13":{"start":{"line":26,"column":6},"end":{"line":26,"column":54}},"14":{"start":{"line":30,"column":23},"end":{"line":32,"column":3}},"15":{"start":{"line":31,"column":4},"end":{"line":31,"column":37}},"16":{"start":{"line":34,"column":2},"end":{"line":154,"column":4}},"17":{"start":{"line":76,"column":27},"end":{"line":76,"column":65}},"18":{"start":{"line":104,"column":27},"end":{"line":104,"column":44}},"19":{"start":{"line":157,"column":15},"end":{"line":166,"column":2}}},"fnMap":{"0":{"name":"EmergencySOS","decl":{"start":{"line":8,"column":24},"end":{"line":8,"column":36}},"loc":{"start":{"line":8,"column":39},"end":{"line":155,"column":1}},"line":8},"1":{"name":"(anonymous_1)","decl":{"start":{"line":13,"column":21},"end":{"line":13,"column":22}},"loc":{"start":{"line":13,"column":44},"end":{"line":28,"column":3}},"line":13},"2":{"name":"(anonymous_2)","decl":{"start":{"line":30,"column":23},"end":{"line":30,"column":24}},"loc":{"start":{"line":30,"column":29},"end":{"line":32,"column":3}},"line":30},"3":{"name":"(anonymous_3)","decl":{"start":{"line":76,"column":21},"end":{"line":76,"column":22}},"loc":{"start":{"line":76,"column":27},"end":{"line":76,"column":65}},"line":76},"4":{"name":"(anonymous_4)","decl":{"start":{"line":104,"column":21},"end":{"line":104,"column":22}},"loc":{"start":{"line":104,"column":27},"end":{"line":104,"column":44}},"line":104}},"branchMap":{"0":{"loc":{"start":{"line":19,"column":6},"end":{"line":22,"column":7}},"type":"if","locations":[{"start":{"line":19,"column":6},"end":{"line":22,"column":7}},{"start":{},"end":{}}],"line":19},"1":{"loc":{"start":{"line":42,"column":10},"end":{"line":46,"column":11}},"type":"binary-expr","locations":[{"start":{"line":42,"column":10},"end":{"line":42,"column":26}},{"start":{"line":42,"column":30},"end":{"line":46,"column":11}}],"line":42},"2":{"loc":{"start":{"line":55,"column":43},"end":{"line":55,"column":80}},"type":"cond-expr","locations":[{"start":{"line":55,"column":62},"end":{"line":55,"column":71}},{"start":{"line":55,"column":74},"end":{"line":55,"column":80}}],"line":55},"3":{"loc":{"start":{"line":62,"column":28},"end":{"line":62,"column":82}},"type":"cond-expr","locations":[{"start":{"line":62,"column":47},"end":{"line":62,"column":56}},{"start":{"line":62,"column":59},"end":{"line":62,"column":82}}],"line":62},"4":{"loc":{"start":{"line":71,"column":31},"end":{"line":71,"column":81}},"type":"binary-expr","locations":[{"start":{"line":71,"column":31},"end":{"line":71,"column":47}},{"start":{"line":71,"column":51},"end":{"line":71,"column":81}}],"line":71},"5":{"loc":{"start":{"line":83,"column":14},"end":{"line":85,"column":88}},"type":"cond-expr","locations":[{"start":{"line":84,"column":18},"end":{"line":84,"column":88}},{"start":{"line":85,"column":18},"end":{"line":85,"column":88}}],"line":83},"6":{"loc":{"start":{"line":89,"column":51},"end":{"line":89,"column":91}},"type":"cond-expr","locations":[{"start":{"line":89,"column":70},"end":{"line":89,"column":79}},{"start":{"line":89,"column":82},"end":{"line":89,"column":91}}],"line":89},"7":{"loc":{"start":{"line":95,"column":30},"end":{"line":95,"column":67}},"type":"cond-expr","locations":[{"start":{"line":95,"column":49},"end":{"line":95,"column":55}},{"start":{"line":95,"column":58},"end":{"line":95,"column":67}}],"line":95},"8":{"loc":{"start":{"line":111,"column":14},"end":{"line":113,"column":88}},"type":"cond-expr","locations":[{"start":{"line":112,"column":18},"end":{"line":112,"column":88}},{"start":{"line":113,"column":18},"end":{"line":113,"column":88}}],"line":111},"9":{"loc":{"start":{"line":117,"column":51},"end":{"line":117,"column":91}},"type":"cond-expr","locations":[{"start":{"line":117,"column":70},"end":{"line":117,"column":79}},{"start":{"line":117,"column":82},"end":{"line":117,"column":91}}],"line":117},"10":{"loc":{"start":{"line":123,"column":30},"end":{"line":123,"column":67}},"type":"cond-expr","locations":[{"start":{"line":123,"column":49},"end":{"line":123,"column":55}},{"start":{"line":123,"column":58},"end":{"line":123,"column":67}}],"line":123},"11":{"loc":{"start":{"line":139,"column":14},"end":{"line":141,"column":85}},"type":"cond-expr","locations":[{"start":{"line":140,"column":18},"end":{"line":140,"column":88}},{"start":{"line":141,"column":18},"end":{"line":141,"column":85}}],"line":139},"12":{"loc":{"start":{"line":145,"column":63},"end":{"line":145,"column":103}},"type":"cond-expr","locations":[{"start":{"line":145,"column":82},"end":{"line":145,"column":91}},{"start":{"line":145,"column":94},"end":{"line":145,"column":103}}],"line":145}},"s":{"0":8,"1":8,"2":8,"3":8,"4":4,"5":4,"6":4,"7":4,"8":4,"9":1,"10":1,"11":3,"12":1,"13":1,"14":8,"15":1,"16":8,"17":1,"18":3,"19":1},"f":{"0":8,"1":4,"2":1,"3":1,"4":3},"b":{"0":[1,3],"1":[8,1],"2":[1,7],"3":[1,7],"4":[8,1],"5":[1,7],"6":[1,7],"7":[1,7],"8":[1,7],"9":[1,7],"10":[1,7],"11":[1,7],"12":[1,7]},"_coverageSchema":"1a1c01bbd47fc00a2c39e90264f33305004495a9","hash":"fa3bf667fa9dc21940a1f0a0a324af551d139609"}
,"D:\\React-native-app\\app\\forgot-username.tsx": {"path":"D:\\React-native-app\\app\\forgot-username.tsx","statementMap":{"0":{"start":{"line":15,"column":31},"end":{"line":15,"column":41}},"1":{"start":{"line":17,"column":28},"end":{"line":17,"column":40}},"2":{"start":{"line":18,"column":32},"end":{"line":18,"column":44}},"3":{"start":{"line":19,"column":28},"end":{"line":19,"column":40}},"4":{"start":{"line":21,"column":17},"end":{"line":43,"column":24}},"5":{"start":{"line":22,"column":4},"end":{"line":42,"column":10}},"6":{"start":{"line":45,"column":25},"end":{"line":63,"column":3}},"7":{"start":{"line":46,"column":4},"end":{"line":46,"column":17}},"8":{"start":{"line":47,"column":4},"end":{"line":47,"column":19}},"9":{"start":{"line":49,"column":4},"end":{"line":52,"column":5}},"10":{"start":{"line":50,"column":6},"end":{"line":50,"column":51}},"11":{"start":{"line":51,"column":6},"end":{"line":51,"column":13}},"12":{"start":{"line":54,"column":4},"end":{"line":57,"column":5}},"13":{"start":{"line":55,"column":6},"end":{"line":55,"column":54}},"14":{"start":{"line":56,"column":6},"end":{"line":56,"column":13}},"15":{"start":{"line":60,"column":4},"end":{"line":60,"column":61}},"16":{"start":{"line":60,"column":35},"end":{"line":60,"column":59}},"17":{"start":{"line":62,"column":4},"end":{"line":62,"column":72}},"18":{"start":{"line":65,"column":2},"end":{"line":179,"column":4}},"19":{"start":{"line":163,"column":25},"end":{"line":163,"column":44}},"20":{"start":{"line":182,"column":15},"end":{"line":208,"column":2}}},"fnMap":{"0":{"name":"ForgotUsernameScreen","decl":{"start":{"line":14,"column":24},"end":{"line":14,"column":44}},"loc":{"start":{"line":14,"column":47},"end":{"line":180,"column":1}},"line":14},"1":{"name":"(anonymous_1)","decl":{"start":{"line":21,"column":25},"end":{"line":21,"column":26}},"loc":{"start":{"line":21,"column":31},"end":{"line":43,"column":3}},"line":21},"2":{"name":"(anonymous_2)","decl":{"start":{"line":45,"column":25},"end":{"line":45,"column":26}},"loc":{"start":{"line":45,"column":37},"end":{"line":63,"column":3}},"line":45},"3":{"name":"(anonymous_3)","decl":{"start":{"line":60,"column":22},"end":{"line":60,"column":23}},"loc":{"start":{"line":60,"column":35},"end":{"line":60,"column":59}},"line":60},"4":{"name":"(anonymous_4)","decl":{"start":{"line":163,"column":19},"end":{"line":163,"column":20}},"loc":{"start":{"line":163,"column":25},"end":{"line":163,"column":44}},"line":163}},"branchMap":{"0":{"loc":{"start":{"line":22,"column":11},"end":{"line":42,"column":9}},"type":"cond-expr","locations":[{"start":{"line":23,"column":8},"end":{"line":32,"column":9}},{"start":{"line":33,"column":8},"end":{"line":42,"column":9}}],"line":22},"1":{"loc":{"start":{"line":49,"column":4},"end":{"line":52,"column":5}},"type":"if","locations":[{"start":{"line":49,"column":4},"end":{"line":52,"column":5}},{"start":{},"end":{}}],"line":49},"2":{"loc":{"start":{"line":54,"column":4},"end":{"line":57,"column":5}},"type":"if","locations":[{"start":{"line":54,"column":4},"end":{"line":57,"column":5}},{"start":{},"end":{}}],"line":54},"3":{"loc":{"start":{"line":68,"column":16},"end":{"line":68,"column":61}},"type":"cond-expr","locations":[{"start":{"line":68,"column":40},"end":{"line":68,"column":49}},{"start":{"line":68,"column":52},"end":{"line":68,"column":61}}],"line":68},"4":{"loc":{"start":{"line":105,"column":32},"end":{"line":105,"column":69}},"type":"cond-expr","locations":[{"start":{"line":105,"column":51},"end":{"line":105,"column":57}},{"start":{"line":105,"column":60},"end":{"line":105,"column":69}}],"line":105},"5":{"loc":{"start":{"line":119,"column":9},"end":{"line":128,"column":16}},"type":"cond-expr","locations":[{"start":{"line":120,"column":10},"end":{"line":127,"column":17}},{"start":{"line":128,"column":12},"end":{"line":128,"column":16}}],"line":119},"6":{"loc":{"start":{"line":130,"column":9},"end":{"line":138,"column":16}},"type":"cond-expr","locations":[{"start":{"line":131,"column":10},"end":{"line":137,"column":17}},{"start":{"line":138,"column":12},"end":{"line":138,"column":16}}],"line":130},"7":{"loc":{"start":{"line":148,"column":31},"end":{"line":148,"column":75}},"type":"cond-expr","locations":[{"start":{"line":148,"column":50},"end":{"line":148,"column":63}},{"start":{"line":148,"column":66},"end":{"line":148,"column":75}}],"line":148},"8":{"loc":{"start":{"line":153,"column":21},"end":{"line":153,"column":55}},"type":"cond-expr","locations":[{"start":{"line":153,"column":40},"end":{"line":153,"column":46}},{"start":{"line":153,"column":49},"end":{"line":153,"column":55}}],"line":153}},"s":{"0":12,"1":12,"2":12,"3":12,"4":12,"5":6,"6":12,"7":3,"8":3,"9":3,"10":1,"11":1,"12":2,"13":1,"14":1,"15":1,"16":1,"17":1,"18":12,"19":1,"20":1},"f":{"0":12,"1":6,"2":3,"3":1,"4":1},"b":{"0":[1,5],"1":[1,2],"2":[1,1],"3":[12,0],"4":[1,11],"5":[2,10],"6":[1,11],"7":[1,11],"8":[1,11]},"_coverageSchema":"1a1c01bbd47fc00a2c39e90264f33305004495a9","hash":"02adc4cbbd86c294a5501734cd33544def51fffd"}
,"D:\\React-native-app\\app\\index.tsx": {"path":"D:\\React-native-app\\app\\index.tsx","statementMap":{"0":{"start":{"line":15,"column":31},"end":{"line":15,"column":41}},"1":{"start":{"line":17,"column":34},"end":{"line":17,"column":50}},"2":{"start":{"line":18,"column":24},"end":{"line":18,"column":64}},"3":{"start":{"line":19,"column":38},"end":{"line":19,"column":50}},"4":{"start":{"line":21,"column":18},"end":{"line":21,"column":53}},"5":{"start":{"line":23,"column":22},"end":{"line":45,"column":3}},"6":{"start":{"line":24,"column":4},"end":{"line":24,"column":22}},"7":{"start":{"line":26,"column":19},"end":{"line":26,"column":31}},"8":{"start":{"line":28,"column":4},"end":{"line":31,"column":5}},"9":{"start":{"line":29,"column":6},"end":{"line":29,"column":45}},"10":{"start":{"line":30,"column":6},"end":{"line":30,"column":13}},"11":{"start":{"line":33,"column":4},"end":{"line":36,"column":5}},"12":{"start":{"line":33,"column":45},"end":{"line":33,"column":53}},"13":{"start":{"line":34,"column":6},"end":{"line":34,"column":54}},"14":{"start":{"line":35,"column":6},"end":{"line":35,"column":13}},"15":{"start":{"line":38,"column":4},"end":{"line":44,"column":5}},"16":{"start":{"line":39,"column":6},"end":{"line":39,"column":63}},"17":{"start":{"line":39,"column":37},"end":{"line":39,"column":61}},"18":{"start":{"line":40,"column":6},"end":{"line":40,"column":32}},"19":{"start":{"line":42,"column":6},"end":{"line":42,"column":72}},"20":{"start":{"line":43,"column":6},"end":{"line":43,"column":43}},"21":{"start":{"line":47,"column":26},"end":{"line":57,"column":3}},"22":{"start":{"line":48,"column":4},"end":{"line":56,"column":5}},"23":{"start":{"line":49,"column":21},"end":{"line":49,"column":29}},"24":{"start":{"line":50,"column":6},"end":{"line":50,"column":28}},"25":{"start":{"line":51,"column":6},"end":{"line":51,"column":21}},"26":{"start":{"line":53,"column":6},"end":{"line":55,"column":7}},"27":{"start":{"line":54,"column":8},"end":{"line":54,"column":44}},"28":{"start":{"line":59,"column":17},"end":{"line":83,"column":24}},"29":{"start":{"line":60,"column":4},"end":{"line":82,"column":10}},"30":{"start":{"line":85,"column":2},"end":{"line":370,"column":4}},"31":{"start":{"line":177,"column":21},"end":{"line":177,"column":45}},"32":{"start":{"line":255,"column":16},"end":{"line":274,"column":18}},"33":{"start":{"line":257,"column":31},"end":{"line":257,"column":57}},"34":{"start":{"line":259,"column":39},"end":{"line":259,"column":64}},"35":{"start":{"line":330,"column":31},"end":{"line":330,"column":62}},"36":{"start":{"line":344,"column":31},"end":{"line":344,"column":57}},"37":{"start":{"line":373,"column":15},"end":{"line":440,"column":2}}},"fnMap":{"0":{"name":"Index","decl":{"start":{"line":14,"column":24},"end":{"line":14,"column":29}},"loc":{"start":{"line":14,"column":32},"end":{"line":371,"column":1}},"line":14},"1":{"name":"(anonymous_1)","decl":{"start":{"line":23,"column":22},"end":{"line":23,"column":23}},"loc":{"start":{"line":23,"column":34},"end":{"line":45,"column":3}},"line":23},"2":{"name":"(anonymous_2)","decl":{"start":{"line":33,"column":38},"end":{"line":33,"column":39}},"loc":{"start":{"line":33,"column":45},"end":{"line":33,"column":53}},"line":33},"3":{"name":"(anonymous_3)","decl":{"start":{"line":39,"column":24},"end":{"line":39,"column":25}},"loc":{"start":{"line":39,"column":37},"end":{"line":39,"column":61}},"line":39},"4":{"name":"(anonymous_4)","decl":{"start":{"line":47,"column":26},"end":{"line":47,"column":27}},"loc":{"start":{"line":47,"column":60},"end":{"line":57,"column":3}},"line":47},"5":{"name":"(anonymous_5)","decl":{"start":{"line":59,"column":25},"end":{"line":59,"column":26}},"loc":{"start":{"line":59,"column":31},"end":{"line":83,"column":3}},"line":59},"6":{"name":"(anonymous_6)","decl":{"start":{"line":158,"column":15},"end":{"line":158,"column":16}},"loc":{"start":{"line":158,"column":21},"end":{"line":158,"column":23}},"line":158},"7":{"name":"(anonymous_7)","decl":{"start":{"line":177,"column":15},"end":{"line":177,"column":16}},"loc":{"start":{"line":177,"column":21},"end":{"line":177,"column":45}},"line":177},"8":{"name":"(anonymous_8)","decl":{"start":{"line":254,"column":23},"end":{"line":254,"column":24}},"loc":{"start":{"line":255,"column":16},"end":{"line":274,"column":18}},"line":255},"9":{"name":"(anonymous_9)","decl":{"start":{"line":257,"column":23},"end":{"line":257,"column":24}},"loc":{"start":{"line":257,"column":31},"end":{"line":257,"column":57}},"line":257},"10":{"name":"(anonymous_10)","decl":{"start":{"line":259,"column":32},"end":{"line":259,"column":33}},"loc":{"start":{"line":259,"column":39},"end":{"line":259,"column":64}},"line":259},"11":{"name":"(anonymous_11)","decl":{"start":{"line":330,"column":25},"end":{"line":330,"column":26}},"loc":{"start":{"line":330,"column":31},"end":{"line":330,"column":62}},"line":330},"12":{"name":"(anonymous_12)","decl":{"start":{"line":344,"column":25},"end":{"line":344,"column":26}},"loc":{"start":{"line":344,"column":31},"end":{"line":344,"column":57}},"line":344}},"branchMap":{"0":{"loc":{"start":{"line":28,"column":4},"end":{"line":31,"column":5}},"type":"if","locations":[{"start":{"line":28,"column":4},"end":{"line":31,"column":5}},{"start":{},"end":{}}],"line":28},"1":{"loc":{"start":{"line":33,"column":4},"end":{"line":36,"column":5}},"type":"if","locations":[{"start":{"line":33,"column":4},"end":{"line":36,"column":5}},{"start":{},"end":{}}],"line":33},"2":{"loc":{"start":{"line":33,"column":8},"end":{"line":33,"column":54}},"type":"binary-expr","locations":[{"start":{"line":33,"column":8},"end":{"line":33,"column":25}},{"start":{"line":33,"column":29},"end":{"line":33,"column":54}}],"line":33},"3":{"loc":{"start":{"line":48,"column":4},"end":{"line":56,"column":5}},"type":"if","locations":[{"start":{"line":48,"column":4},"end":{"line":56,"column":5}},{"start":{},"end":{}}],"line":48},"4":{"loc":{"start":{"line":48,"column":8},"end":{"line":48,"column":48}},"type":"binary-expr","locations":[{"start":{"line":48,"column":8},"end":{"line":48,"column":25}},{"start":{"line":48,"column":29},"end":{"line":48,"column":48}}],"line":48},"5":{"loc":{"start":{"line":53,"column":6},"end":{"line":55,"column":7}},"type":"if","locations":[{"start":{"line":53,"column":6},"end":{"line":55,"column":7}},{"start":{},"end":{}}],"line":53},"6":{"loc":{"start":{"line":53,"column":10},"end":{"line":53,"column":28}},"type":"binary-expr","locations":[{"start":{"line":53,"column":10},"end":{"line":53,"column":15}},{"start":{"line":53,"column":19},"end":{"line":53,"column":28}}],"line":53},"7":{"loc":{"start":{"line":60,"column":11},"end":{"line":82,"column":9}},"type":"cond-expr","locations":[{"start":{"line":61,"column":8},"end":{"line":71,"column":9}},{"start":{"line":72,"column":8},"end":{"line":82,"column":9}}],"line":60},"8":{"loc":{"start":{"line":88,"column":16},"end":{"line":88,"column":61}},"type":"cond-expr","locations":[{"start":{"line":88,"column":40},"end":{"line":88,"column":49}},{"start":{"line":88,"column":52},"end":{"line":88,"column":61}}],"line":88},"9":{"loc":{"start":{"line":104,"column":33},"end":{"line":104,"column":81}},"type":"cond-expr","locations":[{"start":{"line":104,"column":52},"end":{"line":104,"column":65}},{"start":{"line":104,"column":68},"end":{"line":104,"column":81}}],"line":104},"10":{"loc":{"start":{"line":113,"column":49},"end":{"line":113,"column":83}},"type":"cond-expr","locations":[{"start":{"line":113,"column":68},"end":{"line":113,"column":74}},{"start":{"line":113,"column":77},"end":{"line":113,"column":83}}],"line":113},"11":{"loc":{"start":{"line":128,"column":46},"end":{"line":128,"column":95}},"type":"cond-expr","locations":[{"start":{"line":128,"column":65},"end":{"line":128,"column":78}},{"start":{"line":128,"column":81},"end":{"line":128,"column":95}}],"line":128},"12":{"loc":{"start":{"line":142,"column":27},"end":{"line":142,"column":71}},"type":"cond-expr","locations":[{"start":{"line":142,"column":46},"end":{"line":142,"column":59}},{"start":{"line":142,"column":62},"end":{"line":142,"column":71}}],"line":142},"13":{"loc":{"start":{"line":143,"column":27},"end":{"line":143,"column":51}},"type":"cond-expr","locations":[{"start":{"line":143,"column":46},"end":{"line":143,"column":47}},{"start":{"line":143,"column":50},"end":{"line":143,"column":51}}],"line":143},"14":{"loc":{"start":{"line":150,"column":46},"end":{"line":150,"column":86}},"type":"cond-expr","locations":[{"start":{"line":150,"column":65},"end":{"line":150,"column":74}},{"start":{"line":150,"column":77},"end":{"line":150,"column":86}}],"line":150},"15":{"loc":{"start":{"line":165,"column":27},"end":{"line":165,"column":68}},"type":"cond-expr","locations":[{"start":{"line":165,"column":46},"end":{"line":165,"column":59}},{"start":{"line":165,"column":62},"end":{"line":165,"column":68}}],"line":165},"16":{"loc":{"start":{"line":169,"column":24},"end":{"line":169,"column":61}},"type":"cond-expr","locations":[{"start":{"line":169,"column":43},"end":{"line":169,"column":49}},{"start":{"line":169,"column":52},"end":{"line":169,"column":61}}],"line":169},"17":{"loc":{"start":{"line":186,"column":24},"end":{"line":186,"column":61}},"type":"cond-expr","locations":[{"start":{"line":186,"column":43},"end":{"line":186,"column":49}},{"start":{"line":186,"column":52},"end":{"line":186,"column":61}}],"line":186},"18":{"loc":{"start":{"line":228,"column":36},"end":{"line":228,"column":73}},"type":"cond-expr","locations":[{"start":{"line":228,"column":55},"end":{"line":228,"column":61}},{"start":{"line":228,"column":64},"end":{"line":228,"column":73}}],"line":228},"19":{"loc":{"start":{"line":279,"column":65},"end":{"line":279,"column":109}},"type":"cond-expr","locations":[{"start":{"line":279,"column":84},"end":{"line":279,"column":97}},{"start":{"line":279,"column":100},"end":{"line":279,"column":109}}],"line":279},"20":{"loc":{"start":{"line":287,"column":13},"end":{"line":302,"column":20}},"type":"cond-expr","locations":[{"start":{"line":288,"column":14},"end":{"line":301,"column":21}},{"start":{"line":302,"column":16},"end":{"line":302,"column":20}}],"line":287},"21":{"loc":{"start":{"line":295,"column":34},"end":{"line":295,"column":78}},"type":"cond-expr","locations":[{"start":{"line":295,"column":53},"end":{"line":295,"column":66}},{"start":{"line":295,"column":69},"end":{"line":295,"column":78}}],"line":295},"22":{"loc":{"start":{"line":313,"column":35},"end":{"line":313,"column":79}},"type":"cond-expr","locations":[{"start":{"line":313,"column":54},"end":{"line":313,"column":67}},{"start":{"line":313,"column":70},"end":{"line":313,"column":79}}],"line":313},"23":{"loc":{"start":{"line":317,"column":32},"end":{"line":317,"column":66}},"type":"cond-expr","locations":[{"start":{"line":317,"column":51},"end":{"line":317,"column":57}},{"start":{"line":317,"column":60},"end":{"line":317,"column":66}}],"line":317},"24":{"loc":{"start":{"line":362,"column":76},"end":{"line":362,"column":120}},"type":"cond-expr","locations":[{"start":{"line":362,"column":95},"end":{"line":362,"column":108}},{"start":{"line":362,"column":111},"end":{"line":362,"column":120}}],"line":362}},"s":{"0":34,"1":34,"2":34,"3":34,"4":34,"5":34,"6":6,"7":6,"8":6,"9":2,"10":2,"11":4,"12":12,"13":2,"14":2,"15":2,"16":2,"17":2,"18":2,"19":0,"20":0,"21":34,"22":14,"23":14,"24":14,"25":14,"26":14,"27":10,"28":34,"29":12,"30":34,"31":1,"32":204,"33":384,"34":14,"35":1,"36":1,"37":3},"f":{"0":34,"1":6,"2":12,"3":2,"4":14,"5":12,"6":0,"7":1,"8":204,"9":384,"10":14,"11":1,"12":1},"b":{"0":[2,4],"1":[2,2],"2":[4,2],"3":[14,0],"4":[14,14],"5":[10,4],"6":[14,12],"7":[1,11],"8":[34,0],"9":[1,33],"10":[1,33],"11":[1,33],"12":[1,33],"13":[1,33],"14":[1,33],"15":[1,33],"16":[1,33],"17":[1,33],"18":[1,33],"19":[1,33],"20":[4,30],"21":[0,4],"22":[1,33],"23":[1,33],"24":[1,33]},"_coverageSchema":"1a1c01bbd47fc00a2c39e90264f33305004495a9","hash":"cc097e5272610842cdd722f6eb89a389b0adb422"}
,"D:\\React-native-app\\app\\modal.tsx": {"path":"D:\\React-native-app\\app\\modal.tsx","statementMap":{"0":{"start":{"line":8,"column":2},"end":{"line":15,"column":4}},"1":{"start":{"line":18,"column":15},"end":{"line":29,"column":2}}},"fnMap":{"0":{"name":"ModalScreen","decl":{"start":{"line":7,"column":24},"end":{"line":7,"column":35}},"loc":{"start":{"line":7,"column":38},"end":{"line":16,"column":1}},"line":7}},"branchMap":{},"s":{"0":3,"1":1},"f":{"0":3},"b":{},"_coverageSchema":"1a1c01bbd47fc00a2c39e90264f33305004495a9","hash":"4d162106556b54ed46b16acfbc24d808371d909a"}
,"D:\\React-native-app\\app\\notification-settings.tsx": {"path":"D:\\React-native-app\\app\\notification-settings.tsx","statementMap":{"0":{"start":{"line":29,"column":20},"end":{"line":29,"column":45}},"1":{"start":{"line":31,"column":47},"end":{"line":39,"column":1}},"2":{"start":{"line":42,"column":31},"end":{"line":42,"column":41}},"3":{"start":{"line":44,"column":40},"end":{"line":44,"column":78}},"4":{"start":{"line":45,"column":42},"end":{"line":45,"column":81}},"5":{"start":{"line":46,"column":48},"end":{"line":48,"column":3}},"6":{"start":{"line":49,"column":48},"end":{"line":51,"column":3}},"7":{"start":{"line":52,"column":52},"end":{"line":54,"column":3}},"8":{"start":{"line":55,"column":38},"end":{"line":55,"column":75}},"9":{"start":{"line":56,"column":34},"end":{"line":56,"column":69}},"10":{"start":{"line":58,"column":17},"end":{"line":92,"column":24}},"11":{"start":{"line":59,"column":4},"end":{"line":91,"column":10}},"12":{"start":{"line":94,"column":23},"end":{"line":111,"column":8}},"13":{"start":{"line":95,"column":4},"end":{"line":110,"column":5}},"14":{"start":{"line":96,"column":20},"end":{"line":96,"column":59}},"15":{"start":{"line":97,"column":6},"end":{"line":97,"column":25}},"16":{"start":{"line":97,"column":18},"end":{"line":97,"column":25}},"17":{"start":{"line":99,"column":21},"end":{"line":99,"column":71}},"18":{"start":{"line":101,"column":6},"end":{"line":101,"column":73}},"19":{"start":{"line":102,"column":6},"end":{"line":102,"column":76}},"20":{"start":{"line":103,"column":6},"end":{"line":103,"column":85}},"21":{"start":{"line":104,"column":6},"end":{"line":104,"column":85}},"22":{"start":{"line":105,"column":6},"end":{"line":105,"column":91}},"23":{"start":{"line":106,"column":6},"end":{"line":106,"column":70}},"24":{"start":{"line":107,"column":6},"end":{"line":107,"column":64}},"25":{"start":{"line":109,"column":6},"end":{"line":109,"column":62}},"26":{"start":{"line":113,"column":2},"end":{"line":117,"column":4}},"27":{"start":{"line":115,"column":6},"end":{"line":115,"column":21}},"28":{"start":{"line":119,"column":29},"end":{"line":136,"column":3}},"29":{"start":{"line":120,"column":43},"end":{"line":128,"column":5}},"30":{"start":{"line":130,"column":4},"end":{"line":135,"column":5}},"31":{"start":{"line":131,"column":6},"end":{"line":131,"column":72}},"32":{"start":{"line":132,"column":6},"end":{"line":132,"column":29}},"33":{"start":{"line":134,"column":6},"end":{"line":134,"column":61}},"34":{"start":{"line":138,"column":19},"end":{"line":164,"column":3}},"35":{"start":{"line":149,"column":4},"end":{"line":163,"column":6}},"36":{"start":{"line":166,"column":26},"end":{"line":239,"column":3}},"37":{"start":{"line":178,"column":6},"end":{"line":178,"column":58}},"38":{"start":{"line":181,"column":6},"end":{"line":181,"column":81}},"39":{"start":{"line":183,"column":25},"end":{"line":183,"column":68}},"40":{"start":{"line":184,"column":29},"end":{"line":184,"column":42}},"41":{"start":{"line":185,"column":27},"end":{"line":185,"column":39}},"42":{"start":{"line":187,"column":19},"end":{"line":191,"column":17}},"43":{"start":{"line":193,"column":23},"end":{"line":197,"column":17}},"44":{"start":{"line":199,"column":4},"end":{"line":238,"column":6}},"45":{"start":{"line":205,"column":29},"end":{"line":205,"column":44}},"46":{"start":{"line":206,"column":12},"end":{"line":234,"column":14}},"47":{"start":{"line":213,"column":31},"end":{"line":213,"column":46}},"48":{"start":{"line":214,"column":40},"end":{"line":221,"column":17}},"49":{"start":{"line":241,"column":2},"end":{"line":492,"column":4}},"50":{"start":{"line":270,"column":182},"end":{"line":270,"column":204}},"51":{"start":{"line":293,"column":27},"end":{"line":293,"column":49}},"52":{"start":{"line":294,"column":36},"end":{"line":298,"column":13}},"53":{"start":{"line":436,"column":36},"end":{"line":440,"column":13}},"54":{"start":{"line":495,"column":15},"end":{"line":589,"column":2}}},"fnMap":{"0":{"name":"NotificationSettingsScreen","decl":{"start":{"line":41,"column":24},"end":{"line":41,"column":50}},"loc":{"start":{"line":41,"column":53},"end":{"line":493,"column":1}},"line":41},"1":{"name":"(anonymous_1)","decl":{"start":{"line":58,"column":25},"end":{"line":58,"column":26}},"loc":{"start":{"line":58,"column":31},"end":{"line":92,"column":3}},"line":58},"2":{"name":"(anonymous_2)","decl":{"start":{"line":94,"column":35},"end":{"line":94,"column":36}},"loc":{"start":{"line":94,"column":47},"end":{"line":111,"column":3}},"line":94},"3":{"name":"(anonymous_3)","decl":{"start":{"line":114,"column":16},"end":{"line":114,"column":17}},"loc":{"start":{"line":114,"column":22},"end":{"line":116,"column":5}},"line":114},"4":{"name":"(anonymous_4)","decl":{"start":{"line":119,"column":29},"end":{"line":119,"column":30}},"loc":{"start":{"line":119,"column":41},"end":{"line":136,"column":3}},"line":119},"5":{"name":"(anonymous_5)","decl":{"start":{"line":138,"column":19},"end":{"line":138,"column":20}},"loc":{"start":{"line":149,"column":4},"end":{"line":163,"column":6}},"line":149},"6":{"name":"(anonymous_6)","decl":{"start":{"line":166,"column":26},"end":{"line":166,"column":27}},"loc":{"start":{"line":176,"column":8},"end":{"line":239,"column":3}},"line":176},"7":{"name":"(anonymous_7)","decl":{"start":{"line":204,"column":59},"end":{"line":204,"column":60}},"loc":{"start":{"line":204,"column":70},"end":{"line":235,"column":11}},"line":204},"8":{"name":"(anonymous_8)","decl":{"start":{"line":213,"column":25},"end":{"line":213,"column":26}},"loc":{"start":{"line":213,"column":31},"end":{"line":213,"column":46}},"line":213},"9":{"name":"(anonymous_9)","decl":{"start":{"line":214,"column":23},"end":{"line":214,"column":24}},"loc":{"start":{"line":214,"column":40},"end":{"line":221,"column":17}},"line":214},"10":{"name":"(anonymous_10)","decl":{"start":{"line":270,"column":176},"end":{"line":270,"column":177}},"loc":{"start":{"line":270,"column":182},"end":{"line":270,"column":204}},"line":270},"11":{"name":"(anonymous_11)","decl":{"start":{"line":293,"column":21},"end":{"line":293,"column":22}},"loc":{"start":{"line":293,"column":27},"end":{"line":293,"column":49}},"line":293},"12":{"name":"(anonymous_12)","decl":{"start":{"line":294,"column":19},"end":{"line":294,"column":20}},"loc":{"start":{"line":294,"column":36},"end":{"line":298,"column":13}},"line":294},"13":{"name":"(anonymous_13)","decl":{"start":{"line":436,"column":19},"end":{"line":436,"column":20}},"loc":{"start":{"line":436,"column":36},"end":{"line":440,"column":13}},"line":436}},"branchMap":{"0":{"loc":{"start":{"line":59,"column":11},"end":{"line":91,"column":9}},"type":"cond-expr","locations":[{"start":{"line":60,"column":8},"end":{"line":75,"column":9}},{"start":{"line":76,"column":8},"end":{"line":91,"column":9}}],"line":59},"1":{"loc":{"start":{"line":97,"column":6},"end":{"line":97,"column":25}},"type":"if","locations":[{"start":{"line":97,"column":6},"end":{"line":97,"column":25}},{"start":{},"end":{}}],"line":97},"2":{"loc":{"start":{"line":101,"column":21},"end":{"line":101,"column":71}},"type":"binary-expr","locations":[{"start":{"line":101,"column":21},"end":{"line":101,"column":39}},{"start":{"line":101,"column":43},"end":{"line":101,"column":71}}],"line":101},"3":{"loc":{"start":{"line":102,"column":22},"end":{"line":102,"column":74}},"type":"binary-expr","locations":[{"start":{"line":102,"column":22},"end":{"line":102,"column":41}},{"start":{"line":102,"column":45},"end":{"line":102,"column":74}}],"line":102},"4":{"loc":{"start":{"line":103,"column":25},"end":{"line":103,"column":83}},"type":"binary-expr","locations":[{"start":{"line":103,"column":25},"end":{"line":103,"column":47}},{"start":{"line":103,"column":51},"end":{"line":103,"column":83}}],"line":103},"5":{"loc":{"start":{"line":104,"column":25},"end":{"line":104,"column":83}},"type":"binary-expr","locations":[{"start":{"line":104,"column":25},"end":{"line":104,"column":47}},{"start":{"line":104,"column":51},"end":{"line":104,"column":83}}],"line":104},"6":{"loc":{"start":{"line":105,"column":27},"end":{"line":105,"column":89}},"type":"binary-expr","locations":[{"start":{"line":105,"column":27},"end":{"line":105,"column":51}},{"start":{"line":105,"column":55},"end":{"line":105,"column":89}}],"line":105},"7":{"loc":{"start":{"line":106,"column":20},"end":{"line":106,"column":68}},"type":"binary-expr","locations":[{"start":{"line":106,"column":20},"end":{"line":106,"column":37}},{"start":{"line":106,"column":41},"end":{"line":106,"column":68}}],"line":106},"8":{"loc":{"start":{"line":107,"column":18},"end":{"line":107,"column":62}},"type":"binary-expr","locations":[{"start":{"line":107,"column":18},"end":{"line":107,"column":33}},{"start":{"line":107,"column":37},"end":{"line":107,"column":62}}],"line":107},"9":{"loc":{"start":{"line":157,"column":15},"end":{"line":157,"column":55}},"type":"cond-expr","locations":[{"start":{"line":157,"column":34},"end":{"line":157,"column":43}},{"start":{"line":157,"column":46},"end":{"line":157,"column":55}}],"line":157},"10":{"loc":{"start":{"line":161,"column":8},"end":{"line":161,"column":70}},"type":"cond-expr","locations":[{"start":{"line":161,"column":28},"end":{"line":161,"column":57}},{"start":{"line":161,"column":61},"end":{"line":161,"column":70}}],"line":161},"11":{"loc":{"start":{"line":161,"column":28},"end":{"line":161,"column":57}},"type":"cond-expr","locations":[{"start":{"line":161,"column":36},"end":{"line":161,"column":45}},{"start":{"line":161,"column":48},"end":{"line":161,"column":57}}],"line":161},"12":{"loc":{"start":{"line":178,"column":6},"end":{"line":178,"column":58}},"type":"cond-expr","locations":[{"start":{"line":178,"column":29},"end":{"line":178,"column":42}},{"start":{"line":178,"column":45},"end":{"line":178,"column":58}}],"line":178},"13":{"loc":{"start":{"line":181,"column":6},"end":{"line":181,"column":81}},"type":"cond-expr","locations":[{"start":{"line":181,"column":29},"end":{"line":181,"column":38}},{"start":{"line":181,"column":41},"end":{"line":181,"column":81}}],"line":181},"14":{"loc":{"start":{"line":181,"column":41},"end":{"line":181,"column":81}},"type":"cond-expr","locations":[{"start":{"line":181,"column":60},"end":{"line":181,"column":69}},{"start":{"line":181,"column":72},"end":{"line":181,"column":81}}],"line":181},"15":{"loc":{"start":{"line":183,"column":25},"end":{"line":183,"column":68}},"type":"cond-expr","locations":[{"start":{"line":183,"column":44},"end":{"line":183,"column":56}},{"start":{"line":183,"column":59},"end":{"line":183,"column":68}}],"line":183},"16":{"loc":{"start":{"line":187,"column":19},"end":{"line":191,"column":17}},"type":"cond-expr","locations":[{"start":{"line":188,"column":8},"end":{"line":188,"column":20}},{"start":{"line":189,"column":8},"end":{"line":191,"column":17}}],"line":187},"17":{"loc":{"start":{"line":189,"column":8},"end":{"line":191,"column":17}},"type":"cond-expr","locations":[{"start":{"line":190,"column":8},"end":{"line":190,"column":17}},{"start":{"line":191,"column":8},"end":{"line":191,"column":17}}],"line":189},"18":{"loc":{"start":{"line":193,"column":23},"end":{"line":197,"column":17}},"type":"cond-expr","locations":[{"start":{"line":194,"column":8},"end":{"line":194,"column":21}},{"start":{"line":195,"column":8},"end":{"line":197,"column":17}}],"line":193},"19":{"loc":{"start":{"line":195,"column":8},"end":{"line":197,"column":17}},"type":"cond-expr","locations":[{"start":{"line":196,"column":8},"end":{"line":196,"column":17}},{"start":{"line":197,"column":8},"end":{"line":197,"column":17}}],"line":195},"20":{"loc":{"start":{"line":217,"column":37},"end":{"line":217,"column":73}},"type":"cond-expr","locations":[{"start":{"line":217,"column":48},"end":{"line":217,"column":58}},{"start":{"line":217,"column":61},"end":{"line":217,"column":73}}],"line":217},"21":{"loc":{"start":{"line":218,"column":33},"end":{"line":218,"column":73}},"type":"cond-expr","locations":[{"start":{"line":218,"column":44},"end":{"line":218,"column":54}},{"start":{"line":218,"column":57},"end":{"line":218,"column":73}}],"line":218},"22":{"loc":{"start":{"line":220,"column":18},"end":{"line":220,"column":46}},"type":"binary-expr","locations":[{"start":{"line":220,"column":18},"end":{"line":220,"column":25}},{"start":{"line":220,"column":29},"end":{"line":220,"column":46}}],"line":220},"23":{"loc":{"start":{"line":228,"column":27},"end":{"line":228,"column":67}},"type":"cond-expr","locations":[{"start":{"line":228,"column":38},"end":{"line":228,"column":50}},{"start":{"line":228,"column":53},"end":{"line":228,"column":67}}],"line":228},"24":{"loc":{"start":{"line":260,"column":35},"end":{"line":260,"column":83}},"type":"cond-expr","locations":[{"start":{"line":260,"column":54},"end":{"line":260,"column":67}},{"start":{"line":260,"column":70},"end":{"line":260,"column":83}}],"line":260},"25":{"loc":{"start":{"line":263,"column":55},"end":{"line":263,"column":89}},"type":"cond-expr","locations":[{"start":{"line":263,"column":74},"end":{"line":263,"column":80}},{"start":{"line":263,"column":83},"end":{"line":263,"column":89}}],"line":263},"26":{"loc":{"start":{"line":297,"column":14},"end":{"line":297,"column":42}},"type":"binary-expr","locations":[{"start":{"line":297,"column":14},"end":{"line":297,"column":21}},{"start":{"line":297,"column":25},"end":{"line":297,"column":42}}],"line":297},"27":{"loc":{"start":{"line":373,"column":13},"end":{"line":426,"column":13}},"type":"binary-expr","locations":[{"start":{"line":373,"column":13},"end":{"line":373,"column":30}},{"start":{"line":374,"column":14},"end":{"line":425,"column":21}}],"line":373},"28":{"loc":{"start":{"line":416,"column":39},"end":{"line":416,"column":82}},"type":"cond-expr","locations":[{"start":{"line":416,"column":58},"end":{"line":416,"column":70}},{"start":{"line":416,"column":73},"end":{"line":416,"column":82}}],"line":416},"29":{"loc":{"start":{"line":417,"column":35},"end":{"line":417,"column":79}},"type":"cond-expr","locations":[{"start":{"line":417,"column":54},"end":{"line":417,"column":67}},{"start":{"line":417,"column":70},"end":{"line":417,"column":79}}],"line":417},"30":{"loc":{"start":{"line":421,"column":84},"end":{"line":421,"column":128}},"type":"cond-expr","locations":[{"start":{"line":421,"column":103},"end":{"line":421,"column":112}},{"start":{"line":421,"column":115},"end":{"line":421,"column":128}}],"line":421},"31":{"loc":{"start":{"line":439,"column":14},"end":{"line":439,"column":42}},"type":"binary-expr","locations":[{"start":{"line":439,"column":14},"end":{"line":439,"column":21}},{"start":{"line":439,"column":25},"end":{"line":439,"column":42}}],"line":439},"32":{"loc":{"start":{"line":442,"column":72},"end":{"line":442,"column":106}},"type":"cond-expr","locations":[{"start":{"line":442,"column":91},"end":{"line":442,"column":97}},{"start":{"line":442,"column":100},"end":{"line":442,"column":106}}],"line":442},"33":{"loc":{"start":{"line":455,"column":57},"end":{"line":455,"column":103}},"type":"cond-expr","locations":[{"start":{"line":455,"column":76},"end":{"line":455,"column":85}},{"start":{"line":455,"column":88},"end":{"line":455,"column":103}}],"line":455},"34":{"loc":{"start":{"line":461,"column":57},"end":{"line":461,"column":103}},"type":"cond-expr","locations":[{"start":{"line":461,"column":76},"end":{"line":461,"column":85}},{"start":{"line":461,"column":88},"end":{"line":461,"column":103}}],"line":461},"35":{"loc":{"start":{"line":467,"column":57},"end":{"line":467,"column":103}},"type":"cond-expr","locations":[{"start":{"line":467,"column":76},"end":{"line":467,"column":85}},{"start":{"line":467,"column":88},"end":{"line":467,"column":103}}],"line":467},"36":{"loc":{"start":{"line":473,"column":57},"end":{"line":473,"column":103}},"type":"cond-expr","locations":[{"start":{"line":473,"column":76},"end":{"line":473,"column":85}},{"start":{"line":473,"column":88},"end":{"line":473,"column":103}}],"line":473},"37":{"loc":{"start":{"line":485,"column":57},"end":{"line":485,"column":103}},"type":"cond-expr","locations":[{"start":{"line":485,"column":76},"end":{"line":485,"column":85}},{"start":{"line":485,"column":88},"end":{"line":485,"column":103}}],"line":485}},"s":{"0":1,"1":1,"2":11,"3":11,"4":11,"5":11,"6":11,"7":11,"8":11,"9":11,"10":11,"11":5,"12":11,"13":11,"14":11,"15":11,"16":10,"17":1,"18":1,"19":1,"20":1,"21":1,"22":1,"23":1,"24":1,"25":0,"26":11,"27":11,"28":11,"29":1,"30":1,"31":1,"32":1,"33":0,"34":11,"35":33,"36":11,"37":22,"38":22,"39":22,"40":22,"41":22,"42":22,"43":22,"44":22,"45":88,"46":88,"47":1,"48":88,"49":11,"50":0,"51":0,"52":11,"53":11,"54":1},"f":{"0":11,"1":5,"2":11,"3":11,"4":1,"5":33,"6":22,"7":88,"8":1,"9":88,"10":0,"11":0,"12":11,"13":11},"b":{"0":[1,4],"1":[10,1],"2":[1,0],"3":[1,0],"4":[1,0],"5":[1,0],"6":[1,0],"7":[1,0],"8":[1,0],"9":[3,30],"10":[3,30],"11":[2,1],"12":[11,11],"13":[11,11],"14":[1,10],"15":[2,20],"16":[2,20],"17":[10,10],"18":[2,20],"19":[10,10],"20":[22,66],"21":[22,66],"22":[88,0],"23":[22,66],"24":[1,10],"25":[1,10],"26":[11,0],"27":[11,6],"28":[0,6],"29":[0,6],"30":[0,6],"31":[11,0],"32":[1,10],"33":[1,10],"34":[1,10],"35":[1,10],"36":[1,10],"37":[1,10]},"_coverageSchema":"1a1c01bbd47fc00a2c39e90264f33305004495a9","hash":"9a5348f210604a1685b44c48978d45624c9f3f64"}
,"D:\\React-native-app\\app\\register.tsx": {"path":"D:\\React-native-app\\app\\register.tsx","statementMap":{"0":{"start":{"line":15,"column":31},"end":{"line":15,"column":41}},"1":{"start":{"line":17,"column":34},"end":{"line":17,"column":54}},"2":{"start":{"line":18,"column":28},"end":{"line":18,"column":56}},"3":{"start":{"line":19,"column":34},"end":{"line":19,"column":50}},"4":{"start":{"line":20,"column":24},"end":{"line":20,"column":58}},"5":{"start":{"line":21,"column":28},"end":{"line":21,"column":40}},"6":{"start":{"line":23,"column":18},"end":{"line":23,"column":53}},"7":{"start":{"line":25,"column":17},"end":{"line":47,"column":24}},"8":{"start":{"line":26,"column":4},"end":{"line":46,"column":10}},"9":{"start":{"line":49,"column":26},"end":{"line":60,"column":3}},"10":{"start":{"line":50,"column":4},"end":{"line":50,"column":50}},"11":{"start":{"line":50,"column":26},"end":{"line":50,"column":50}},"12":{"start":{"line":51,"column":4},"end":{"line":51,"column":52}},"13":{"start":{"line":51,"column":45},"end":{"line":51,"column":52}},"14":{"start":{"line":53,"column":4},"end":{"line":57,"column":7}},"15":{"start":{"line":54,"column":19},"end":{"line":54,"column":28}},"16":{"start":{"line":55,"column":6},"end":{"line":55,"column":26}},"17":{"start":{"line":56,"column":6},"end":{"line":56,"column":18}},"18":{"start":{"line":59,"column":4},"end":{"line":59,"column":64}},"19":{"start":{"line":59,"column":28},"end":{"line":59,"column":64}},"20":{"start":{"line":62,"column":25},"end":{"line":73,"column":3}},"21":{"start":{"line":63,"column":4},"end":{"line":63,"column":17}},"22":{"start":{"line":64,"column":19},"end":{"line":64,"column":31}},"23":{"start":{"line":66,"column":4},"end":{"line":66,"column":68}},"24":{"start":{"line":66,"column":26},"end":{"line":66,"column":68}},"25":{"start":{"line":67,"column":4},"end":{"line":67,"column":61}},"26":{"start":{"line":67,"column":23},"end":{"line":67,"column":61}},"27":{"start":{"line":68,"column":4},"end":{"line":68,"column":67}},"28":{"start":{"line":68,"column":26},"end":{"line":68,"column":67}},"29":{"start":{"line":69,"column":4},"end":{"line":69,"column":98}},"30":{"start":{"line":69,"column":47},"end":{"line":69,"column":55}},"31":{"start":{"line":69,"column":58},"end":{"line":69,"column":98}},"32":{"start":{"line":71,"column":4},"end":{"line":71,"column":49}},"33":{"start":{"line":71,"column":29},"end":{"line":71,"column":47}},"34":{"start":{"line":72,"column":4},"end":{"line":72,"column":33}},"35":{"start":{"line":75,"column":2},"end":{"line":291,"column":4}},"36":{"start":{"line":90,"column":27},"end":{"line":90,"column":40}},"37":{"start":{"line":221,"column":14},"end":{"line":236,"column":16}},"38":{"start":{"line":223,"column":29},"end":{"line":223,"column":55}},"39":{"start":{"line":225,"column":37},"end":{"line":225,"column":62}},"40":{"start":{"line":274,"column":27},"end":{"line":274,"column":46}},"41":{"start":{"line":294,"column":15},"end":{"line":314,"column":2}}},"fnMap":{"0":{"name":"Register","decl":{"start":{"line":14,"column":24},"end":{"line":14,"column":32}},"loc":{"start":{"line":14,"column":35},"end":{"line":292,"column":1}},"line":14},"1":{"name":"(anonymous_1)","decl":{"start":{"line":25,"column":25},"end":{"line":25,"column":26}},"loc":{"start":{"line":25,"column":31},"end":{"line":47,"column":3}},"line":25},"2":{"name":"(anonymous_2)","decl":{"start":{"line":49,"column":26},"end":{"line":49,"column":27}},"loc":{"start":{"line":49,"column":60},"end":{"line":60,"column":3}},"line":49},"3":{"name":"(anonymous_3)","decl":{"start":{"line":53,"column":11},"end":{"line":53,"column":12}},"loc":{"start":{"line":53,"column":21},"end":{"line":57,"column":5}},"line":53},"4":{"name":"(anonymous_4)","decl":{"start":{"line":62,"column":25},"end":{"line":62,"column":26}},"loc":{"start":{"line":62,"column":37},"end":{"line":73,"column":3}},"line":62},"5":{"name":"(anonymous_5)","decl":{"start":{"line":69,"column":40},"end":{"line":69,"column":41}},"loc":{"start":{"line":69,"column":47},"end":{"line":69,"column":55}},"line":69},"6":{"name":"(anonymous_6)","decl":{"start":{"line":71,"column":22},"end":{"line":71,"column":23}},"loc":{"start":{"line":71,"column":29},"end":{"line":71,"column":47}},"line":71},"7":{"name":"(anonymous_7)","decl":{"start":{"line":90,"column":21},"end":{"line":90,"column":22}},"loc":{"start":{"line":90,"column":27},"end":{"line":90,"column":40}},"line":90},"8":{"name":"(anonymous_8)","decl":{"start":{"line":220,"column":21},"end":{"line":220,"column":22}},"loc":{"start":{"line":221,"column":14},"end":{"line":236,"column":16}},"line":221},"9":{"name":"(anonymous_9)","decl":{"start":{"line":223,"column":21},"end":{"line":223,"column":22}},"loc":{"start":{"line":223,"column":29},"end":{"line":223,"column":55}},"line":223},"10":{"name":"(anonymous_10)","decl":{"start":{"line":225,"column":30},"end":{"line":225,"column":31}},"loc":{"start":{"line":225,"column":37},"end":{"line":225,"column":62}},"line":225},"11":{"name":"(anonymous_11)","decl":{"start":{"line":274,"column":21},"end":{"line":274,"column":22}},"loc":{"start":{"line":274,"column":27},"end":{"line":274,"column":46}},"line":274}},"branchMap":{"0":{"loc":{"start":{"line":26,"column":11},"end":{"line":46,"column":9}},"type":"cond-expr","locations":[{"start":{"line":27,"column":8},"end":{"line":36,"column":9}},{"start":{"line":37,"column":8},"end":{"line":46,"column":9}}],"line":26},"1":{"loc":{"start":{"line":50,"column":4},"end":{"line":50,"column":50}},"type":"if","locations":[{"start":{"line":50,"column":4},"end":{"line":50,"column":50}},{"start":{},"end":{}}],"line":50},"2":{"loc":{"start":{"line":51,"column":4},"end":{"line":51,"column":52}},"type":"if","locations":[{"start":{"line":51,"column":4},"end":{"line":51,"column":52}},{"start":{},"end":{}}],"line":51},"3":{"loc":{"start":{"line":51,"column":8},"end":{"line":51,"column":43}},"type":"binary-expr","locations":[{"start":{"line":51,"column":8},"end":{"line":51,"column":20}},{"start":{"line":51,"column":24},"end":{"line":51,"column":43}}],"line":51},"4":{"loc":{"start":{"line":59,"column":4},"end":{"line":59,"column":64}},"type":"if","locations":[{"start":{"line":59,"column":4},"end":{"line":59,"column":64}},{"start":{},"end":{}}],"line":59},"5":{"loc":{"start":{"line":59,"column":8},"end":{"line":59,"column":26}},"type":"binary-expr","locations":[{"start":{"line":59,"column":8},"end":{"line":59,"column":13}},{"start":{"line":59,"column":17},"end":{"line":59,"column":26}}],"line":59},"6":{"loc":{"start":{"line":66,"column":4},"end":{"line":66,"column":68}},"type":"if","locations":[{"start":{"line":66,"column":4},"end":{"line":66,"column":68}},{"start":{},"end":{}}],"line":66},"7":{"loc":{"start":{"line":67,"column":4},"end":{"line":67,"column":61}},"type":"if","locations":[{"start":{"line":67,"column":4},"end":{"line":67,"column":61}},{"start":{},"end":{}}],"line":67},"8":{"loc":{"start":{"line":68,"column":4},"end":{"line":68,"column":67}},"type":"if","locations":[{"start":{"line":68,"column":4},"end":{"line":68,"column":67}},{"start":{},"end":{}}],"line":68},"9":{"loc":{"start":{"line":69,"column":4},"end":{"line":69,"column":98}},"type":"if","locations":[{"start":{"line":69,"column":4},"end":{"line":69,"column":98}},{"start":{},"end":{}}],"line":69},"10":{"loc":{"start":{"line":69,"column":8},"end":{"line":69,"column":56}},"type":"binary-expr","locations":[{"start":{"line":69,"column":8},"end":{"line":69,"column":27}},{"start":{"line":69,"column":31},"end":{"line":69,"column":56}}],"line":69},"11":{"loc":{"start":{"line":78,"column":16},"end":{"line":78,"column":61}},"type":"cond-expr","locations":[{"start":{"line":78,"column":40},"end":{"line":78,"column":49}},{"start":{"line":78,"column":52},"end":{"line":78,"column":61}}],"line":78},"12":{"loc":{"start":{"line":122,"column":27},"end":{"line":122,"column":71}},"type":"cond-expr","locations":[{"start":{"line":122,"column":46},"end":{"line":122,"column":59}},{"start":{"line":122,"column":62},"end":{"line":122,"column":71}}],"line":122},"13":{"loc":{"start":{"line":123,"column":27},"end":{"line":123,"column":51}},"type":"cond-expr","locations":[{"start":{"line":123,"column":46},"end":{"line":123,"column":47}},{"start":{"line":123,"column":50},"end":{"line":123,"column":51}}],"line":123},"14":{"loc":{"start":{"line":154,"column":34},"end":{"line":154,"column":71}},"type":"cond-expr","locations":[{"start":{"line":154,"column":53},"end":{"line":154,"column":59}},{"start":{"line":154,"column":62},"end":{"line":154,"column":71}}],"line":154},"15":{"loc":{"start":{"line":177,"column":34},"end":{"line":177,"column":71}},"type":"cond-expr","locations":[{"start":{"line":177,"column":53},"end":{"line":177,"column":59}},{"start":{"line":177,"column":62},"end":{"line":177,"column":71}}],"line":177},"16":{"loc":{"start":{"line":199,"column":34},"end":{"line":199,"column":71}},"type":"cond-expr","locations":[{"start":{"line":199,"column":53},"end":{"line":199,"column":59}},{"start":{"line":199,"column":62},"end":{"line":199,"column":71}}],"line":199},"17":{"loc":{"start":{"line":240,"column":11},"end":{"line":255,"column":18}},"type":"cond-expr","locations":[{"start":{"line":241,"column":12},"end":{"line":254,"column":19}},{"start":{"line":255,"column":14},"end":{"line":255,"column":18}}],"line":240},"18":{"loc":{"start":{"line":248,"column":32},"end":{"line":248,"column":76}},"type":"cond-expr","locations":[{"start":{"line":248,"column":51},"end":{"line":248,"column":64}},{"start":{"line":248,"column":67},"end":{"line":248,"column":76}}],"line":248},"19":{"loc":{"start":{"line":263,"column":58},"end":{"line":263,"column":102}},"type":"cond-expr","locations":[{"start":{"line":263,"column":77},"end":{"line":263,"column":90}},{"start":{"line":263,"column":93},"end":{"line":263,"column":102}}],"line":263},"20":{"loc":{"start":{"line":266,"column":30},"end":{"line":266,"column":64}},"type":"cond-expr","locations":[{"start":{"line":266,"column":49},"end":{"line":266,"column":55}},{"start":{"line":266,"column":58},"end":{"line":266,"column":64}}],"line":266}},"s":{"0":40,"1":40,"2":40,"3":40,"4":40,"5":40,"6":40,"7":40,"8":12,"9":40,"10":17,"11":0,"12":17,"13":0,"14":17,"15":17,"16":17,"17":17,"18":17,"19":15,"20":40,"21":7,"22":7,"23":7,"24":2,"25":5,"26":1,"27":4,"28":1,"29":3,"30":12,"31":1,"32":2,"33":2,"34":2,"35":40,"36":2,"37":240,"38":456,"39":17,"40":1,"41":2},"f":{"0":40,"1":12,"2":17,"3":17,"4":7,"5":12,"6":2,"7":2,"8":240,"9":456,"10":17,"11":1},"b":{"0":[1,11],"1":[0,17],"2":[0,17],"3":[17,17],"4":[15,2],"5":[17,17],"6":[2,5],"7":[1,4],"8":[1,3],"9":[1,2],"10":[3,2],"11":[40,0],"12":[1,39],"13":[1,39],"14":[1,39],"15":[1,39],"16":[1,39],"17":[5,35],"18":[0,5],"19":[1,39],"20":[1,39]},"_coverageSchema":"1a1c01bbd47fc00a2c39e90264f33305004495a9","hash":"f9b18d06e1df7c7780b88cd55934edb416633ad6"}
,"D:\\React-native-app\\app\\(tabs)\\alerts.tsx": {"path":"D:\\React-native-app\\app\\(tabs)\\alerts.tsx","statementMap":{"0":{"start":{"line":18,"column":31},"end":{"line":18,"column":41}},"1":{"start":{"line":20,"column":48},"end":{"line":20,"column":82}},"2":{"start":{"line":21,"column":48},"end":{"line":21,"column":80}},"3":{"start":{"line":23,"column":17},"end":{"line":33,"column":3}},"4":{"start":{"line":35,"column":23},"end":{"line":46,"column":8}},"5":{"start":{"line":36,"column":4},"end":{"line":45,"column":5}},"6":{"start":{"line":37,"column":20},"end":{"line":37,"column":70}},"7":{"start":{"line":38,"column":6},"end":{"line":38,"column":25}},"8":{"start":{"line":38,"column":18},"end":{"line":38,"column":25}},"9":{"start":{"line":40,"column":23},"end":{"line":40,"column":40}},"10":{"start":{"line":41,"column":6},"end":{"line":41,"column":63}},"11":{"start":{"line":42,"column":6},"end":{"line":42,"column":61}},"12":{"start":{"line":44,"column":6},"end":{"line":44,"column":62}},"13":{"start":{"line":49,"column":2},"end":{"line":53,"column":4}},"14":{"start":{"line":51,"column":6},"end":{"line":51,"column":21}},"15":{"start":{"line":55,"column":2},"end":{"line":375,"column":4}},"16":{"start":{"line":93,"column":29},"end":{"line":93,"column":54}},"17":{"start":{"line":141,"column":27},"end":{"line":141,"column":52}},"18":{"start":{"line":146,"column":36},"end":{"line":153,"column":13}},"19":{"start":{"line":190,"column":29},"end":{"line":190,"column":66}},"20":{"start":{"line":195,"column":38},"end":{"line":199,"column":15}},"21":{"start":{"line":378,"column":15},"end":{"line":441,"column":2}}},"fnMap":{"0":{"name":"AlertsScreen","decl":{"start":{"line":17,"column":24},"end":{"line":17,"column":36}},"loc":{"start":{"line":17,"column":39},"end":{"line":376,"column":1}},"line":17},"1":{"name":"(anonymous_1)","decl":{"start":{"line":35,"column":35},"end":{"line":35,"column":36}},"loc":{"start":{"line":35,"column":47},"end":{"line":46,"column":3}},"line":35},"2":{"name":"(anonymous_2)","decl":{"start":{"line":50,"column":16},"end":{"line":50,"column":17}},"loc":{"start":{"line":50,"column":22},"end":{"line":52,"column":5}},"line":50},"3":{"name":"(anonymous_3)","decl":{"start":{"line":93,"column":23},"end":{"line":93,"column":24}},"loc":{"start":{"line":93,"column":29},"end":{"line":93,"column":54}},"line":93},"4":{"name":"(anonymous_4)","decl":{"start":{"line":141,"column":21},"end":{"line":141,"column":22}},"loc":{"start":{"line":141,"column":27},"end":{"line":141,"column":52}},"line":141},"5":{"name":"(anonymous_5)","decl":{"start":{"line":146,"column":19},"end":{"line":146,"column":20}},"loc":{"start":{"line":146,"column":36},"end":{"line":153,"column":13}},"line":146},"6":{"name":"(anonymous_6)","decl":{"start":{"line":190,"column":23},"end":{"line":190,"column":24}},"loc":{"start":{"line":190,"column":29},"end":{"line":190,"column":66}},"line":190},"7":{"name":"(anonymous_7)","decl":{"start":{"line":195,"column":21},"end":{"line":195,"column":22}},"loc":{"start":{"line":195,"column":38},"end":{"line":199,"column":15}},"line":195}},"branchMap":{"0":{"loc":{"start":{"line":24,"column":8},"end":{"line":24,"column":48}},"type":"cond-expr","locations":[{"start":{"line":24,"column":27},"end":{"line":24,"column":36}},{"start":{"line":24,"column":39},"end":{"line":24,"column":48}}],"line":24},"1":{"loc":{"start":{"line":25,"column":14},"end":{"line":25,"column":54}},"type":"cond-expr","locations":[{"start":{"line":25,"column":33},"end":{"line":25,"column":42}},{"start":{"line":25,"column":45},"end":{"line":25,"column":54}}],"line":25},"2":{"loc":{"start":{"line":26,"column":10},"end":{"line":26,"column":50}},"type":"cond-expr","locations":[{"start":{"line":26,"column":29},"end":{"line":26,"column":38}},{"start":{"line":26,"column":41},"end":{"line":26,"column":50}}],"line":26},"3":{"loc":{"start":{"line":27,"column":12},"end":{"line":27,"column":52}},"type":"cond-expr","locations":[{"start":{"line":27,"column":31},"end":{"line":27,"column":40}},{"start":{"line":27,"column":43},"end":{"line":27,"column":52}}],"line":27},"4":{"loc":{"start":{"line":28,"column":11},"end":{"line":28,"column":51}},"type":"cond-expr","locations":[{"start":{"line":28,"column":30},"end":{"line":28,"column":39}},{"start":{"line":28,"column":42},"end":{"line":28,"column":51}}],"line":28},"5":{"loc":{"start":{"line":29,"column":9},"end":{"line":29,"column":49}},"type":"cond-expr","locations":[{"start":{"line":29,"column":28},"end":{"line":29,"column":37}},{"start":{"line":29,"column":40},"end":{"line":29,"column":49}}],"line":29},"6":{"loc":{"start":{"line":30,"column":12},"end":{"line":30,"column":52}},"type":"cond-expr","locations":[{"start":{"line":30,"column":31},"end":{"line":30,"column":40}},{"start":{"line":30,"column":43},"end":{"line":30,"column":52}}],"line":30},"7":{"loc":{"start":{"line":32,"column":15},"end":{"line":32,"column":55}},"type":"cond-expr","locations":[{"start":{"line":32,"column":34},"end":{"line":32,"column":43}},{"start":{"line":32,"column":46},"end":{"line":32,"column":55}}],"line":32},"8":{"loc":{"start":{"line":38,"column":6},"end":{"line":38,"column":25}},"type":"if","locations":[{"start":{"line":38,"column":6},"end":{"line":38,"column":25}},{"start":{},"end":{}}],"line":38},"9":{"loc":{"start":{"line":41,"column":25},"end":{"line":41,"column":61}},"type":"binary-expr","locations":[{"start":{"line":41,"column":25},"end":{"line":41,"column":49}},{"start":{"line":41,"column":53},"end":{"line":41,"column":61}}],"line":41},"10":{"loc":{"start":{"line":42,"column":25},"end":{"line":42,"column":59}},"type":"binary-expr","locations":[{"start":{"line":42,"column":25},"end":{"line":42,"column":49}},{"start":{"line":42,"column":53},"end":{"line":42,"column":59}}],"line":42},"11":{"loc":{"start":{"line":74,"column":60},"end":{"line":74,"column":104}},"type":"cond-expr","locations":[{"start":{"line":74,"column":79},"end":{"line":74,"column":88}},{"start":{"line":74,"column":91},"end":{"line":74,"column":104}}],"line":74},"12":{"loc":{"start":{"line":80,"column":32},"end":{"line":80,"column":66}},"type":"cond-expr","locations":[{"start":{"line":80,"column":51},"end":{"line":80,"column":57}},{"start":{"line":80,"column":60},"end":{"line":80,"column":66}}],"line":80},"13":{"loc":{"start":{"line":101,"column":65},"end":{"line":101,"column":112}},"type":"cond-expr","locations":[{"start":{"line":101,"column":84},"end":{"line":101,"column":97}},{"start":{"line":101,"column":100},"end":{"line":101,"column":112}}],"line":101},"14":{"loc":{"start":{"line":149,"column":33},"end":{"line":149,"column":70}},"type":"cond-expr","locations":[{"start":{"line":149,"column":52},"end":{"line":149,"column":61}},{"start":{"line":149,"column":64},"end":{"line":149,"column":70}}],"line":149},"15":{"loc":{"start":{"line":152,"column":14},"end":{"line":152,"column":42}},"type":"binary-expr","locations":[{"start":{"line":152,"column":14},"end":{"line":152,"column":21}},{"start":{"line":152,"column":25},"end":{"line":152,"column":42}}],"line":152},"16":{"loc":{"start":{"line":156,"column":49},"end":{"line":156,"column":96}},"type":"cond-expr","locations":[{"start":{"line":156,"column":68},"end":{"line":156,"column":81}},{"start":{"line":156,"column":84},"end":{"line":156,"column":96}}],"line":156},"17":{"loc":{"start":{"line":198,"column":16},"end":{"line":198,"column":44}},"type":"binary-expr","locations":[{"start":{"line":198,"column":16},"end":{"line":198,"column":23}},{"start":{"line":198,"column":27},"end":{"line":198,"column":44}}],"line":198},"18":{"loc":{"start":{"line":226,"column":35},"end":{"line":226,"column":75}},"type":"cond-expr","locations":[{"start":{"line":226,"column":54},"end":{"line":226,"column":63}},{"start":{"line":226,"column":66},"end":{"line":226,"column":75}}],"line":226},"19":{"loc":{"start":{"line":227,"column":31},"end":{"line":227,"column":75}},"type":"cond-expr","locations":[{"start":{"line":227,"column":50},"end":{"line":227,"column":63}},{"start":{"line":227,"column":66},"end":{"line":227,"column":75}}],"line":227},"20":{"loc":{"start":{"line":241,"column":65},"end":{"line":241,"column":113}},"type":"cond-expr","locations":[{"start":{"line":241,"column":84},"end":{"line":241,"column":97}},{"start":{"line":241,"column":100},"end":{"line":241,"column":113}}],"line":241},"21":{"loc":{"start":{"line":253,"column":35},"end":{"line":253,"column":75}},"type":"cond-expr","locations":[{"start":{"line":253,"column":54},"end":{"line":253,"column":63}},{"start":{"line":253,"column":66},"end":{"line":253,"column":75}}],"line":253},"22":{"loc":{"start":{"line":254,"column":31},"end":{"line":254,"column":75}},"type":"cond-expr","locations":[{"start":{"line":254,"column":50},"end":{"line":254,"column":63}},{"start":{"line":254,"column":66},"end":{"line":254,"column":75}}],"line":254},"23":{"loc":{"start":{"line":268,"column":65},"end":{"line":268,"column":112}},"type":"cond-expr","locations":[{"start":{"line":268,"column":84},"end":{"line":268,"column":96}},{"start":{"line":268,"column":99},"end":{"line":268,"column":112}}],"line":268},"24":{"loc":{"start":{"line":281,"column":41},"end":{"line":281,"column":75}},"type":"cond-expr","locations":[{"start":{"line":281,"column":60},"end":{"line":281,"column":66}},{"start":{"line":281,"column":69},"end":{"line":281,"column":75}}],"line":281},"25":{"loc":{"start":{"line":296,"column":30},"end":{"line":296,"column":67}},"type":"cond-expr","locations":[{"start":{"line":296,"column":49},"end":{"line":296,"column":55}},{"start":{"line":296,"column":58},"end":{"line":296,"column":67}}],"line":296},"26":{"loc":{"start":{"line":310,"column":30},"end":{"line":310,"column":67}},"type":"cond-expr","locations":[{"start":{"line":310,"column":49},"end":{"line":310,"column":55}},{"start":{"line":310,"column":58},"end":{"line":310,"column":67}}],"line":310},"27":{"loc":{"start":{"line":324,"column":30},"end":{"line":324,"column":67}},"type":"cond-expr","locations":[{"start":{"line":324,"column":49},"end":{"line":324,"column":55}},{"start":{"line":324,"column":58},"end":{"line":324,"column":67}}],"line":324},"28":{"loc":{"start":{"line":338,"column":30},"end":{"line":338,"column":67}},"type":"cond-expr","locations":[{"start":{"line":338,"column":49},"end":{"line":338,"column":55}},{"start":{"line":338,"column":58},"end":{"line":338,"column":67}}],"line":338},"29":{"loc":{"start":{"line":353,"column":30},"end":{"line":353,"column":74}},"type":"cond-expr","locations":[{"start":{"line":353,"column":49},"end":{"line":353,"column":62}},{"start":{"line":353,"column":65},"end":{"line":353,"column":74}}],"line":353},"30":{"loc":{"start":{"line":367,"column":30},"end":{"line":367,"column":67}},"type":"cond-expr","locations":[{"start":{"line":367,"column":49},"end":{"line":367,"column":55}},{"start":{"line":367,"column":58},"end":{"line":367,"column":67}}],"line":367}},"s":{"0":6,"1":6,"2":6,"3":6,"4":6,"5":6,"6":6,"7":6,"8":5,"9":1,"10":1,"11":1,"12":0,"13":6,"14":6,"15":6,"16":0,"17":1,"18":6,"19":1,"20":6,"21":1},"f":{"0":6,"1":6,"2":6,"3":0,"4":1,"5":6,"6":1,"7":6},"b":{"0":[1,5],"1":[1,5],"2":[1,5],"3":[1,5],"4":[1,5],"5":[1,5],"6":[1,5],"7":[1,5],"8":[5,1],"9":[1,0],"10":[1,0],"11":[1,5],"12":[1,5],"13":[1,5],"14":[1,5],"15":[6,0],"16":[1,5],"17":[6,0],"18":[1,5],"19":[1,5],"20":[1,5],"21":[1,5],"22":[1,5],"23":[1,5],"24":[1,5],"25":[1,5],"26":[1,5],"27":[1,5],"28":[1,5],"29":[1,5],"30":[1,5]},"_coverageSchema":"1a1c01bbd47fc00a2c39e90264f33305004495a9","hash":"a607855e72585be30ebd0b69e7e60e21eacd6f20"}
,"D:\\React-native-app\\app\\(tabs)\\communication.tsx": {"path":"D:\\React-native-app\\app\\(tabs)\\communication.tsx","statementMap":{"0":{"start":{"line":19,"column":31},"end":{"line":19,"column":41}},"1":{"start":{"line":20,"column":60},"end":{"line":20,"column":81}},"2":{"start":{"line":21,"column":29},"end":{"line":21,"column":42}},"3":{"start":{"line":23,"column":68},"end":{"line":23,"column":83}},"4":{"start":{"line":24,"column":42},"end":{"line":24,"column":72}},"5":{"start":{"line":25,"column":38},"end":{"line":25,"column":50}},"6":{"start":{"line":27,"column":17},"end":{"line":42,"column":3}},"7":{"start":{"line":28,"column":11},"end":{"line":40,"column":5}},"8":{"start":{"line":45,"column":23},"end":{"line":48,"column":3}},"9":{"start":{"line":46,"column":23},"end":{"line":46,"column":47}},"10":{"start":{"line":47,"column":4},"end":{"line":47,"column":36}},"11":{"start":{"line":50,"column":24},"end":{"line":65,"column":3}},"12":{"start":{"line":51,"column":4},"end":{"line":59,"column":5}},"13":{"start":{"line":52,"column":6},"end":{"line":58,"column":7}},"14":{"start":{"line":53,"column":8},"end":{"line":53,"column":26}},"15":{"start":{"line":54,"column":13},"end":{"line":58,"column":7}},"16":{"start":{"line":55,"column":8},"end":{"line":55,"column":64}},"17":{"start":{"line":57,"column":8},"end":{"line":57,"column":26}},"18":{"start":{"line":61,"column":4},"end":{"line":64,"column":8}},"19":{"start":{"line":61,"column":31},"end":{"line":64,"column":5}},"20":{"start":{"line":67,"column":37},"end":{"line":74,"column":3}},"21":{"start":{"line":68,"column":4},"end":{"line":71,"column":5}},"22":{"start":{"line":69,"column":6},"end":{"line":69,"column":62}},"23":{"start":{"line":70,"column":6},"end":{"line":70,"column":13}},"24":{"start":{"line":72,"column":4},"end":{"line":72,"column":42}},"25":{"start":{"line":73,"column":4},"end":{"line":73,"column":40}},"26":{"start":{"line":76,"column":36},"end":{"line":80,"column":3}},"27":{"start":{"line":77,"column":4},"end":{"line":77,"column":42}},"28":{"start":{"line":78,"column":4},"end":{"line":78,"column":22}},"29":{"start":{"line":79,"column":4},"end":{"line":79,"column":40}},"30":{"start":{"line":82,"column":17},"end":{"line":82,"column":33}},"31":{"start":{"line":84,"column":2},"end":{"line":505,"column":4}},"32":{"start":{"line":109,"column":29},"end":{"line":109,"column":54}},"33":{"start":{"line":170,"column":27},"end":{"line":170,"column":52}},"34":{"start":{"line":175,"column":36},"end":{"line":179,"column":13}},"35":{"start":{"line":196,"column":38},"end":{"line":200,"column":15}},"36":{"start":{"line":278,"column":31},"end":{"line":278,"column":65}},"37":{"start":{"line":283,"column":40},"end":{"line":286,"column":17}},"38":{"start":{"line":308,"column":40},"end":{"line":312,"column":17}},"39":{"start":{"line":346,"column":40},"end":{"line":350,"column":17}},"40":{"start":{"line":508,"column":15},"end":{"line":605,"column":2}}},"fnMap":{"0":{"name":"CommunicationScreen","decl":{"start":{"line":18,"column":24},"end":{"line":18,"column":43}},"loc":{"start":{"line":18,"column":46},"end":{"line":506,"column":1}},"line":18},"1":{"name":"(anonymous_1)","decl":{"start":{"line":28,"column":4},"end":{"line":28,"column":5}},"loc":{"start":{"line":28,"column":11},"end":{"line":40,"column":5}},"line":28},"2":{"name":"(anonymous_2)","decl":{"start":{"line":45,"column":23},"end":{"line":45,"column":24}},"loc":{"start":{"line":45,"column":51},"end":{"line":48,"column":3}},"line":45},"3":{"name":"(anony
[...]
":{"line":117,"column":38}}],"line":117},"1":{"loc":{"start":{"line":134,"column":8},"end":{"line":137,"column":9}},"type":"if","locations":[{"start":{"line":134,"column":8},"end":{"line":137,"column":9}},{"start":{},"end":{}}],"line":134},"2":{"loc":{"start":{"line":136,"column":10},"end":{"line":136,"column":60}},"type":"if","locations":[{"start":{"line":136,"column":10},"end":{"line":136,"column":60}},{"start":{},"end":{}}],"line":136},"3":{"loc":{"start":{"line":139,"column":8},"end":{"line":144,"column":9}},"type":"if","locations":[{"start":{"line":139,"column":8},"end":{"line":144,"column":9}},{"start":{},"end":{}}],"line":139},"4":{"loc":{"start":{"line":141,"column":10},"end":{"line":143,"column":11}},"type":"if","locations":[{"start":{"line":141,"column":10},"end":{"line":143,"column":11}},{"start":{},"end":{}}],"line":141},"5":{"loc":{"start":{"line":177,"column":6},"end":{"line":177,"column":68}},"type":"cond-expr","locations":[{"start":{"line":177,"column":37},"end":{"line":177,"column":41}},{"start":{"line":177,"column":44},"end":{"line":177,"column":68}}],"line":177},"6":{"loc":{"start":{"line":193,"column":6},"end":{"line":193,"column":33}},"type":"if","locations":[{"start":{"line":193,"column":6},"end":{"line":193,"column":33}},{"start":{},"end":{}}],"line":193},"7":{"loc":{"start":{"line":194,"column":13},"end":{"line":194,"column":53}},"type":"binary-expr","locations":[{"start":{"line":194,"column":13},"end":{"line":194,"column":27}},{"start":{"line":194,"column":31},"end":{"line":194,"column":53}}],"line":194},"8":{"loc":{"start":{"line":233,"column":2},"end":{"line":235,"column":3}},"type":"if","locations":[{"start":{"line":233,"column":2},"end":{"line":235,"column":3}},{"start":{},"end":{}}],"line":233}},"s":{"0":1,"1":1,"2":1,"3":1,"4":80,"5":80,"6":1,"7":11,"8":11,"9":11,"10":5,"11":5,"12":5,"13":5,"14":5,"15":1,"16":1,"17":1,"18":5,"19":1,"20":1,"21":1,"22":4,"23":0,"24":11,"25":6,"26":6,"27":6,"28":0,"29":11,"30":10,"31":10,"32":10,"33":0,"34":11,"35":4,"36":4,"37":11,"38":10,"39":11,"40":10,"41":10,"42":10,"43":10,"44":80,"45":80,"46":0,"47":80,"48":10,"49":40,"50":10,"51":11,"52":1,"53":1,"54":1,"55":1,"56":1,"57":1,"58":0,"59":11,"60":11,"61":1,"62":10,"63":10,"64":0,"65":10},"f":{"0":80,"1":11,"2":5,"3":5,"4":4,"5":6,"6":6,"7":10,"8":10,"9":4,"10":4,"11":10,"12":10,"13":80,"14":40,"15":1,"16":1,"17":10},"b":{"0":[0,80],"1":[1,4],"2":[1,0],"3":[1,4],"4":[1,0],"5":[1,3],"6":[0,80],"7":[80,80],"8":[0,10]},"_coverageSchema":"1a1c01bbd47fc00a2c39e90264f33305004495a9","hash":"1399fedfcfe59bc3dcb3255c3c92316a0632e552"}
,"D:\\React-native-app\\context\\TasksContext.tsx": {"path":"D:\\React-native-app\\context\\TasksContext.tsx","statementMap":{"0":{"start":{"line":21,"column":21},"end":{"line":21,"column":75}},"1":{"start":{"line":23,"column":20},"end":{"line":23,"column":30}},"2":{"start":{"line":25,"column":29},"end":{"line":35,"column":1}},"3":{"start":{"line":39,"column":14},"end":{"line":39,"column":24}},"4":{"start":{"line":40,"column":2},"end":{"line":40,"column":77}},"5":{"start":{"line":43,"column":70},"end":{"line":132,"column":1}},"6":{"start":{"line":44,"column":34},"end":{"line":44,"column":64}},"7":{"start":{"line":47,"column":2},"end":{"line":67,"column":9}},"8":{"start":{"line":48,"column":4},"end":{"line":66,"column":9}},"9":{"start":{"line":49,"column":6},"end":{"line":65,"column":7}},"10":{"start":{"line":50,"column":23},"end":{"line":50,"column":62}},"11":{"start":{"line":51,"column":8},"end":{"line":51,"column":28}},"12":{"start":{"line":51,"column":21},"end":{"line":51,"column":28}},"13":{"start":{"line":53,"column":43},"end":{"line":53,"column":61}},"14":{"start":{"line":55,"column":8},"end":{"line":62,"column":11}},"15":{"start":{"line":56,"column":30},"end":{"line":56,"column":71}},"16":{"start":{"line":56,"column":58},"end":{"line":56,"column":62}},"17":{"start":{"line":57,"column":38},"end":{"line":60,"column":13}},"18":{"start":{"line":57,"column":62},"end":{"line":60,"column":11}},"19":{"start":{"line":61,"column":10},"end":{"line":61,"column":43}},"20":{"start":{"line":64,"column":8},"end":{"line":64,"column":49}},"21":{"start":{"line":70,"column":2},"end":{"line":82,"column":17}},"22":{"start":{"line":71,"column":4},"end":{"line":81,"column":9}},"23":{"start":{"line":72,"column":6},"end":{"line":80,"column":7}},"24":{"start":{"line":73,"column":28},"end":{"line":73,"column":78}},"25":{"start":{"line":73,"column":51},"end":{"line":73,"column":77}},"26":{"start":{"line":74,"column":8},"end":{"line":77,"column":10}},"27":{"start":{"line":76,"column":62},"end":{"line":76,"column":66}},"28":{"start":{"line":79,"column":8},"end":{"line":79,"column":48}},"29":{"start":{"line":84,"column":22},"end":{"line":84,"column":60}},"30":{"start":{"line":84,"column":36},"end":{"line":84,"column":55}},"31":{"start":{"line":85,"column":22},"end":{"line":88,"column":3}},"32":{"start":{"line":86,"column":10},"end":{"line":86,"column":70}},"33":{"start":{"line":86,"column":36},"end":{"line":86,"column":69}},"34":{"start":{"line":90,"column":29},"end":{"line":93,"column":3}},"35":{"start":{"line":91,"column":10},"end":{"line":91,"column":56}},"36":{"start":{"line":91,"column":36},"end":{"line":91,"column":48}},"37":{"start":{"line":95,"column":31},"end":{"line":98,"column":3}},"38":{"start":{"line":96,"column":10},"end":{"line":96,"column":55}},"39":{"start":{"line":96,"column":36},"end":{"line":96,"column":47}},"40":{"start":{"line":100,"column":21},"end":{"line":104,"column":3}},"41":{"start":{"line":101,"column":4},"end":{"line":103,"column":6}},"42":{"start":{"line":102,"column":6},"end":{"line":102,"column":91}},"43":{"start":{"line":102,"column":26},"end":{"line":102,"column":89}},"44":{"start":{"line":106,"column":18},"end":{"line":111,"column":3}},"45":{"start":{"line":107,"column":4},"end":{"line":110,"column":7}},"46":{"start":{"line":108,"column":21},"end":{"line":108,"column":62}},"47":{"start":{"line":108,"column":49},"end":{"line":108,"column":53}},"48":{"start":{"line":109,"column":6},"end":{"line":109,"column":48}},"49":{"start":{"line":113,"column":21},"end":{"line":115,"column":3}},"50":{"start":{"line":114,"column":4},"end":{"line":114,"column":65}},"51":{"start":{"line":114,"column":26},"end":{"line":114,"column":63}},"52":{"start":{"line":114,"column":48},"end":{"line":114,"column":62}},"53":{"start":{"line":117,"column":21},"end":{"line":119,"column":3}},"54":{"start":{"line":118,"column":4},"end":{"line":118,"column":97}},"55":{"start":{"line":118,"column":26},"end":{"line":118,"column":95}},"56":{"start":{"line":118,"column":46},"end":{"line":118,"column":93}},"57":{"start":{"line":121,"column":34},"end":{"line":129,"column":3}},"58":{"start":{"line":131,"column":2},"end":{"line":131,"column":81}},"59":{"start":{"line":134,"column":24},"end":{"line":138,"column":1}},"60":{"start":{"line":135,"column":18},"end":{"line":135,"column":42}},"61":{"start":{"line":136,"column":2},"end":{"line":136,"column":78}},"62":{"start":{"line":136,"column":16},"end":{"line":136,"column":78}},"63":{"start":{"line":137,"column":2},"end":{"line":137,"column":17}}},"fnMap":{"0":{"name":"formatTodayPrefix","decl":{"start":{"line":37,"column":9},"end":{"line":37,"column":26}},"loc":{"start":{"line":37,"column":29},"end":{"line":41,"column":1}},"line":37},"1":{"name":"(anonymous_1)","decl":{"start":{"line":43,"column":70},"end":{"line":43,"column":71}},"loc":{"start":{"line":43,"column":88},"end":{"line":132,"column":1}},"line":43},"2":{"name":"(anonymous_2)","decl":{"start":{"line":47,"column":12},"end":{"line":47,"column":13}},"loc":{"start":{"line":47,"column":18},"end":{"line":67,"column":3}},"line":47},"3":{"name":"(anonymous_3)","decl":{"start":{"line":48,"column":5},"end":{"line":48,"column":6}},"loc":{"start":{"line":48,"column":17},"end":{"line":66,"column":5}},"line":48},"4":{"name":"(anonymous_4)","decl":{"start":{"line":55,"column":20},"end":{"line":55,"column":21}},"loc":{"start":{"line":55,"column":30},"end":{"line":62,"column":9}},"line":55},"5":{"name":"(anonymous_5)","decl":{"start":{"line":56,"column":51},"end":{"line":56,"column":52}},"loc":{"start":{"line":56,"column":58},"end":{"line":56,"column":62}},"line":56},"6":{"name":"(anonymous_6)","decl":{"start":{"line":57,"column":49},"end":{"line":57,"column":50}},"loc":{"start":{"line":57,"column":62},"end":{"line":60,"column":11}},"line":57},"7":{"name":"(anonymous_7)","decl":{"start":{"line":70,"column":12},"end":{"line":70,"column":13}},"loc":{"start":{"line":70,"column":18},"end":{"line":82,"column":3}},"line":70},"8":{"name":"(anonymous_8)","decl":{"start":{"line":71,"column":5},"end":{"line":71,"column":6}},"loc":{"start":{"line":71,"column":17},"end":{"line":81,"column":5}},"line":71},"9":{"name":"(anonymous_9)","decl":{"start":{"line":73,"column":44},"end":{"line":73,"column":45}},"loc":{"start":{"line":73,"column":51},"end":{"line":73,"column":77}},"line":73},"10":{"name":"(anonymous_10)","decl":{"start":{"line":76,"column":41},"end":{"line":76,"column":42}},"loc":{"start":{"line":76,"column":62},"end":{"line":76,"column":66}},"line":76},"11":{"name":"(anonymous_11)","decl":{"start":{"line":84,"column":30},"end":{"line":84,"column":31}},"loc":{"start":{"line":84,"column":36},"end":{"line":84,"column":55}},"line":84},"12":{"name":"(anonymous_12)","decl":{"start":{"line":86,"column":4},"end":{"line":86,"column":5}},"loc":{"start":{"line":86,"column":10},"end":{"line":86,"column":70}},"line":86},"13":{"name":"(anonymous_13)","decl":{"start":{"line":86,"column":26},"end":{"line":86,"column":27}},"loc":{"start":{"line":86,"column":36},"end":{"line":86,"column":69}},"line":86},"14":{"name":"(anonymous_14)","decl":{"start":{"line":91,"column":4},"end":{"line":91,"column":5}},"loc":{"start":{"line":91,"column":10},"end":{"line":91,"column":56}},"line":91},"15":{"name":"(anonymous_15)","decl":{"start":{"line":91,"column":29},"end":{"line":91,"column":30}},"loc":{"start":{"line":91,"column":36},"end":{"line":91,"column":48}},"line":91},"16":{"name":"(anonymous_16)","decl":{"start":{"line":96,"column":4},"end":{"line":96,"column":5}},"loc":{"start":{"line":96,"column":10},"end":{"line":96,"column":55}},"line":96},"17":{"name":"(anonymous_17)","decl":{"start":{"line":96,"column":29},"end":{"line":96,"column":30}},"loc":{"start":{"line":96,"column":36},"end":{"line":96,"column":47}},"line":96},"18":{"name":"(anonymous_18)","decl":{"start":{"line":100,"column":21},"end":{"line":100,"column":22}},"loc":{"start":{"line":100,"column":37},"end":{"line":104,"column":3}},"line":100},"19":{"name":"(anonymous_19)","decl":{"start":{"line":101,"column":16},"end":{"line":101,"column":17}},"loc":{"start":{"line":102,"column":6},"end":{"line":102,"column":91}},"line":102},"20":{"name":"(anonymous_20)","decl":{"start":{"line":102,"column":15},"end":{"line":102,"column":16}},"loc":{"start":{"line":102,"column":26},"end":{"line":102,"column":89}},"line":102},"21":{"name":"(anonymous_21)","decl":{"start":{"line":106,"column":18},"end":{"line":106,"column":19}},"loc":{"start":{"line":106,"column":46},"end":{"line":111,"column":3}},"line":106},"22":{"name":"(anonymous_22)","decl":{"start":{"line":107,"column":16},"end":{"line":107,"column":17}},"loc":{"start":{"line":107,"column":26},"end":{"line":110,"column":5}},"line":107},"23":{"name":"(anonymous_23)","decl":{"start":{"line":108,"column":42},"end":{"line":108,"column":43}},"loc":{"start":{"line":108,"column":49},"end":{"line":108,"column":53}},"line":108},"24":{"name":"(anonymous_24)","decl":{"start":{"line":113,"column":21},"end":{"line":113,"column":22}},"loc":{"start":{"line":113,"column":37},"end":{"line":115,"column":3}},"line":113},"25":{"name":"(anonymous_25)","decl":{"start":{"line":114,"column":16},"end":{"line":114,"column":17}},"loc":{"start":{"line":114,"column":26},"end":{"line":114,"column":63}},"line":114},"26":{"name":"(anonymous_26)","decl":{"start":{"line":114,"column":38},"end":{"line":114,"column":39}},"loc":{"start":{"line":114,"column":48},"end":{"line":114,"column":62}},"line":114},"27":{"name":"(anonymous_27)","decl":{"start":{"line":117,"column":21},"end":{"line":117,"column":22}},"loc":{"start":{"line":117,"column":61},"end":{"line":119,"column":3}},"line":117},"28":{"name":"(anonymous_28)","decl":{"start":{"line":118,"column":16},"end":{"line":118,"column":17}},"loc":{"start":{"line":118,"column":26},"end":{"line":118,"column":95}},"line":118},"29":{"name":"(anonymous_29)","decl":{"start":{"line":118,"column":35},"end":{"line":118,"column":36}},"loc":{"start":{"line":118,"column":46},"end":{"line":118,"column":93}},"line":118},"30":{"name":"(anonymous_30)","decl":{"start":{"line":134,"column":24},"end":{"line":134,"column":25}},"loc":{"start":{"line":134,"column":30},"end":{"line":138,"column":1}},"line":134}},"branchMap":{"0":{"loc":{"start":{"line":51,"column":8},"end":{"line":51,"column":28}},"type":"if","locations":[{"start":{"line":51,"column":8},"end":{"line":51,"column":28}},{"start":{},"end":{}}],"line":51},"1":{"loc":{"start":{"line":102,"column":26},"end":{"line":102,"column":89}},"type":"cond-expr","locations":[{"start":{"line":102,"column":43},"end":{"line":102,"column":82}},{"start":{"line":102,"column":85},"end":{"line":102,"column":89}}],"line":102},"2":{"loc":{"start":{"line":118,"column":46},"end":{"line":118,"column":93}},"type":"cond-expr","locations":[{"start":{"line":118,"column":63},"end":{"line":118,"column":86}},{"start":{"line":118,"column":89},"end":{"line":118,"column":93}}],"line":118},"3":{"loc":{"start":{"line":136,"column":2},"end":{"line":136,"column":78}},"type":"if","locations":[{"start":{"line":136,"column":2},"end":{"line":136,"column":78}},{"start":{},"end":{}}],"line":136}},"s":{"0":1,"1":1,"2":1,"3":5,"4":5,"5":1,"6":11,"7":11,"8":5,"9":5,"10":5,"11":5,"12":4,"13":1,"14":1,"15":1,"16":9,"17":1,"18":2,"19":1,"20":0,"21":11,"22":11,"23":11,"24":11,"25":104,"26":11,"27":5,"28":0,"29":11,"30":5,"31":11,"32":11,"33":104,"34":11,"35":11,"36":48,"37":11,"38":11,"39":48,"40":11,"41":1,"42":1,"43":9,"44":11,"45":2,"46":2,"47":18,"48":2,"49":11,"50":1,"51":1,"52":10,"53":11,"54":1,"55":1,"56":10,"57":11,"58":11,"59":1,"60":11,"61":11,"62":0,"63":11},"f":{"0":5,"1":11,"2":5,"3":5,"4":1,"5":9,"6":2,"7":11,"8":11,"9":104,"10":5,"11":5,"12":11,"13":104,"14":11,"15":48,"16":11,"17":48,"18":1,"19":1,"20":9,"21":2,"22":2,"23":18,"24":1,"25":1,"26":10,"27":1,"28":1,"29":10,"30":11},"b":{"0":[4,1],"1":[1,8],"2":[1,9],"3":[0,11]},"_coverageSchema":"1a1c01bbd47fc00a2c39e90264f33305004495a9","hash":"c72a90526176ee5d2cf3e6c5808d5e9c337e617f"}
,"D:\\React-native-app\\context\\ThemeContext.tsx": {"path":"D:\\React-native-app\\context\\ThemeContext.tsx","statementMap":{"0":{"start":{"line":10,"column":21},"end":{"line":10,"column":66}},"1":{"start":{"line":12,"column":20},"end":{"line":12,"column":41}},"2":{"start":{"line":15,"column":55},"end":{"line":15,"column":70}},"3":{"start":{"line":17,"column":30},"end":{"line":22,"column":3}},"4":{"start":{"line":18,"column":4},"end":{"line":18,"column":32}},"5":{"start":{"line":19,"column":4},"end":{"line":21,"column":14}},"6":{"start":{"line":20,"column":6},"end":{"line":20,"column":65}},"7":{"start":{"line":24,"column":2},"end":{"line":31,"column":9}},"8":{"start":{"line":25,"column":4},"end":{"line":30,"column":9}},"9":{"start":{"line":26,"column":6},"end":{"line":29,"column":16}},"10":{"start":{"line":27,"column":20},"end":{"line":27,"column":59}},"11":{"start":{"line":28,"column":8},"end":{"line":28,"column":67}},"12":{"start":{"line":28,"column":25},"end":{"line":28,"column":67}},"13":{"start":{"line":33,"column":21},"end":{"line":38,"column":3}},"14":{"start":{"line":34,"column":4},"end":{"line":34,"column":36}},"15":{"start":{"line":35,"column":4},"end":{"line":37,"column":14}},"16":{"start":{"line":36,"column":6},"end":{"line":36,"column":49}},"17":{"start":{"line":40,"column":16},"end":{"line":43,"column":3}},"18":{"start":{"line":41,"column":11},"end":{"line":41,"column":64}},"19":{"start":{"line":45,"column":2},"end":{"line":45,"column":81}},"20":{"start":{"line":49,"column":14},"end":{"line":49,"column":38}},"21":{"start":{"line":50,"column":2},"end":{"line":50,"column":78}},"22":{"start":{"line":50,"column":12},"end":{"line":50,"column":78}},"23":{"start":{"line":51,"column":2},"end":{"line":51,"column":13}}},"fnMap":{"0":{"name":"ThemeProvider","decl":{"start":{"line":14,"column":16},"end":{"line":14,"column":29}},"loc":{"start":{"line":14,"column":75},"end":{"line":46,"column":1}},"line":14},"1":{"name":"(anonymous_1)","decl":{"start":{"line":17,"column":30},"end":{"line":17,"column":31}},"loc":{"start":{"line":17,"column":52},"end":{"line":22,"column":3}},"line":17},"2":{"name":"(anonymous_2)","decl":{"start":{"line":24,"column":12},"end":{"line":24,"column":13}},"loc":{"start":{"line":24,"column":18},"end":{"line":31,"column":3}},"line":24},"3":{"name":"(anonymous_3)","decl":{"start":{"line":25,"column":5},"end":{"line":25,"column":6}},"loc":{"start":{"line":25,"column":17},"end":{"line":30,"column":5}},"line":25},"4":{"name":"(anonymous_4)","decl":{"start":{"line":33,"column":21},"end":{"line":33,"column":22}},"loc":{"start":{"line":33,"column":33},"end":{"line":38,"column":3}},"line":33},"5":{"name":"(anonymous_5)","decl":{"start":{"line":41,"column":4},"end":{"line":41,"column":5}},"loc":{"start":{"line":41,"column":11},"end":{"line":41,"column":64}},"line":41},"6":{"name":"useTheme","decl":{"start":{"line":48,"column":16},"end":{"line":48,"column":24}},"loc":{"start":{"line":48,"column":27},"end":{"line":52,"column":1}},"line":48}},"branchMap":{"0":{"loc":{"start":{"line":28,"column":8},"end":{"line":28,"column":67}},"type":"if","locations":[{"start":{"line":28,"column":8},"end":{"line":28,"column":67}},{"start":{},"end":{}}],"line":28},"1":{"loc":{"start":{"line":50,"column":2},"end":{"line":50,"column":78}},"type":"if","locations":[{"start":{"line":50,"column":2},"end":{"line":50,"column":78}},{"start":{},"end":{}}],"line":50}},"s":{"0":4,"1":4,"2":18,"3":18,"4":1,"5":1,"6":1,"7":18,"8":13,"9":13,"10":13,"11":13,"12":2,"13":18,"14":1,"15":1,"16":1,"17":18,"18":17,"19":18,"20":41,"21":40,"22":2,"23":38},"f":{"0":18,"1":1,"2":13,"3":13,"4":1,"5":17,"6":41},"b":{"0":[2,11],"1":[2,38]},"_coverageSchema":"1a1c01bbd47fc00a2c39e90264f33305004495a9","hash":"33fbad733efe599e5cd4a2f71887fc81e8349e72"}
,"D:\\React-native-app\\hooks\\use-color-scheme.ts": {"path":"D:\\React-native-app\\hooks\\use-color-scheme.ts","statementMap":{},"fnMap":{},"branchMap":{},"s":{},"f":{},"b":{},"_coverageSchema":"1a1c01bbd47fc00a2c39e90264f33305004495a9","hash":"ad8d948ac91be33d8d98889a2865d5c017a05049"}
,"D:\\React-native-app\\hooks\\use-theme-color.ts": {"path":"D:\\React-native-app\\hooks\\use-theme-color.ts","statementMap":{"0":{"start":{"line":13,"column":16},"end":{"line":13,"column":43}},"1":{"start":{"line":14,"column":25},"end":{"line":14,"column":37}},"2":{"start":{"line":16,"column":2},"end":{"line":20,"column":3}},"3":{"start":{"line":17,"column":4},"end":{"line":17,"column":26}},"4":{"start":{"line":19,"column":4},"end":{"line":19,"column":36}}},"fnMap":{"0":{"name":"useThemeColor","decl":{"start":{"line":9,"column":16},"end":{"line":9,"column":29}},"loc":{"start":{"line":12,"column":2},"end":{"line":21,"column":1}},"line":12}},"branchMap":{"0":{"loc":{"start":{"line":13,"column":16},"end":{"line":13,"column":43}},"type":"binary-expr","locations":[{"start":{"line":13,"column":16},"end":{"line":13,"column":32}},{"start":{"line":13,"column":36},"end":{"line":13,"column":43}}],"line":13},"1":{"loc":{"start":{"line":16,"column":2},"end":{"line":20,"column":3}},"type":"if","locations":[{"start":{"line":16,"column":2},"end":{"line":20,"column":3}},{"start":{"line":18,"column":9},"end":{"line":20,"column":3}}],"line":16}},"s":{"0":9,"1":9,"2":9,"3":0,"4":9},"f":{"0":9},"b":{"0":[9,0],"1":[0,9]},"_coverageSchema":"1a1c01bbd47fc00a2c39e90264f33305004495a9","hash":"610a756e385d7645ca9c1d8e4097d61d75d837ab"}
}
