TN:
SF:app\_layout.tsx
FN:13,RootLayout
FNF:1
FNH:1
FNDA:2,RootLayout
DA:14,2
DA:34,1
LF:2
LH:2
BRF:0
BRH:0
end_of_record
TN:
SF:app\add-task.tsx
FN:20,(anonymous_0)
FN:34,(anonymous_1)
FN:44,AddTaskScreen
FN:64,(anonymous_3)
FN:66,(anonymous_4)
FN:188,(anonymous_5)
FN:199,(anonymous_6)
FNF:7
FNH:7
FNDA:3,(anonymous_0)
FNDA:5,(anonymous_1)
FNDA:13,AddTaskScreen
FNDA:3,(anonymous_3)
FNDA:2,(anonymous_4)
FNDA:13,(anonymous_5)
FNDA:13,(anonymous_6)
DA:20,1
DA:21,3
DA:23,3
DA:24,3
DA:25,3
DA:27,3
DA:28,3
DA:30,3
DA:34,1
DA:35,5
DA:38,5
DA:39,5
DA:41,5
DA:45,13
DA:46,13
DA:48,13
DA:49,13
DA:50,13
DA:52,13
DA:64,13
DA:66,13
DA:67,2
DA:68,1
DA:69,1
DA:72,1
DA:73,1
DA:75,1
DA:77,1
DA:83,1
DA:86,13
DA:188,13
DA:199,13
DA:218,1
LF:33
LH:33
BRDA:21,0,0,0
BRDA:21,0,1,3
BRDA:25,1,0,3
BRDA:25,1,1,0
BRDA:27,2,0,2
BRDA:27,2,1,1
BRDA:28,3,0,2
BRDA:28,3,1,1
BRDA:28,4,0,0
BRDA:28,4,1,1
BRDA:35,5,0,0
BRDA:35,5,1,5
BRDA:39,6,0,5
BRDA:39,6,1,0
BRDA:39,7,0,5
BRDA:39,7,1,0
BRDA:53,8,0,1
BRDA:53,8,1,12
BRDA:54,9,0,1
BRDA:54,9,1,12
BRDA:55,10,0,1
BRDA:55,10,1,12
BRDA:56,11,0,1
BRDA:56,11,1,12
BRDA:57,12,0,1
BRDA:57,12,1,12
BRDA:58,13,0,1
BRDA:58,13,1,12
BRDA:59,14,0,1
BRDA:59,14,1,12
BRDA:60,15,0,1
BRDA:60,15,1,12
BRDA:61,16,0,1
BRDA:61,16,1,12
BRDA:67,17,0,1
BRDA:67,17,1,1
BRDA:67,18,0,2
BRDA:67,18,1,1
BRDA:67,18,2,1
BRDA:93,19,0,1
BRDA:93,19,1,12
BRDA:98,20,0,1
BRDA:98,20,1,12
BRDA:99,21,0,1
BRDA:99,21,1,12
BRDA:109,22,0,13
BRDA:109,22,1,0
BRDA:125,23,0,1
BRDA:125,23,1,12
BRDA:145,24,0,1
BRDA:145,24,1,12
BRDA:157,25,0,4
BRDA:157,25,1,9
BRDA:168,26,0,1
BRDA:168,26,1,12
BRDA:180,27,0,2
BRDA:180,27,1,11
BRDA:190,28,0,1
BRDA:190,28,1,12
BRDA:191,29,0,13
BRDA:191,29,1,0
BRDA:201,30,0,1
BRDA:201,30,1,12
BRDA:202,31,0,13
BRDA:202,31,1,0
BRF:65
BRH:56
end_of_record
TN:
SF:app\emergency-sos.tsx
FN:8,EmergencySOS
FN:13,(anonymous_1)
FN:30,(anonymous_2)
FN:58,(anonymous_3)
FN:76,(anonymous_4)
FNF:5
FNH:5
FNDA:8,EmergencySOS
FNDA:4,(anonymous_1)
FNDA:1,(anonymous_2)
FNDA:1,(anonymous_3)
FNDA:3,(anonymous_4)
DA:9,8
DA:10,8
DA:11,8
DA:13,8
DA:14,4
DA:15,4
DA:17,4
DA:18,4
DA:19,4
DA:20,1
DA:21,1
DA:23,3
DA:25,1
DA:26,1
DA:30,8
DA:31,1
DA:34,8
DA:58,1
DA:76,3
DA:112,1
LF:20
LH:20
BRDA:19,0,0,1
BRDA:19,0,1,3
BRDA:39,1,0,8
BRDA:39,1,1,1
BRDA:47,2,0,1
BRDA:47,2,1,7
BRDA:50,3,0,1
BRDA:50,3,1,7
BRDA:55,4,0,8
BRDA:55,4,1,1
BRDA:61,5,0,1
BRDA:61,5,1,7
BRDA:66,6,0,1
BRDA:66,6,1,7
BRDA:69,7,0,1
BRDA:69,7,1,7
BRDA:79,8,0,1
BRDA:79,8,1,7
BRDA:84,9,0,1
BRDA:84,9,1,7
BRDA:87,10,0,1
BRDA:87,10,1,7
BRDA:97,11,0,1
BRDA:97,11,1,7
BRDA:102,12,0,1
BRDA:102,12,1,7
BRF:26
BRH:26
end_of_record
TN:
SF:app\forgot-username.tsx
FN:14,ForgotUsernameScreen
FN:21,(anonymous_1)
FN:45,(anonymous_2)
FN:60,(anonymous_3)
FN:128,(anonymous_4)
FNF:5
FNH:5
FNDA:12,ForgotUsernameScreen
FNDA:6,(anonymous_1)
FNDA:3,(anonymous_2)
FNDA:1,(anonymous_3)
FNDA:1,(anonymous_4)
DA:15,12
DA:17,12
DA:18,12
DA:19,12
DA:21,12
DA:22,6
DA:45,12
DA:46,3
DA:47,3
DA:49,3
DA:50,1
DA:51,1
DA:54,2
DA:55,1
DA:56,1
DA:60,1
DA:62,1
DA:65,12
DA:128,1
DA:140,1
LF:20
LH:20
BRDA:22,0,0,1
BRDA:22,0,1,5
BRDA:49,1,0,1
BRDA:49,1,1,2
BRDA:54,2,0,1
BRDA:54,2,1,1
BRDA:68,3,0,12
BRDA:68,3,1,0
BRDA:87,4,0,1
BRDA:87,4,1,11
BRDA:98,5,0,2
BRDA:98,5,1,10
BRDA:104,6,0,1
BRDA:104,6,1,11
BRDA:114,7,0,1
BRDA:114,7,1,11
BRDA:119,8,0,1
BRDA:119,8,1,11
BRF:18
BRH:17
end_of_record
TN:
SF:app\index.tsx
FN:14,Index
FN:23,(anonymous_1)
FN:33,(anonymous_2)
FN:39,(anonymous_3)
FN:47,(anonymous_4)
FN:59,(anonymous_5)
FN:128,(anonymous_6)
FN:140,(anonymous_7)
FN:178,(anonymous_8)
FN:181,(anonymous_9)
FN:183,(anonymous_10)
FN:223,(anonymous_11)
FN:226,(anonymous_12)
FNF:13
FNH:12
FNDA:18,Index
FNDA:3,(anonymous_1)
FNDA:6,(anonymous_2)
FNDA:1,(anonymous_3)
FNDA:7,(anonymous_4)
FNDA:7,(anonymous_5)
FNDA:0,(anonymous_6)
FNDA:1,(anonymous_7)
FNDA:108,(anonymous_8)
FNDA:204,(anonymous_9)
FNDA:7,(anonymous_10)
FNDA:1,(anonymous_11)
FNDA:1,(anonymous_12)
DA:15,18
DA:17,18
DA:18,18
DA:19,18
DA:21,18
DA:23,18
DA:24,3
DA:26,3
DA:28,3
DA:29,1
DA:30,1
DA:33,6
DA:34,1
DA:35,1
DA:38,1
DA:39,1
DA:40,1
DA:42,0
DA:43,0
DA:47,18
DA:48,7
DA:49,7
DA:50,7
DA:51,7
DA:53,7
DA:54,5
DA:59,18
DA:60,7
DA:85,18
DA:140,1
DA:179,108
DA:181,204
DA:183,7
DA:223,1
DA:226,1
DA:241,1
LF:36
LH:34
BRDA:28,0,0,1
BRDA:28,0,1,2
BRDA:33,1,0,1
BRDA:33,1,1,1
BRDA:33,2,0,2
BRDA:33,2,1,1
BRDA:48,3,0,7
BRDA:48,3,1,0
BRDA:48,4,0,7
BRDA:48,4,1,7
BRDA:53,5,0,5
BRDA:53,5,1,2
BRDA:53,6,0,7
BRDA:53,6,1,6
BRDA:60,7,0,1
BRDA:60,7,1,6
BRDA:88,8,0,18
BRDA:88,8,1,0
BRDA:97,9,0,1
BRDA:97,9,1,17
BRDA:102,10,0,1
BRDA:102,10,1,17
BRDA:108,11,0,1
BRDA:108,11,1,17
BRDA:119,12,0,1
BRDA:119,12,1,17
BRDA:120,13,0,1
BRDA:120,13,1,17
BRDA:125,14,0,1
BRDA:125,14,1,17
BRDA:131,15,0,1
BRDA:131,15,1,17
BRDA:134,16,0,1
BRDA:134,16,1,17
BRDA:143,17,0,1
BRDA:143,17,1,17
BRDA:164,18,0,1
BRDA:164,18,1,17
BRDA:199,19,0,1
BRDA:199,19,1,17
BRDA:204,20,0,2
BRDA:204,20,1,16
BRDA:206,21,0,0
BRDA:206,21,1,2
BRDA:215,22,0,1
BRDA:215,22,1,17
BRDA:218,23,0,1
BRDA:218,23,1,17
BRDA:233,24,0,1
BRDA:233,24,1,17
BRF:50
BRH:47
end_of_record
TN:
SF:app\modal.tsx
FN:7,ModalScreen
FNF:1
FNH:1
FNDA:3,ModalScreen
DA:8,3
DA:18,1
LF:2
LH:2
BRF:0
BRH:0
end_of_record
TN:
SF:app\notification-settings.tsx
FN:41,NotificationSettingsScreen
FN:58,(anonymous_1)
FN:94,(anonymous_2)
FN:114,(anonymous_3)
FN:119,(anonymous_4)
FN:138,(anonymous_5)
FN:160,(anonymous_6)
FN:198,(anonymous_7)
FN:203,(anonymous_8)
FN:204,(anonymous_9)
FN:257,(anonymous_10)
FN:276,(anonymous_11)
FN:277,(anonymous_12)
FN:407,(anonymous_13)
FNF:14
FNH:12
FNDA:11,NotificationSettingsScreen
FNDA:5,(anonymous_1)
FNDA:11,(anonymous_2)
FNDA:11,(anonymous_3)
FNDA:1,(anonymous_4)
FNDA:33,(anonymous_5)
FNDA:22,(anonymous_6)
FNDA:88,(anonymous_7)
FNDA:1,(anonymous_8)
FNDA:88,(anonymous_9)
FNDA:0,(anonymous_10)
FNDA:0,(anonymous_11)
FNDA:11,(anonymous_12)
FNDA:11,(anonymous_13)
DA:29,1
DA:31,1
DA:42,11
DA:44,11
DA:45,11
DA:46,11
DA:49,11
DA:52,11
DA:55,11
DA:56,11
DA:58,11
DA:59,5
DA:94,11
DA:95,11
DA:96,11
DA:97,11
DA:99,1
DA:101,1
DA:102,1
DA:103,1
DA:104,1
DA:105,1
DA:106,1
DA:107,1
DA:109,0
DA:113,11
DA:115,11
DA:119,11
DA:120,1
DA:130,1
DA:131,1
DA:132,1
DA:134,0
DA:138,11
DA:147,33
DA:160,11
DA:172,22
DA:175,22
DA:177,22
DA:178,22
DA:179,22
DA:181,22
DA:187,22
DA:193,22
DA:199,88
DA:200,88
DA:203,1
DA:204,88
DA:230,11
DA:257,0
DA:276,0
DA:277,11
DA:407,11
DA:466,1
LF:54
LH:50
BRDA:59,0,0,1
BRDA:59,0,1,4
BRDA:97,1,0,10
BRDA:97,1,1,1
BRDA:101,2,0,1
BRDA:101,2,1,0
BRDA:102,3,0,1
BRDA:102,3,1,0
BRDA:103,4,0,1
BRDA:103,4,1,0
BRDA:104,5,0,1
BRDA:104,5,1,0
BRDA:105,6,0,1
BRDA:105,6,1,0
BRDA:106,7,0,1
BRDA:106,7,1,0
BRDA:107,8,0,1
BRDA:107,8,1,0
BRDA:151,9,0,3
BRDA:151,9,1,30
BRDA:155,10,0,3
BRDA:155,10,1,30
BRDA:155,11,0,2
BRDA:155,11,1,1
BRDA:172,12,0,11
BRDA:172,12,1,11
BRDA:175,13,0,11
BRDA:175,13,1,11
BRDA:175,14,0,1
BRDA:175,14,1,10
BRDA:177,15,0,2
BRDA:177,15,1,20
BRDA:181,16,0,2
BRDA:181,16,1,20
BRDA:183,17,0,10
BRDA:183,17,1,10
BRDA:187,18,0,2
BRDA:187,18,1,20
BRDA:189,19,0,10
BRDA:189,19,1,10
BRDA:207,20,0,22
BRDA:207,20,1,66
BRDA:208,21,0,22
BRDA:208,21,1,66
BRDA:210,22,0,88
BRDA:210,22,1,0
BRDA:217,23,0,22
BRDA:217,23,1,66
BRDA:247,24,0,1
BRDA:247,24,1,10
BRDA:250,25,0,1
BRDA:250,25,1,10
BRDA:280,26,0,11
BRDA:280,26,1,0
BRDA:355,27,0,11
BRDA:355,27,1,6
BRDA:391,28,0,0
BRDA:391,28,1,6
BRDA:392,29,0,0
BRDA:392,29,1,6
BRDA:396,30,0,0
BRDA:396,30,1,6
BRDA:410,31,0,11
BRDA:410,31,1,0
BRDA:413,32,0,1
BRDA:413,32,1,10
BRDA:426,33,0,1
BRDA:426,33,1,10
BRDA:432,34,0,1
BRDA:432,34,1,10
BRDA:438,35,0,1
BRDA:438,35,1,10
BRDA:444,36,0,1
BRDA:444,36,1,10
BRDA:456,37,0,1
BRDA:456,37,1,10
BRF:76
BRH:63
end_of_record
TN:
SF:app\register.tsx
FN:14,Register
FN:25,(anonymous_1)
FN:49,(anonymous_2)
FN:53,(anonymous_3)
FN:62,(anonymous_4)
FN:69,(anonymous_5)
FN:71,(anonymous_6)
FN:82,(anonymous_7)
FN:145,(anonymous_8)
FN:148,(anonymous_9)
FN:150,(anonymous_10)
FN:177,(anonymous_11)
FNF:12
FNH:12
FNDA:28,Register
FNDA:9,(anonymous_1)
FNDA:11,(anonymous_2)
FNDA:11,(anonymous_3)
FNDA:5,(anonymous_4)
FNDA:6,(anonymous_5)
FNDA:1,(anonymous_6)
FNDA:1,(anonymous_7)
FNDA:168,(anonymous_8)
FNDA:324,(anonymous_9)
FNDA:11,(anonymous_10)
FNDA:1,(anonymous_11)
DA:15,28
DA:17,28
DA:18,28
DA:19,28
DA:20,28
DA:21,28
DA:23,28
DA:25,28
DA:26,9
DA:49,28
DA:50,11
DA:51,11
DA:53,11
DA:54,11
DA:55,11
DA:56,11
DA:59,11
DA:62,28
DA:63,5
DA:64,5
DA:66,5
DA:67,4
DA:68,3
DA:69,6
DA:71,1
DA:72,1
DA:75,28
DA:82,1
DA:146,168
DA:148,324
DA:150,11
DA:177,1
DA:188,1
LF:33
LH:33
BRDA:26,0,0,1
BRDA:26,0,1,8
BRDA:50,1,0,0
BRDA:50,1,1,11
BRDA:51,2,0,0
BRDA:51,2,1,11
BRDA:51,3,0,11
BRDA:51,3,1,11
BRDA:59,4,0,10
BRDA:59,4,1,1
BRDA:59,5,0,11
BRDA:59,5,1,11
BRDA:66,6,0,1
BRDA:66,6,1,4
BRDA:67,7,0,1
BRDA:67,7,1,3
BRDA:68,8,0,1
BRDA:68,8,1,2
BRDA:69,9,0,1
BRDA:69,9,1,1
BRDA:69,10,0,2
BRDA:69,10,1,1
BRDA:78,11,0,28
BRDA:78,11,1,0
BRDA:94,12,0,1
BRDA:94,12,1,27
BRDA:95,13,0,1
BRDA:95,13,1,27
BRDA:109,14,0,1
BRDA:109,14,1,27
BRDA:123,15,0,1
BRDA:123,15,1,27
BRDA:136,16,0,1
BRDA:136,16,1,27
BRDA:162,17,0,4
BRDA:162,17,1,24
BRDA:164,18,0,0
BRDA:164,18,1,4
BRDA:170,19,0,1
BRDA:170,19,1,27
BRDA:172,20,0,1
BRDA:172,20,1,27
BRF:42
BRH:38
end_of_record
TN:
SF:app\(tabs)\alerts.tsx
FN:17,AlertsScreen
FN:35,(anonymous_1)
FN:50,(anonymous_2)
FN:69,(anonymous_3)
FN:89,(anonymous_4)
FN:90,(anonymous_5)
FN:118,(anonymous_6)
FN:119,(anonymous_7)
FNF:8
FNH:7
FNDA:6,AlertsScreen
FNDA:6,(anonymous_1)
FNDA:6,(anonymous_2)
FNDA:0,(anonymous_3)
FNDA:1,(anonymous_4)
FNDA:6,(anonymous_5)
FNDA:1,(anonymous_6)
FNDA:6,(anonymous_7)
DA:18,6
DA:20,6
DA:21,6
DA:23,6
DA:35,6
DA:36,6
DA:37,6
DA:38,6
DA:40,1
DA:41,1
DA:42,1
DA:44,0
DA:49,6
DA:51,6
DA:55,6
DA:69,0
DA:89,1
DA:90,6
DA:118,1
DA:119,6
DA:213,1
LF:21
LH:19
BRDA:24,0,0,1
BRDA:24,0,1,5
BRDA:25,1,0,1
BRDA:25,1,1,5
BRDA:26,2,0,1
BRDA:26,2,1,5
BRDA:27,3,0,1
BRDA:27,3,1,5
BRDA:28,4,0,1
BRDA:28,4,1,5
BRDA:29,5,0,1
BRDA:29,5,1,5
BRDA:30,6,0,1
BRDA:30,6,1,5
BRDA:32,7,0,1
BRDA:32,7,1,5
BRDA:38,8,0,5
BRDA:38,8,1,1
BRDA:41,9,0,1
BRDA:41,9,1,0
BRDA:42,10,0,1
BRDA:42,10,1,0
BRDA:61,11,0,1
BRDA:61,11,1,5
BRDA:62,12,0,1
BRDA:62,12,1,5
BRDA:70,13,0,1
BRDA:70,13,1,5
BRDA:93,14,0,1
BRDA:93,14,1,5
BRDA:96,15,0,6
BRDA:96,15,1,0
BRDA:99,16,0,1
BRDA:99,16,1,5
BRDA:121,17,0,6
BRDA:121,17,1,0
BRDA:133,18,0,1
BRDA:133,18,1,5
BRDA:134,19,0,1
BRDA:134,19,1,5
BRDA:141,20,0,1
BRDA:141,20,1,5
BRDA:151,21,0,1
BRDA:151,21,1,5
BRDA:152,22,0,1
BRDA:152,22,1,5
BRDA:159,23,0,1
BRDA:159,23,1,5
BRDA:169,24,0,1
BRDA:169,24,1,5
BRDA:173,25,0,1
BRDA:173,25,1,5
BRDA:179,26,0,1
BRDA:179,26,1,5
BRDA:185,27,0,1
BRDA:185,27,1,5
BRDA:191,28,0,1
BRDA:191,28,1,5
BRDA:197,29,0,1
BRDA:197,29,1,5
BRDA:203,30,0,1
BRDA:203,30,1,5
BRF:62
BRH:58
end_of_record
TN:
SF:app\(tabs)\communication.tsx
FN:18,CommunicationScreen
FN:28,(anonymous_1)
FN:45,(anonymous_2)
FN:50,(anonymous_3)
FN:61,(anonymous_4)
FN:67,(anonymous_5)
FN:76,(anonymous_6)
FN:98,(anonymous_7)
FN:125,(anonymous_8)
FN:126,(anonymous_9)
FN:140,(anonymous_10)
FN:179,(anonymous_11)
FN:180,(anonymous_12)
FN:194,(anonymous_13)
FN:195,(anonymous_14)
FN:214,(anonymous_15)
FN:215,(anonymous_16)
FN:328,(anonymous_17)
FN:348,(anonymous_18)
FN:372,(anonymous_19)
FN:386,(anonymous_20)
FNF:21
FNH:18
FNDA:12,CommunicationScreen
FNDA:5,(anonymous_1)
FNDA:3,(anonymous_2)
FNDA:3,(anonymous_3)
FNDA:3,(anonymous_4)
FNDA:1,(anonymous_5)
FNDA:1,(anonymous_6)
FNDA:0,(anonymous_7)
FNDA:1,(anonymous_8)
FNDA:12,(anonymous_9)
FNDA:12,(anonymous_10)
FNDA:2,(anonymous_11)
FNDA:12,(anonymous_12)
FNDA:0,(anonymous_13)
FNDA:12,(anonymous_14)
FNDA:0,(anonymous_15)
FNDA:12,(anonymous_16)
FNDA:1,(anonymous_17)
FNDA:2,(anonymous_18)
FNDA:5,(anonymous_19)
FNDA:5,(anonymous_20)
DA:19,12
DA:20,12
DA:21,12
DA:23,12
DA:24,12
DA:25,12
DA:27,12
DA:28,5
DA:45,12
DA:46,3
DA:47,3
DA:50,12
DA:51,3
DA:52,2
DA:53,0
DA:54,2
DA:55,1
DA:57,1
DA:61,3
DA:67,12
DA:68,1
DA:69,0
DA:70,0
DA:72,1
DA:73,1
DA:76,12
DA:77,1
DA:78,1
DA:79,1
DA:82,12
DA:84,12
DA:98,0
DA:125,1
DA:126,12
DA:140,12
DA:179,2
DA:180,12
DA:195,12
DA:215,12
DA:328,1
DA:348,2
DA:372,5
DA:386,5
DA:424,1
LF:44
LH:40
BRDA:29,0,0,1
BRDA:29,0,1,4
BRDA:30,1,0,1
BRDA:30,1,1,4
BRDA:31,2,0,1
BRDA:31,2,1,4
BRDA:32,3,0,1
BRDA:32,3,1,4
BRDA:33,4,0,1
BRDA:33,4,1,4
BRDA:34,5,0,1
BRDA:34,5,1,4
BRDA:35,6,0,1
BRDA:35,6,1,4
BRDA:36,7,0,1
BRDA:36,7,1,4
BRDA:51,8,0,2
BRDA:51,8,1,1
BRDA:52,9,0,0
BRDA:52,9,1,2
BRDA:54,10,0,1
BRDA:54,10,1,1
BRDA:68,11,0,0
BRDA:68,11,1,1
BRDA:92,12,0,1
BRDA:92,12,1,11
BRDA:99,13,0,1
BRDA:99,13,1,11
BRDA:129,14,0,12
BRDA:129,14,1,0
BRDA:132,15,0,1
BRDA:132,15,1,11
BRDA:143,16,0,12
BRDA:143,16,1,0
BRDA:150,17,0,12
BRDA:150,17,1,0
BRDA:182,18,0,12
BRDA:182,18,1,0
BRDA:185,19,0,1
BRDA:185,19,1,11
BRDA:198,20,0,12
BRDA:198,20,1,0
BRDA:203,21,0,1
BRDA:203,21,1,11
BRDA:206,22,0,1
BRDA:206,22,1,11
BRDA:217,23,0,1
BRDA:217,23,1,11
BRDA:218,24,0,12
BRDA:218,24,1,0
BRDA:223,25,0,1
BRDA:223,25,1,11
BRDA:226,26,0,1
BRDA:226,26,1,11
BRDA:238,27,0,1
BRDA:238,27,1,11
BRDA:242,28,0,1
BRDA:242,28,1,11
BRDA:248,29,0,1
BRDA:248,29,1,11
BRDA:254,30,0,1
BRDA:254,30,1,11
BRDA:261,31,0,1
BRDA:261,31,1,11
BRDA:264,32,0,12
BRDA:264,32,1,0
BRDA:265,33,0,0
BRDA:265,33,1,0
BRDA:274,34,0,1
BRDA:274,34,1,11
BRDA:280,35,0,1
BRDA:280,35,1,11
BRDA:299,36,0,1
BRDA:299,36,1,11
BRDA:300,37,0,1
BRDA:300,37,1,11
BRDA:309,38,0,1
BRDA:309,38,1,11
BRDA:313,39,0,1
BRDA:313,39,1,11
BRDA:316,40,0,1
BRDA:316,40,1,11
BRDA:323,41,0,1
BRDA:323,41,1,11
BRDA:330,42,0,1
BRDA:330,42,1,11
BRDA:334,43,0,1
BRDA:334,43,1,11
BRDA:343,44,0,1
BRDA:343,44,1,11
BRDA:350,45,0,1
BRDA:350,45,1,11
BRDA:351,46,0,12
BRDA:351,46,1,0
BRDA:355,47,0,1
BRDA:355,47,1,11
BRDA:356,48,0,1
BRDA:356,48,1,11
BRDA:361,49,0,1
BRDA:361,49,1,11
BRDA:362,50,0,0
BRDA:362,50,1,1
BRDA:375,51,0,5
BRDA:375,51,1,0
BRDA:378,52,0,1
BRDA:378,52,1,11
BRDA:385,53,0,12
BRDA:385,53,1,1
BRDA:390,54,0,1
BRDA:390,54,1,4
BRDA:390,55,0,5
BRDA:390,55,1,1
BRDA:391,56,0,0
BRDA:391,56,1,1
BRDA:394,57,0,0
BRDA:394,57,1,4
BRDA:398,58,0,5
BRDA:398,58,1,0
BRDA:405,59,0,1
BRDA:405,59,1,11
BRDA:405,60,0,12
BRDA:405,60,1,1
BRDA:406,61,0,0
BRDA:406,61,1,1
BRF:124
BRH:106
end_of_record
TN:
SF:app\(tabs)\dashboard.tsx
FN:27,DashboardScreen
FN:38,(anonymous_1)
FN:53,(anonymous_2)
FN:55,(anonymous_3)
FN:67,(anonymous_4)
FN:69,(anonymous_5)
FN:70,(anonymous_6)
FN:95,(anonymous_7)
FN:99,(anonymous_8)
FNF:9
FNH:8
FNDA:5,DashboardScreen
FNDA:5,(anonymous_1)
FNDA:5,(anonymous_2)
FNDA:1,(anonymous_3)
FNDA:30,(anonymous_4)
FNDA:5,(anonymous_5)
FNDA:30,(anonymous_6)
FNDA:30,(anonymous_7)
FNDA:0,(anonymous_8)
DA:28,5
DA:29,5
DA:31,5
DA:32,5
DA:34,5
DA:35,5
DA:37,5
DA:38,5
DA:53,5
DA:55,5
DA:56,1
DA:58,1
DA:61,1
DA:63,1
DA:67,5
DA:68,30
DA:69,5
DA:70,30
DA:95,5
DA:96,30
DA:98,30
DA:99,0
DA:122,5
DA:169,1
LF:24
LH:23
BRDA:39,0,0,2
BRDA:39,0,1,3
BRDA:40,1,0,2
BRDA:40,1,1,3
BRDA:41,2,0,2
BRDA:41,2,1,3
BRDA:42,3,0,2
BRDA:42,3,1,3
BRDA:43,4,0,2
BRDA:43,4,1,3
BRDA:44,5,0,2
BRDA:44,5,1,3
BRDA:45,6,0,2
BRDA:45,6,1,3
BRDA:46,7,0,2
BRDA:46,7,1,3
BRDA:47,8,0,2
BRDA:47,8,1,3
BRDA:48,9,0,2
BRDA:48,9,1,3
BRDA:73,10,0,30
BRDA:73,10,1,0
BRDA:77,11,0,12
BRDA:77,11,1,18
BRDA:78,12,0,12
BRDA:78,12,1,18
BRDA:81,13,0,10
BRDA:81,13,1,20
BRDA:81,14,0,30
BRDA:81,14,1,10
BRDA:83,15,0,4
BRDA:83,15,1,6
BRDA:84,16,0,0
BRDA:84,16,1,10
BRDA:96,17,0,30
BRDA:96,17,1,25
BRDA:96,18,0,0
BRDA:96,18,1,25
BRDA:99,19,0,30
BRDA:99,19,1,25
BRDA:99,20,0,0
BRDA:99,20,1,0
BRDA:103,21,0,10
BRDA:103,21,1,20
BRDA:103,22,0,30
BRDA:103,22,1,10
BRDA:107,23,0,2
BRDA:107,23,1,8
BRDA:107,24,0,10
BRDA:107,24,1,5
BRDA:110,25,0,2
BRDA:110,25,1,8
BRDA:110,26,0,10
BRDA:110,26,1,5
BRDA:111,27,0,0
BRDA:111,27,1,10
BRDA:128,28,0,2
BRDA:128,28,1,3
BRDA:129,29,0,2
BRDA:129,29,1,3
BRF:60
BRH:54
end_of_record
TN:
SF:app\(tabs)\explore.tsx
FN:12,TabTwoScreen
FNF:1
FNH:1
FNDA:1,TabTwoScreen
DA:13,1
DA:101,1
LF:2
LH:2
BRF:0
BRH:0
end_of_record
TN:
SF:app\(tabs)\history.tsx
FN:38,HistoryScreen
FN:50,(anonymous_1)
FN:78,(anonymous_2)
FN:88,(anonymous_3)
FN:89,(anonymous_4)
FN:93,(anonymous_5)
FN:111,(anonymous_6)
FN:128,(anonymous_7)
FN:135,(anonymous_8)
FN:136,(anonymous_9)
FN:139,(anonymous_10)
FN:143,(anonymous_11)
FN:144,(anonymous_12)
FN:152,(anonymous_13)
FN:152,(anonymous_14)
FN:155,(anonymous_15)
FN:156,(anonymous_16)
FN:158,(anonymous_17)
FN:169,(anonymous_18)
FN:173,(anonymous_19)
FN:177,(anonymous_20)
FN:184,(anonymous_21)
FN:194,(anonymous_22)
FN:217,(anonymous_23)
FN:232,(anonymous_24)
FN:244,(anonymous_25)
FN:245,(anonymous_26)
FN:261,(anonymous_27)
FN:261,(anonymous_28)
FN:262,(anonymous_29)
FN:280,(anonymous_30)
FN:303,(anonymous_31)
FN:311,(anonymous_32)
FN:344,(anonymous_33)
FN:345,(anonymous_34)
FN:365,(anonymous_35)
FN:370,(anonymous_36)
FN:380,(anonymous_37)
FN:381,(anonymous_38)
FN:396,(anonymous_39)
FN:404,(anonymous_40)
FN:450,(anonymous_41)
FN:451,(anonymous_42)
FN:486,(anonymous_43)
FN:490,(anonymous_44)
FN:494,(anonymous_45)
FN:498,(anonymous_46)
FN:502,(anonymous_47)
FN:506,(anonymous_48)
FNF:49
FNH:26
FNDA:10,HistoryScreen
FNDA:5,(anonymous_1)
FNDA:6,(anonymous_2)
FNDA:5,(anonymous_3)
FNDA:5,(anonymous_4)
FNDA:5,(anonymous_5)
FNDA:1,(anonymous_6)
FNDA:1,(anonymous_7)
FNDA:10,(anonymous_8)
FNDA:0,(anonymous_9)
FNDA:10,(anonymous_10)
FNDA:10,(anonymous_11)
FNDA:6,(anonymous_12)
FNDA:10,(anonymous_13)
FNDA:6,(anonymous_14)
FNDA:5,(anonymous_15)
FNDA:5,(anonymous_16)
FNDA:310,(anonymous_17)
FNDA:0,(anonymous_18)
FNDA:0,(anonymous_19)
FNDA:0,(anonymous_20)
FNDA:5,(anonymous_21)
FNDA:6,(anonymous_22)
FNDA:0,(anonymous_23)
FNDA:0,(anonymous_24)
FNDA:1,(anonymous_25)
FNDA:10,(anonymous_26)
FNDA:0,(anonymous_27)
FNDA:0,(anonymous_28)
FNDA:10,(anonymous_29)
FNDA:0,(anonymous_30)
FNDA:70,(anonymous_31)
FNDA:350,(anonymous_32)
FNDA:0,(anonymous_33)
FNDA:0,(anonymous_34)
FNDA:0,(anonymous_35)
FNDA:0,(anonymous_36)
FNDA:0,(anonymous_37)
FNDA:0,(anonymous_38)
FNDA:6,(anonymous_39)
FNDA:6,(anonymous_40)
FNDA:0,(anonymous_41)
FNDA:0,(anonymous_42)
FNDA:0,(anonymous_43)
FNDA:0,(anonymous_44)
FNDA:0,(anonymous_45)
FNDA:0,(anonymous_46)
FNDA:0,(anonymous_47)
FNDA:0,(anonymous_48)
DA:39,10
DA:40,10
DA:42,10
DA:43,10
DA:45,10
DA:46,10
DA:47,10
DA:49,10
DA:50,5
DA:78,10
DA:79,6
DA:80,6
DA:81,6
DA:82,6
DA:84,0
DA:88,10
DA:89,5
DA:90,5
DA:93,5
DA:94,5
DA:107,5
DA:108,5
DA:109,1
DA:110,1
DA:111,1
DA:112,1
DA:123,0
DA:128,5
DA:129,5
DA:132,5
DA:135,10
DA:136,10
DA:139,10
DA:140,10
DA:143,10
DA:144,10
DA:145,6
DA:146,6
DA:147,6
DA:148,6
DA:152,10
DA:155,10
DA:156,10
DA:158,10
DA:159,310
DA:160,310
DA:163,10
DA:167,10
DA:169,10
DA:170,0
DA:173,10
DA:174,0
DA:177,10
DA:178,0
DA:179,0
DA:180,0
DA:181,0
DA:184,10
DA:185,5
DA:186,5
DA:187,5
DA:189,20
DA:190,155
DA:191,5
DA:194,10
DA:195,6
DA:196,5
DA:198,5
DA:200,0
DA:202,0
DA:204,0
DA:207,5
DA:211,10
DA:217,0
DA:232,0
DA:244,1
DA:245,10
DA:261,0
DA:262,10
DA:280,0
DA:304,70
DA:312,350
DA:314,310
DA:320,310
DA:321,310
DA:323,310
DA:329,310
DA:335,310
DA:341,310
DA:344,0
DA:345,0
DA:366,0
DA:367,0
DA:368,0
DA:370,0
DA:380,0
DA:381,0
DA:397,6
DA:405,6
DA:407,6
DA:450,0
DA:451,0
DA:486,0
DA:490,0
DA:494,0
DA:498,0
DA:502,0
DA:506,0
DA:516,1
LF:109
LH:78
BRDA:51,0,0,1
BRDA:51,0,1,4
BRDA:52,1,0,1
BRDA:52,1,1,4
BRDA:53,2,0,1
BRDA:53,2,1,4
BRDA:54,3,0,1
BRDA:54,3,1,4
BRDA:55,4,0,1
BRDA:55,4,1,4
BRDA:56,5,0,1
BRDA:56,5,1,4
BRDA:57,6,0,1
BRDA:57,6,1,4
BRDA:58,7,0,1
BRDA:58,7,1,4
BRDA:81,8,0,0
BRDA:81,8,1,6
BRDA:108,9,0,1
BRDA:108,9,1,4
BRDA:136,10,0,0
BRDA:136,10,1,10
BRDA:140,11,0,0
BRDA:140,11,1,10
BRDA:146,12,0,6
BRDA:146,12,1,0
BRDA:195,13,0,1
BRDA:195,13,1,5
BRDA:196,14,0,0
BRDA:196,14,1,5
BRDA:198,15,0,0
BRDA:198,15,1,0
BRDA:198,15,2,0
BRDA:198,15,3,5
BRDA:198,15,4,5
BRDA:215,16,0,2
BRDA:215,16,1,8
BRDA:218,17,0,2
BRDA:218,17,1,8
BRDA:223,18,0,2
BRDA:223,18,1,8
BRDA:224,19,0,2
BRDA:224,19,1,8
BRDA:233,20,0,2
BRDA:233,20,1,8
BRDA:248,21,0,10
BRDA:248,21,1,0
BRDA:251,22,0,2
BRDA:251,22,1,8
BRDA:265,23,0,0
BRDA:265,23,1,10
BRDA:266,24,0,0
BRDA:266,24,1,0
BRDA:267,25,0,2
BRDA:267,25,1,8
BRDA:268,26,0,0
BRDA:268,26,1,10
BRDA:270,27,0,10
BRDA:270,27,1,0
BRDA:273,28,0,0
BRDA:273,28,1,10
BRDA:273,29,0,0
BRDA:273,29,1,0
BRDA:273,30,0,2
BRDA:273,30,1,8
BRDA:274,31,0,10
BRDA:274,31,1,10
BRDA:282,32,0,2
BRDA:282,32,1,8
BRDA:284,33,0,2
BRDA:284,33,1,8
BRDA:287,34,0,2
BRDA:287,34,1,8
BRDA:290,35,0,2
BRDA:290,35,1,8
BRDA:295,36,0,2
BRDA:295,36,1,8
BRDA:312,37,0,40
BRDA:312,37,1,310
BRDA:323,38,0,0
BRDA:323,38,1,310
BRDA:325,39,0,6
BRDA:325,39,1,304
BRDA:326,40,0,1
BRDA:326,40,1,5
BRDA:329,41,0,0
BRDA:329,41,1,310
BRDA:330,42,0,0
BRDA:330,42,1,0
BRDA:331,43,0,6
BRDA:331,43,1,304
BRDA:332,44,0,1
BRDA:332,44,1,5
BRDA:333,45,0,61
BRDA:333,45,1,243
BRDA:335,46,0,0
BRDA:335,46,1,310
BRDA:337,47,0,6
BRDA:337,47,1,304
BRDA:347,48,0,0
BRDA:347,48,1,0
BRDA:347,49,0,0
BRDA:347,49,1,0
BRDA:347,50,0,0
BRDA:347,50,1,0
BRDA:348,51,0,0
BRDA:348,51,1,0
BRDA:352,52,0,310
BRDA:352,52,1,6
BRDA:352,52,2,6
BRDA:353,53,0,1
BRDA:353,53,1,5
BRDA:372,54,0,0
BRDA:372,54,1,0
BRDA:373,55,0,0
BRDA:373,55,1,0
BRDA:376,56,0,2
BRDA:376,56,1,8
BRDA:384,57,0,0
BRDA:384,57,1,0
BRDA:387,58,0,2
BRDA:387,58,1,8
BRDA:427,59,0,5
BRDA:427,59,1,1
BRDA:432,60,0,1
BRDA:432,60,1,5
BRDA:448,61,0,10
BRDA:448,61,1,0
BRDA:448,61,2,0
BRDA:453,62,0,0
BRDA:453,62,1,0
BRDA:454,63,0,0
BRDA:454,63,1,0
BRDA:462,64,0,10
BRDA:462,64,1,5
BRDA:464,65,0,1
BRDA:464,65,1,4
BRDA:465,66,0,1
BRDA:465,66,1,4
BRDA:471,67,0,0
BRDA:471,67,1,5
BRDA:474,68,0,0
BRDA:474,68,1,5
BRDA:484,69,0,2
BRDA:484,69,1,8
BRDA:487,70,0,2
BRDA:487,70,1,8
BRDA:491,71,0,2
BRDA:491,71,1,8
BRDA:495,72,0,2
BRDA:495,72,1,8
BRDA:499,73,0,2
BRDA:499,73,1,8
BRDA:503,74,0,2
BRDA:503,74,1,8
BRDA:507,75,0,2
BRDA:507,75,1,8
BRF:157
BRH:113
end_of_record
TN:
SF:app\(tabs)\patient-info.tsx
FN:41,calculateAge
FN:52,formatDateLong
FN:61,PatientInfoScreen
FN:72,(anonymous_3)
FN:95,(anonymous_4)
FN:100,(anonymous_5)
FN:105,(anonymous_6)
FN:110,(anonymous_7)
FN:128,(anonymous_8)
FN:159,(anonymous_9)
FN:160,(anonymous_10)
FN:185,(anonymous_11)
FN:186,(anonymous_12)
FN:230,(anonymous_13)
FN:231,(anonymous_14)
FN:274,(anonymous_15)
FN:274,(anonymous_16)
FN:281,(anonymous_17)
FN:281,(anonymous_18)
FN:292,(anonymous_19)
FN:292,(anonymous_20)
FN:301,(anonymous_21)
FN:301,(anonymous_22)
FN:311,(anonymous_23)
FN:324,(anonymous_24)
FN:370,(anonymous_25)
FN:370,(anonymous_26)
FN:377,(anonymous_27)
FN:377,(anonymous_28)
FN:387,(anonymous_29)
FN:400,(anonymous_30)
FN:419,SectionTitle
FN:437,Field
FN:463,LabeledInput
FNF:34
FNH:31
FNDA:44,calculateAge
FNDA:22,formatDateLong
FNDA:22,PatientInfoScreen
FNDA:7,(anonymous_3)
FNDA:1,(anonymous_4)
FNDA:1,(anonymous_5)
FNDA:1,(anonymous_6)
FNDA:1,(anonymous_7)
FNDA:0,(anonymous_8)
FNDA:1,(anonymous_9)
FNDA:22,(anonymous_10)
FNDA:2,(anonymous_11)
FNDA:22,(anonymous_12)
FNDA:2,(anonymous_13)
FNDA:22,(anonymous_14)
FNDA:2,(anonymous_15)
FNDA:2,(anonymous_16)
FNDA:1,(anonymous_17)
FNDA:1,(anonymous_18)
FNDA:1,(anonymous_19)
FNDA:1,(anonymous_20)
FNDA:0,(anonymous_21)
FNDA:0,(anonymous_22)
FNDA:6,(anonymous_23)
FNDA:6,(anonymous_24)
FNDA:2,(anonymous_25)
FNDA:2,(anonymous_26)
FNDA:1,(anonymous_27)
FNDA:1,(anonymous_28)
FNDA:5,(anonymous_29)
FNDA:5,(anonymous_30)
FNDA:44,SectionTitle
FNDA:220,Field
FNDA:34,LabeledInput
DA:29,1
DA:36,1
DA:42,44
DA:43,44
DA:44,44
DA:45,44
DA:46,44
DA:47,40
DA:49,44
DA:53,22
DA:54,22
DA:62,22
DA:64,22
DA:65,22
DA:67,22
DA:69,22
DA:71,22
DA:72,7
DA:95,22
DA:97,1
DA:100,22
DA:101,1
DA:102,1
DA:105,22
DA:107,1
DA:110,22
DA:111,1
DA:112,1
DA:115,22
DA:117,22
DA:128,0
DA:159,1
DA:160,22
DA:185,2
DA:186,22
DA:230,2
DA:231,22
DA:274,2
DA:281,1
DA:292,1
DA:301,0
DA:311,6
DA:324,6
DA:370,2
DA:377,1
DA:387,5
DA:400,5
DA:429,44
DA:448,220
DA:482,34
DA:484,34
DA:512,1
LF:52
LH:50
BRDA:46,0,0,40
BRDA:46,0,1,4
BRDA:46,1,0,44
BRDA:46,1,1,4
BRDA:46,1,2,0
BRDA:73,2,0,1
BRDA:73,2,1,6
BRDA:74,3,0,1
BRDA:74,3,1,6
BRDA:75,4,0,1
BRDA:75,4,1,6
BRDA:76,5,0,1
BRDA:76,5,1,6
BRDA:77,6,0,1
BRDA:77,6,1,6
BRDA:78,7,0,1
BRDA:78,7,1,6
BRDA:79,8,0,1
BRDA:79,8,1,6
BRDA:83,9,0,1
BRDA:83,9,1,6
BRDA:84,10,0,1
BRDA:84,10,1,6
BRDA:85,11,0,1
BRDA:85,11,1,6
BRDA:86,12,0,1
BRDA:86,12,1,6
BRDA:88,13,0,1
BRDA:88,13,1,6
BRDA:89,14,0,1
BRDA:89,14,1,6
BRDA:90,15,0,1
BRDA:90,15,1,6
BRDA:129,16,0,1
BRDA:129,16,1,21
BRDA:137,17,0,1
BRDA:137,17,1,21
BRDA:140,18,0,1
BRDA:140,18,1,21
BRDA:163,19,0,22
BRDA:163,19,1,0
BRDA:166,20,0,1
BRDA:166,20,1,21
BRDA:175,21,0,1
BRDA:175,21,1,21
BRDA:186,22,0,22
BRDA:186,22,1,0
BRDA:188,23,0,1
BRDA:188,23,1,21
BRDA:231,24,0,22
BRDA:231,24,1,0
BRDA:233,25,0,1
BRDA:233,25,1,21
BRDA:251,26,0,1
BRDA:251,26,1,21
BRDA:256,27,0,1
BRDA:256,27,1,21
BRDA:257,28,0,1
BRDA:257,28,1,21
BRDA:258,29,0,1
BRDA:258,29,1,21
BRDA:262,30,0,1
BRDA:262,30,1,21
BRDA:265,31,0,1
BRDA:265,31,1,21
BRDA:313,32,0,0
BRDA:313,32,1,6
BRDA:314,33,0,6
BRDA:314,33,1,0
BRDA:317,34,0,1
BRDA:317,34,1,21
BRDA:326,35,0,0
BRDA:326,35,1,6
BRDA:327,36,0,6
BRDA:327,36,1,0
BRDA:330,37,0,1
BRDA:330,37,1,21
BRDA:347,38,0,1
BRDA:347,38,1,21
BRDA:352,39,0,1
BRDA:352,39,1,21
BRDA:353,40,0,1
BRDA:353,40,1,21
BRDA:354,41,0,1
BRDA:354,41,1,21
BRDA:358,42,0,1
BRDA:358,42,1,21
BRDA:361,43,0,1
BRDA:361,43,1,21
BRDA:389,44,0,0
BRDA:389,44,1,5
BRDA:390,45,0,5
BRDA:390,45,1,0
BRDA:393,46,0,1
BRDA:393,46,1,21
BRDA:402,47,0,0
BRDA:402,47,1,5
BRDA:403,48,0,5
BRDA:403,48,1,0
BRDA:406,49,0,1
BRDA:406,49,1,21
BRDA:454,50,0,22
BRDA:454,50,1,198
BRDA:486,51,0,0
BRDA:486,51,1,34
BRDA:503,52,0,6
BRDA:503,52,1,28
BRDA:504,53,0,6
BRDA:504,53,1,28
BRDA:587,54,0,1
BRDA:587,54,1,0
BRF:111
BRH:97
end_of_record
TN:
SF:app\(tabs)\today-tasks.tsx
FN:9,(anonymous_0)
FN:36,(anonymous_1)
FN:42,(anonymous_2)
FN:56,TodayTasksScreen
FN:97,(anonymous_4)
FN:97,(anonymous_5)
FN:98,(anonymous_6)
FN:98,(anonymous_7)
FN:99,(anonymous_8)
FN:99,(anonymous_9)
FN:101,(anonymous_10)
FN:105,(anonymous_11)
FN:114,(anonymous_12)
FN:116,(anonymous_13)
FN:131,(anonymous_14)
FN:137,(anonymous_15)
FN:143,(anonymous_16)
FN:154,(anonymous_17)
FN:169,(anonymous_18)
FN:198,(anonymous_19)
FN:205,(anonymous_20)
FN:208,(anonymous_21)
FN:223,(anonymous_22)
FN:246,(anonymous_23)
FN:247,(anonymous_24)
FN:272,(anonymous_25)
FN:284,(anonymous_26)
FN:296,(anonymous_27)
FN:306,(anonymous_28)
FN:320,(anonymous_29)
FN:322,(anonymous_30)
FN:337,(anonymous_31)
FN:339,(anonymous_32)
FN:352,(anonymous_33)
FN:359,(anonymous_34)
FN:401,(anonymous_35)
FN:402,(anonymous_36)
FN:413,(anonymous_37)
FN:444,(anonymous_38)
FN:457,(anonymous_39)
FN:461,(anonymous_40)
FN:466,(anonymous_41)
FN:485,(anonymous_42)
FN:495,(anonymous_43)
FN:496,(anonymous_44)
FN:510,(anonymous_45)
FN:518,(anonymous_46)
FN:600,(anonymous_47)
FN:610,(anonymous_48)
FN:611,(anonymous_49)
FNF:50
FNH:36
FNDA:1,(anonymous_0)
FNDA:72,(anonymous_1)
FNDA:2,(anonymous_2)
FNDA:18,TodayTasksScreen
FNDA:7,(anonymous_4)
FNDA:21,(anonymous_5)
FNDA:7,(anonymous_6)
FNDA:14,(anonymous_7)
FNDA:7,(anonymous_8)
FNDA:14,(anonymous_9)
FNDA:66,(anonymous_10)
FNDA:198,(anonymous_11)
FNDA:1,(anonymous_12)
FNDA:1,(anonymous_13)
FNDA:1,(anonymous_14)
FNDA:1,(anonymous_15)
FNDA:1,(anonymous_16)
FNDA:34,(anonymous_17)
FNDA:1,(anonymous_18)
FNDA:2,(anonymous_19)
FNDA:1,(anonymous_20)
FNDA:1,(anonymous_21)
FNDA:0,(anonymous_22)
FNDA:0,(anonymous_23)
FNDA:17,(anonymous_24)
FNDA:17,(anonymous_25)
FNDA:0,(anonymous_26)
FNDA:1,(anonymous_27)
FNDA:32,(anonymous_28)
FNDA:0,(anonymous_29)
FNDA:0,(anonymous_30)
FNDA:0,(anonymous_31)
FNDA:0,(anonymous_32)
FNDA:14,(anonymous_33)
FNDA:70,(anonymous_34)
FNDA:1,(anonymous_35)
FNDA:31,(anonymous_36)
FNDA:8,(anonymous_37)
FNDA:4,(anonymous_38)
FNDA:0,(anonymous_39)
FNDA:0,(anonymous_40)
FNDA:0,(anonymous_41)
FNDA:1,(anonymous_42)
FNDA:0,(anonymous_43)
FNDA:1,(anonymous_44)
FNDA:0,(anonymous_45)
FNDA:0,(anonymous_46)
FNDA:4,(anonymous_47)
FNDA:0,(anonymous_48)
FNDA:4,(anonymous_49)
DA:9,1
DA:10,1
DA:11,1
DA:14,1
DA:15,0
DA:16,0
DA:17,0
DA:21,1
DA:22,0
DA:23,0
DA:24,0
DA:25,0
DA:26,0
DA:27,0
DA:30,1
DA:34,1
DA:36,1
DA:37,72
DA:38,72
DA:39,72
DA:42,1
DA:43,2
DA:44,2
DA:45,2
DA:47,2
DA:48,2
DA:50,2
DA:51,8
DA:52,62
DA:53,2
DA:57,18
DA:58,18
DA:60,18
DA:63,18
DA:64,18
DA:65,18
DA:66,18
DA:69,18
DA:70,18
DA:71,18
DA:72,18
DA:75,18
DA:76,18
DA:78,18
DA:95,18
DA:97,21
DA:98,18
DA:99,18
DA:101,18
DA:102,66
DA:103,66
DA:105,66
DA:106,198
DA:107,198
DA:108,198
DA:109,198
DA:110,198
DA:114,18
DA:116,18
DA:117,1
DA:119,1
DA:120,1
DA:121,1
DA:123,1
DA:124,1
DA:125,1
DA:126,1
DA:127,1
DA:128,1
DA:131,18
DA:132,1
DA:133,1
DA:134,1
DA:137,18
DA:138,1
DA:139,1
DA:140,1
DA:143,18
DA:144,1
DA:145,1
DA:149,1
DA:150,1
DA:154,18
DA:155,34
DA:157,34
DA:169,1
DA:198,2
DA:205,1
DA:208,1
DA:217,18
DA:223,0
DA:246,0
DA:247,17
DA:272,17
DA:284,0
DA:296,1
DA:307,32
DA:321,0
DA:322,0
DA:323,0
DA:338,0
DA:339,0
DA:340,0
DA:353,14
DA:360,70
DA:362,62
DA:363,62
DA:364,62
DA:365,62
DA:368,62
DA:381,62
DA:388,62
DA:398,62
DA:401,1
DA:402,31
DA:414,8
DA:444,4
DA:457,0
DA:461,0
DA:466,0
DA:485,1
DA:495,0
DA:496,1
DA:510,0
DA:518,0
DA:600,4
DA:610,0
DA:611,4
DA:629,1
LF:129
LH:104
BRDA:14,0,0,0
BRDA:14,0,1,1
BRDA:21,1,0,0
BRDA:21,1,1,1
BRDA:21,2,0,1
BRDA:21,2,1,0
BRDA:23,3,0,0
BRDA:23,3,1,0
BRDA:24,4,0,0
BRDA:24,4,1,0
BRDA:25,5,0,0
BRDA:25,5,1,0
BRDA:26,6,0,0
BRDA:26,6,1,0
BRDA:26,7,0,0
BRDA:26,7,1,0
BRDA:79,8,0,1
BRDA:79,8,1,17
BRDA:80,9,0,1
BRDA:80,9,1,17
BRDA:81,10,0,1
BRDA:81,10,1,17
BRDA:82,11,0,1
BRDA:82,11,1,17
BRDA:83,12,0,1
BRDA:83,12,1,17
BRDA:84,13,0,1
BRDA:84,13,1,17
BRDA:85,14,0,1
BRDA:85,14,1,17
BRDA:86,15,0,1
BRDA:86,15,1,17
BRDA:87,16,0,1
BRDA:87,16,1,17
BRDA:88,17,0,1
BRDA:88,17,1,17
BRDA:89,18,0,1
BRDA:89,18,1,17
BRDA:90,19,0,1
BRDA:90,19,1,17
BRDA:91,20,0,1
BRDA:91,20,1,17
BRDA:107,21,0,0
BRDA:107,21,1,198
BRDA:110,22,0,198
BRDA:110,22,1,198
BRDA:120,23,0,1
BRDA:120,23,1,0
BRDA:121,24,0,1
BRDA:121,24,1,0
BRDA:138,25,0,1
BRDA:138,25,1,0
BRDA:144,26,0,1
BRDA:144,26,1,0
BRDA:144,27,0,1
BRDA:144,27,1,1
BRDA:144,27,2,1
BRDA:144,27,3,1
BRDA:162,28,0,17
BRDA:162,28,1,17
BRDA:162,29,0,1
BRDA:162,29,1,16
BRDA:163,30,0,17
BRDA:163,30,1,17
BRDA:163,31,0,1
BRDA:163,31,1,16
BRDA:163,32,0,1
BRDA:163,32,1,16
BRDA:173,33,0,17
BRDA:173,33,1,17
BRDA:173,34,0,1
BRDA:173,34,1,16
BRDA:173,35,0,1
BRDA:173,35,1,16
BRDA:174,36,0,17
BRDA:174,36,1,17
BRDA:174,37,0,1
BRDA:174,37,1,16
BRDA:174,38,0,1
BRDA:174,38,1,16
BRDA:178,39,0,17
BRDA:178,39,1,17
BRDA:178,40,0,1
BRDA:178,40,1,16
BRDA:187,41,0,17
BRDA:187,41,1,17
BRDA:187,42,0,1
BRDA:187,42,1,16
BRDA:188,43,0,17
BRDA:188,43,1,17
BRDA:194,44,0,2
BRDA:194,44,1,32
BRDA:198,45,0,0
BRDA:198,45,1,2
BRDA:203,46,0,2
BRDA:203,46,1,32
BRDA:204,47,0,0
BRDA:204,47,1,2
BRDA:206,48,0,0
BRDA:206,48,1,2
BRDA:209,49,0,0
BRDA:209,49,1,2
BRDA:224,50,0,1
BRDA:224,50,1,17
BRDA:230,51,0,1
BRDA:230,51,1,17
BRDA:233,52,0,1
BRDA:233,52,1,17
BRDA:250,53,0,17
BRDA:250,53,1,0
BRDA:253,54,0,1
BRDA:253,54,1,17
BRDA:274,55,0,1
BRDA:274,55,1,16
BRDA:275,56,0,17
BRDA:275,56,1,0
BRDA:288,57,0,16
BRDA:288,57,1,2
BRDA:291,58,0,16
BRDA:291,58,1,2
BRDA:297,59,0,2
BRDA:297,59,1,16
BRDA:304,60,0,16
BRDA:304,60,1,2
BRDA:309,61,0,0
BRDA:309,61,1,16
BRDA:321,62,0,0
BRDA:321,62,1,0
BRDA:327,63,0,0
BRDA:327,63,1,2
BRDA:338,64,0,0
BRDA:338,64,1,0
BRDA:344,65,0,0
BRDA:344,65,1,2
BRDA:360,66,0,8
BRDA:360,66,1,62
BRDA:364,67,0,62
BRDA:364,67,1,62
BRDA:368,68,0,2
BRDA:368,68,1,60
BRDA:369,69,0,0
BRDA:369,69,1,2
BRDA:372,70,0,0
BRDA:372,70,1,60
BRDA:373,71,0,0
BRDA:373,71,1,0
BRDA:376,72,0,0
BRDA:376,72,1,60
BRDA:381,73,0,2
BRDA:381,73,1,60
BRDA:381,74,0,62
BRDA:381,74,1,60
BRDA:383,75,0,0
BRDA:383,75,1,60
BRDA:388,76,0,2
BRDA:388,76,1,60
BRDA:389,77,0,0
BRDA:389,77,1,2
BRDA:392,78,0,0
BRDA:392,78,1,60
BRDA:394,79,0,0
BRDA:394,79,1,60
BRDA:405,80,0,31
BRDA:405,80,1,0
BRDA:411,81,0,4
BRDA:411,81,1,58
BRDA:413,82,0,2
BRDA:413,82,1,2
BRDA:420,83,0,2
BRDA:420,83,1,60
BRDA:433,84,0,2
BRDA:433,84,1,0
BRDA:439,85,0,0
BRDA:439,85,1,2
BRDA:456,86,0,2
BRDA:456,86,1,16
BRDA:475,87,0,1
BRDA:475,87,1,17
BRDA:477,88,0,18
BRDA:477,88,1,13
BRDA:487,89,0,0
BRDA:487,89,1,1
BRDA:488,90,0,1
BRDA:488,90,1,0
BRDA:491,91,0,1
BRDA:491,91,1,17
BRDA:498,92,0,0
BRDA:498,92,1,1
BRDA:499,93,0,1
BRDA:499,93,1,0
BRDA:530,94,0,1
BRDA:530,94,1,17
BRDA:534,95,0,1
BRDA:534,95,1,17
BRDA:548,96,0,1
BRDA:548,96,1,17
BRDA:552,97,0,1
BRDA:552,97,1,17
BRDA:566,98,0,1
BRDA:566,98,1,17
BRDA:570,99,0,1
BRDA:570,99,1,17
BRDA:584,100,0,1
BRDA:584,100,1,17
BRDA:589,101,0,1
BRDA:589,101,1,17
BRDA:602,102,0,0
BRDA:602,102,1,4
BRDA:603,103,0,4
BRDA:603,103,1,0
BRDA:606,104,0,1
BRDA:606,104,1,17
BRDA:613,105,0,0
BRDA:613,105,1,4
BRDA:614,106,0,4
BRDA:614,106,1,0
BRF:216
BRH:165
end_of_record
TN:
SF:assets\images\react-logo.png
FNF:0
FNH:0
DA:1,1
LF:1
LH:1
BRF:0
BRH:0
end_of_record
TN:
SF:components\themed-text.tsx
FN:11,ThemedText
FNF:1
FNH:1
FNDA:6,ThemedText
DA:18,6
DA:20,6
DA:36,1
LF:3
LH:3
BRDA:15,0,0,0
BRDA:24,1,0,0
BRDA:24,1,1,6
BRDA:25,2,0,3
BRDA:25,2,1,3
BRDA:26,3,0,0
BRDA:26,3,1,6
BRDA:27,4,0,0
BRDA:27,4,1,6
BRDA:28,5,0,3
BRDA:28,5,1,3
BRF:11
BRH:7
end_of_record
TN:
SF:components\themed-view.tsx
FN:10,ThemedView
FNF:1
FNH:1
FNDA:3,ThemedView
DA:11,3
DA:13,3
LF:2
LH:2
BRF:0
BRH:0
end_of_record
TN:
SF:constants\theme.ts
FNF:0
FNH:0
DA:8,1
DA:9,1
DA:11,1
DA:30,1
LF:4
LH:4
BRF:0
BRH:0
end_of_record
TN:
SF:context\HealthLogsContext.tsx
FN:175,(anonymous_0)
FN:182,(anonymous_1)
FN:183,(anonymous_2)
FN:191,(anonymous_3)
FN:206,(anonymous_4)
FN:209,(anonymous_5)
FN:212,(anonymous_6)
FN:222,(anonymous_7)
FN:226,(anonymous_8)
FN:229,(anonymous_9)
FN:233,(anonymous_10)
FN:236,(anonymous_11)
FN:239,(anonymous_12)
FN:239,(anonymous_13)
FN:242,(anonymous_14)
FN:244,(anonymous_15)
FN:245,(anonymous_16)
FN:258,(anonymous_17)
FNF:18
FNH:6
FNDA:4,(anonymous_0)
FNDA:2,(anonymous_1)
FNDA:2,(anonymous_2)
FNDA:0,(anonymous_3)
FNDA:4,(anonymous_4)
FNDA:2,(anonymous_5)
FNDA:0,(anonymous_6)
FNDA:2,(anonymous_7)
FNDA:0,(anonymous_8)
FNDA:0,(anonymous_9)
FNDA:0,(anonymous_10)
FNDA:0,(anonymous_11)
FNDA:0,(anonymous_12)
FNDA:0,(anonymous_13)
FNDA:0,(anonymous_14)
FNDA:0,(anonymous_15)
FNDA:0,(anonymous_16)
FNDA:0,(anonymous_17)
DA:28,1
DA:32,1
DA:35,1
DA:175,1
DA:178,4
DA:179,4
DA:182,4
DA:183,2
DA:184,2
DA:185,2
DA:186,0
DA:188,0
DA:191,0
DA:196,0
DA:198,2
DA:200,2
DA:206,4
DA:207,4
DA:209,2
DA:210,2
DA:211,2
DA:212,0
DA:214,2
DA:216,2
DA:221,4
DA:222,2
DA:226,4
DA:227,0
DA:229,0
DA:232,0
DA:233,0
DA:236,4
DA:238,0
DA:239,0
DA:242,4
DA:243,0
DA:244,0
DA:245,0
DA:249,4
DA:258,1
DA:259,0
DA:260,0
DA:261,0
DA:262,0
LF:44
LH:26
BRDA:186,0,0,0
BRDA:186,0,1,0
BRDA:207,1,0,2
BRDA:207,1,1,2
BRDA:238,2,0,0
BRDA:238,2,1,0
BRDA:243,3,0,0
BRDA:243,3,1,0
BRDA:245,4,0,0
BRDA:245,4,1,0
BRDA:260,5,0,0
BRDA:260,5,1,0
BRF:12
BRH:2
end_of_record
TN:
SF:context\MessagesContext.tsx
FN:63,MessagesProvider
FN:66,(anonymous_1)
FN:67,(anonymous_2)
FN:68,(anonymous_3)
FN:73,(anonymous_4)
FN:73,(anonymous_5)
FN:77,(anonymous_6)
FN:80,(anonymous_7)
FN:91,useMessages
FNF:9
FNH:9
FNDA:9,MessagesProvider
FNDA:1,(anonymous_1)
FNDA:1,(anonymous_2)
FNDA:2,(anonymous_3)
FNDA:9,(anonymous_4)
FNDA:19,(anonymous_5)
FNDA:7,(anonymous_6)
FNDA:9,(anonymous_7)
FNDA:10,useMessages
DA:28,2
DA:30,2
DA:64,9
DA:66,9
DA:67,1
DA:68,2
DA:72,9
DA:73,19
DA:77,9
DA:79,9
DA:80,9
DA:84,9
DA:92,10
DA:93,9
DA:94,2
DA:95,7
LF:16
LH:16
BRDA:68,0,0,1
BRDA:68,0,1,1
BRDA:93,1,0,2
BRDA:93,1,1,7
BRF:4
BRH:4
end_of_record
TN:
SF:context\ScheduledAppointmentsContext.tsx
FN:114,parseAppointmentDate
FN:120,(anonymous_1)
FN:128,(anonymous_2)
FN:129,(anonymous_3)
FN:142,(anonymous_4)
FN:152,(anonymous_5)
FN:153,(anonymous_6)
FN:162,(anonymous_7)
FN:163,(anonymous_8)
FN:175,(anonymous_9)
FN:176,(anonymous_10)
FN:181,(anonymous_11)
FN:186,(anonymous_12)
FN:191,(anonymous_13)
FN:197,(anonymous_14)
FN:201,(anonymous_15)
FN:204,(anonymous_16)
FN:231,(anonymous_17)
FNF:18
FNH:18
FNDA:80,parseAppointmentDate
FNDA:11,(anonymous_1)
FNDA:5,(anonymous_2)
FNDA:5,(anonymous_3)
FNDA:4,(anonymous_4)
FNDA:6,(anonymous_5)
FNDA:6,(anonymous_6)
FNDA:10,(anonymous_7)
FNDA:10,(anonymous_8)
FNDA:4,(anonymous_9)
FNDA:4,(anonymous_10)
FNDA:10,(anonymous_11)
FNDA:10,(anonymous_12)
FNDA:80,(anonymous_13)
FNDA:40,(anonymous_14)
FNDA:1,(anonymous_15)
FNDA:1,(anonymous_16)
FNDA:10,(anonymous_17)
DA:26,1
DA:28,1
DA:29,1
DA:31,1
DA:116,80
DA:117,80
DA:120,1
DA:124,11
DA:125,11
DA:128,11
DA:129,5
DA:130,5
DA:131,5
DA:132,5
DA:134,5
DA:135,1
DA:136,1
DA:139,5
DA:140,1
DA:141,1
DA:142,4
DA:146,0
DA:152,11
DA:153,6
DA:154,6
DA:155,6
DA:157,0
DA:162,11
DA:163,10
DA:164,10
DA:165,10
DA:170,0
DA:175,11
DA:176,4
DA:177,4
DA:181,11
DA:182,10
DA:186,11
DA:187,10
DA:188,10
DA:189,10
DA:191,10
DA:192,80
DA:193,80
DA:194,80
DA:197,40
DA:198,10
DA:201,11
DA:202,1
DA:203,1
DA:204,1
DA:205,1
DA:206,1
DA:207,1
DA:209,0
DA:214,11
DA:224,11
DA:231,1
DA:232,10
DA:233,10
DA:234,0
DA:236,10
LF:62
LH:57
BRDA:117,0,0,0
BRDA:117,0,1,80
BRDA:134,1,0,1
BRDA:134,1,1,4
BRDA:136,2,0,1
BRDA:136,2,1,0
BRDA:139,3,0,1
BRDA:139,3,1,4
BRDA:141,4,0,1
BRDA:141,4,1,0
BRDA:177,5,0,1
BRDA:177,5,1,3
BRDA:193,6,0,0
BRDA:193,6,1,80
BRDA:194,7,0,80
BRDA:194,7,1,80
BRDA:233,8,0,0
BRDA:233,8,1,10
BRF:18
BRH:13
end_of_record
TN:
SF:context\TasksContext.tsx
FN:37,formatTodayPrefix
FN:43,(anonymous_1)
FN:47,(anonymous_2)
FN:48,(anonymous_3)
FN:55,(anonymous_4)
FN:56,(anonymous_5)
FN:57,(anonymous_6)
FN:70,(anonymous_7)
FN:71,(anonymous_8)
FN:73,(anonymous_9)
FN:76,(anonymous_10)
FN:84,(anonymous_11)
FN:86,(anonymous_12)
FN:86,(anonymous_13)
FN:91,(anonymous_14)
FN:91,(anonymous_15)
FN:96,(anonymous_16)
FN:96,(anonymous_17)
FN:100,(anonymous_18)
FN:101,(anonymous_19)
FN:102,(anonymous_20)
FN:106,(anonymous_21)
FN:107,(anonymous_22)
FN:108,(anonymous_23)
FN:113,(anonymous_24)
FN:114,(anonymous_25)
FN:114,(anonymous_26)
FN:117,(anonymous_27)
FN:118,(anonymous_28)
FN:118,(anonymous_29)
FN:134,(anonymous_30)
FNF:31
FNH:31
FNDA:5,formatTodayPrefix
FNDA:11,(anonymous_1)
FNDA:5,(anonymous_2)
FNDA:5,(anonymous_3)
FNDA:1,(anonymous_4)
FNDA:9,(anonymous_5)
FNDA:2,(anonymous_6)
FNDA:11,(anonymous_7)
FNDA:11,(anonymous_8)
FNDA:104,(anonymous_9)
FNDA:5,(anonymous_10)
FNDA:5,(anonymous_11)
FNDA:11,(anonymous_12)
FNDA:104,(anonymous_13)
FNDA:11,(anonymous_14)
FNDA:48,(anonymous_15)
FNDA:11,(anonymous_16)
FNDA:48,(anonymous_17)
FNDA:1,(anonymous_18)
FNDA:1,(anonymous_19)
FNDA:9,(anonymous_20)
FNDA:2,(anonymous_21)
FNDA:2,(anonymous_22)
FNDA:18,(anonymous_23)
FNDA:1,(anonymous_24)
FNDA:1,(anonymous_25)
FNDA:10,(anonymous_26)
FNDA:1,(anonymous_27)
FNDA:1,(anonymous_28)
FNDA:10,(anonymous_29)
FNDA:11,(anonymous_30)
DA:21,1
DA:23,1
DA:25,1
DA:39,5
DA:40,5
DA:43,1
DA:44,11
DA:47,11
DA:48,5
DA:49,5
DA:50,5
DA:51,5
DA:53,1
DA:55,1
DA:56,9
DA:57,2
DA:61,1
DA:64,0
DA:70,11
DA:71,11
DA:72,11
DA:73,104
DA:74,11
DA:76,5
DA:79,0
DA:84,11
DA:85,11
DA:86,104
DA:90,11
DA:91,48
DA:95,11
DA:96,48
DA:100,11
DA:101,1
DA:102,9
DA:106,11
DA:107,2
DA:108,18
DA:109,2
DA:113,11
DA:114,10
DA:117,11
DA:118,10
DA:121,11
DA:131,11
DA:134,1
DA:135,11
DA:136,11
DA:137,11
LF:49
LH:47
BRDA:51,0,0,4
BRDA:51,0,1,1
BRDA:102,1,0,1
BRDA:102,1,1,8
BRDA:118,2,0,1
BRDA:118,2,1,9
BRDA:136,3,0,0
BRDA:136,3,1,11
BRF:8
BRH:7
end_of_record
TN:
SF:context\ThemeContext.tsx
FN:14,ThemeProvider
FN:17,(anonymous_1)
FN:24,(anonymous_2)
FN:25,(anonymous_3)
FN:33,(anonymous_4)
FN:41,(anonymous_5)
FN:48,useTheme
FNF:7
FNH:7
FNDA:8,ThemeProvider
FNDA:1,(anonymous_1)
FNDA:4,(anonymous_2)
FNDA:4,(anonymous_3)
FNDA:1,(anonymous_4)
FNDA:8,(anonymous_5)
FNDA:11,useTheme
DA:10,1
DA:12,1
DA:15,8
DA:17,8
DA:18,1
DA:19,1
DA:20,1
DA:24,8
DA:25,4
DA:26,4
DA:27,4
DA:28,4
DA:33,8
DA:34,1
DA:35,1
DA:36,1
DA:40,8
DA:41,8
DA:45,8
DA:49,11
DA:50,10
DA:51,8
LF:22
LH:22
BRDA:28,0,0,2
BRDA:28,0,1,2
BRDA:50,1,0,2
BRDA:50,1,1,8
BRF:4
BRH:4
end_of_record
TN:
SF:hooks\use-color-scheme.ts
FNF:0
FNH:0
LF:0
LH:0
BRF:0
BRH:0
end_of_record
TN:
SF:hooks\use-theme-color.ts
FN:9,useThemeColor
FNF:1
FNH:1
FNDA:9,useThemeColor
DA:13,9
DA:14,9
DA:16,9
DA:17,0
DA:19,9
LF:5
LH:4
BRDA:13,0,0,9
BRDA:13,0,1,0
BRDA:16,1,0,0
BRDA:16,1,1,9
BRF:4
BRH:2
end_of_record
