TN:
SF:app\_layout.tsx
FN:13,RootLayout
FNF:1
FNH:1
FNDA:2,RootLayout
DA:14,2
DA:34,1
LF:2
LH:2
BRF:0
BRH:0
end_of_record
TN:
SF:app\add-task.tsx
FN:20,(anonymous_0)
FN:34,(anonymous_1)
FN:44,AddTaskScreen
FN:64,(anonymous_3)
FN:66,(anonymous_4)
FN:309,(anonymous_5)
FN:329,(anonymous_6)
FNF:7
FNH:7
FNDA:3,(anonymous_0)
FNDA:5,(anonymous_1)
FNDA:13,AddTaskScreen
FNDA:3,(anonymous_3)
FNDA:2,(anonymous_4)
FNDA:13,(anonymous_5)
FNDA:13,(anonymous_6)
DA:20,1
DA:21,3
DA:23,3
DA:24,3
DA:25,3
DA:27,3
DA:28,3
DA:30,3
DA:34,1
DA:35,5
DA:38,5
DA:39,5
DA:41,5
DA:45,13
DA:46,13
DA:48,13
DA:49,13
DA:50,13
DA:52,13
DA:64,13
DA:66,13
DA:67,2
DA:68,1
DA:69,1
DA:72,1
DA:73,1
DA:75,1
DA:77,1
DA:83,1
DA:86,13
DA:309,13
DA:329,13
DA:356,1
LF:33
LH:33
BRDA:21,0,0,0
BRDA:21,0,1,3
BRDA:25,1,0,3
BRDA:25,1,1,0
BRDA:27,2,0,2
BRDA:27,2,1,1
BRDA:28,3,0,2
BRDA:28,3,1,1
BRDA:28,4,0,0
BRDA:28,4,1,1
BRDA:35,5,0,0
BRDA:35,5,1,5
BRDA:39,6,0,5
BRDA:39,6,1,0
BRDA:39,7,0,5
BRDA:39,7,1,0
BRDA:53,8,0,1
BRDA:53,8,1,12
BRDA:54,9,0,1
BRDA:54,9,1,12
BRDA:55,10,0,1
BRDA:55,10,1,12
BRDA:56,11,0,1
BRDA:56,11,1,12
BRDA:57,12,0,1
BRDA:57,12,1,12
BRDA:58,13,0,1
BRDA:58,13,1,12
BRDA:59,14,0,1
BRDA:59,14,1,12
BRDA:60,15,0,1
BRDA:60,15,1,12
BRDA:61,16,0,1
BRDA:61,16,1,12
BRDA:67,17,0,1
BRDA:67,17,1,1
BRDA:67,18,0,2
BRDA:67,18,1,1
BRDA:67,18,2,1
BRDA:113,19,0,1
BRDA:113,19,1,12
BRDA:121,20,0,1
BRDA:121,20,1,12
BRDA:127,21,0,1
BRDA:127,21,1,12
BRDA:154,22,0,13
BRDA:154,22,1,0
BRDA:204,23,0,1
BRDA:204,23,1,12
BRDA:236,24,0,1
BRDA:236,24,1,12
BRDA:255,25,0,4
BRDA:255,25,1,9
BRDA:275,26,0,1
BRDA:275,26,1,12
BRDA:294,27,0,2
BRDA:294,27,1,11
BRDA:311,28,0,1
BRDA:311,28,1,12
BRDA:312,29,0,13
BRDA:312,29,1,0
BRDA:331,30,0,1
BRDA:331,30,1,12
BRDA:332,31,0,13
BRDA:332,31,1,0
BRF:65
BRH:56
end_of_record
TN:
SF:app\emergency-sos.tsx
FN:8,EmergencySOS
FN:13,(anonymous_1)
FN:30,(anonymous_2)
FN:76,(anonymous_3)
FN:104,(anonymous_4)
FNF:5
FNH:5
FNDA:8,EmergencySOS
FNDA:4,(anonymous_1)
FNDA:1,(anonymous_2)
FNDA:1,(anonymous_3)
FNDA:3,(anonymous_4)
DA:9,8
DA:10,8
DA:11,8
DA:13,8
DA:14,4
DA:15,4
DA:17,4
DA:18,4
DA:19,4
DA:20,1
DA:21,1
DA:23,3
DA:25,1
DA:26,1
DA:30,8
DA:31,1
DA:34,8
DA:76,1
DA:104,3
DA:157,1
LF:20
LH:20
BRDA:19,0,0,1
BRDA:19,0,1,3
BRDA:42,1,0,8
BRDA:42,1,1,1
BRDA:55,2,0,1
BRDA:55,2,1,7
BRDA:62,3,0,1
BRDA:62,3,1,7
BRDA:71,4,0,8
BRDA:71,4,1,1
BRDA:83,5,0,1
BRDA:83,5,1,7
BRDA:89,6,0,1
BRDA:89,6,1,7
BRDA:95,7,0,1
BRDA:95,7,1,7
BRDA:111,8,0,1
BRDA:111,8,1,7
BRDA:117,9,0,1
BRDA:117,9,1,7
BRDA:123,10,0,1
BRDA:123,10,1,7
BRDA:139,11,0,1
BRDA:139,11,1,7
BRDA:145,12,0,1
BRDA:145,12,1,7
BRF:26
BRH:26
end_of_record
TN:
SF:app\forgot-username.tsx
FN:14,ForgotUsernameScreen
FN:21,(anonymous_1)
FN:45,(anonymous_2)
FN:60,(anonymous_3)
FN:163,(anonymous_4)
FNF:5
FNH:5
FNDA:12,ForgotUsernameScreen
FNDA:6,(anonymous_1)
FNDA:3,(anonymous_2)
FNDA:1,(anonymous_3)
FNDA:1,(anonymous_4)
DA:15,12
DA:17,12
DA:18,12
DA:19,12
DA:21,12
DA:22,6
DA:45,12
DA:46,3
DA:47,3
DA:49,3
DA:50,1
DA:51,1
DA:54,2
DA:55,1
DA:56,1
DA:60,1
DA:62,1
DA:65,12
DA:163,1
DA:182,1
LF:20
LH:20
BRDA:22,0,0,1
BRDA:22,0,1,5
BRDA:49,1,0,1
BRDA:49,1,1,2
BRDA:54,2,0,1
BRDA:54,2,1,1
BRDA:68,3,0,12
BRDA:68,3,1,0
BRDA:105,4,0,1
BRDA:105,4,1,11
BRDA:119,5,0,2
BRDA:119,5,1,10
BRDA:130,6,0,1
BRDA:130,6,1,11
BRDA:148,7,0,1
BRDA:148,7,1,11
BRDA:153,8,0,1
BRDA:153,8,1,11
BRF:18
BRH:17
end_of_record
TN:
SF:app\index.tsx
FN:14,Index
FN:23,(anonymous_1)
FN:33,(anonymous_2)
FN:39,(anonymous_3)
FN:47,(anonymous_4)
FN:59,(anonymous_5)
FN:158,(anonymous_6)
FN:177,(anonymous_7)
FN:254,(anonymous_8)
FN:257,(anonymous_9)
FN:259,(anonymous_10)
FN:330,(anonymous_11)
FN:344,(anonymous_12)
FNF:13
FNH:12
FNDA:34,Index
FNDA:6,(anonymous_1)
FNDA:12,(anonymous_2)
FNDA:2,(anonymous_3)
FNDA:14,(anonymous_4)
FNDA:12,(anonymous_5)
FNDA:0,(anonymous_6)
FNDA:1,(anonymous_7)
FNDA:204,(anonymous_8)
FNDA:384,(anonymous_9)
FNDA:14,(anonymous_10)
FNDA:1,(anonymous_11)
FNDA:1,(anonymous_12)
DA:15,34
DA:17,34
DA:18,34
DA:19,34
DA:21,34
DA:23,34
DA:24,6
DA:26,6
DA:28,6
DA:29,2
DA:30,2
DA:33,12
DA:34,2
DA:35,2
DA:38,2
DA:39,2
DA:40,2
DA:42,0
DA:43,0
DA:47,34
DA:48,14
DA:49,14
DA:50,14
DA:51,14
DA:53,14
DA:54,10
DA:59,34
DA:60,12
DA:85,34
DA:177,1
DA:255,204
DA:257,384
DA:259,14
DA:330,1
DA:344,1
DA:373,3
LF:36
LH:34
BRDA:28,0,0,2
BRDA:28,0,1,4
BRDA:33,1,0,2
BRDA:33,1,1,2
BRDA:33,2,0,4
BRDA:33,2,1,2
BRDA:48,3,0,14
BRDA:48,3,1,0
BRDA:48,4,0,14
BRDA:48,4,1,14
BRDA:53,5,0,10
BRDA:53,5,1,4
BRDA:53,6,0,14
BRDA:53,6,1,12
BRDA:60,7,0,1
BRDA:60,7,1,11
BRDA:88,8,0,34
BRDA:88,8,1,0
BRDA:104,9,0,1
BRDA:104,9,1,33
BRDA:113,10,0,1
BRDA:113,10,1,33
BRDA:128,11,0,1
BRDA:128,11,1,33
BRDA:142,12,0,1
BRDA:142,12,1,33
BRDA:143,13,0,1
BRDA:143,13,1,33
BRDA:150,14,0,1
BRDA:150,14,1,33
BRDA:165,15,0,1
BRDA:165,15,1,33
BRDA:169,16,0,1
BRDA:169,16,1,33
BRDA:186,17,0,1
BRDA:186,17,1,33
BRDA:228,18,0,1
BRDA:228,18,1,33
BRDA:279,19,0,1
BRDA:279,19,1,33
BRDA:287,20,0,4
BRDA:287,20,1,30
BRDA:295,21,0,0
BRDA:295,21,1,4
BRDA:313,22,0,1
BRDA:313,22,1,33
BRDA:317,23,0,1
BRDA:317,23,1,33
BRDA:362,24,0,1
BRDA:362,24,1,33
BRF:50
BRH:47
end_of_record
TN:
SF:app\modal.tsx
FN:7,ModalScreen
FNF:1
FNH:1
FNDA:3,ModalScreen
DA:8,3
DA:18,1
LF:2
LH:2
BRF:0
BRH:0
end_of_record
TN:
SF:app\notification-settings.tsx
FN:41,NotificationSettingsScreen
FN:58,(anonymous_1)
FN:94,(anonymous_2)
FN:114,(anonymous_3)
FN:119,(anonymous_4)
FN:138,(anonymous_5)
FN:166,(anonymous_6)
FN:204,(anonymous_7)
FN:213,(anonymous_8)
FN:214,(anonymous_9)
FN:270,(anonymous_10)
FN:293,(anonymous_11)
FN:294,(anonymous_12)
FN:436,(anonymous_13)
FNF:14
FNH:12
FNDA:11,NotificationSettingsScreen
FNDA:5,(anonymous_1)
FNDA:11,(anonymous_2)
FNDA:11,(anonymous_3)
FNDA:1,(anonymous_4)
FNDA:33,(anonymous_5)
FNDA:22,(anonymous_6)
FNDA:88,(anonymous_7)
FNDA:1,(anonymous_8)
FNDA:88,(anonymous_9)
FNDA:0,(anonymous_10)
FNDA:0,(anonymous_11)
FNDA:11,(anonymous_12)
FNDA:11,(anonymous_13)
DA:29,1
DA:31,1
DA:42,11
DA:44,11
DA:45,11
DA:46,11
DA:49,11
DA:52,11
DA:55,11
DA:56,11
DA:58,11
DA:59,5
DA:94,11
DA:95,11
DA:96,11
DA:97,11
DA:99,1
DA:101,1
DA:102,1
DA:103,1
DA:104,1
DA:105,1
DA:106,1
DA:107,1
DA:109,0
DA:113,11
DA:115,11
DA:119,11
DA:120,1
DA:130,1
DA:131,1
DA:132,1
DA:134,0
DA:138,11
DA:149,33
DA:166,11
DA:178,22
DA:181,22
DA:183,22
DA:184,22
DA:185,22
DA:187,22
DA:193,22
DA:199,22
DA:205,88
DA:206,88
DA:213,1
DA:214,88
DA:241,11
DA:270,0
DA:293,0
DA:294,11
DA:436,11
DA:495,1
LF:54
LH:50
BRDA:59,0,0,1
BRDA:59,0,1,4
BRDA:97,1,0,10
BRDA:97,1,1,1
BRDA:101,2,0,1
BRDA:101,2,1,0
BRDA:102,3,0,1
BRDA:102,3,1,0
BRDA:103,4,0,1
BRDA:103,4,1,0
BRDA:104,5,0,1
BRDA:104,5,1,0
BRDA:105,6,0,1
BRDA:105,6,1,0
BRDA:106,7,0,1
BRDA:106,7,1,0
BRDA:107,8,0,1
BRDA:107,8,1,0
BRDA:157,9,0,3
BRDA:157,9,1,30
BRDA:161,10,0,3
BRDA:161,10,1,30
BRDA:161,11,0,2
BRDA:161,11,1,1
BRDA:178,12,0,11
BRDA:178,12,1,11
BRDA:181,13,0,11
BRDA:181,13,1,11
BRDA:181,14,0,1
BRDA:181,14,1,10
BRDA:183,15,0,2
BRDA:183,15,1,20
BRDA:187,16,0,2
BRDA:187,16,1,20
BRDA:189,17,0,10
BRDA:189,17,1,10
BRDA:193,18,0,2
BRDA:193,18,1,20
BRDA:195,19,0,10
BRDA:195,19,1,10
BRDA:217,20,0,22
BRDA:217,20,1,66
BRDA:218,21,0,22
BRDA:218,21,1,66
BRDA:220,22,0,88
BRDA:220,22,1,0
BRDA:228,23,0,22
BRDA:228,23,1,66
BRDA:260,24,0,1
BRDA:260,24,1,10
BRDA:263,25,0,1
BRDA:263,25,1,10
BRDA:297,26,0,11
BRDA:297,26,1,0
BRDA:373,27,0,11
BRDA:373,27,1,6
BRDA:416,28,0,0
BRDA:416,28,1,6
BRDA:417,29,0,0
BRDA:417,29,1,6
BRDA:421,30,0,0
BRDA:421,30,1,6
BRDA:439,31,0,11
BRDA:439,31,1,0
BRDA:442,32,0,1
BRDA:442,32,1,10
BRDA:455,33,0,1
BRDA:455,33,1,10
BRDA:461,34,0,1
BRDA:461,34,1,10
BRDA:467,35,0,1
BRDA:467,35,1,10
BRDA:473,36,0,1
BRDA:473,36,1,10
BRDA:485,37,0,1
BRDA:485,37,1,10
BRF:76
BRH:63
end_of_record
TN:
SF:app\register.tsx
FN:14,Register
FN:25,(anonymous_1)
FN:49,(anonymous_2)
FN:53,(anonymous_3)
FN:62,(anonymous_4)
FN:69,(anonymous_5)
FN:71,(anonymous_6)
FN:90,(anonymous_7)
FN:220,(anonymous_8)
FN:223,(anonymous_9)
FN:225,(anonymous_10)
FN:274,(anonymous_11)
FNF:12
FNH:12
FNDA:40,Register
FNDA:12,(anonymous_1)
FNDA:17,(anonymous_2)
FNDA:17,(anonymous_3)
FNDA:7,(anonymous_4)
FNDA:12,(anonymous_5)
FNDA:2,(anonymous_6)
FNDA:2,(anonymous_7)
FNDA:240,(anonymous_8)
FNDA:456,(anonymous_9)
FNDA:17,(anonymous_10)
FNDA:1,(anonymous_11)
DA:15,40
DA:17,40
DA:18,40
DA:19,40
DA:20,40
DA:21,40
DA:23,40
DA:25,40
DA:26,12
DA:49,40
DA:50,17
DA:51,17
DA:53,17
DA:54,17
DA:55,17
DA:56,17
DA:59,17
DA:62,40
DA:63,7
DA:64,7
DA:66,7
DA:67,5
DA:68,4
DA:69,12
DA:71,2
DA:72,2
DA:75,40
DA:90,2
DA:221,240
DA:223,456
DA:225,17
DA:274,1
DA:294,2
LF:33
LH:33
BRDA:26,0,0,1
BRDA:26,0,1,11
BRDA:50,1,0,0
BRDA:50,1,1,17
BRDA:51,2,0,0
BRDA:51,2,1,17
BRDA:51,3,0,17
BRDA:51,3,1,17
BRDA:59,4,0,15
BRDA:59,4,1,2
BRDA:59,5,0,17
BRDA:59,5,1,17
BRDA:66,6,0,2
BRDA:66,6,1,5
BRDA:67,7,0,1
BRDA:67,7,1,4
BRDA:68,8,0,1
BRDA:68,8,1,3
BRDA:69,9,0,1
BRDA:69,9,1,2
BRDA:69,10,0,3
BRDA:69,10,1,2
BRDA:78,11,0,40
BRDA:78,11,1,0
BRDA:122,12,0,1
BRDA:122,12,1,39
BRDA:123,13,0,1
BRDA:123,13,1,39
BRDA:154,14,0,1
BRDA:154,14,1,39
BRDA:177,15,0,1
BRDA:177,15,1,39
BRDA:199,16,0,1
BRDA:199,16,1,39
BRDA:240,17,0,5
BRDA:240,17,1,35
BRDA:248,18,0,0
BRDA:248,18,1,5
BRDA:263,19,0,1
BRDA:263,19,1,39
BRDA:266,20,0,1
BRDA:266,20,1,39
BRF:42
BRH:38
end_of_record
TN:
SF:app\(tabs)\alerts.tsx
FN:17,AlertsScreen
FN:35,(anonymous_1)
FN:50,(anonymous_2)
FN:93,(anonymous_3)
FN:141,(anonymous_4)
FN:146,(anonymous_5)
FN:190,(anonymous_6)
FN:195,(anonymous_7)
FNF:8
FNH:7
FNDA:6,AlertsScreen
FNDA:6,(anonymous_1)
FNDA:6,(anonymous_2)
FNDA:0,(anonymous_3)
FNDA:1,(anonymous_4)
FNDA:6,(anonymous_5)
FNDA:1,(anonymous_6)
FNDA:6,(anonymous_7)
DA:18,6
DA:20,6
DA:21,6
DA:23,6
DA:35,6
DA:36,6
DA:37,6
DA:38,6
DA:40,1
DA:41,1
DA:42,1
DA:44,0
DA:49,6
DA:51,6
DA:55,6
DA:93,0
DA:141,1
DA:146,6
DA:190,1
DA:195,6
DA:378,1
LF:21
LH:19
BRDA:24,0,0,1
BRDA:24,0,1,5
BRDA:25,1,0,1
BRDA:25,1,1,5
BRDA:26,2,0,1
BRDA:26,2,1,5
BRDA:27,3,0,1
BRDA:27,3,1,5
BRDA:28,4,0,1
BRDA:28,4,1,5
BRDA:29,5,0,1
BRDA:29,5,1,5
BRDA:30,6,0,1
BRDA:30,6,1,5
BRDA:32,7,0,1
BRDA:32,7,1,5
BRDA:38,8,0,5
BRDA:38,8,1,1
BRDA:41,9,0,1
BRDA:41,9,1,0
BRDA:42,10,0,1
BRDA:42,10,1,0
BRDA:74,11,0,1
BRDA:74,11,1,5
BRDA:80,12,0,1
BRDA:80,12,1,5
BRDA:101,13,0,1
BRDA:101,13,1,5
BRDA:149,14,0,1
BRDA:149,14,1,5
BRDA:152,15,0,6
BRDA:152,15,1,0
BRDA:156,16,0,1
BRDA:156,16,1,5
BRDA:198,17,0,6
BRDA:198,17,1,0
BRDA:226,18,0,1
BRDA:226,18,1,5
BRDA:227,19,0,1
BRDA:227,19,1,5
BRDA:241,20,0,1
BRDA:241,20,1,5
BRDA:253,21,0,1
BRDA:253,21,1,5
BRDA:254,22,0,1
BRDA:254,22,1,5
BRDA:268,23,0,1
BRDA:268,23,1,5
BRDA:281,24,0,1
BRDA:281,24,1,5
BRDA:296,25,0,1
BRDA:296,25,1,5
BRDA:310,26,0,1
BRDA:310,26,1,5
BRDA:324,27,0,1
BRDA:324,27,1,5
BRDA:338,28,0,1
BRDA:338,28,1,5
BRDA:353,29,0,1
BRDA:353,29,1,5
BRDA:367,30,0,1
BRDA:367,30,1,5
BRF:62
BRH:58
end_of_record
TN:
SF:app\(tabs)\communication.tsx
FN:18,CommunicationScreen
FN:28,(anonymous_1)
FN:45,(anonymous_2)
FN:50,(anonymous_3)
FN:61,(anonymous_4)
FN:67,(anonymous_5)
FN:76,(anonymous_6)
FN:109,(anonymous_7)
FN:170,(anonymous_8)
FN:175,(anonymous_9)
FN:196,(anonymous_10)
FN:278,(anonymous_11)
FN:283,(anonymous_12)
FN:303,(anonymous_13)
FN:308,(anonymous_14)
FN:341,(anonymous_15)
FN:346,(anonymous_16)
FNF:17
FNH:8
FNDA:3,CommunicationScreen
FNDA:3,(anonymous_1)
FNDA:0,(anonymous_2)
FNDA:0,(anonymous_3)
FNDA:0,(anonymous_4)
FNDA:0,(anonymous_5)
FNDA:0,(anonymous_6)
FNDA:0,(anonymous_7)
FNDA:1,(anonymous_8)
FNDA:3,(anonymous_9)
FNDA:3,(anonymous_10)
FNDA:0,(anonymous_11)
FNDA:3,(anonymous_12)
FNDA:0,(anonymous_13)
FNDA:3,(anonymous_14)
FNDA:0,(anonymous_15)
FNDA:3,(anonymous_16)
DA:19,3
DA:20,3
DA:21,3
DA:23,3
DA:24,3
DA:25,3
DA:27,3
DA:28,3
DA:45,3
DA:46,0
DA:47,0
DA:50,3
DA:51,0
DA:52,0
DA:53,0
DA:54,0
DA:55,0
DA:57,0
DA:61,0
DA:67,3
DA:68,0
DA:69,0
DA:70,0
DA:72,0
DA:73,0
DA:76,3
DA:77,0
DA:78,0
DA:79,0
DA:82,3
DA:84,3
DA:109,0
DA:170,1
DA:175,3
DA:196,3
DA:278,0
DA:283,3
DA:308,3
DA:346,3
DA:508,1
LF:40
LH:21
BRDA:29,0,0,1
BRDA:29,0,1,2
BRDA:30,1,0,1
BRDA:30,1,1,2
BRDA:31,2,0,1
BRDA:31,2,1,2
BRDA:32,3,0,1
BRDA:32,3,1,2
BRDA:33,4,0,1
BRDA:33,4,1,2
BRDA:34,5,0,1
BRDA:34,5,1,2
BRDA:35,6,0,1
BRDA:35,6,1,2
BRDA:36,7,0,1
BRDA:36,7,1,2
BRDA:51,8,0,0
BRDA:51,8,1,0
BRDA:52,9,0,0
BRDA:52,9,1,0
BRDA:54,10,0,0
BRDA:54,10,1,0
BRDA:68,11,0,0
BRDA:68,11,1,0
BRDA:98,12,0,1
BRDA:98,12,1,2
BRDA:117,13,0,1
BRDA:117,13,1,2
BRDA:178,14,0,3
BRDA:178,14,1,0
BRDA:182,15,0,1
BRDA:182,15,1,2
BRDA:194,16,0,0
BRDA:194,16,1,3
BRDA:194,17,0,0
BRDA:194,17,1,0
BRDA:199,18,0,3
BRDA:199,18,1,0
BRDA:217,19,0,3
BRDA:217,19,1,0
BRDA:285,20,0,3
BRDA:285,20,1,0
BRDA:289,21,0,1
BRDA:289,21,1,2
BRDA:311,22,0,3
BRDA:311,22,1,0
BRDA:325,23,0,1
BRDA:325,23,1,2
BRDA:331,24,0,1
BRDA:331,24,1,2
BRDA:348,25,0,1
BRDA:348,25,1,2
BRDA:349,26,0,3
BRDA:349,26,1,0
BRDA:363,27,0,1
BRDA:363,27,1,2
BRDA:369,28,0,1
BRDA:369,28,1,2
BRDA:386,29,0,1
BRDA:386,29,1,2
BRDA:402,30,0,1
BRDA:402,30,1,2
BRDA:418,31,0,1
BRDA:418,31,1,2
BRDA:434,32,0,1
BRDA:434,32,1,2
BRDA:445,33,0,0
BRDA:445,33,1,3
BRDA:452,34,0,1
BRDA:452,34,1,2
BRDA:456,35,0,3
BRDA:456,35,1,0
BRDA:458,36,0,0
BRDA:458,36,1,0
BRDA:463,37,0,0
BRDA:463,37,1,0
BRDA:480,38,0,1
BRDA:480,38,1,2
BRDA:496,39,0,1
BRDA:496,39,1,2
BRF:80
BRH:57
end_of_record
TN:
SF:app\(tabs)\dashboard.tsx
FN:27,DashboardScreen
FN:38,(anonymous_1)
FN:53,(anonymous_2)
FN:55,(anonymous_3)
FN:67,(anonymous_4)
FN:69,(anonymous_5)
FN:74,(anonymous_6)
FN:128,(anonymous_7)
FN:138,(anonymous_8)
FNF:9
FNH:8
FNDA:22,DashboardScreen
FNDA:22,(anonymous_1)
FNDA:6,(anonymous_2)
FNDA:1,(anonymous_3)
FNDA:132,(anonymous_4)
FNDA:6,(anonymous_5)
FNDA:132,(anonymous_6)
FNDA:132,(anonymous_7)
FNDA:0,(anonymous_8)
DA:28,22
DA:29,22
DA:31,22
DA:32,22
DA:34,22
DA:35,22
DA:37,22
DA:38,22
DA:53,22
DA:55,22
DA:56,1
DA:58,1
DA:61,1
DA:63,1
DA:67,22
DA:68,132
DA:69,6
DA:74,132
DA:128,22
DA:129,132
DA:131,132
DA:133,132
DA:134,132
DA:136,132
DA:138,0
DA:176,22
DA:268,3
LF:27
LH:26
BRDA:39,0,0,3
BRDA:39,0,1,19
BRDA:40,1,0,3
BRDA:40,1,1,19
BRDA:41,2,0,3
BRDA:41,2,1,19
BRDA:42,3,0,3
BRDA:42,3,1,19
BRDA:43,4,0,3
BRDA:43,4,1,19
BRDA:44,5,0,3
BRDA:44,5,1,19
BRDA:45,6,0,3
BRDA:45,6,1,19
BRDA:46,7,0,3
BRDA:46,7,1,19
BRDA:47,8,0,3
BRDA:47,8,1,19
BRDA:48,9,0,3
BRDA:48,9,1,19
BRDA:77,10,0,132
BRDA:77,10,1,0
BRDA:85,11,0,18
BRDA:85,11,1,114
BRDA:89,12,0,18
BRDA:89,12,1,114
BRDA:96,13,0,44
BRDA:96,13,1,88
BRDA:96,14,0,132
BRDA:96,14,1,44
BRDA:100,15,0,42
BRDA:100,15,1,2
BRDA:104,16,0,6
BRDA:104,16,1,38
BRDA:107,17,0,0
BRDA:107,17,1,44
BRDA:129,18,0,132
BRDA:129,18,1,110
BRDA:129,19,0,0
BRDA:129,19,1,110
BRDA:131,20,0,44
BRDA:131,20,1,88
BRDA:131,21,0,132
BRDA:131,21,1,44
BRDA:131,22,0,42
BRDA:131,22,1,2
BRDA:134,23,0,22
BRDA:134,23,1,110
BRDA:138,24,0,132
BRDA:138,24,1,110
BRDA:138,25,0,0
BRDA:138,25,1,0
BRDA:142,26,0,22
BRDA:142,26,1,110
BRDA:143,27,0,110
BRDA:143,27,1,22
BRDA:151,28,0,44
BRDA:151,28,1,88
BRDA:151,29,0,132
BRDA:151,29,1,44
BRDA:155,30,0,3
BRDA:155,30,1,41
BRDA:155,31,0,44
BRDA:155,31,1,22
BRDA:160,32,0,3
BRDA:160,32,1,41
BRDA:160,33,0,44
BRDA:160,33,1,22
BRDA:163,34,0,0
BRDA:163,34,1,44
BRDA:196,35,0,3
BRDA:196,35,1,19
BRDA:202,36,0,3
BRDA:202,36,1,19
BRF:74
BRH:68
end_of_record
TN:
SF:app\(tabs)\explore.tsx
FN:12,TabTwoScreen
FNF:1
FNH:1
FNDA:1,TabTwoScreen
DA:13,1
DA:105,1
LF:2
LH:2
BRF:0
BRH:0
end_of_record
TN:
SF:app\(tabs)\history.tsx
FN:38,HistoryScreen
FN:50,(anonymous_1)
FN:78,(anonymous_2)
FN:88,(anonymous_3)
FN:89,(anonymous_4)
FN:93,(anonymous_5)
FN:111,(anonymous_6)
FN:128,(anonymous_7)
FN:135,(anonymous_8)
FN:136,(anonymous_9)
FN:139,(anonymous_10)
FN:143,(anonymous_11)
FN:144,(anonymous_12)
FN:152,(anonymous_13)
FN:152,(anonymous_14)
FN:155,(anonymous_15)
FN:156,(anonymous_16)
FN:158,(anonymous_17)
FN:169,(anonymous_18)
FN:173,(anonymous_19)
FN:177,(anonymous_20)
FN:184,(anonymous_21)
FN:194,(anonymous_22)
FN:217,(anonymous_23)
FN:232,(anonymous_24)
FN:244,(anonymous_25)
FN:245,(anonymous_26)
FN:264,(anonymous_27)
FN:264,(anonymous_28)
FN:265,(anonymous_29)
FN:287,(anonymous_30)
FN:310,(anonymous_31)
FN:318,(anonymous_32)
FN:351,(anonymous_33)
FN:352,(anonymous_34)
FN:377,(anonymous_35)
FN:382,(anonymous_36)
FN:396,(anonymous_37)
FN:397,(anonymous_38)
FN:416,(anonymous_39)
FN:424,(anonymous_40)
FN:473,(anonymous_41)
FN:474,(anonymous_42)
FN:513,(anonymous_43)
FN:517,(anonymous_44)
FN:521,(anonymous_45)
FN:525,(anonymous_46)
FN:529,(anonymous_47)
FN:533,(anonymous_48)
FNF:49
FNH:26
FNDA:10,HistoryScreen
FNDA:5,(anonymous_1)
FNDA:6,(anonymous_2)
FNDA:5,(anonymous_3)
FNDA:5,(anonymous_4)
FNDA:5,(anonymous_5)
FNDA:1,(anonymous_6)
FNDA:1,(anonymous_7)
FNDA:10,(anonymous_8)
FNDA:0,(anonymous_9)
FNDA:10,(anonymous_10)
FNDA:10,(anonymous_11)
FNDA:6,(anonymous_12)
FNDA:10,(anonymous_13)
FNDA:6,(anonymous_14)
FNDA:5,(anonymous_15)
FNDA:5,(anonymous_16)
FNDA:310,(anonymous_17)
FNDA:0,(anonymous_18)
FNDA:0,(anonymous_19)
FNDA:0,(anonymous_20)
FNDA:5,(anonymous_21)
FNDA:6,(anonymous_22)
FNDA:0,(anonymous_23)
FNDA:0,(anonymous_24)
FNDA:1,(anonymous_25)
FNDA:10,(anonymous_26)
FNDA:0,(anonymous_27)
FNDA:0,(anonymous_28)
FNDA:10,(anonymous_29)
FNDA:0,(anonymous_30)
FNDA:70,(anonymous_31)
FNDA:350,(anonymous_32)
FNDA:0,(anonymous_33)
FNDA:0,(anonymous_34)
FNDA:0,(anonymous_35)
FNDA:0,(anonymous_36)
FNDA:0,(anonymous_37)
FNDA:0,(anonymous_38)
FNDA:6,(anonymous_39)
FNDA:6,(anonymous_40)
FNDA:0,(anonymous_41)
FNDA:0,(anonymous_42)
FNDA:0,(anonymous_43)
FNDA:0,(anonymous_44)
FNDA:0,(anonymous_45)
FNDA:0,(anonymous_46)
FNDA:0,(anonymous_47)
FNDA:0,(anonymous_48)
DA:39,10
DA:40,10
DA:42,10
DA:43,10
DA:45,10
DA:46,10
DA:47,10
DA:49,10
DA:50,5
DA:78,10
DA:79,6
DA:80,6
DA:81,6
DA:82,6
DA:84,0
DA:88,10
DA:89,5
DA:90,5
DA:93,5
DA:94,5
DA:107,5
DA:108,5
DA:109,1
DA:110,1
DA:111,1
DA:112,1
DA:123,0
DA:128,5
DA:129,5
DA:132,5
DA:135,10
DA:136,10
DA:139,10
DA:140,10
DA:143,10
DA:144,10
DA:145,6
DA:146,6
DA:147,6
DA:148,6
DA:152,10
DA:155,10
DA:156,10
DA:158,10
DA:159,310
DA:160,310
DA:163,10
DA:167,10
DA:169,10
DA:170,0
DA:173,10
DA:174,0
DA:177,10
DA:178,0
DA:179,0
DA:180,0
DA:181,0
DA:184,10
DA:185,5
DA:186,5
DA:187,5
DA:189,20
DA:190,155
DA:191,5
DA:194,10
DA:195,6
DA:196,5
DA:198,5
DA:200,0
DA:202,0
DA:204,0
DA:207,5
DA:211,10
DA:217,0
DA:232,0
DA:244,1
DA:245,10
DA:264,0
DA:265,10
DA:287,0
DA:311,70
DA:319,350
DA:321,310
DA:327,310
DA:328,310
DA:330,310
DA:336,310
DA:342,310
DA:348,310
DA:351,0
DA:352,0
DA:378,0
DA:379,0
DA:380,0
DA:382,0
DA:396,0
DA:397,0
DA:417,6
DA:425,6
DA:427,6
DA:473,0
DA:474,0
DA:513,0
DA:517,0
DA:521,0
DA:525,0
DA:529,0
DA:533,0
DA:543,1
LF:109
LH:78
BRDA:51,0,0,1
BRDA:51,0,1,4
BRDA:52,1,0,1
BRDA:52,1,1,4
BRDA:53,2,0,1
BRDA:53,2,1,4
BRDA:54,3,0,1
BRDA:54,3,1,4
BRDA:55,4,0,1
BRDA:55,4,1,4
BRDA:56,5,0,1
BRDA:56,5,1,4
BRDA:57,6,0,1
BRDA:57,6,1,4
BRDA:58,7,0,1
BRDA:58,7,1,4
BRDA:81,8,0,0
BRDA:81,8,1,6
BRDA:108,9,0,1
BRDA:108,9,1,4
BRDA:136,10,0,0
BRDA:136,10,1,10
BRDA:140,11,0,0
BRDA:140,11,1,10
BRDA:146,12,0,6
BRDA:146,12,1,0
BRDA:195,13,0,1
BRDA:195,13,1,5
BRDA:196,14,0,0
BRDA:196,14,1,5
BRDA:198,15,0,0
BRDA:198,15,1,0
BRDA:198,15,2,0
BRDA:198,15,3,5
BRDA:198,15,4,5
BRDA:215,16,0,2
BRDA:215,16,1,8
BRDA:218,17,0,2
BRDA:218,17,1,8
BRDA:223,18,0,2
BRDA:223,18,1,8
BRDA:224,19,0,2
BRDA:224,19,1,8
BRDA:233,20,0,2
BRDA:233,20,1,8
BRDA:248,21,0,10
BRDA:248,21,1,0
BRDA:254,22,0,2
BRDA:254,22,1,8
BRDA:268,23,0,0
BRDA:268,23,1,10
BRDA:269,24,0,0
BRDA:269,24,1,0
BRDA:270,25,0,2
BRDA:270,25,1,8
BRDA:271,26,0,0
BRDA:271,26,1,10
BRDA:273,27,0,10
BRDA:273,27,1,0
BRDA:277,28,0,0
BRDA:277,28,1,10
BRDA:280,29,0,0
BRDA:280,29,1,10
BRDA:280,30,0,0
BRDA:280,30,1,0
BRDA:280,31,0,2
BRDA:280,31,1,8
BRDA:281,32,0,10
BRDA:281,32,1,10
BRDA:289,33,0,2
BRDA:289,33,1,8
BRDA:291,34,0,2
BRDA:291,34,1,8
BRDA:294,35,0,2
BRDA:294,35,1,8
BRDA:297,36,0,2
BRDA:297,36,1,8
BRDA:302,37,0,2
BRDA:302,37,1,8
BRDA:319,38,0,40
BRDA:319,38,1,310
BRDA:330,39,0,0
BRDA:330,39,1,310
BRDA:332,40,0,6
BRDA:332,40,1,304
BRDA:333,41,0,1
BRDA:333,41,1,5
BRDA:336,42,0,0
BRDA:336,42,1,310
BRDA:337,43,0,0
BRDA:337,43,1,0
BRDA:338,44,0,6
BRDA:338,44,1,304
BRDA:339,45,0,1
BRDA:339,45,1,5
BRDA:340,46,0,61
BRDA:340,46,1,243
BRDA:342,47,0,0
BRDA:342,47,1,310
BRDA:344,48,0,6
BRDA:344,48,1,304
BRDA:354,49,0,0
BRDA:354,49,1,0
BRDA:354,50,0,0
BRDA:354,50,1,0
BRDA:354,51,0,0
BRDA:354,51,1,0
BRDA:355,52,0,0
BRDA:355,52,1,0
BRDA:359,53,0,6
BRDA:359,53,1,304
BRDA:361,54,0,6
BRDA:361,54,1,304
BRDA:364,55,0,310
BRDA:364,55,1,6
BRDA:364,55,2,6
BRDA:365,56,0,1
BRDA:365,56,1,5
BRDA:384,57,0,0
BRDA:384,57,1,0
BRDA:385,58,0,0
BRDA:385,58,1,0
BRDA:392,59,0,2
BRDA:392,59,1,8
BRDA:400,60,0,0
BRDA:400,60,1,0
BRDA:407,61,0,2
BRDA:407,61,1,8
BRDA:439,62,0,5
BRDA:439,62,1,1
BRDA:439,63,0,1
BRDA:439,63,1,5
BRDA:450,64,0,5
BRDA:450,64,1,1
BRDA:455,65,0,1
BRDA:455,65,1,5
BRDA:471,66,0,10
BRDA:471,66,1,0
BRDA:471,66,2,0
BRDA:476,67,0,0
BRDA:476,67,1,0
BRDA:477,68,0,0
BRDA:477,68,1,0
BRDA:489,69,0,10
BRDA:489,69,1,5
BRDA:491,70,0,1
BRDA:491,70,1,4
BRDA:492,71,0,1
BRDA:492,71,1,4
BRDA:498,72,0,0
BRDA:498,72,1,5
BRDA:501,73,0,0
BRDA:501,73,1,5
BRDA:511,74,0,2
BRDA:511,74,1,8
BRDA:514,75,0,2
BRDA:514,75,1,8
BRDA:518,76,0,2
BRDA:518,76,1,8
BRDA:522,77,0,2
BRDA:522,77,1,8
BRDA:526,78,0,2
BRDA:526,78,1,8
BRDA:530,79,0,2
BRDA:530,79,1,8
BRDA:534,80,0,2
BRDA:534,80,1,8
BRF:167
BRH:122
end_of_record
TN:
SF:app\(tabs)\patient-info.tsx
FN:41,calculateAge
FN:52,formatDateLong
FN:61,PatientInfoScreen
FN:72,(anonymous_3)
FN:95,(anonymous_4)
FN:100,(anonymous_5)
FN:105,(anonymous_6)
FN:110,(anonymous_7)
FN:139,(anonymous_8)
FN:200,(anonymous_9)
FN:205,(anonymous_10)
FN:257,(anonymous_11)
FN:262,(anonymous_12)
FN:332,(anonymous_13)
FN:337,(anonymous_14)
FN:386,(anonymous_15)
FN:386,(anonymous_16)
FN:393,(anonymous_17)
FN:393,(anonymous_18)
FN:404,(anonymous_19)
FN:404,(anonymous_20)
FN:413,(anonymous_21)
FN:413,(anonymous_22)
FN:427,(anonymous_23)
FN:447,(anonymous_24)
FN:496,(anonymous_25)
FN:496,(anonymous_26)
FN:503,(anonymous_27)
FN:503,(anonymous_28)
FN:517,(anonymous_29)
FN:537,(anonymous_30)
FN:559,SectionTitle
FN:591,Field
FN:632,LabeledInput
FNF:34
FNH:31
FNDA:44,calculateAge
FNDA:22,formatDateLong
FNDA:22,PatientInfoScreen
FNDA:7,(anonymous_3)
FNDA:1,(anonymous_4)
FNDA:1,(anonymous_5)
FNDA:1,(anonymous_6)
FNDA:1,(anonymous_7)
FNDA:0,(anonymous_8)
FNDA:1,(anonymous_9)
FNDA:22,(anonymous_10)
FNDA:2,(anonymous_11)
FNDA:22,(anonymous_12)
FNDA:2,(anonymous_13)
FNDA:22,(anonymous_14)
FNDA:2,(anonymous_15)
FNDA:2,(anonymous_16)
FNDA:1,(anonymous_17)
FNDA:1,(anonymous_18)
FNDA:1,(anonymous_19)
FNDA:1,(anonymous_20)
FNDA:0,(anonymous_21)
FNDA:0,(anonymous_22)
FNDA:6,(anonymous_23)
FNDA:6,(anonymous_24)
FNDA:2,(anonymous_25)
FNDA:2,(anonymous_26)
FNDA:1,(anonymous_27)
FNDA:1,(anonymous_28)
FNDA:5,(anonymous_29)
FNDA:5,(anonymous_30)
FNDA:44,SectionTitle
FNDA:220,Field
FNDA:34,LabeledInput
DA:29,1
DA:36,1
DA:42,44
DA:43,44
DA:44,44
DA:45,44
DA:46,44
DA:47,40
DA:49,44
DA:53,22
DA:54,22
DA:62,22
DA:64,22
DA:65,22
DA:67,22
DA:69,22
DA:71,22
DA:72,7
DA:95,22
DA:97,1
DA:100,22
DA:101,1
DA:102,1
DA:105,22
DA:107,1
DA:110,22
DA:111,1
DA:112,1
DA:115,22
DA:117,22
DA:139,0
DA:200,1
DA:205,22
DA:257,2
DA:262,22
DA:332,2
DA:337,22
DA:386,2
DA:393,1
DA:404,1
DA:413,0
DA:427,6
DA:447,6
DA:496,2
DA:503,1
DA:517,5
DA:537,5
DA:569,44
DA:602,220
DA:651,34
DA:653,34
DA:687,1
LF:52
LH:50
BRDA:46,0,0,40
BRDA:46,0,1,4
BRDA:46,1,0,44
BRDA:46,1,1,4
BRDA:46,1,2,0
BRDA:73,2,0,1
BRDA:73,2,1,6
BRDA:74,3,0,1
BRDA:74,3,1,6
BRDA:75,4,0,1
BRDA:75,4,1,6
BRDA:76,5,0,1
BRDA:76,5,1,6
BRDA:77,6,0,1
BRDA:77,6,1,6
BRDA:78,7,0,1
BRDA:78,7,1,6
BRDA:79,8,0,1
BRDA:79,8,1,6
BRDA:83,9,0,1
BRDA:83,9,1,6
BRDA:84,10,0,1
BRDA:84,10,1,6
BRDA:85,11,0,1
BRDA:85,11,1,6
BRDA:86,12,0,1
BRDA:86,12,1,6
BRDA:88,13,0,1
BRDA:88,13,1,6
BRDA:89,14,0,1
BRDA:89,14,1,6
BRDA:90,15,0,1
BRDA:90,15,1,6
BRDA:147,16,0,1
BRDA:147,16,1,21
BRDA:157,17,0,1
BRDA:157,17,1,21
BRDA:164,18,0,1
BRDA:164,18,1,21
BRDA:208,19,0,22
BRDA:208,19,1,0
BRDA:212,20,0,1
BRDA:212,20,1,21
BRDA:236,21,0,1
BRDA:236,21,1,21
BRDA:262,22,0,22
BRDA:262,22,1,0
BRDA:265,23,0,1
BRDA:265,23,1,21
BRDA:337,24,0,22
BRDA:337,24,1,0
BRDA:340,25,0,1
BRDA:340,25,1,21
BRDA:363,26,0,1
BRDA:363,26,1,21
BRDA:368,27,0,1
BRDA:368,27,1,21
BRDA:369,28,0,1
BRDA:369,28,1,21
BRDA:370,29,0,1
BRDA:370,29,1,21
BRDA:374,30,0,1
BRDA:374,30,1,21
BRDA:377,31,0,1
BRDA:377,31,1,21
BRDA:429,32,0,0
BRDA:429,32,1,6
BRDA:430,33,0,6
BRDA:430,33,1,0
BRDA:434,34,0,1
BRDA:434,34,1,21
BRDA:449,35,0,0
BRDA:449,35,1,6
BRDA:450,36,0,6
BRDA:450,36,1,0
BRDA:454,37,0,1
BRDA:454,37,1,21
BRDA:473,38,0,1
BRDA:473,38,1,21
BRDA:478,39,0,1
BRDA:478,39,1,21
BRDA:479,40,0,1
BRDA:479,40,1,21
BRDA:480,41,0,1
BRDA:480,41,1,21
BRDA:484,42,0,1
BRDA:484,42,1,21
BRDA:487,43,0,1
BRDA:487,43,1,21
BRDA:519,44,0,0
BRDA:519,44,1,5
BRDA:520,45,0,5
BRDA:520,45,1,0
BRDA:524,46,0,1
BRDA:524,46,1,21
BRDA:539,47,0,0
BRDA:539,47,1,5
BRDA:540,48,0,5
BRDA:540,48,1,0
BRDA:544,49,0,1
BRDA:544,49,1,21
BRDA:606,50,0,22
BRDA:606,50,1,198
BRDA:620,51,0,22
BRDA:620,51,1,198
BRDA:656,52,0,0
BRDA:656,52,1,34
BRDA:678,53,0,6
BRDA:678,53,1,28
BRDA:679,54,0,6
BRDA:679,54,1,28
BRDA:762,55,0,1
BRDA:762,55,1,0
BRF:113
BRH:99
end_of_record
TN:
SF:app\(tabs)\today-tasks.tsx
FN:9,(anonymous_0)
FN:36,(anonymous_1)
FN:42,(anonymous_2)
FN:56,TodayTasksScreen
FN:97,(anonymous_4)
FN:97,(anonymous_5)
FN:98,(anonymous_6)
FN:98,(anonymous_7)
FN:99,(anonymous_8)
FN:99,(anonymous_9)
FN:101,(anonymous_10)
FN:105,(anonymous_11)
FN:114,(anonymous_12)
FN:116,(anonymous_13)
FN:131,(anonymous_14)
FN:137,(anonymous_15)
FN:143,(anonymous_16)
FN:154,(anonymous_17)
FN:174,(anonymous_18)
FN:209,(anonymous_19)
FN:223,(anonymous_20)
FN:233,(anonymous_21)
FN:255,(anonymous_22)
FN:285,(anonymous_23)
FN:286,(anonymous_24)
FN:315,(anonymous_25)
FN:333,(anonymous_26)
FN:354,(anonymous_27)
FN:366,(anonymous_28)
FN:385,(anonymous_29)
FN:387,(anonymous_30)
FN:407,(anonymous_31)
FN:409,(anonymous_32)
FN:422,(anonymous_33)
FN:429,(anonymous_34)
FN:476,(anonymous_35)
FN:477,(anonymous_36)
FN:488,(anonymous_37)
FN:519,(anonymous_38)
FN:535,(anonymous_39)
FN:546,(anonymous_40)
FN:557,(anonymous_41)
FN:581,(anonymous_42)
FN:595,(anonymous_43)
FN:596,(anonymous_44)
FN:616,(anonymous_45)
FN:630,(anonymous_46)
FN:729,(anonymous_47)
FN:743,(anonymous_48)
FN:744,(anonymous_49)
FNF:50
FNH:36
FNDA:1,(anonymous_0)
FNDA:134,(anonymous_1)
FNDA:2,(anonymous_2)
FNDA:18,TodayTasksScreen
FNDA:7,(anonymous_4)
FNDA:21,(anonymous_5)
FNDA:7,(anonymous_6)
FNDA:14,(anonymous_7)
FNDA:7,(anonymous_8)
FNDA:14,(anonymous_9)
FNDA:66,(anonymous_10)
FNDA:198,(anonymous_11)
FNDA:1,(anonymous_12)
FNDA:1,(anonymous_13)
FNDA:1,(anonymous_14)
FNDA:1,(anonymous_15)
FNDA:1,(anonymous_16)
FNDA:34,(anonymous_17)
FNDA:1,(anonymous_18)
FNDA:2,(anonymous_19)
FNDA:1,(anonymous_20)
FNDA:1,(anonymous_21)
FNDA:0,(anonymous_22)
FNDA:0,(anonymous_23)
FNDA:17,(anonymous_24)
FNDA:17,(anonymous_25)
FNDA:0,(anonymous_26)
FNDA:1,(anonymous_27)
FNDA:32,(anonymous_28)
FNDA:0,(anonymous_29)
FNDA:0,(anonymous_30)
FNDA:0,(anonymous_31)
FNDA:0,(anonymous_32)
FNDA:14,(anonymous_33)
FNDA:70,(anonymous_34)
FNDA:1,(anonymous_35)
FNDA:31,(anonymous_36)
FNDA:8,(anonymous_37)
FNDA:4,(anonymous_38)
FNDA:0,(anonymous_39)
FNDA:0,(anonymous_40)
FNDA:0,(anonymous_41)
FNDA:1,(anonymous_42)
FNDA:0,(anonymous_43)
FNDA:1,(anonymous_44)
FNDA:0,(anonymous_45)
FNDA:0,(anonymous_46)
FNDA:4,(anonymous_47)
FNDA:0,(anonymous_48)
FNDA:4,(anonymous_49)
DA:9,1
DA:10,1
DA:11,1
DA:14,1
DA:15,0
DA:16,0
DA:17,0
DA:21,1
DA:22,0
DA:23,0
DA:24,0
DA:25,0
DA:26,0
DA:27,0
DA:30,1
DA:34,1
DA:36,1
DA:37,134
DA:38,134
DA:39,134
DA:42,1
DA:43,2
DA:44,2
DA:45,2
DA:47,2
DA:48,2
DA:50,2
DA:51,8
DA:52,62
DA:53,2
DA:57,18
DA:58,18
DA:60,18
DA:63,18
DA:64,18
DA:65,18
DA:66,18
DA:69,18
DA:70,18
DA:71,18
DA:72,18
DA:75,18
DA:76,18
DA:78,18
DA:95,18
DA:97,21
DA:98,18
DA:99,18
DA:101,18
DA:102,66
DA:103,66
DA:105,66
DA:106,198
DA:107,198
DA:108,198
DA:109,198
DA:110,198
DA:114,18
DA:116,18
DA:117,1
DA:119,1
DA:120,1
DA:121,1
DA:123,1
DA:124,1
DA:125,1
DA:126,1
DA:127,1
DA:128,1
DA:131,18
DA:132,1
DA:133,1
DA:134,1
DA:137,18
DA:138,1
DA:139,1
DA:140,1
DA:143,18
DA:144,1
DA:145,1
DA:149,1
DA:150,1
DA:154,18
DA:155,34
DA:157,34
DA:174,1
DA:209,2
DA:223,1
DA:233,1
DA:244,18
DA:255,0
DA:285,0
DA:286,17
DA:315,17
DA:333,0
DA:354,1
DA:367,32
DA:386,0
DA:387,0
DA:388,0
DA:408,0
DA:409,0
DA:410,0
DA:423,14
DA:430,70
DA:432,62
DA:433,62
DA:434,62
DA:435,62
DA:438,62
DA:451,62
DA:458,62
DA:468,62
DA:476,1
DA:477,31
DA:489,8
DA:519,4
DA:535,0
DA:546,0
DA:557,0
DA:581,1
DA:595,0
DA:596,1
DA:616,0
DA:630,0
DA:729,4
DA:743,0
DA:744,4
DA:762,1
LF:129
LH:104
BRDA:14,0,0,0
BRDA:14,0,1,1
BRDA:21,1,0,0
BRDA:21,1,1,1
BRDA:21,2,0,1
BRDA:21,2,1,0
BRDA:23,3,0,0
BRDA:23,3,1,0
BRDA:24,4,0,0
BRDA:24,4,1,0
BRDA:25,5,0,0
BRDA:25,5,1,0
BRDA:26,6,0,0
BRDA:26,6,1,0
BRDA:26,7,0,0
BRDA:26,7,1,0
BRDA:79,8,0,1
BRDA:79,8,1,17
BRDA:80,9,0,1
BRDA:80,9,1,17
BRDA:81,10,0,1
BRDA:81,10,1,17
BRDA:82,11,0,1
BRDA:82,11,1,17
BRDA:83,12,0,1
BRDA:83,12,1,17
BRDA:84,13,0,1
BRDA:84,13,1,17
BRDA:85,14,0,1
BRDA:85,14,1,17
BRDA:86,15,0,1
BRDA:86,15,1,17
BRDA:87,16,0,1
BRDA:87,16,1,17
BRDA:88,17,0,1
BRDA:88,17,1,17
BRDA:89,18,0,1
BRDA:89,18,1,17
BRDA:90,19,0,1
BRDA:90,19,1,17
BRDA:91,20,0,1
BRDA:91,20,1,17
BRDA:107,21,0,0
BRDA:107,21,1,198
BRDA:110,22,0,198
BRDA:110,22,1,198
BRDA:120,23,0,1
BRDA:120,23,1,0
BRDA:121,24,0,1
BRDA:121,24,1,0
BRDA:138,25,0,1
BRDA:138,25,1,0
BRDA:144,26,0,1
BRDA:144,26,1,0
BRDA:144,27,0,1
BRDA:144,27,1,1
BRDA:144,27,2,1
BRDA:144,27,3,1
BRDA:163,28,0,17
BRDA:163,28,1,17
BRDA:163,29,0,1
BRDA:163,29,1,16
BRDA:164,30,0,17
BRDA:164,30,1,17
BRDA:164,31,0,1
BRDA:164,31,1,16
BRDA:164,32,0,1
BRDA:164,32,1,16
BRDA:172,33,0,17
BRDA:172,33,1,17
BRDA:178,34,0,17
BRDA:178,34,1,17
BRDA:178,35,0,1
BRDA:178,35,1,16
BRDA:178,36,0,1
BRDA:178,36,1,16
BRDA:179,37,0,17
BRDA:179,37,1,17
BRDA:179,38,0,1
BRDA:179,38,1,16
BRDA:179,39,0,1
BRDA:179,39,1,16
BRDA:183,40,0,17
BRDA:183,40,1,17
BRDA:183,41,0,1
BRDA:183,41,1,16
BRDA:193,42,0,17
BRDA:193,42,1,17
BRDA:193,43,0,1
BRDA:193,43,1,16
BRDA:194,44,0,17
BRDA:194,44,1,17
BRDA:200,45,0,2
BRDA:200,45,1,32
BRDA:209,46,0,0
BRDA:209,46,1,2
BRDA:216,47,0,2
BRDA:216,47,1,32
BRDA:217,48,0,0
BRDA:217,48,1,2
BRDA:226,49,0,0
BRDA:226,49,1,2
BRDA:236,50,0,0
BRDA:236,50,1,2
BRDA:258,51,0,1
BRDA:258,51,1,17
BRDA:265,52,0,1
BRDA:265,52,1,17
BRDA:268,53,0,1
BRDA:268,53,1,17
BRDA:289,54,0,17
BRDA:289,54,1,0
BRDA:292,55,0,1
BRDA:292,55,1,17
BRDA:317,56,0,1
BRDA:317,56,1,16
BRDA:318,57,0,17
BRDA:318,57,1,0
BRDA:340,58,0,16
BRDA:340,58,1,2
BRDA:343,59,0,16
BRDA:343,59,1,2
BRDA:357,60,0,2
BRDA:357,60,1,16
BRDA:364,61,0,16
BRDA:364,61,1,2
BRDA:369,62,0,0
BRDA:369,62,1,16
BRDA:386,63,0,0
BRDA:386,63,1,0
BRDA:392,64,0,0
BRDA:392,64,1,2
BRDA:408,65,0,0
BRDA:408,65,1,0
BRDA:414,66,0,0
BRDA:414,66,1,2
BRDA:430,67,0,8
BRDA:430,67,1,62
BRDA:434,68,0,62
BRDA:434,68,1,62
BRDA:438,69,0,2
BRDA:438,69,1,60
BRDA:439,70,0,0
BRDA:439,70,1,2
BRDA:442,71,0,0
BRDA:442,71,1,60
BRDA:443,72,0,0
BRDA:443,72,1,0
BRDA:446,73,0,0
BRDA:446,73,1,60
BRDA:451,74,0,2
BRDA:451,74,1,60
BRDA:451,75,0,62
BRDA:451,75,1,60
BRDA:453,76,0,0
BRDA:453,76,1,60
BRDA:458,77,0,2
BRDA:458,77,1,60
BRDA:459,78,0,0
BRDA:459,78,1,2
BRDA:462,79,0,0
BRDA:462,79,1,60
BRDA:464,80,0,0
BRDA:464,80,1,60
BRDA:473,81,0,60
BRDA:473,81,1,2
BRDA:480,82,0,31
BRDA:480,82,1,0
BRDA:486,83,0,4
BRDA:486,83,1,58
BRDA:488,84,0,2
BRDA:488,84,1,2
BRDA:495,85,0,2
BRDA:495,85,1,60
BRDA:508,86,0,2
BRDA:508,86,1,0
BRDA:514,87,0,0
BRDA:514,87,1,2
BRDA:531,88,0,2
BRDA:531,88,1,16
BRDA:567,89,0,1
BRDA:567,89,1,17
BRDA:569,90,0,18
BRDA:569,90,1,13
BRDA:583,91,0,0
BRDA:583,91,1,1
BRDA:584,92,0,1
BRDA:584,92,1,0
BRDA:587,93,0,1
BRDA:587,93,1,17
BRDA:598,94,0,0
BRDA:598,94,1,1
BRDA:599,95,0,1
BRDA:599,95,1,0
BRDA:646,96,0,1
BRDA:646,96,1,17
BRDA:650,97,0,1
BRDA:650,97,1,17
BRDA:667,98,0,1
BRDA:667,98,1,17
BRDA:671,99,0,1
BRDA:671,99,1,17
BRDA:688,100,0,1
BRDA:688,100,1,17
BRDA:692,101,0,1
BRDA:692,101,1,17
BRDA:709,102,0,1
BRDA:709,102,1,17
BRDA:714,103,0,1
BRDA:714,103,1,17
BRDA:731,104,0,0
BRDA:731,104,1,4
BRDA:732,105,0,4
BRDA:732,105,1,0
BRDA:735,106,0,1
BRDA:735,106,1,17
BRDA:746,107,0,0
BRDA:746,107,1,4
BRDA:747,108,0,4
BRDA:747,108,1,0
BRF:220
BRH:169
end_of_record
TN:
SF:assets\images\react-logo.png
FNF:0
FNH:0
DA:1,1
LF:1
LH:1
BRF:0
BRH:0
end_of_record
TN:
SF:components\themed-text.tsx
FN:11,ThemedText
FNF:1
FNH:1
FNDA:6,ThemedText
DA:18,6
DA:20,6
DA:37,1
LF:3
LH:3
BRDA:15,0,0,0
BRDA:24,1,0,0
BRDA:24,1,1,6
BRDA:25,2,0,3
BRDA:25,2,1,3
BRDA:26,3,0,0
BRDA:26,3,1,6
BRDA:27,4,0,0
BRDA:27,4,1,6
BRDA:28,5,0,3
BRDA:28,5,1,3
BRDA:31,6,0,3
BRDA:31,6,1,3
BRDA:31,7,0,3
BRDA:31,7,1,0
BRF:15
BRH:10
end_of_record
TN:
SF:components\themed-view.tsx
FN:10,ThemedView
FNF:1
FNH:1
FNDA:3,ThemedView
DA:11,3
DA:13,3
LF:2
LH:2
BRF:0
BRH:0
end_of_record
TN:
SF:constants\theme.ts
FNF:0
FNH:0
DA:8,1
DA:9,1
DA:11,1
DA:30,1
LF:4
LH:4
BRF:0
BRH:0
end_of_record
TN:
SF:context\HealthLogsContext.tsx
FN:175,(anonymous_0)
FN:182,(anonymous_1)
FN:183,(anonymous_2)
FN:191,(anonymous_3)
FN:206,(anonymous_4)
FN:209,(anonymous_5)
FN:212,(anonymous_6)
FN:222,(anonymous_7)
FN:226,(anonymous_8)
FN:229,(anonymous_9)
FN:233,(anonymous_10)
FN:236,(anonymous_11)
FN:239,(anonymous_12)
FN:239,(anonymous_13)
FN:242,(anonymous_14)
FN:244,(anonymous_15)
FN:245,(anonymous_16)
FN:258,(anonymous_17)
FNF:18
FNH:6
FNDA:4,(anonymous_0)
FNDA:2,(anonymous_1)
FNDA:2,(anonymous_2)
FNDA:0,(anonymous_3)
FNDA:4,(anonymous_4)
FNDA:2,(anonymous_5)
FNDA:0,(anonymous_6)
FNDA:2,(anonymous_7)
FNDA:0,(anonymous_8)
FNDA:0,(anonymous_9)
FNDA:0,(anonymous_10)
FNDA:0,(anonymous_11)
FNDA:0,(anonymous_12)
FNDA:0,(anonymous_13)
FNDA:0,(anonymous_14)
FNDA:0,(anonymous_15)
FNDA:0,(anonymous_16)
FNDA:0,(anonymous_17)
DA:28,1
DA:32,1
DA:35,1
DA:175,1
DA:178,4
DA:179,4
DA:182,4
DA:183,2
DA:184,2
DA:185,2
DA:186,0
DA:188,0
DA:191,0
DA:196,0
DA:198,2
DA:200,2
DA:206,4
DA:207,4
DA:209,2
DA:210,2
DA:211,2
DA:212,0
DA:214,2
DA:216,2
DA:221,4
DA:222,2
DA:226,4
DA:227,0
DA:229,0
DA:232,0
DA:233,0
DA:236,4
DA:238,0
DA:239,0
DA:242,4
DA:243,0
DA:244,0
DA:245,0
DA:249,4
DA:258,1
DA:259,0
DA:260,0
DA:261,0
DA:262,0
LF:44
LH:26
BRDA:186,0,0,0
BRDA:186,0,1,0
BRDA:207,1,0,2
BRDA:207,1,1,2
BRDA:238,2,0,0
BRDA:238,2,1,0
BRDA:243,3,0,0
BRDA:243,3,1,0
BRDA:245,4,0,0
BRDA:245,4,1,0
BRDA:260,5,0,0
BRDA:260,5,1,0
BRF:12
BRH:2
end_of_record
TN:
SF:context\MessagesContext.tsx
FN:63,MessagesProvider
FN:66,(anonymous_1)
FN:67,(anonymous_2)
FN:68,(anonymous_3)
FN:73,(anonymous_4)
FN:73,(anonymous_5)
FN:77,(anonymous_6)
FN:80,(anonymous_7)
FN:91,useMessages
FNF:9
FNH:9
FNDA:11,MessagesProvider
FNDA:1,(anonymous_1)
FNDA:1,(anonymous_2)
FNDA:2,(anonymous_3)
FNDA:11,(anonymous_4)
FNDA:23,(anonymous_5)
FNDA:9,(anonymous_6)
FNDA:11,(anonymous_7)
FNDA:12,useMessages
DA:28,3
DA:30,3
DA:64,11
DA:66,11
DA:67,1
DA:68,2
DA:72,11
DA:73,23
DA:77,11
DA:79,11
DA:80,11
DA:84,11
DA:92,12
DA:93,11
DA:94,2
DA:95,9
LF:16
LH:16
BRDA:68,0,0,1
BRDA:68,0,1,1
BRDA:93,1,0,2
BRDA:93,1,1,9
BRF:4
BRH:4
end_of_record
TN:
SF:context\ScheduledAppointmentsContext.tsx
FN:114,parseAppointmentDate
FN:120,(anonymous_1)
FN:128,(anonymous_2)
FN:129,(anonymous_3)
FN:142,(anonymous_4)
FN:152,(anonymous_5)
FN:153,(anonymous_6)
FN:162,(anonymous_7)
FN:163,(anonymous_8)
FN:175,(anonymous_9)
FN:176,(anonymous_10)
FN:181,(anonymous_11)
FN:186,(anonymous_12)
FN:191,(anonymous_13)
FN:197,(anonymous_14)
FN:201,(anonymous_15)
FN:204,(anonymous_16)
FN:231,(anonymous_17)
FNF:18
FNH:18
FNDA:80,parseAppointmentDate
FNDA:11,(anonymous_1)
FNDA:5,(anonymous_2)
FNDA:5,(anonymous_3)
FNDA:4,(anonymous_4)
FNDA:6,(anonymous_5)
FNDA:6,(anonymous_6)
FNDA:10,(anonymous_7)
FNDA:10,(anonymous_8)
FNDA:4,(anonymous_9)
FNDA:4,(anonymous_10)
FNDA:10,(anonymous_11)
FNDA:10,(anonymous_12)
FNDA:80,(anonymous_13)
FNDA:40,(anonymous_14)
FNDA:1,(anonymous_15)
FNDA:1,(anonymous_16)
FNDA:10,(anonymous_17)
DA:26,1
DA:28,1
DA:29,1
DA:31,1
DA:116,80
DA:117,80
DA:120,1
DA:124,11
DA:125,11
DA:128,11
DA:129,5
DA:130,5
DA:131,5
DA:132,5
DA:134,5
DA:135,1
DA:136,1
DA:139,5
DA:140,1
DA:141,1
DA:142,4
DA:146,0
DA:152,11
DA:153,6
DA:154,6
DA:155,6
DA:157,0
DA:162,11
DA:163,10
DA:164,10
DA:165,10
DA:170,0
DA:175,11
DA:176,4
DA:177,4
DA:181,11
DA:182,10
DA:186,11
DA:187,10
DA:188,10
DA:189,10
DA:191,10
DA:192,80
DA:193,80
DA:194,80
DA:197,40
DA:198,10
DA:201,11
DA:202,1
DA:203,1
DA:204,1
DA:205,1
DA:206,1
DA:207,1
DA:209,0
DA:214,11
DA:224,11
DA:231,1
DA:232,10
DA:233,10
DA:234,0
DA:236,10
LF:62
LH:57
BRDA:117,0,0,0
BRDA:117,0,1,80
BRDA:134,1,0,1
BRDA:134,1,1,4
BRDA:136,2,0,1
BRDA:136,2,1,0
BRDA:139,3,0,1
BRDA:139,3,1,4
BRDA:141,4,0,1
BRDA:141,4,1,0
BRDA:177,5,0,1
BRDA:177,5,1,3
BRDA:193,6,0,0
BRDA:193,6,1,80
BRDA:194,7,0,80
BRDA:194,7,1,80
BRDA:233,8,0,0
BRDA:233,8,1,10
BRF:18
BRH:13
end_of_record
TN:
SF:context\TasksContext.tsx
FN:37,formatTodayPrefix
FN:43,(anonymous_1)
FN:47,(anonymous_2)
FN:48,(anonymous_3)
FN:55,(anonymous_4)
FN:56,(anonymous_5)
FN:57,(anonymous_6)
FN:70,(anonymous_7)
FN:71,(anonymous_8)
FN:73,(anonymous_9)
FN:76,(anonymous_10)
FN:84,(anonymous_11)
FN:86,(anonymous_12)
FN:86,(anonymous_13)
FN:91,(anonymous_14)
FN:91,(anonymous_15)
FN:96,(anonymous_16)
FN:96,(anonymous_17)
FN:100,(anonymous_18)
FN:101,(anonymous_19)
FN:102,(anonymous_20)
FN:106,(anonymous_21)
FN:107,(anonymous_22)
FN:108,(anonymous_23)
FN:113,(anonymous_24)
FN:114,(anonymous_25)
FN:114,(anonymous_26)
FN:117,(anonymous_27)
FN:118,(anonymous_28)
FN:118,(anonymous_29)
FN:134,(anonymous_30)
FNF:31
FNH:31
FNDA:5,formatTodayPrefix
FNDA:11,(anonymous_1)
FNDA:5,(anonymous_2)
FNDA:5,(anonymous_3)
FNDA:1,(anonymous_4)
FNDA:9,(anonymous_5)
FNDA:2,(anonymous_6)
FNDA:11,(anonymous_7)
FNDA:11,(anonymous_8)
FNDA:104,(anonymous_9)
FNDA:5,(anonymous_10)
FNDA:5,(anonymous_11)
FNDA:11,(anonymous_12)
FNDA:104,(anonymous_13)
FNDA:11,(anonymous_14)
FNDA:48,(anonymous_15)
FNDA:11,(anonymous_16)
FNDA:48,(anonymous_17)
FNDA:1,(anonymous_18)
FNDA:1,(anonymous_19)
FNDA:9,(anonymous_20)
FNDA:2,(anonymous_21)
FNDA:2,(anonymous_22)
FNDA:18,(anonymous_23)
FNDA:1,(anonymous_24)
FNDA:1,(anonymous_25)
FNDA:10,(anonymous_26)
FNDA:1,(anonymous_27)
FNDA:1,(anonymous_28)
FNDA:10,(anonymous_29)
FNDA:11,(anonymous_30)
DA:21,1
DA:23,1
DA:25,1
DA:39,5
DA:40,5
DA:43,1
DA:44,11
DA:47,11
DA:48,5
DA:49,5
DA:50,5
DA:51,5
DA:53,1
DA:55,1
DA:56,9
DA:57,2
DA:61,1
DA:64,0
DA:70,11
DA:71,11
DA:72,11
DA:73,104
DA:74,11
DA:76,5
DA:79,0
DA:84,11
DA:85,11
DA:86,104
DA:90,11
DA:91,48
DA:95,11
DA:96,48
DA:100,11
DA:101,1
DA:102,9
DA:106,11
DA:107,2
DA:108,18
DA:109,2
DA:113,11
DA:114,10
DA:117,11
DA:118,10
DA:121,11
DA:131,11
DA:134,1
DA:135,11
DA:136,11
DA:137,11
LF:49
LH:47
BRDA:51,0,0,4
BRDA:51,0,1,1
BRDA:102,1,0,1
BRDA:102,1,1,8
BRDA:118,2,0,1
BRDA:118,2,1,9
BRDA:136,3,0,0
BRDA:136,3,1,11
BRF:8
BRH:7
end_of_record
TN:
SF:context\ThemeContext.tsx
FN:14,ThemeProvider
FN:17,(anonymous_1)
FN:24,(anonymous_2)
FN:25,(anonymous_3)
FN:33,(anonymous_4)
FN:41,(anonymous_5)
FN:48,useTheme
FNF:7
FNH:7
FNDA:18,ThemeProvider
FNDA:1,(anonymous_1)
FNDA:13,(anonymous_2)
FNDA:13,(anonymous_3)
FNDA:1,(anonymous_4)
FNDA:17,(anonymous_5)
FNDA:41,useTheme
DA:10,4
DA:12,4
DA:15,18
DA:17,18
DA:18,1
DA:19,1
DA:20,1
DA:24,18
DA:25,13
DA:26,13
DA:27,13
DA:28,13
DA:33,18
DA:34,1
DA:35,1
DA:36,1
DA:40,18
DA:41,17
DA:45,18
DA:49,41
DA:50,40
DA:51,38
LF:22
LH:22
BRDA:28,0,0,2
BRDA:28,0,1,11
BRDA:50,1,0,2
BRDA:50,1,1,38
BRF:4
BRH:4
end_of_record
TN:
SF:hooks\use-color-scheme.ts
FNF:0
FNH:0
LF:0
LH:0
BRF:0
BRH:0
end_of_record
TN:
SF:hooks\use-theme-color.ts
FN:9,useThemeColor
FNF:1
FNH:1
FNDA:9,useThemeColor
DA:13,9
DA:14,9
DA:16,9
DA:17,0
DA:19,9
LF:5
LH:4
BRDA:13,0,0,9
BRDA:13,0,1,0
BRDA:16,1,0,0
BRDA:16,1,1,9
BRF:4
BRH:2
end_of_record
