<?xml version="1.0" encoding="UTF-8"?>
<coverage generated="1772878846829" clover="3.2.0">
  <project timestamp="1772878846829" name="All files">
    <metrics statements="858" coveredstatements="706" conditionals="460" coveredconditionals="318" methods="363" coveredmethods="256" elements="1681" coveredelements="1280" complexity="0" loc="858" ncloc="858" packages="7" files="31" classes="31"/>
    <package name="src">
      <metrics statements="7" coveredstatements="7" conditionals="0" coveredconditionals="0" methods="0" coveredmethods="0"/>
      <file name="main.tsx" path="C:\Users\Berna\Downloads\SWEN_661-Team_6-main testing\SWEN_661-Team_6-main\electron-app\careconnect-desktop\src\main.tsx">
        <metrics statements="7" coveredstatements="7" conditionals="0" coveredconditionals="0" methods="0" coveredmethods="0"/>
        <line num="1" count="3" type="stmt"/>
        <line num="2" count="3" type="stmt"/>
        <line num="3" count="3" type="stmt"/>
        <line num="4" count="3" type="stmt"/>
        <line num="5" count="3" type="stmt"/>
        <line num="6" count="3" type="stmt"/>
        <line num="9" count="3" type="stmt"/>
      </file>
    </package>
    <package name="src.app">
      <metrics statements="22" coveredstatements="22" conditionals="0" coveredconditionals="0" methods="5" coveredmethods="4"/>
      <file name="App.tsx" path="C:\Users\Berna\Downloads\SWEN_661-Team_6-main testing\SWEN_661-Team_6-main\electron-app\careconnect-desktop\src\app\App.tsx">
        <metrics statements="4" coveredstatements="4" conditionals="0" coveredconditionals="0" methods="1" coveredmethods="1"/>
        <line num="1" count="2" type="stmt"/>
        <line num="2" count="2" type="stmt"/>
        <line num="4" count="2" type="stmt"/>
        <line num="5" count="6" type="stmt"/>
      </file>
      <file name="router.tsx" path="C:\Users\Berna\Downloads\SWEN_661-Team_6-main testing\SWEN_661-Team_6-main\electron-app\careconnect-desktop\src\app\router.tsx">
        <metrics statements="18" coveredstatements="18" conditionals="0" coveredconditionals="0" methods="4" coveredmethods="3"/>
        <line num="1" count="2" type="stmt"/>
        <line num="2" count="2" type="stmt"/>
        <line num="6" count="2" type="stmt"/>
        <line num="7" count="2" type="stmt"/>
        <line num="8" count="2" type="stmt"/>
        <line num="9" count="2" type="stmt"/>
        <line num="10" count="2" type="stmt"/>
        <line num="11" count="2" type="stmt"/>
        <line num="12" count="2" type="stmt"/>
        <line num="13" count="2" type="stmt"/>
        <line num="14" count="2" type="stmt"/>
        <line num="15" count="2" type="stmt"/>
        <line num="17" count="2" type="stmt"/>
        <line num="18" count="6" type="stmt"/>
        <line num="20" count="6" type="stmt"/>
        <line num="21" count="6" type="stmt"/>
        <line num="22" count="6" type="stmt"/>
        <line num="25" count="6" type="stmt"/>
      </file>
    </package>
    <package name="src.app.layouts">
      <metrics statements="6" coveredstatements="5" conditionals="0" coveredconditionals="0" methods="3" coveredmethods="1"/>
      <file name="AppLayout.tsx" path="C:\Users\Berna\Downloads\SWEN_661-Team_6-main testing\SWEN_661-Team_6-main\electron-app\careconnect-desktop\src\app\layouts\AppLayout.tsx">
        <metrics statements="6" coveredstatements="5" conditionals="0" coveredconditionals="0" methods="3" coveredmethods="1"/>
        <line num="1" count="2" type="stmt"/>
        <line num="2" count="2" type="stmt"/>
        <line num="3" count="2" type="stmt"/>
        <line num="5" count="2" type="stmt"/>
        <line num="6" count="4" type="stmt"/>
        <line num="12" count="0" type="stmt"/>
      </file>
    </package>
    <package name="src.components">
      <metrics statements="21" coveredstatements="19" conditionals="15" coveredconditionals="11" methods="9" coveredmethods="7"/>
      <file name="Panel.tsx" path="C:\Users\Berna\Downloads\SWEN_661-Team_6-main testing\SWEN_661-Team_6-main\electron-app\careconnect-desktop\src\components\Panel.tsx">
        <metrics statements="3" coveredstatements="3" conditionals="2" coveredconditionals="2" methods="2" coveredmethods="2"/>
        <line num="10" count="4" type="stmt"/>
        <line num="11" count="52" type="stmt"/>
        <line num="17" count="96" type="stmt"/>
      </file>
      <file name="Sidebar.tsx" path="C:\Users\Berna\Downloads\SWEN_661-Team_6-main testing\SWEN_661-Team_6-main\electron-app\careconnect-desktop\src\components\Sidebar.tsx">
        <metrics statements="9" coveredstatements="9" conditionals="10" coveredconditionals="7" methods="3" coveredmethods="3"/>
        <line num="1" count="15" type="stmt"/>
        <line num="5" count="15" type="stmt"/>
        <line num="6" count="424" type="stmt"/>
        <line num="7" count="424" type="stmt"/>
        <line num="9" count="424" type="stmt"/>
        <line num="21" count="424" type="stmt"/>
        <line num="33" count="3816" type="cond" truecount="1" falsecount="1"/>
        <line num="35" count="3816" type="stmt"/>
        <line num="39" count="3" type="cond" truecount="2" falsecount="0"/>
      </file>
      <file name="TileCard.tsx" path="C:\Users\Berna\Downloads\SWEN_661-Team_6-main testing\SWEN_661-Team_6-main\electron-app\careconnect-desktop\src\components\TileCard.tsx">
        <metrics statements="2" coveredstatements="2" conditionals="1" coveredconditionals="1" methods="1" coveredmethods="1"/>
        <line num="9" count="4" type="cond" truecount="1" falsecount="0"/>
        <line num="10" count="122" type="stmt"/>
      </file>
      <file name="TopBar.tsx" path="C:\Users\Berna\Downloads\SWEN_661-Team_6-main testing\SWEN_661-Team_6-main\electron-app\careconnect-desktop\src\components\TopBar.tsx">
        <metrics statements="7" coveredstatements="5" conditionals="2" coveredconditionals="1" methods="3" coveredmethods="1"/>
        <line num="1" count="15" type="stmt"/>
        <line num="2" count="15" type="stmt"/>
        <line num="9" count="15" type="stmt"/>
        <line num="10" count="421" type="stmt"/>
        <line num="12" count="421" type="stmt"/>
        <line num="20" count="0" type="stmt"/>
        <line num="34" count="0" type="stmt"/>
      </file>
    </package>
    <package name="src.screens">
      <metrics statements="388" coveredstatements="305" conditionals="211" coveredconditionals="165" methods="195" coveredmethods="126"/>
      <file name="ActivitiesScreen.tsx" path="C:\Users\Berna\Downloads\SWEN_661-Team_6-main testing\SWEN_661-Team_6-main\electron-app\careconnect-desktop\src\screens\ActivitiesScreen.tsx">
        <metrics statements="20" coveredstatements="17" conditionals="8" coveredconditionals="7" methods="8" coveredmethods="5"/>
        <line num="1" count="3" type="stmt"/>
        <line num="2" count="3" type="stmt"/>
        <line num="3" count="3" type="stmt"/>
        <line num="4" count="3" type="stmt"/>
        <line num="5" count="3" type="stmt"/>
        <line num="6" count="3" type="stmt"/>
        <line num="8" count="3" type="stmt"/>
        <line num="9" count="74" type="stmt"/>
        <line num="10" count="74" type="stmt"/>
        <line num="11" count="74" type="stmt"/>
        <line num="13" count="740" type="stmt"/>
        <line num="14" count="74" type="stmt"/>
        <line num="15" count="74" type="cond" truecount="1" falsecount="1"/>
        <line num="17" count="74" type="stmt"/>
        <line num="23" count="0" type="stmt"/>
        <line num="24" count="0" type="stmt"/>
        <line num="36" count="1" type="stmt"/>
        <line num="62" count="740" type="stmt"/>
        <line num="70" count="4" type="stmt"/>
        <line num="84" count="0" type="cond" truecount="2" falsecount="0"/>
      </file>
      <file name="DashboardScreen.tsx" path="C:\Users\Berna\Downloads\SWEN_661-Team_6-main testing\SWEN_661-Team_6-main\electron-app\careconnect-desktop\src\screens\DashboardScreen.tsx">
        <metrics statements="15" coveredstatements="13" conditionals="2" coveredconditionals="2" methods="3" coveredmethods="1"/>
        <line num="1" count="3" type="stmt"/>
        <line num="2" count="3" type="stmt"/>
        <line num="3" count="3" type="stmt"/>
        <line num="4" count="3" type="stmt"/>
        <line num="5" count="3" type="stmt"/>
        <line num="7" count="3" type="stmt"/>
        <line num="8" count="24" type="stmt"/>
        <line num="9" count="24" type="stmt"/>
        <line num="10" count="24" type="cond" truecount="2" falsecount="0"/>
        <line num="12" count="24" type="stmt"/>
        <line num="13" count="24" type="stmt"/>
        <line num="14" count="24" type="stmt"/>
        <line num="16" count="24" type="stmt"/>
        <line num="22" count="0" type="stmt"/>
        <line num="23" count="0" type="stmt"/>
      </file>
      <file name="EmergencyScreen.tsx" path="C:\Users\Berna\Downloads\SWEN_661-Team_6-main testing\SWEN_661-Team_6-main\electron-app\careconnect-desktop\src\screens\EmergencyScreen.tsx">
        <metrics statements="18" coveredstatements="11" conditionals="0" coveredconditionals="0" methods="11" coveredmethods="4"/>
        <line num="1" count="3" type="stmt"/>
        <line num="2" count="3" type="stmt"/>
        <line num="3" count="3" type="stmt"/>
        <line num="5" count="3" type="stmt"/>
        <line num="6" count="21" type="stmt"/>
        <line num="8" count="21" type="stmt"/>
        <line num="9" count="3" type="stmt"/>
        <line num="12" count="21" type="stmt"/>
        <line num="13" count="0" type="stmt"/>
        <line num="16" count="21" type="stmt"/>
        <line num="22" count="0" type="stmt"/>
        <line num="23" count="0" type="stmt"/>
        <line num="40" count="3" type="stmt"/>
        <line num="47" count="0" type="stmt"/>
        <line num="66" count="0" type="stmt"/>
        <line num="91" count="42" type="stmt"/>
        <line num="102" count="0" type="stmt"/>
        <line num="108" count="0" type="stmt"/>
      </file>
      <file name="ExercisesScreen.tsx" path="C:\Users\Berna\Downloads\SWEN_661-Team_6-main testing\SWEN_661-Team_6-main\electron-app\careconnect-desktop\src\screens\ExercisesScreen.tsx">
        <metrics statements="31" coveredstatements="20" conditionals="12" coveredconditionals="6" methods="14" coveredmethods="7"/>
        <line num="1" count="3" type="stmt"/>
        <line num="2" count="3" type="stmt"/>
        <line num="3" count="3" type="stmt"/>
        <line num="4" count="3" type="stmt"/>
        <line num="5" count="3" type="stmt"/>
        <line num="6" count="3" type="stmt"/>
        <line num="10" count="3" type="stmt"/>
        <line num="12" count="3" type="stmt"/>
        <line num="126" count="30" type="stmt"/>
        <line num="127" count="30" type="stmt"/>
        <line num="128" count="30" type="cond" truecount="1" falsecount="1"/>
        <line num="129" count="0" type="stmt"/>
        <line num="131" count="0" type="stmt"/>
        <line num="136" count="0" type="stmt"/>
        <line num="139" count="3" type="stmt"/>
        <line num="140" count="30" type="stmt"/>
        <line num="141" count="30" type="stmt"/>
        <line num="142" count="30" type="stmt"/>
        <line num="144" count="30" type="stmt"/>
        <line num="145" count="180" type="stmt"/>
        <line num="148" count="180" type="stmt"/>
        <line num="151" count="0" type="stmt"/>
        <line num="152" count="0" type="stmt"/>
        <line num="153" count="0" type="stmt"/>
        <line num="154" count="0" type="stmt"/>
        <line num="157" count="30" type="stmt"/>
        <line num="161" count="0" type="stmt"/>
        <line num="204" count="180" type="cond" truecount="1" falsecount="1"/>
        <line num="217" count="0" type="stmt"/>
        <line num="220" count="0" type="stmt"/>
        <line num="253" count="0" type="stmt"/>
      </file>
      <file name="LoginScreen.tsx" path="C:\Users\Berna\Downloads\SWEN_661-Team_6-main testing\SWEN_661-Team_6-main\electron-app\careconnect-desktop\src\screens\LoginScreen.tsx">
        <metrics statements="28" coveredstatements="27" conditionals="18" coveredconditionals="18" methods="10" coveredmethods="9"/>
        <line num="1" count="3" type="stmt"/>
        <line num="2" count="3" type="stmt"/>
        <line num="3" count="3" type="stmt"/>
        <line num="8" count="23" type="stmt"/>
        <line num="11" count="3" type="stmt"/>
        <line num="12" count="116" type="stmt"/>
        <line num="13" count="116" type="stmt"/>
        <line num="14" count="115" type="stmt"/>
        <line num="15" count="115" type="stmt"/>
        <line num="16" count="115" type="stmt"/>
        <line num="18" count="115" type="stmt"/>
        <line num="19" count="41" type="stmt"/>
        <line num="20" count="41" type="stmt"/>
        <line num="24" count="33" type="stmt"/>
        <line num="25" count="33" type="cond" truecount="2" falsecount="0"/>
        <line num="26" count="33" type="cond" truecount="2" falsecount="0"/>
        <line num="27" count="23" type="cond" truecount="2" falsecount="0"/>
        <line num="28" count="33" type="stmt"/>
        <line num="29" count="33" type="stmt"/>
        <line num="33" count="33" type="stmt"/>
        <line num="34" count="33" type="cond" truecount="2" falsecount="0"/>
        <line num="35" count="7" type="stmt"/>
        <line num="38" count="115" type="stmt"/>
        <line num="41" count="1" type="stmt"/>
        <line num="56" count="14" type="stmt"/>
        <line num="66" count="26" type="stmt"/>
        <line num="84" count="1" type="stmt"/>
        <line num="99" count="0" type="stmt"/>
      </file>
      <file name="MedicationsScreen.tsx" path="C:\Users\Berna\Downloads\SWEN_661-Team_6-main testing\SWEN_661-Team_6-main\electron-app\careconnect-desktop\src\screens\MedicationsScreen.tsx">
        <metrics statements="34" coveredstatements="25" conditionals="24" coveredconditionals="16" methods="22" coveredmethods="15"/>
        <line num="1" count="4" type="stmt"/>
        <line num="2" count="4" type="stmt"/>
        <line num="3" count="4" type="stmt"/>
        <line num="4" count="4" type="stmt"/>
        <line num="5" count="4" type="stmt"/>
        <line num="24" count="420" type="stmt"/>
        <line num="27" count="4" type="stmt"/>
        <line num="28" count="42" type="stmt"/>
        <line num="29" count="42" type="stmt"/>
        <line num="32" count="42" type="stmt"/>
        <line num="66" count="42" type="stmt"/>
        <line num="69" count="1" type="stmt"/>
        <line num="70" count="1" type="stmt"/>
        <line num="71" count="3" type="cond" truecount="2" falsecount="0"/>
        <line num="72" count="1" type="stmt"/>
        <line num="75" count="3" type="cond" truecount="2" falsecount="0"/>
        <line num="77" count="1" type="cond" truecount="1" falsecount="1"/>
        <line num="78" count="1" type="stmt"/>
        <line num="86" count="3" type="stmt"/>
        <line num="90" count="0" type="stmt"/>
        <line num="92" count="0" type="stmt"/>
        <line num="96" count="0" type="cond" truecount="0" falsecount="2"/>
        <line num="97" count="0" type="stmt"/>
        <line num="104" count="0" type="stmt"/>
        <line num="112" count="0" type="stmt"/>
        <line num="113" count="0" type="stmt"/>
        <line num="116" count="42" type="stmt"/>
        <line num="121" count="0" type="stmt"/>
        <line num="130" count="3" type="stmt"/>
        <line num="137" count="125" type="stmt"/>
        <line num="149" count="1" type="stmt"/>
        <line num="159" count="291" type="stmt"/>
        <line num="164" count="1" type="stmt"/>
        <line num="184" count="0" type="cond" truecount="2" falsecount="0"/>
      </file>
      <file name="MyHealthScreen.tsx" path="C:\Users\Berna\Downloads\SWEN_661-Team_6-main testing\SWEN_661-Team_6-main\electron-app\careconnect-desktop\src\screens\MyHealthScreen.tsx">
        <metrics statements="98" coveredstatements="65" conditionals="77" coveredconditionals="47" methods="41" coveredmethods="24"/>
        <line num="1" count="3" type="stmt"/>
        <line num="2" count="3" type="stmt"/>
        <line num="3" count="3" type="stmt"/>
        <line num="4" count="3" type="stmt"/>
        <line num="5" count="3" type="stmt"/>
        <line num="6" count="3" type="stmt"/>
        <line num="32" count="129" type="stmt"/>
        <line num="36" count="84" type="stmt"/>
        <line num="37" count="84" type="stmt"/>
        <line num="38" count="84" type="stmt"/>
        <line num="42" count="123" type="stmt"/>
        <line num="50" count="1" type="stmt"/>
        <line num="59" count="1" type="stmt"/>
        <line num="63" count="3" type="stmt"/>
        <line num="68" count="1" type="cond" truecount="3" falsecount="1"/>
        <line num="69" count="1" type="cond" truecount="3" falsecount="1"/>
        <line num="70" count="0" type="cond" truecount="0" falsecount="4"/>
        <line num="71" count="0" type="stmt"/>
        <line num="74" count="3" type="stmt"/>
        <line num="75" count="43" type="stmt"/>
        <line num="77" count="43" type="stmt"/>
        <line num="78" count="43" type="stmt"/>
        <line num="80" count="43" type="stmt"/>
        <line num="81" count="43" type="stmt"/>
        <line num="82" count="41" type="stmt"/>
        <line num="83" count="41" type="stmt"/>
        <line num="84" count="41" type="stmt"/>
        <line num="88" count="43" type="stmt"/>
        <line num="114" count="43" type="stmt"/>
        <line num="115" count="41" type="stmt"/>
        <line num="116" count="41" type="cond" truecount="3" falsecount="1"/>
        <line num="117" count="41" type="stmt"/>
        <line num="120" count="43" type="stmt"/>
        <line num="121" count="82" type="stmt"/>
        <line num="122" count="41" type="cond" truecount="1" falsecount="1"/>
        <line num="123" count="41" type="cond" truecount="1" falsecount="1"/>
        <line num="126" count="43" type="stmt"/>
        <line num="128" count="123" type="stmt"/>
        <line num="131" count="43" type="stmt"/>
        <line num="132" count="123" type="stmt"/>
        <line num="136" count="0" type="stmt"/>
        <line num="143" count="0" type="cond" truecount="0" falsecount="2"/>
        <line num="144" count="0" type="stmt"/>
        <line num="150" count="0" type="stmt"/>
        <line num="151" count="0" type="stmt"/>
        <line num="152" count="0" type="stmt"/>
        <line num="155" count="0" type="cond" truecount="0" falsecount="2"/>
        <line num="156" count="0" type="stmt"/>
        <line num="161" count="0" type="stmt"/>
        <line num="162" count="0" type="stmt"/>
        <line num="163" count="0" type="stmt"/>
        <line num="167" count="0" type="stmt"/>
        <line num="173" count="0" type="stmt"/>
        <line num="174" count="0" type="stmt"/>
        <line num="178" count="0" type="stmt"/>
        <line num="181" count="43" type="stmt"/>
        <line num="186" count="0" type="stmt"/>
        <line num="195" count="1" type="stmt"/>
        <line num="262" count="1" type="stmt"/>
        <line num="279" count="0" type="stmt"/>
        <line num="280" count="0" type="stmt"/>
        <line num="281" count="0" type="stmt"/>
        <line num="282" count="0" type="stmt"/>
        <line num="285" count="0" type="stmt"/>
        <line num="286" count="0" type="stmt"/>
        <line num="287" count="0" type="stmt"/>
        <line num="288" count="0" type="stmt"/>
        <line num="290" count="0" type="stmt"/>
        <line num="311" count="3" type="stmt"/>
        <line num="314" count="3" type="cond" truecount="5" falsecount="0"/>
        <line num="315" count="1" type="stmt"/>
        <line num="316" count="1" type="stmt"/>
        <line num="346" count="0" type="stmt"/>
        <line num="355" count="2" type="cond" truecount="2" falsecount="0"/>
        <line num="356" count="1" type="stmt"/>
        <line num="386" count="0" type="stmt"/>
        <line num="395" count="1" type="cond" truecount="1" falsecount="1"/>
        <line num="396" count="1" type="stmt"/>
        <line num="425" count="0" type="stmt"/>
        <line num="433" count="0" type="stmt"/>
        <line num="441" count="0" type="cond" truecount="2" falsecount="0"/>
        <line num="460" count="1" type="stmt"/>
        <line num="461" count="1" type="stmt"/>
        <line num="463" count="1" type="stmt"/>
        <line num="465" count="1" type="stmt"/>
        <line num="466" count="1" type="stmt"/>
        <line num="468" count="1" type="stmt"/>
        <line num="469" count="1" type="stmt"/>
        <line num="471" count="1" type="stmt"/>
        <line num="472" count="1" type="stmt"/>
        <line num="473" count="31" type="stmt"/>
        <line num="474" count="4" type="stmt"/>
        <line num="476" count="1" type="stmt"/>
        <line num="490" count="7" type="stmt"/>
        <line num="498" count="35" type="cond" truecount="2" falsecount="0"/>
        <line num="501" count="31" type="cond" truecount="3" falsecount="0"/>
        <line num="505" count="31" type="stmt"/>
        <line num="509" count="0" type="stmt"/>
      </file>
      <file name="MyInfoScreen.tsx" path="C:\Users\Berna\Downloads\SWEN_661-Team_6-main testing\SWEN_661-Team_6-main\electron-app\careconnect-desktop\src\screens\MyInfoScreen.tsx">
        <metrics statements="71" coveredstatements="57" conditionals="48" coveredconditionals="48" methods="56" coveredmethods="34"/>
        <line num="1" count="5" type="stmt"/>
        <line num="2" count="5" type="stmt"/>
        <line num="3" count="5" type="stmt"/>
        <line num="4" count="5" type="stmt"/>
        <line num="39" count="5" type="stmt"/>
        <line num="41" count="5" type="stmt"/>
        <line num="71" count="56" type="stmt"/>
        <line num="72" count="56" type="stmt"/>
        <line num="73" count="56" type="cond" truecount="2" falsecount="0"/>
        <line num="74" count="2" type="stmt"/>
        <line num="75" count="1" type="stmt"/>
        <line num="77" count="1" type="stmt"/>
        <line num="82" count="3" type="stmt"/>
        <line num="98" count="3000" type="stmt"/>
        <line num="106" count="93" type="stmt"/>
        <line num="128" count="600" type="stmt"/>
        <line num="136" count="35" type="stmt"/>
        <line num="146" count="5" type="stmt"/>
        <line num="147" count="259" type="stmt"/>
        <line num="150" count="259" type="stmt"/>
        <line num="153" count="259" type="stmt"/>
        <line num="154" count="259" type="stmt"/>
        <line num="155" count="259" type="stmt"/>
        <line num="158" count="259" type="stmt"/>
        <line num="159" count="259" type="stmt"/>
        <line num="160" count="259" type="stmt"/>
        <line num="163" count="259" type="stmt"/>
        <line num="164" count="59" type="stmt"/>
        <line num="165" count="59" type="stmt"/>
        <line num="166" count="59" type="stmt"/>
        <line num="171" count="1" type="stmt"/>
        <line num="172" count="1" type="stmt"/>
        <line num="173" count="1" type="stmt"/>
        <line num="174" count="1" type="stmt"/>
        <line num="177" count="1" type="stmt"/>
        <line num="178" count="1" type="stmt"/>
        <line num="182" count="1" type="stmt"/>
        <line num="183" count="1" type="stmt"/>
        <line num="184" count="1" type="stmt"/>
        <line num="185" count="1" type="stmt"/>
        <line num="188" count="0" type="stmt"/>
        <line num="189" count="0" type="stmt"/>
        <line num="193" count="1" type="stmt"/>
        <line num="194" count="1" type="stmt"/>
        <line num="195" count="1" type="stmt"/>
        <line num="196" count="1" type="stmt"/>
        <line num="199" count="0" type="stmt"/>
        <line num="200" count="0" type="stmt"/>
        <line num="203" count="259" type="stmt"/>
        <line num="207" count="1" type="stmt"/>
        <line num="235" count="10" type="stmt"/>
        <line num="247" count="20" type="stmt"/>
        <line num="253" count="7" type="stmt"/>
        <line num="259" count="0" type="stmt"/>
        <line num="266" count="0" type="stmt"/>
        <line num="273" count="25" type="stmt"/>
        <line num="301" count="1" type="stmt"/>
        <line num="314" count="16" type="stmt"/>
        <line num="321" count="10" type="stmt"/>
        <line num="327" count="0" type="stmt"/>
        <line num="333" count="0" type="stmt"/>
        <line num="360" count="1" type="stmt"/>
        <line num="372" count="15" type="stmt"/>
        <line num="378" count="0" type="stmt"/>
        <line num="386" count="0" type="stmt"/>
        <line num="392" count="0" type="stmt"/>
        <line num="400" count="0" type="stmt"/>
        <line num="406" count="0" type="stmt"/>
        <line num="414" count="12" type="stmt"/>
        <line num="426" count="0" type="stmt"/>
        <line num="438" count="23" type="stmt"/>
      </file>
      <file name="SizeDemoScreen.tsx" path="C:\Users\Berna\Downloads\SWEN_661-Team_6-main testing\SWEN_661-Team_6-main\electron-app\careconnect-desktop\src\screens\SizeDemoScreen.tsx">
        <metrics statements="12" coveredstatements="11" conditionals="2" coveredconditionals="2" methods="5" coveredmethods="3"/>
        <line num="1" count="3" type="stmt"/>
        <line num="2" count="3" type="stmt"/>
        <line num="3" count="3" type="stmt"/>
        <line num="4" count="3" type="stmt"/>
        <line num="6" count="3" type="stmt"/>
        <line num="12" count="3" type="stmt"/>
        <line num="13" count="78" type="stmt"/>
        <line num="14" count="78" type="stmt"/>
        <line num="16" count="78" type="stmt"/>
        <line num="20" count="0" type="stmt"/>
        <line num="41" count="234" type="stmt"/>
        <line num="44" count="25" type="stmt"/>
      </file>
      <file name="SymptomsScreen.tsx" path="C:\Users\Berna\Downloads\SWEN_661-Team_6-main testing\SWEN_661-Team_6-main\electron-app\careconnect-desktop\src\screens\SymptomsScreen.tsx">
        <metrics statements="61" coveredstatements="59" conditionals="20" coveredconditionals="19" methods="25" coveredmethods="24"/>
        <line num="1" count="4" type="stmt"/>
        <line num="2" count="4" type="stmt"/>
        <line num="3" count="4" type="stmt"/>
        <line num="4" count="4" type="stmt"/>
        <line num="5" count="4" type="stmt"/>
        <line num="6" count="4" type="stmt"/>
        <line num="7" count="4" type="stmt"/>
        <line num="9" count="4" type="stmt"/>
        <line num="12" count="46" type="stmt"/>
        <line num="13" count="46" type="stmt"/>
        <line num="14" count="46" type="cond" truecount="2" falsecount="0"/>
        <line num="15" count="4" type="stmt"/>
        <line num="16" count="6" type="stmt"/>
        <line num="18" count="1" type="stmt"/>
        <line num="23" count="3" type="stmt"/>
        <line num="27" count="58" type="stmt"/>
        <line num="28" count="58" type="stmt"/>
        <line num="29" count="58" type="stmt"/>
        <line num="33" count="0" type="stmt"/>
        <line num="34" count="0" type="stmt"/>
        <line num="37" count="4" type="stmt"/>
        <line num="38" count="64" type="stmt"/>
        <line num="40" count="64" type="stmt"/>
        <line num="41" count="64" type="stmt"/>
        <line num="42" count="64" type="stmt"/>
        <line num="43" count="64" type="stmt"/>
        <line num="45" count="64" type="stmt"/>
        <line num="46" count="49" type="stmt"/>
        <line num="47" count="49" type="stmt"/>
        <line num="50" count="64" type="stmt"/>
        <line num="51" count="49" type="cond" truecount="2" falsecount="0"/>
        <line num="52" count="9" type="stmt"/>
        <line num="53" count="6" type="stmt"/>
        <line num="56" count="64" type="stmt"/>
        <line num="57" count="49" type="cond" truecount="2" falsecount="0"/>
        <line num="58" count="6" type="stmt"/>
        <line num="59" count="9" type="cond" truecount="2" falsecount="0"/>
        <line num="60" count="6" type="stmt"/>
        <line num="61" count="6" type="stmt"/>
        <line num="62" count="6" type="stmt"/>
        <line num="63" count="8" type="cond" truecount="2" falsecount="0"/>
        <line num="64" count="7" type="stmt"/>
        <line num="65" count="7" type="stmt"/>
        <line num="68" count="6" type="stmt"/>
        <line num="72" count="1" type="stmt"/>
        <line num="77" count="1" type="stmt"/>
        <line num="78" count="1" type="stmt"/>
        <line num="79" count="1" type="stmt"/>
        <line num="82" count="64" type="stmt"/>
        <line num="86" count="1" type="stmt"/>
        <line num="95" count="3" type="stmt"/>
        <line num="150" count="5" type="stmt"/>
        <line num="160" count="2" type="stmt"/>
        <line num="161" count="1" type="stmt"/>
        <line num="162" count="1" type="stmt"/>
        <line num="165" count="1" type="cond" truecount="1" falsecount="1"/>
        <line num="166" count="1" type="stmt"/>
        <line num="167" count="1" type="stmt"/>
        <line num="175" count="1" type="stmt"/>
        <line num="177" count="1" type="stmt"/>
        <line num="178" count="1" type="stmt"/>
      </file>
    </package>
    <package name="src.screens.components">
      <metrics statements="351" coveredstatements="290" conditionals="203" coveredconditionals="118" methods="131" coveredmethods="100"/>
      <file name="AddActivityModal.tsx" path="C:\Users\Berna\Downloads\SWEN_661-Team_6-main testing\SWEN_661-Team_6-main\electron-app\careconnect-desktop\src\screens\components\AddActivityModal.tsx">
        <metrics statements="48" coveredstatements="45" conditionals="26" coveredconditionals="19" methods="12" coveredmethods="12"/>
        <line num="1" count="4" type="stmt"/>
        <line num="2" count="4" type="stmt"/>
        <line num="9" count="4" type="cond" truecount="1" falsecount="1"/>
        <line num="10" count="4" type="stmt"/>
        <line num="13" count="16" type="cond" truecount="2" falsecount="0"/>
        <line num="16" count="4" type="stmt"/>
        <line num="17" count="93" type="stmt"/>
        <line num="19" count="93" type="stmt"/>
        <line num="20" count="93" type="stmt"/>
        <line num="21" count="93" type="stmt"/>
        <line num="23" count="93" type="stmt"/>
        <line num="24" count="93" type="stmt"/>
        <line num="26" count="93" type="stmt"/>
        <line num="28" count="93" type="stmt"/>
        <line num="29" count="14" type="stmt"/>
        <line num="32" count="93" type="stmt"/>
        <line num="34" count="85" type="cond" truecount="2" falsecount="0"/>
        <line num="35" count="1" type="stmt"/>
        <line num="36" count="1" type="stmt"/>
        <line num="37" count="1" type="stmt"/>
        <line num="41" count="84" type="cond" truecount="2" falsecount="0"/>
        <line num="42" count="4" type="stmt"/>
        <line num="43" count="4" type="cond" truecount="1" falsecount="1"/>
        <line num="44" count="4" type="stmt"/>
        <line num="45" count="4" type="stmt"/>
        <line num="47" count="4" type="stmt"/>
        <line num="48" count="4" type="cond" truecount="1" falsecount="1"/>
        <line num="50" count="4" type="cond" truecount="2" falsecount="0"/>
        <line num="51" count="2" type="cond" truecount="1" falsecount="1"/>
        <line num="52" count="2" type="stmt"/>
        <line num="53" count="2" type="stmt"/>
        <line num="56" count="2" type="cond" truecount="1" falsecount="1"/>
        <line num="57" count="2" type="stmt"/>
        <line num="58" count="2" type="stmt"/>
        <line num="64" count="14" type="stmt"/>
        <line num="65" count="14" type="stmt"/>
        <line num="69" count="3" type="stmt"/>
        <line num="70" count="3" type="cond" truecount="1" falsecount="1"/>
        <line num="71" count="0" type="stmt"/>
        <line num="72" count="0" type="stmt"/>
        <line num="73" count="0" type="stmt"/>
        <line num="75" count="3" type="cond" truecount="2" falsecount="0"/>
        <line num="76" count="3" type="stmt"/>
        <line num="79" count="93" type="stmt"/>
        <line num="85" count="14" type="cond" truecount="2" falsecount="0"/>
        <line num="119" count="59" type="stmt"/>
        <line num="120" count="59" type="stmt"/>
        <line num="132" count="20" type="stmt"/>
      </file>
      <file name="AddMedicationModal.tsx" path="C:\Users\Berna\Downloads\SWEN_661-Team_6-main testing\SWEN_661-Team_6-main\electron-app\careconnect-desktop\src\screens\components\AddMedicationModal.tsx">
        <metrics statements="18" coveredstatements="18" conditionals="10" coveredconditionals="10" methods="7" coveredmethods="7"/>
        <line num="1" count="5" type="stmt"/>
        <line num="15" count="5" type="stmt"/>
        <line num="16" count="163" type="stmt"/>
        <line num="17" count="163" type="stmt"/>
        <line num="18" count="163" type="stmt"/>
        <line num="19" count="163" type="stmt"/>
        <line num="20" count="163" type="stmt"/>
        <line num="23" count="7" type="stmt"/>
        <line num="25" count="7" type="cond" truecount="2" falsecount="0"/>
        <line num="26" count="5" type="cond" truecount="2" falsecount="0"/>
        <line num="27" count="4" type="cond" truecount="2" falsecount="0"/>
        <line num="29" count="3" type="stmt"/>
        <line num="37" count="163" type="stmt"/>
        <line num="39" count="23" type="stmt"/>
        <line num="49" count="70" type="stmt"/>
        <line num="52" count="26" type="stmt"/>
        <line num="55" count="30" type="stmt"/>
        <line num="58" count="17" type="stmt"/>
      </file>
      <file name="ExerciseInstructionsModal.tsx" path="C:\Users\Berna\Downloads\SWEN_661-Team_6-main testing\SWEN_661-Team_6-main\electron-app\careconnect-desktop\src\screens\components\ExerciseInstructionsModal.tsx">
        <metrics statements="12" coveredstatements="12" conditionals="2" coveredconditionals="1" methods="8" coveredmethods="8"/>
        <line num="1" count="4" type="stmt"/>
        <line num="20" count="4" type="stmt"/>
        <line num="22" count="10" type="stmt"/>
        <line num="23" count="10" type="stmt"/>
        <line num="24" count="1" type="cond" truecount="1" falsecount="1"/>
        <line num="26" count="10" type="stmt"/>
        <line num="27" count="10" type="stmt"/>
        <line num="30" count="10" type="stmt"/>
        <line num="32" count="4" type="stmt"/>
        <line num="63" count="30" type="stmt"/>
        <line num="75" count="20" type="stmt"/>
        <line num="85" count="1" type="stmt"/>
      </file>
      <file name="ExerciseProgressChart.tsx" path="C:\Users\Berna\Downloads\SWEN_661-Team_6-main testing\SWEN_661-Team_6-main\electron-app\careconnect-desktop\src\screens\components\ExerciseProgressChart.tsx">
        <metrics statements="49" coveredstatements="45" conditionals="12" coveredconditionals="6" methods="20" coveredmethods="16"/>
        <line num="1" count="3" type="stmt"/>
        <line num="8" count="0" type="stmt"/>
        <line num="12" count="210" type="stmt"/>
        <line num="13" count="30" type="stmt"/>
        <line num="14" count="30" type="stmt"/>
        <line num="17" count="30" type="stmt"/>
        <line num="19" count="30" type="stmt"/>
        <line num="20" count="30" type="stmt"/>
        <line num="22" count="30" type="stmt"/>
        <line num="24" count="210" type="stmt"/>
        <line num="25" count="210" type="stmt"/>
        <line num="26" count="210" type="stmt"/>
        <line num="27" count="210" type="cond" truecount="2" falsecount="0"/>
        <line num="32" count="3" type="stmt"/>
        <line num="33" count="30" type="stmt"/>
        <line num="35" count="30" type="stmt"/>
        <line num="36" count="30" type="stmt"/>
        <line num="46" count="120" type="stmt"/>
        <line num="68" count="30" type="stmt"/>
        <line num="70" count="210" type="stmt"/>
        <line num="72" count="30" type="cond" truecount="1" falsecount="3"/>
        <line num="75" count="30" type="stmt"/>
        <line num="76" count="30" type="stmt"/>
        <line num="77" count="30" type="stmt"/>
        <line num="79" count="30" type="stmt"/>
        <line num="81" count="30" type="stmt"/>
        <line num="82" count="210" type="stmt"/>
        <line num="83" count="30" type="stmt"/>
        <line num="84" count="30" type="stmt"/>
        <line num="85" count="30" type="stmt"/>
        <line num="88" count="120" type="stmt"/>
        <line num="89" count="30" type="stmt"/>
        <line num="92" count="30" type="stmt"/>
        <line num="100" count="0" type="stmt"/>
        <line num="109" count="0" type="stmt"/>
        <line num="118" count="0" type="stmt"/>
        <line num="139" count="120" type="stmt"/>
        <line num="151" count="120" type="stmt"/>
        <line num="152" count="120" type="stmt"/>
        <line num="161" count="210" type="stmt"/>
        <line num="162" count="210" type="stmt"/>
        <line num="164" count="1470" type="stmt"/>
        <line num="165" count="210" type="stmt"/>
        <line num="166" count="210" type="stmt"/>
        <line num="167" count="210" type="stmt"/>
        <line num="168" count="210" type="stmt"/>
        <line num="169" count="210" type="stmt"/>
        <line num="171" count="210" type="stmt"/>
        <line num="177" count="210" type="stmt"/>
      </file>
      <file name="HealthTrendsChart.tsx" path="C:\Users\Berna\Downloads\SWEN_661-Team_6-main testing\SWEN_661-Team_6-main\electron-app\careconnect-desktop\src\screens\components\HealthTrendsChart.tsx">
        <metrics statements="6" coveredstatements="6" conditionals="0" coveredconditionals="0" methods="5" coveredmethods="5"/>
        <line num="1" count="3" type="stmt"/>
        <line num="4" count="43" type="stmt"/>
        <line num="9" count="258" type="stmt"/>
        <line num="20" count="301" type="stmt"/>
        <line num="33" count="301" type="stmt"/>
        <line num="62" count="301" type="stmt"/>
      </file>
      <file name="LogHealthDataModal.tsx" path="C:\Users\Berna\Downloads\SWEN_661-Team_6-main testing\SWEN_661-Team_6-main\electron-app\careconnect-desktop\src\screens\components\LogHealthDataModal.tsx">
        <metrics statements="59" coveredstatements="32" conditionals="68" coveredconditionals="24" methods="23" coveredmethods="13"/>
        <line num="1" count="4" type="stmt"/>
        <line num="33" count="0" type="stmt"/>
        <line num="38" count="1" type="cond" truecount="1" falsecount="1"/>
        <line num="39" count="1" type="cond" truecount="1" falsecount="1"/>
        <line num="40" count="1" type="cond" truecount="1" falsecount="1"/>
        <line num="41" count="0" type="cond" truecount="0" falsecount="2"/>
        <line num="42" count="0" type="stmt"/>
        <line num="45" count="4" type="stmt"/>
        <line num="46" count="22" type="stmt"/>
        <line num="49" count="22" type="stmt"/>
        <line num="50" count="22" type="stmt"/>
        <line num="51" count="22" type="stmt"/>
        <line num="54" count="22" type="stmt"/>
        <line num="55" count="15" type="stmt"/>
        <line num="58" count="22" type="stmt"/>
        <line num="59" count="22" type="stmt"/>
        <line num="62" count="22" type="stmt"/>
        <line num="63" count="22" type="stmt"/>
        <line num="64" count="22" type="stmt"/>
        <line num="67" count="22" type="stmt"/>
        <line num="68" count="22" type="stmt"/>
        <line num="71" count="0" type="stmt"/>
        <line num="72" count="0" type="cond" truecount="0" falsecount="2"/>
        <line num="76" count="1" type="stmt"/>
        <line num="78" count="1" type="cond" truecount="1" falsecount="1"/>
        <line num="79" count="0" type="stmt"/>
        <line num="80" count="0" type="stmt"/>
        <line num="81" count="0" type="cond" truecount="0" falsecount="2"/>
        <line num="83" count="0" type="cond" truecount="0" falsecount="5"/>
        <line num="84" count="0" type="cond" truecount="0" falsecount="5"/>
        <line num="85" count="0" type="cond" truecount="0" falsecount="5"/>
        <line num="87" count="0" type="stmt"/>
        <line num="94" count="0" type="stmt"/>
        <line num="97" count="1" type="cond" truecount="1" falsecount="1"/>
        <line num="98" count="0" type="stmt"/>
        <line num="99" count="0" type="stmt"/>
        <line num="105" count="0" type="stmt"/>
        <line num="109" count="1" type="cond" truecount="1" falsecount="1"/>
        <line num="110" count="0" type="cond" truecount="0" falsecount="2"/>
        <line num="111" count="0" type="cond" truecount="0" falsecount="5"/>
        <line num="113" count="0" type="stmt"/>
        <line num="122" count="22" type="stmt"/>
        <line num="124" count="0" type="stmt"/>
        <line num="136" count="1" type="cond" truecount="2" falsecount="0"/>
        <line num="139" count="1" type="cond" truecount="2" falsecount="0"/>
        <line num="142" count="1" type="cond" truecount="2" falsecount="0"/>
        <line num="153" count="1" type="stmt"/>
        <line num="157" count="1" type="stmt"/>
        <line num="162" count="1" type="stmt"/>
        <line num="165" count="1" type="stmt"/>
        <line num="176" count="6" type="stmt"/>
        <line num="180" count="0" type="stmt"/>
        <line num="200" count="0" type="stmt"/>
        <line num="209" count="0" type="stmt"/>
        <line num="220" count="8" type="stmt"/>
        <line num="224" count="0" type="stmt"/>
        <line num="232" count="0" type="stmt"/>
        <line num="235" count="0" type="stmt"/>
        <line num="238" count="0" type="stmt"/>
      </file>
      <file name="LogSymptomModal.tsx" path="C:\Users\Berna\Downloads\SWEN_661-Team_6-main testing\SWEN_661-Team_6-main\electron-app\careconnect-desktop\src\screens\components\LogSymptomModal.tsx">
        <metrics statements="16" coveredstatements="11" conditionals="8" coveredconditionals="4" methods="8" coveredmethods="4"/>
        <line num="1" count="3" type="stmt"/>
        <line num="24" count="3" type="stmt"/>
        <line num="34" count="1" type="cond" truecount="1" falsecount="1"/>
        <line num="35" count="1" type="cond" truecount="1" falsecount="1"/>
        <line num="36" count="0" type="stmt"/>
        <line num="39" count="3" type="stmt"/>
        <line num="40" count="1" type="stmt"/>
        <line num="41" count="1" type="stmt"/>
        <line num="42" count="1" type="stmt"/>
        <line num="44" count="1" type="stmt"/>
        <line num="46" count="1" type="stmt"/>
        <line num="63" count="6" type="stmt"/>
        <line num="66" count="0" type="stmt"/>
        <line num="83" count="0" type="stmt"/>
        <line num="96" count="0" type="stmt"/>
        <line num="106" count="0" type="stmt"/>
      </file>
      <file name="RegisterModal.tsx" path="C:\Users\Berna\Downloads\SWEN_661-Team_6-main testing\SWEN_661-Team_6-main\electron-app\careconnect-desktop\src\screens\components\RegisterModal.tsx">
        <metrics statements="26" coveredstatements="20" conditionals="32" coveredconditionals="22" methods="9" coveredmethods="7"/>
        <line num="1" count="4" type="stmt"/>
        <line num="7" count="0" type="stmt"/>
        <line num="10" count="0" type="stmt"/>
        <line num="13" count="4" type="stmt"/>
        <line num="14" count="33" type="stmt"/>
        <line num="15" count="33" type="stmt"/>
        <line num="16" count="33" type="stmt"/>
        <line num="17" count="33" type="stmt"/>
        <line num="18" count="33" type="stmt"/>
        <line num="21" count="2" type="stmt"/>
        <line num="22" count="2" type="cond" truecount="2" falsecount="0"/>
        <line num="23" count="2" type="cond" truecount="1" falsecount="1"/>
        <line num="24" count="0" type="cond" truecount="0" falsecount="2"/>
        <line num="25" count="2" type="cond" truecount="1" falsecount="1"/>
        <line num="26" count="0" type="cond" truecount="0" falsecount="2"/>
        <line num="27" count="2" type="cond" truecount="1" falsecount="1"/>
        <line num="28" count="0" type="cond" truecount="0" falsecount="2"/>
        <line num="29" count="2" type="stmt"/>
        <line num="30" count="2" type="stmt"/>
        <line num="34" count="2" type="cond" truecount="1" falsecount="1"/>
        <line num="36" count="0" type="stmt"/>
        <line num="39" count="33" type="stmt"/>
        <line num="51" count="3" type="cond" truecount="2" falsecount="0"/>
        <line num="55" count="2" type="cond" truecount="2" falsecount="0"/>
        <line num="59" count="2" type="cond" truecount="2" falsecount="0"/>
        <line num="63" count="1" type="cond" truecount="2" falsecount="0"/>
      </file>
      <file name="SymptomHistoryPanel.tsx" path="C:\Users\Berna\Downloads\SWEN_661-Team_6-main testing\SWEN_661-Team_6-main\electron-app\careconnect-desktop\src\screens\components\SymptomHistoryPanel.tsx">
        <metrics statements="38" coveredstatements="26" conditionals="10" coveredconditionals="3" methods="14" coveredmethods="7"/>
        <line num="1" count="3" type="stmt"/>
        <line num="11" count="1" type="stmt"/>
        <line num="12" count="1" type="stmt"/>
        <line num="13" count="1" type="stmt"/>
        <line num="17" count="0" type="stmt"/>
        <line num="18" count="0" type="stmt"/>
        <line num="19" count="0" type="stmt"/>
        <line num="23" count="1" type="stmt"/>
        <line num="24" count="1" type="stmt"/>
        <line num="28" count="0" type="cond" truecount="0" falsecount="2"/>
        <line num="29" count="0" type="cond" truecount="0" falsecount="2"/>
        <line num="30" count="0" type="stmt"/>
        <line num="33" count="3" type="stmt"/>
        <line num="34" count="1" type="stmt"/>
        <line num="36" count="1" type="stmt"/>
        <line num="37" count="1" type="stmt"/>
        <line num="42" count="1" type="stmt"/>
        <line num="43" count="1" type="stmt"/>
        <line num="44" count="1" type="stmt"/>
        <line num="45" count="1" type="stmt"/>
        <line num="46" count="1" type="stmt"/>
        <line num="47" count="1" type="stmt"/>
        <line num="48" count="1" type="stmt"/>
        <line num="49" count="1" type="stmt"/>
        <line num="50" count="31" type="stmt"/>
        <line num="51" count="31" type="stmt"/>
        <line num="52" count="31" type="stmt"/>
        <line num="54" count="1" type="stmt"/>
        <line num="57" count="1" type="stmt"/>
        <line num="81" count="31" type="stmt"/>
        <line num="82" count="31" type="stmt"/>
        <line num="83" count="31" type="stmt"/>
        <line num="87" count="0" type="stmt"/>
        <line num="117" count="0" type="stmt"/>
        <line num="118" count="0" type="stmt"/>
        <line num="133" count="0" type="stmt"/>
        <line num="134" count="0" type="stmt"/>
        <line num="141" count="0" type="stmt"/>
      </file>
      <file name="SymptomTrendsChart.tsx" path="C:\Users\Berna\Downloads\SWEN_661-Team_6-main testing\SWEN_661-Team_6-main\electron-app\careconnect-desktop\src\screens\components\SymptomTrendsChart.tsx">
        <metrics statements="71" coveredstatements="67" conditionals="31" coveredconditionals="25" methods="21" coveredmethods="17"/>
        <line num="1" count="3" type="stmt"/>
        <line num="12" count="3" type="stmt"/>
        <line num="20" count="1160" type="stmt"/>
        <line num="24" count="1104" type="cond" truecount="1" falsecount="1"/>
        <line num="25" count="0" type="stmt"/>
        <line num="29" count="0" type="stmt"/>
        <line num="30" count="0" type="stmt"/>
        <line num="31" count="0" type="stmt"/>
        <line num="35" count="40" type="stmt"/>
        <line num="36" count="40" type="stmt"/>
        <line num="37" count="40" type="stmt"/>
        <line num="39" count="40" type="cond" truecount="2" falsecount="0"/>
        <line num="41" count="36" type="stmt"/>
        <line num="42" count="252" type="stmt"/>
        <line num="43" count="252" type="stmt"/>
        <line num="44" count="252" type="stmt"/>
        <line num="45" count="252" type="stmt"/>
        <line num="46" count="252" type="stmt"/>
        <line num="48" count="4" type="cond" truecount="2" falsecount="0"/>
        <line num="50" count="3" type="stmt"/>
        <line num="51" count="12" type="stmt"/>
        <line num="52" count="12" type="stmt"/>
        <line num="53" count="12" type="stmt"/>
        <line num="54" count="12" type="stmt"/>
        <line num="55" count="12" type="stmt"/>
        <line num="59" count="1" type="stmt"/>
        <line num="60" count="12" type="stmt"/>
        <line num="61" count="12" type="stmt"/>
        <line num="62" count="12" type="stmt"/>
        <line num="63" count="12" type="stmt"/>
        <line num="67" count="40" type="stmt"/>
        <line num="71" count="168" type="stmt"/>
        <line num="72" count="168" type="stmt"/>
        <line num="73" count="168" type="stmt"/>
        <line num="75" count="168" type="stmt"/>
        <line num="76" count="168" type="stmt"/>
        <line num="78" count="168" type="stmt"/>
        <line num="79" count="1160" type="cond" truecount="1" falsecount="1"/>
        <line num="80" count="1160" type="cond" truecount="2" falsecount="0"/>
        <line num="81" count="1160" type="stmt"/>
        <line num="82" count="1160" type="stmt"/>
        <line num="86" count="3" type="stmt"/>
        <line num="87" count="42" type="stmt"/>
        <line num="89" count="42" type="stmt"/>
        <line num="91" count="40" type="stmt"/>
        <line num="92" count="160" type="stmt"/>
        <line num="94" count="40" type="stmt"/>
        <line num="95" count="276" type="stmt"/>
        <line num="97" count="276" type="cond" truecount="2" falsecount="0"/>
        <line num="101" count="276" type="stmt"/>
        <line num="102" count="1104" type="cond" truecount="0" falsecount="3"/>
        <line num="103" count="1104" type="stmt"/>
        <line num="104" count="1104" type="stmt"/>
        <line num="108" count="40" type="stmt"/>
        <line num="111" count="42" type="stmt"/>
        <line num="112" count="42" type="stmt"/>
        <line num="114" count="42" type="stmt"/>
        <line num="116" count="42" type="stmt"/>
        <line num="119" count="2" type="cond" truecount="2" falsecount="0"/>
        <line num="122" count="3" type="cond" truecount="2" falsecount="0"/>
        <line num="125" count="1" type="cond" truecount="2" falsecount="0"/>
        <line num="137" count="210" type="stmt"/>
        <line num="138" count="210" type="stmt"/>
        <line num="143" count="168" type="stmt"/>
        <line num="144" count="168" type="stmt"/>
        <line num="145" count="1160" type="cond" truecount="2" falsecount="0"/>
        <line num="147" count="168" type="stmt"/>
        <line num="151" count="1160" type="stmt"/>
        <line num="159" count="290" type="cond" truecount="1" falsecount="1"/>
        <line num="160" count="290" type="stmt"/>
        <line num="175" count="168" type="stmt"/>
      </file>
      <file name="TextSizeModal.tsx" path="C:\Users\Berna\Downloads\SWEN_661-Team_6-main testing\SWEN_661-Team_6-main\electron-app\careconnect-desktop\src\screens\components\TextSizeModal.tsx">
        <metrics statements="8" coveredstatements="8" conditionals="4" coveredconditionals="4" methods="4" coveredmethods="4"/>
        <line num="1" count="16" type="stmt"/>
        <line num="7" count="16" type="stmt"/>
        <line num="13" count="16" type="stmt"/>
        <line num="14" count="10" type="stmt"/>
        <line num="16" count="10" type="stmt"/>
        <line num="18" count="5" type="stmt"/>
        <line num="26" count="30" type="stmt"/>
        <line num="29" count="3" type="stmt"/>
      </file>
    </package>
    <package name="src.state">
      <metrics statements="63" coveredstatements="58" conditionals="31" coveredconditionals="24" methods="20" coveredmethods="18"/>
      <file name="activitiesStore.tsx" path="C:\Users\Berna\Downloads\SWEN_661-Team_6-main testing\SWEN_661-Team_6-main\electron-app\careconnect-desktop\src\state\activitiesStore.tsx">
        <metrics statements="41" coveredstatements="36" conditionals="24" coveredconditionals="18" methods="14" coveredmethods="12"/>
        <line num="1" count="4" type="stmt"/>
        <line num="21" count="4" type="stmt"/>
        <line num="23" count="4" type="stmt"/>
        <line num="37" count="121" type="cond" truecount="4" falsecount="2"/>
        <line num="39" count="59" type="stmt"/>
        <line num="41" count="36" type="stmt"/>
        <line num="43" count="17" type="stmt"/>
        <line num="46" count="437" type="cond" truecount="2" falsecount="0"/>
        <line num="50" count="298" type="stmt"/>
        <line num="52" count="0" type="stmt"/>
        <line num="55" count="0" type="cond" truecount="0" falsecount="2"/>
        <line num="59" count="0" type="stmt"/>
        <line num="71" count="4" type="stmt"/>
        <line num="74" count="61" type="stmt"/>
        <line num="75" count="61" type="stmt"/>
        <line num="76" count="61" type="cond" truecount="2" falsecount="0"/>
        <line num="77" count="59" type="stmt"/>
        <line num="78" count="59" type="cond" truecount="1" falsecount="1"/>
        <line num="79" count="59" type="stmt"/>
        <line num="81" count="0" type="stmt"/>
        <line num="85" count="4" type="stmt"/>
        <line num="86" count="158" type="stmt"/>
        <line num="89" count="158" type="stmt"/>
        <line num="90" count="61" type="stmt"/>
        <line num="91" count="61" type="cond" truecount="4" falsecount="0"/>
        <line num="95" count="158" type="stmt"/>
        <line num="96" count="156" type="stmt"/>
        <line num="97" count="156" type="stmt"/>
        <line num="103" count="158" type="stmt"/>
        <line num="104" count="156" type="stmt"/>
        <line num="107" count="36" type="stmt"/>
        <line num="108" count="36" type="cond" truecount="1" falsecount="1"/>
        <line num="109" count="36" type="stmt"/>
        <line num="114" count="17" type="stmt"/>
        <line num="115" count="9" type="stmt"/>
        <line num="116" count="0" type="stmt"/>
        <line num="120" count="158" type="stmt"/>
        <line num="123" count="4" type="stmt"/>
        <line num="124" count="164" type="stmt"/>
        <line num="125" count="164" type="cond" truecount="2" falsecount="0"/>
        <line num="126" count="160" type="stmt"/>
      </file>
      <file name="uiScale.tsx" path="C:\Users\Berna\Downloads\SWEN_661-Team_6-main testing\SWEN_661-Team_6-main\electron-app\careconnect-desktop\src\state\uiScale.tsx">
        <metrics statements="22" coveredstatements="22" conditionals="7" coveredconditionals="6" methods="6" coveredmethods="6"/>
        <line num="1" count="15" type="stmt"/>
        <line num="10" count="15" type="stmt"/>
        <line num="12" count="15" type="stmt"/>
        <line num="15" count="67" type="stmt"/>
        <line num="16" count="67" type="stmt"/>
        <line num="19" count="15" type="stmt"/>
        <line num="20" count="93" type="stmt"/>
        <line num="22" count="93" type="stmt"/>
        <line num="23" count="42" type="stmt"/>
        <line num="24" count="42" type="cond" truecount="5" falsecount="0"/>
        <line num="25" count="26" type="stmt"/>
        <line num="26" count="26" type="stmt"/>
        <line num="28" count="16" type="stmt"/>
        <line num="33" count="25" type="stmt"/>
        <line num="34" count="25" type="stmt"/>
        <line num="35" count="25" type="stmt"/>
        <line num="38" count="93" type="stmt"/>
        <line num="39" count="93" type="stmt"/>
        <line num="42" count="15" type="stmt"/>
        <line num="43" count="78" type="stmt"/>
        <line num="44" count="78" type="cond" truecount="1" falsecount="1"/>
        <line num="45" count="78" type="stmt"/>
      </file>
    </package>
  </project>
</coverage>
