{"C:\\Users\\Berna\\Downloads\\SWEN_661-Team_6-main testing\\SWEN_661-Team_6-main\\electron-app\\careconnect-desktop\\src\\main.tsx": {"path":"C:\\Users\\Berna\\Downloads\\SWEN_661-Team_6-main testing\\SWEN_661-Team_6-main\\electron-app\\careconnect-desktop\\src\\main.tsx","statementMap":{"0":{"start":{"line":1,"column":0},"end":{"line":1,"column":26}},"1":{"start":{"line":2,"column":0},"end":{"line":2,"column":40}},"2":{"start":{"line":3,"column":0},"end":{"line":3,"column":46}},"3":{"start":{"line":4,"column":0},"end":{"line":4,"column":28}},"4":{"start":{"line":5,"column":0},"end":{"line":5,"column":26}},"5":{"start":{"line":6,"column":0},"end":{"line":6,"column":61}},"6":{"start":{"line":9,"column":0},"end":{"line":17,"column":2}}},"fnMap":{},"branchMap":{},"s":{"0":3,"1":3,"2":3,"3":3,"4":3,"5":3,"6":3},"f":{},"b":{}}
,"C:\\Users\\Berna\\Downloads\\SWEN_661-Team_6-main testing\\SWEN_661-Team_6-main\\electron-app\\careconnect-desktop\\src\\app\\App.tsx": {"path":"C:\\Users\\Berna\\Downloads\\SWEN_661-Team_6-main testing\\SWEN_661-Team_6-main\\electron-app\\careconnect-desktop\\src\\app\\App.tsx","statementMap":{"0":{"start":{"line":4,"column":0},"end":{"line":4,"column":24}},"1":{"start":{"line":1,"column":0},"end":{"line":1,"column":30}},"2":{"start":{"line":2,"column":0},"end":{"line":2,"column":51}},"3":{"start":{"line":5,"column":2},"end":{"line":8,"column":12}}},"fnMap":{"0":{"name":"App","decl":{"start":{"line":4,"column":24},"end":{"line":4,"column":27}},"loc":{"start":{"line":4,"column":27},"end":{"line":9,"column":1}}}},"branchMap":{},"s":{"0":2,"1":2,"2":2,"3":6},"f":{"0":6},"b":{}}
,"C:\\Users\\Berna\\Downloads\\SWEN_661-Team_6-main testing\\SWEN_661-Team_6-main\\electron-app\\careconnect-desktop\\src\\app\\router.tsx": {"path":"C:\\Users\\Berna\\Downloads\\SWEN_661-Team_6-main testing\\SWEN_661-Team_6-main\\electron-app\\careconnect-desktop\\src\\app\\router.tsx","statementMap":{"0":{"start":{"line":17,"column":0},"end":{"line":17,"column":24}},"1":{"start":{"line":1,"column":0},"end":{"line":1,"column":72}},"2":{"start":{"line":2,"column":0},"end":{"line":2,"column":34}},"3":{"start":{"line":6,"column":0},"end":{"line":6,"column":49}},"4":{"start":{"line":7,"column":0},"end":{"line":7,"column":57}},"5":{"start":{"line":8,"column":0},"end":{"line":8,"column":55}},"6":{"start":{"line":9,"column":0},"end":{"line":9,"column":61}},"7":{"start":{"line":10,"column":0},"end":{"line":10,"column":55}},"8":{"start":{"line":11,"column":0},"end":{"line":11,"column":57}},"9":{"start":{"line":12,"column":0},"end":{"line":12,"column":51}},"10":{"start":{"line":13,"column":0},"end":{"line":13,"column":55}},"11":{"start":{"line":14,"column":0},"end":{"line":14,"column":57}},"12":{"start":{"line":15,"column":0},"end":{"line":15,"column":59}},"13":{"start":{"line":18,"column":19},"end":{"line":18,"column":32}},"14":{"start":{"line":20,"column":2},"end":{"line":23,"column":17}},"15":{"start":{"line":21,"column":16},"end":{"line":21,"column":73}},"16":{"start":{"line":21,"column":57},"end":{"line":21,"column":72}},"17":{"start":{"line":22,"column":4},"end":{"line":22,"column":23}},"18":{"start":{"line":22,"column":17},"end":{"line":22,"column":22}},"19":{"start":{"line":25,"column":2},"end":{"line":45,"column":4}}},"fnMap":{"0":{"name":"Router","decl":{"start":{"line":17,"column":24},"end":{"line":17,"column":30}},"loc":{"start":{"line":17,"column":30},"end":{"line":46,"column":1}}},"1":{"name":"(anonymous_2)","decl":{"start":{"line":20,"column":12},"end":{"line":20,"column":15}},"loc":{"start":{"line":20,"column":17},"end":{"line":23,"column":3}}},"2":{"name":"(anonymous_3)","decl":{"start":{"line":21,"column":46},"end":{"line":21,"column":47}},"loc":{"start":{"line":21,"column":57},"end":{"line":21,"column":72}}},"3":{"name":"(anonymous_4)","decl":{"start":{"line":22,"column":11},"end":{"line":22,"column":14}},"loc":{"start":{"line":22,"column":17},"end":{"line":22,"column":22}}}},"branchMap":{},"s":{"0":2,"1":2,"2":2,"3":2,"4":2,"5":2,"6":2,"7":2,"8":2,"9":2,"10":2,"11":2,"12":2,"13":6,"14":6,"15":6,"16":0,"17":6,"18":6,"19":6},"f":{"0":6,"1":6,"2":0,"3":6},"b":{}}
,"C:\\Users\\Berna\\Downloads\\SWEN_661-Team_6-main testing\\SWEN_661-Team_6-main\\electron-app\\careconnect-desktop\\src\\app\\layouts\\AppLayout.tsx": {"path":"C:\\Users\\Berna\\Downloads\\SWEN_661-Team_6-main testing\\SWEN_661-Team_6-main\\electron-app\\careconnect-desktop\\src\\app\\layouts\\AppLayout.tsx","statementMap":{"0":{"start":{"line":5,"column":0},"end":{"line":5,"column":24}},"1":{"start":{"line":1,"column":0},"end":{"line":1,"column":42}},"2":{"start":{"line":2,"column":0},"end":{"line":2,"column":47}},"3":{"start":{"line":3,"column":0},"end":{"line":3,"column":45}},"4":{"start":{"line":6,"column":2},"end":{"line":17,"column":4}},"5":{"start":{"line":12,"column":24},"end":{"line":12,"column":54}}},"fnMap":{"0":{"name":"AppLayout","decl":{"start":{"line":5,"column":24},"end":{"line":5,"column":33}},"loc":{"start":{"line":5,"column":33},"end":{"line":18,"column":1}}},"1":{"name":"(anonymous_2)","decl":{"start":{"line":11,"column":20},"end":{"line":11,"column":23}},"loc":{"start":{"line":11,"column":25},"end":{"line":11,"column":28}}},"2":{"name":"(anonymous_3)","decl":{"start":{"line":12,"column":18},"end":{"line":12,"column":21}},"loc":{"start":{"line":12,"column":24},"end":{"line":12,"column":54}}}},"branchMap":{},"s":{"0":2,"1":2,"2":2,"3":2,"4":4,"5":0},"f":{"0":4,"1":0,"2":0},"b":{}}
,"C:\\Users\\Berna\\Downloads\\SWEN_661-Team_6-main testing\\SWEN_661-Team_6-main\\electron-app\\careconnect-desktop\\src\\components\\Panel.tsx": {"path":"C:\\Users\\Berna\\Downloads\\SWEN_661-Team_6-main testing\\SWEN_661-Team_6-main\\electron-app\\careconnect-desktop\\src\\components\\Panel.tsx","statementMap":{"0":{"start":{"line":10,"column":0},"end":{"line":10,"column":24}},"1":{"start":{"line":11,"column":2},"end":{"line":31,"column":4}},"2":{"start":{"line":17,"column":10},"end":{"line":17,"column":null}}},"fnMap":{"0":{"name":"Panel","decl":{"start":{"line":10,"column":24},"end":{"line":10,"column":29}},"loc":{"start":{"line":10,"column":80},"end":{"line":32,"column":1}}},"1":{"name":"(anonymous_1)","decl":{"start":{"line":16,"column":19},"end":{"line":16,"column":20}},"loc":{"start":{"line":17,"column":10},"end":{"line":17,"column":null}}}},"branchMap":{"0":{"loc":{"start":{"line":27,"column":32},"end":{"line":27,"column":89}},"type":"cond-expr","locations":[{"start":{"line":27,"column":62},"end":{"line":27,"column":74}},{"start":{"line":27,"column":77},"end":{"line":27,"column":89}}]}},"s":{"0":4,"1":52,"2":96},"f":{"0":52,"1":96},"b":{"0":[28,24]}}
,"C:\\Users\\Berna\\Downloads\\SWEN_661-Team_6-main testing\\SWEN_661-Team_6-main\\electron-app\\careconnect-desktop\\src\\components\\Sidebar.tsx": {"path":"C:\\Users\\Berna\\Downloads\\SWEN_661-Team_6-main testing\\SWEN_661-Team_6-main\\electron-app\\careconnect-desktop\\src\\components\\Sidebar.tsx","statementMap":{"0":{"start":{"line":5,"column":0},"end":{"line":5,"column":24}},"1":{"start":{"line":1,"column":0},"end":{"line":1,"column":60}},"2":{"start":{"line":6,"column":14},"end":{"line":6,"column":27}},"3":{"start":{"line":7,"column":14},"end":{"line":7,"column":27}},"4":{"start":{"line":9,"column":27},"end":{"line":19,"column":4}},"5":{"start":{"line":21,"column":2},"end":{"line":50,"column":4}},"6":{"start":{"line":33,"column":25},"end":{"line":33,"column":67}},"7":{"start":{"line":35,"column":10},"end":{"line":46,"column":12}},"8":{"start":{"line":39,"column":29},"end":{"line":39,"column":52}}},"fnMap":{"0":{"name":"Sidebar","decl":{"start":{"line":5,"column":24},"end":{"line":5,"column":31}},"loc":{"start":{"line":5,"column":31},"end":{"line":51,"column":1}}},"1":{"name":"(anonymous_1)","decl":{"start":{"line":32,"column":19},"end":{"line":32,"column":20}},"loc":{"start":{"line":32,"column":26},"end":{"line":47,"column":9}}},"2":{"name":"(anonymous_2)","decl":{"start":{"line":39,"column":23},"end":{"line":39,"column":26}},"loc":{"start":{"line":39,"column":29},"end":{"line":39,"column":52}}}},"branchMap":{"0":{"loc":{"start":{"line":33,"column":25},"end":{"line":33,"column":67}},"type":"cond-expr","locations":[{"start":{"line":33,"column":35},"end":{"line":33,"column":59}},{"start":{"line":33,"column":62},"end":{"line":33,"column":67}}]},"1":{"loc":{"start":{"line":38,"column":36},"end":{"line":38,"column":58}},"type":"cond-expr","locations":[{"start":{"line":38,"column":45},"end":{"line":38,"column":53}},{"start":{"line":38,"column":56},"end":{"line":38,"column":58}}]},"2":{"loc":{"start":{"line":39,"column":29},"end":{"line":39,"column":52}},"type":"binary-expr","locations":[{"start":{"line":39,"column":29},"end":{"line":39,"column":36}},{"start":{"line":39,"column":40},"end":{"line":39,"column":52}}]},"3":{"loc":{"start":{"line":41,"column":21},"end":{"line":41,"column":65}},"type":"cond-expr","locations":[{"start":{"line":41,"column":32},"end":{"line":41,"column":53}},{"start":{"line":41,"column":56},"end":{"line":41,"column":65}}]},"4":{"loc":{"start":{"line":42,"column":21},"end":{"line":42,"column":83}},"type":"cond-expr","locations":[{"start":{"line":42,"column":32},"end":{"line":42,"column":71}},{"start":{"line":42,"column":74},"end":{"line":42,"column":83}}]}},"s":{"0":15,"1":15,"2":424,"3":424,"4":424,"5":424,"6":3816,"7":3816,"8":3},"f":{"0":424,"1":3816,"2":3},"b":{"0":[3816,0],"1":[9,3807],"2":[3,3],"3":[0,3816],"4":[0,3816]}}
,"C:\\Users\\Berna\\Downloads\\SWEN_661-Team_6-main testing\\SWEN_661-Team_6-main\\electron-app\\careconnect-desktop\\src\\components\\TileCard.tsx": {"path":"C:\\Users\\Berna\\Downloads\\SWEN_661-Team_6-main testing\\SWEN_661-Team_6-main\\electron-app\\careconnect-desktop\\src\\components\\TileCard.tsx","statementMap":{"0":{"start":{"line":9,"column":0},"end":{"line":9,"column":24}},"1":{"start":{"line":10,"column":2},"end":{"line":18,"column":4}}},"fnMap":{"0":{"name":"TileCard","decl":{"start":{"line":9,"column":24},"end":{"line":9,"column":32}},"loc":{"start":{"line":9,"column":82},"end":{"line":19,"column":1}}}},"branchMap":{"0":{"loc":{"start":{"line":9,"column":65},"end":{"line":9,"column":73}},"type":"default-arg","locations":[{"start":{"line":9,"column":72},"end":{"line":9,"column":73}}]}},"s":{"0":4,"1":122},"f":{"0":122},"b":{"0":[98]}}
,"C:\\Users\\Berna\\Downloads\\SWEN_661-Team_6-main testing\\SWEN_661-Team_6-main\\electron-app\\careconnect-desktop\\src\\components\\TopBar.tsx": {"path":"C:\\Users\\Berna\\Downloads\\SWEN_661-Team_6-main testing\\SWEN_661-Team_6-main\\electron-app\\careconnect-desktop\\src\\components\\TopBar.tsx","statementMap":{"0":{"start":{"line":9,"column":0},"end":{"line":9,"column":24}},"1":{"start":{"line":1,"column":0},"end":{"line":1,"column":33}},"2":{"start":{"line":2,"column":0},"end":{"line":2,"column":64}},"3":{"start":{"line":10,"column":44},"end":{"line":10,"column":59}},"4":{"start":{"line":12,"column":2},"end":{"line":37,"column":4}},"5":{"start":{"line":20,"column":27},"end":{"line":20,"column":49}},"6":{"start":{"line":34,"column":38},"end":{"line":34,"column":61}}},"fnMap":{"0":{"name":"TopBar","decl":{"start":{"line":9,"column":24},"end":{"line":9,"column":30}},"loc":{"start":{"line":9,"column":58},"end":{"line":38,"column":1}}},"1":{"name":"(anonymous_2)","decl":{"start":{"line":20,"column":21},"end":{"line":20,"column":24}},"loc":{"start":{"line":20,"column":27},"end":{"line":20,"column":49}}},"2":{"name":"(anonymous_3)","decl":{"start":{"line":34,"column":32},"end":{"line":34,"column":35}},"loc":{"start":{"line":34,"column":38},"end":{"line":34,"column":61}}}},"branchMap":{"0":{"loc":{"start":{"line":33,"column":7},"end":{"line":34,"column":null}},"type":"binary-expr","locations":[{"start":{"line":33,"column":7},"end":{"line":33,"column":20}},{"start":{"line":34,"column":8},"end":{"line":34,"column":65}}]}},"s":{"0":15,"1":15,"2":15,"3":421,"4":421,"5":0,"6":0},"f":{"0":421,"1":0,"2":0},"b":{"0":[421,0]}}
,"C:\\Users\\Berna\\Downloads\\SWEN_661-Team_6-main testing\\SWEN_661-Team_6-main\\electron-app\\careconnect-desktop\\src\\screens\\ActivitiesScreen.tsx": {"path":"C:\\Users\\Berna\\Downloads\\SWEN_661-Team_6-main testing\\SWEN_661-Team_6-main\\electron-app\\careconnect-desktop\\src\\screens\\ActivitiesScreen.tsx","statementMap":{"0":{"start":{"line":8,"column":0},"end":{"line":8,"column":24}},"1":{"start":{"line":1,"column":0},"end":{"line":1,"column":33}},"2":{"start":{"line":2,"column":0},"end":{"line":2,"column":47}},"3":{"start":{"line":3,"column":0},"end":{"line":3,"column":44}},"4":{"start":{"line":4,"column":0},"end":{"line":4,"column":42}},"5":{"start":{"line":5,"column":0},"end":{"line":5,"column":61}},"6":{"start":{"line":6,"column":0},"end":{"line":6,"column":57}},"7":{"start":{"line":9,"column":19},"end":{"line":9,"column":32}},"8":{"start":{"line":10,"column":41},"end":{"line":10,"column":56}},"9":{"start":{"line":11,"column":32},"end":{"line":11,"column":47}},"10":{"start":{"line":13,"column":20},"end":{"line":13,"column":62}},"11":{"start":{"line":13,"column":43},"end":{"line":13,"column":54}},"12":{"start":{"line":14,"column":16},"end":{"line":14,"column":33}},"13":{"start":{"line":15,"column":19},"end":{"line":15,"column":62}},"14":{"start":{"line":17,"column":2},"end":{"line":86,"column":4}},"15":{"start":{"line":23,"column":26},"end":{"line":23,"column":44}},"16":{"start":{"line":24,"column":24},"end":{"line":24,"column":52}},"17":{"start":{"line":36,"column":51},"end":{"line":36,"column":67}},"18":{"start":{"line":62,"column":14},"end":{"line":63,"column":null}},"19":{"start":{"line":70,"column":36},"end":{"line":70,"column":63}},"20":{"start":{"line":84,"column":51},"end":{"line":84,"column":68}}},"fnMap":{"0":{"name":"ActivitiesScreen","decl":{"start":{"line":8,"column":24},"end":{"line":8,"column":40}},"loc":{"start":{"line":8,"column":40},"end":{"line":87,"column":1}}},"1":{"name":"(anonymous_2)","decl":{"start":{"line":13,"column":38},"end":{"line":13,"column":39}},"loc":{"start":{"line":13,"column":43},"end":{"line":13,"column":54}}},"2":{"name":"(anonymous_3)","decl":{"start":{"line":23,"column":20},"end":{"line":23,"column":23}},"loc":{"start":{"line":23,"column":26},"end":{"line":23,"column":44}}},"3":{"name":"(anonymous_4)","decl":{"start":{"line":24,"column":18},"end":{"line":24,"column":21}},"loc":{"start":{"line":24,"column":24},"end":{"line":24,"column":52}}},"4":{"name":"(anonymous_5)","decl":{"start":{"line":36,"column":45},"end":{"line":36,"column":48}},"loc":{"start":{"line":36,"column":51},"end":{"line":36,"column":67}}},"5":{"name":"(anonymous_6)","decl":{"start":{"line":61,"column":28},"end":{"line":61,"column":29}},"loc":{"start":{"line":62,"column":14},"end":{"line":63,"column":null}}},"6":{"name":"(anonymous_7)","decl":{"start":{"line":70,"column":30},"end":{"line":70,"column":33}},"loc":{"start":{"line":70,"column":36},"end":{"line":70,"column":63}}},"7":{"name":"(anonymous_8)","decl":{"start":{"line":84,"column":45},"end":{"line":84,"column":48}},"loc":{"start":{"line":84,"column":51},"end":{"line":84,"column":68}}}},"branchMap":{"0":{"loc":{"start":{"line":15,"column":19},"end":{"line":15,"column":62}},"type":"cond-expr","locations":[{"start":{"line":15,"column":33},"end":{"line":15,"column":34}},{"start":{"line":15,"column":37},"end":{"line":15,"column":62}}]},"1":{"loc":{"start":{"line":64,"column":42},"end":{"line":64,"column":74}},"type":"cond-expr","locations":[{"start":{"line":64,"column":63},"end":{"line":64,"column":69}},{"start":{"line":64,"column":72},"end":{"line":64,"column":74}}]},"2":{"loc":{"start":{"line":75,"column":17},"end":{"line":76,"column":null}},"type":"binary-expr","locations":[{"start":{"line":75,"column":17},"end":{"line":75,"column":30}},{"start":{"line":76,"column":18},"end":{"line":76,"column":65}}]},"3":{"loc":{"start":{"line":84,"column":7},"end":{"line":84,"column":72}},"type":"binary-expr","locations":[{"start":{"line":84,"column":7},"end":{"line":84,"column":14}},{"start":{"line":84,"column":18},"end":{"line":84,"column":72}}]}},"s":{"0":3,"1":3,"2":3,"3":3,"4":3,"5":3,"6":3,"7":74,"8":74,"9":74,"10":74,"11":740,"12":74,"13":74,"14":74,"15":0,"16":0,"17":1,"18":740,"19":4,"20":0},"f":{"0":74,"1":740,"2":0,"3":0,"4":1,"5":740,"6":4,"7":0},"b":{"0":[0,74],"1":[212,528],"2":[740,740],"3":[74,1]}}
,"C:\\Users\\Berna\\Downloads\\SWEN_661-Team_6-main testing\\SWEN_661-Team_6-main\\electron-app\\careconnect-desktop\\src\\screens\\DashboardScreen.tsx": {"path":"C:\\Users\\Berna\\Downloads\\SWEN_661-Team_6-main testing\\SWEN_661-Team_6-main\\electron-app\\careconnect-desktop\\src\\screens\\DashboardScreen.tsx","statementMap":{"0":{"start":{"line":7,"column":0},"end":{"line":7,"column":24}},"1":{"start":{"line":1,"column":0},"end":{"line":1,"column":60}},"2":{"start":{"line":2,"column":0},"end":{"line":2,"column":44}},"3":{"start":{"line":3,"column":0},"end":{"line":3,"column":42}},"4":{"start":{"line":4,"column":0},"end":{"line":4,"column":46}},"5":{"start":{"line":5,"column":0},"end":{"line":5,"column":40}},"6":{"start":{"line":8,"column":14},"end":{"line":8,"column":27}},"7":{"start":{"line":9,"column":19},"end":{"line":9,"column":32}},"8":{"start":{"line":10,"column":20},"end":{"line":10,"column":64}},"9":{"start":{"line":12,"column":14},"end":{"line":12,"column":24}},"10":{"start":{"line":13,"column":14},"end":{"line":13,"column":116}},"11":{"start":{"line":14,"column":15},"end":{"line":14,"column":88}},"12":{"start":{"line":16,"column":2},"end":{"line":77,"column":4}},"13":{"start":{"line":22,"column":26},"end":{"line":22,"column":39}},"14":{"start":{"line":23,"column":24},"end":{"line":23,"column":52}}},"fnMap":{"0":{"name":"DashboardScreen","decl":{"start":{"line":7,"column":24},"end":{"line":7,"column":39}},"loc":{"start":{"line":7,"column":39},"end":{"line":78,"column":1}}},"1":{"name":"(anonymous_2)","decl":{"start":{"line":22,"column":20},"end":{"line":22,"column":23}},"loc":{"start":{"line":22,"column":26},"end":{"line":22,"column":39}}},"2":{"name":"(anonymous_3)","decl":{"start":{"line":23,"column":18},"end":{"line":23,"column":21}},"loc":{"start":{"line":23,"column":24},"end":{"line":23,"column":52}}}},"branchMap":{"0":{"loc":{"start":{"line":10,"column":20},"end":{"line":10,"column":64}},"type":"binary-expr","locations":[{"start":{"line":10,"column":20},"end":{"line":10,"column":52}},{"start":{"line":10,"column":56},"end":{"line":10,"column":64}}]}},"s":{"0":3,"1":3,"2":3,"3":3,"4":3,"5":3,"6":24,"7":24,"8":24,"9":24,"10":24,"11":24,"12":24,"13":0,"14":0},"f":{"0":24,"1":0,"2":0},"b":{"0":[24,24]}}
,"C:\\Users\\Berna\\Downloads\\SWEN_661-Team_6-main testing\\SWEN_661-Team_6-main\\electron-app\\careconnect-desktop\\src\\screens\\EmergencyScreen.tsx": {"path":"C:\\Users\\Berna\\Downloads\\SWEN_661-Team_6-main testing\\SWEN_661-Team_6-main\\electron-app\\careconnect-desktop\\src\\screens\\EmergencyScreen.tsx","statementMap":{"0":{"start":{"line":5,"column":0},"end":{"line":5,"column":24}},"1":{"start":{"line":1,"column":0},"end":{"line":1,"column":47}},"2":{"start":{"line":2,"column":0},"end":{"line":2,"column":44}},"3":{"start":{"line":3,"column":0},"end":{"line":3,"column":42}},"4":{"start":{"line":6,"column":19},"end":{"line":6,"column":32}},"5":{"start":{"line":8,"column":15},"end":{"line":10,"column":3}},"6":{"start":{"line":9,"column":4},"end":{"line":9,"column":56}},"7":{"start":{"line":12,"column":16},"end":{"line":14,"column":3}},"8":{"start":{"line":13,"column":4},"end":{"line":13,"column":37}},"9":{"start":{"line":16,"column":2},"end":{"line":118,"column":4}},"10":{"start":{"line":22,"column":26},"end":{"line":22,"column":44}},"11":{"start":{"line":23,"column":24},"end":{"line":23,"column":52}},"12":{"start":{"line":40,"column":31},"end":{"line":40,"column":42}},"13":{"start":{"line":47,"column":31},"end":{"line":47,"column":53}},"14":{"start":{"line":66,"column":29},"end":{"line":66,"column":51}},"15":{"start":{"line":91,"column":12},"end":{"line":91,"column":null}},"16":{"start":{"line":102,"column":33},"end":{"line":102,"column":51}},"17":{"start":{"line":108,"column":33},"end":{"line":108,"column":52}}},"fnMap":{"0":{"name":"EmergencyScreen","decl":{"start":{"line":5,"column":24},"end":{"line":5,"column":39}},"loc":{"start":{"line":5,"column":39},"end":{"line":119,"column":1}}},"1":{"name":"(anonymous_2)","decl":{"start":{"line":8,"column":15},"end":{"line":8,"column":16}},"loc":{"start":{"line":8,"column":34},"end":{"line":10,"column":3}}},"2":{"name":"(anonymous_3)","decl":{"start":{"line":12,"column":16},"end":{"line":12,"column":17}},"loc":{"start":{"line":12,"column":36},"end":{"line":14,"column":3}}},"3":{"name":"(anonymous_4)","decl":{"start":{"line":22,"column":20},"end":{"line":22,"column":23}},"loc":{"start":{"line":22,"column":26},"end":{"line":22,"column":44}}},"4":{"name":"(anonymous_5)","decl":{"start":{"line":23,"column":18},"end":{"line":23,"column":21}},"loc":{"start":{"line":23,"column":24},"end":{"line":23,"column":52}}},"5":{"name":"(anonymous_6)","decl":{"start":{"line":40,"column":25},"end":{"line":40,"column":28}},"loc":{"start":{"line":40,"column":31},"end":{"line":40,"column":42}}},"6":{"name":"(anonymous_7)","decl":{"start":{"line":47,"column":25},"end":{"line":47,"column":28}},"loc":{"start":{"line":47,"column":31},"end":{"line":47,"column":53}}},"7":{"name":"(anonymous_8)","decl":{"start":{"line":66,"column":23},"end":{"line":66,"column":26}},"loc":{"start":{"line":66,"column":29},"end":{"line":66,"column":51}}},"8":{"name":"(anonymous_9)","decl":{"start":{"line":90,"column":16},"end":{"line":90,"column":17}},"loc":{"start":{"line":91,"column":12},"end":{"line":91,"column":null}}},"9":{"name":"(anonymous_10)","decl":{"start":{"line":102,"column":27},"end":{"line":102,"column":30}},"loc":{"start":{"line":102,"column":33},"end":{"line":102,"column":51}}},"10":{"name":"(anonymous_11)","decl":{"start":{"line":108,"column":27},"end":{"line":108,"column":30}},"loc":{"start":{"line":108,"column":33},"end":{"line":108,"column":52}}}},"branchMap":{},"s":{"0":3,"1":3,"2":3,"3":3,"4":21,"5":21,"6":3,"7":21,"8":0,"9":21,"10":0,"11":0,"12":3,"13":0,"14":0,"15":42,"16":0,"17":0},"f":{"0":21,"1":3,"2":0,"3":0,"4":0,"5":3,"6":0,"7":0,"8":42,"9":0,"10":0},"b":{}}
,"C:\\Users\\Berna\\Downloads\\SWEN_661-Team_6-main testing\\SWEN_661-Team_6-main\\electron-app\\careconnect-desktop\\src\\screens\\ExercisesScreen.tsx": {"path":"C:\\Users\\Berna\\Downloads\\SWEN_661-Team_6-main testing\\SWEN_661-Team_6-main\\electron-app\\careconnect-desktop\\src\\screens\\ExercisesScreen.tsx","statementMap":{"0":{"start":{"line":139,"column":0},"end":{"line":139,"column":24}},"1":{"start":{"line":1,"column":0},"end":{"line":1,"column":42}},"2":{"start":{"line":2,"column":0},"end":{"line":2,"column":47}},"3":{"start":{"line":3,"column":0},"end":{"line":3,"column":44}},"4":{"start":{"line":4,"column":0},"end":{"line":4,"column":42}},"5":{"start":{"line":5,"column":0},"end":{"line":5,"column":71}},"6":{"start":{"line":6,"column":0},"end":{"line":6,"column":93}},"7":{"start":{"line":10,"column":20},"end":{"line":10,"column":53}},"8":{"start":{"line":12,"column":34},"end":{"line":123,"column":2}},"9":{"start":{"line":126,"column":2},"end":{"line":132,"column":3}},"10":{"start":{"line":127,"column":16},"end":{"line":127,"column":49}},"11":{"start":{"line":128,"column":4},"end":{"line":128,"column":24}},"12":{"start":{"line":128,"column":14},"end":{"line":128,"column":24}},"13":{"start":{"line":129,"column":4},"end":{"line":129,"column":54}},"14":{"start":{"line":131,"column":4},"end":{"line":131,"column":14}},"15":{"start":{"line":136,"column":2},"end":{"line":136,"column":57}},"16":{"start":{"line":140,"column":14},"end":{"line":140,"column":27}},"17":{"start":{"line":141,"column":30},"end":{"line":141,"column":61}},"18":{"start":{"line":142,"column":42},"end":{"line":142,"column":98}},"19":{"start":{"line":142,"column":82},"end":{"line":142,"column":97}},"20":{"start":{"line":144,"column":42},"end":{"line":146,"column":20}},"21":{"start":{"line":145,"column":4},"end":{"line":145,"column":81}},"22":{"start":{"line":145,"column":37},"end":{"line":145,"column":78}},"23":{"start":{"line":148,"column":25},"end":{"line":148,"column":68}},"24":{"start":{"line":148,"column":49},"end":{"line":148,"column":60}},"25":{"start":{"line":151,"column":17},"end":{"line":151,"column":56}},"26":{"start":{"line":152,"column":4},"end":{"line":152,"column":26}},"27":{"start":{"line":153,"column":4},"end":{"line":153,"column":25}},"28":{"start":{"line":154,"column":4},"end":{"line":154,"column":20}},"29":{"start":{"line":157,"column":2},"end":{"line":258,"column":4}},"30":{"start":{"line":161,"column":32},"end":{"line":161,"column":45}},"31":{"start":{"line":161,"column":61},"end":{"line":161,"column":89}},"32":{"start":{"line":204,"column":16},"end":{"line":204,"column":32}},"33":{"start":{"line":217,"column":63},"end":{"line":217,"column":82}},"34":{"start":{"line":220,"column":71},"end":{"line":220,"column":83}},"35":{"start":{"line":253,"column":25},"end":{"line":253,"column":40}}},"fnMap":{"0":{"name":"readCompleted","decl":{"start":{"line":125,"column":9},"end":{"line":125,"column":22}},"loc":{"start":{"line":125,"column":22},"end":{"line":133,"column":1}}},"1":{"name":"writeCompleted","decl":{"start":{"line":135,"column":9},"end":{"line":135,"column":23}},"loc":{"start":{"line":135,"column":52},"end":{"line":137,"column":1}}},"2":{"name":"ExercisesScreen","decl":{"start":{"line":139,"column":24},"end":{"line":139,"column":39}},"loc":{"start":{"line":139,"column":39},"end":{"line":259,"column":1}}},"3":{"name":"(anonymous_4)","decl":{"start":{"line":142,"column":76},"end":{"line":142,"column":79}},"loc":{"start":{"line":142,"column":82},"end":{"line":142,"column":97}}},"4":{"name":"(anonymous_5)","decl":{"start":{"line":144,"column":50},"end":{"line":144,"column":53}},"loc":{"start":{"line":144,"column":55},"end":{"line":146,"column":3}}},"5":{"name":"(anonymous_6)","decl":{"start":{"line":145,"column":29},"end":{"line":145,"column":30}},"loc":{"start":{"line":145,"column":37},"end":{"line":145,"column":78}}},"6":{"name":"(anonymous_7)","decl":{"start":{"line":148,"column":42},"end":{"line":148,"column":43}},"loc":{"start":{"line":148,"column":49},"end":{"line":148,"column":60}}},"7":{"name":"startExercise","decl":{"start":{"line":150,"column":11},"end":{"line":150,"column":24}},"loc":{"start":{"line":150,"column":43},"end":{"line":155,"column":3}}},"8":{"name":"(anonymous_9)","decl":{"start":{"line":161,"column":26},"end":{"line":161,"column":29}},"loc":{"start":{"line":161,"column":32},"end":{"line":161,"column":45}}},"9":{"name":"(anonymous_10)","decl":{"start":{"line":161,"column":55},"end":{"line":161,"column":58}},"loc":{"start":{"line":161,"column":61},"end":{"line":161,"column":89}}},"10":{"name":"(anonymous_11)","decl":{"start":{"line":203,"column":29},"end":{"line":203,"column":30}},"loc":{"start":{"line":204,"column":16},"end":{"line":204,"column":32}}},"11":{"name":"(anonymous_12)","decl":{"start":{"line":217,"column":57},"end":{"line":217,"column":60}},"loc":{"start":{"line":217,"column":63},"end":{"line":217,"column":82}}},"12":{"name":"(anonymous_13)","decl":{"start":{"line":220,"column":65},"end":{"line":220,"column":68}},"loc":{"start":{"line":220,"column":71},"end":{"line":220,"column":83}}},"13":{"name":"(anonymous_14)","decl":{"start":{"line":253,"column":19},"end":{"line":253,"column":22}},"loc":{"start":{"line":253,"column":25},"end":{"line":253,"column":40}}}},"branchMap":{"0":{"loc":{"start":{"line":128,"column":4},"end":{"line":128,"column":24}},"type":"if","locations":[{"start":{"line":128,"column":4},"end":{"line":128,"column":24}},{"start":{},"end":{}}]},"1":{"loc":{"start":{"line":204,"column":59},"end":{"line":204,"column":89}},"type":"cond-expr","locations":[{"start":{"line":204,"column":73},"end":{"line":204,"column":84}},{"start":{"line":204,"column":87},"end":{"line":204,"column":89}}]},"2":{"loc":{"start":{"line":205,"column":50},"end":{"line":205,"column":75}},"type":"cond-expr","locations":[{"start":{"line":205,"column":64},"end":{"line":205,"column":70}},{"start":{"line":205,"column":73},"end":{"line":205,"column":75}}]},"3":{"loc":{"start":{"line":206,"column":21},"end":{"line":206,"column":44}},"type":"cond-expr","locations":[{"start":{"line":206,"column":35},"end":{"line":206,"column":38}},{"start":{"line":206,"column":41},"end":{"line":206,"column":44}}]},"4":{"loc":{"start":{"line":213,"column":21},"end":{"line":223,"column":null}},"type":"cond-expr","locations":[{"start":{"line":214,"column":22},"end":{"line":214,"column":73}},{"start":{"line":216,"column":22},"end":{"line":222,"column":null}}]},"5":{"loc":{"start":{"line":250,"column":7},"end":{"line":255,"column":null}},"type":"binary-expr","locations":[{"start":{"line":250,"column":7},"end":{"line":250,"column":13}},{"start":{"line":251,"column":8},"end":{"line":254,"column":null}}]}},"s":{"0":3,"1":3,"2":3,"3":3,"4":3,"5":3,"6":3,"7":3,"8":3,"9":30,"10":30,"11":30,"12":30,"13":0,"14":0,"15":0,"16":30,"17":30,"18":30,"19":30,"20":30,"21":30,"22":180,"23":30,"24":180,"25":0,"26":0,"27":0,"28":0,"29":30,"30":0,"31":0,"32":180,"33":0,"34":0,"35":0},"f":{"0":30,"1":0,"2":30,"3":30,"4":30,"5":180,"6":180,"7":0,"8":0,"9":0,"10":180,"11":0,"12":0,"13":0},"b":{"0":[30,0],"1":[0,180],"2":[0,180],"3":[0,180],"4":[0,180],"5":[30,0]}}
,"C:\\Users\\Berna\\Downloads\\SWEN_661-Team_6-main testing\\SWEN_661-Team_6-main\\electron-app\\careconnect-desktop\\src\\screens\\LoginScreen.tsx": {"path":"C:\\Users\\Berna\\Downloads\\SWEN_661-Team_6-main testing\\SWEN_661-Team_6-main\\electron-app\\careconnect-desktop\\src\\screens\\LoginScreen.tsx","statementMap":{"0":{"start":{"line":11,"column":0},"end":{"line":11,"column":24}},"1":{"start":{"line":1,"column":0},"end":{"line":1,"column":42}},"2":{"start":{"line":2,"column":0},"end":{"line":2,"column":47}},"3":{"start":{"line":3,"column":0},"end":{"line":3,"column":64}},"4":{"start":{"line":8,"column":2},"end":{"line":8,"column":32}},"5":{"start":{"line":12,"column":19},"end":{"line":12,"column":32}},"6":{"start":{"line":13,"column":34},"end":{"line":13,"column":46}},"7":{"start":{"line":14,"column":24},"end":{"line":14,"column":36}},"8":{"start":{"line":15,"column":30},"end":{"line":15,"column":50}},"9":{"start":{"line":16,"column":42},"end":{"line":16,"column":57}},"10":{"start":{"line":18,"column":20},"end":{"line":21,"column":8}},"11":{"start":{"line":19,"column":14},"end":{"line":19,"column":24}},"12":{"start":{"line":20,"column":4},"end":{"line":20,"column":112}},"13":{"start":{"line":24,"column":25},"end":{"line":24,"column":27}},"14":{"start":{"line":25,"column":4},"end":{"line":25,"column":66}},"15":{"start":{"line":25,"column":26},"end":{"line":25,"column":66}},"16":{"start":{"line":26,"column":4},"end":{"line":27,"column":82}},"17":{"start":{"line":26,"column":21},"end":{"line":26,"column":51}},"18":{"start":{"line":27,"column":9},"end":{"line":27,"column":82}},"19":{"start":{"line":27,"column":39},"end":{"line":27,"column":82}},"20":{"start":{"line":28,"column":4},"end":{"line":28,"column":20}},"21":{"start":{"line":29,"column":4},"end":{"line":29,"column":42}},"22":{"start":{"line":33,"column":4},"end":{"line":33,"column":23}},"23":{"start":{"line":34,"column":4},"end":{"line":34,"column":28}},"24":{"start":{"line":34,"column":21},"end":{"line":34,"column":28}},"25":{"start":{"line":35,"column":4},"end":{"line":35,"column":69}},"26":{"start":{"line":38,"column":2},"end":{"line":103,"column":4}},"27":{"start":{"line":41,"column":57},"end":{"line":41,"column":85}},"28":{"start":{"line":56,"column":29},"end":{"line":56,"column":56}},"29":{"start":{"line":66,"column":29},"end":{"line":66,"column":51}},"30":{"start":{"line":84,"column":69},"end":{"line":84,"column":90}},"31":{"start":{"line":99,"column":25},"end":{"line":99,"column":47}}},"fnMap":{"0":{"name":"isSixDigits","decl":{"start":{"line":7,"column":9},"end":{"line":7,"column":20}},"loc":{"start":{"line":7,"column":32},"end":{"line":9,"column":1}}},"1":{"name":"LoginScreen","decl":{"start":{"line":11,"column":24},"end":{"line":11,"column":35}},"loc":{"start":{"line":11,"column":35},"end":{"line":104,"column":1}}},"2":{"name":"(anonymous_3)","decl":{"start":{"line":18,"column":28},"end":{"line":18,"column":31}},"loc":{"start":{"line":18,"column":33},"end":{"line":21,"column":3}}},"3":{"name":"validate","decl":{"start":{"line":23,"column":11},"end":{"line":23,"column":19}},"loc":{"start":{"line":23,"column":19},"end":{"line":30,"column":3}}},"4":{"name":"onSubmit","decl":{"start":{"line":32,"column":11},"end":{"line":32,"column":19}},"loc":{"start":{"line":32,"column":38},"end":{"line":36,"column":3}}},"5":{"name":"(anonymous_6)","decl":{"start":{"line":41,"column":51},"end":{"line":41,"column":54}},"loc":{"start":{"line":41,"column":57},"end":{"line":41,"column":85}}},"6":{"name":"(anonymous_7)","decl":{"start":{"line":56,"column":22},"end":{"line":56,"column":23}},"loc":{"start":{"line":56,"column":29},"end":{"line":56,"column":56}}},"7":{"name":"(anonymous_8)","decl":{"start":{"line":66,"column":22},"end":{"line":66,"column":23}},"loc":{"start":{"line":66,"column":29},"end":{"line":66,"column":51}}},"8":{"name":"(anonymous_9)","decl":{"start":{"line":84,"column":63},"end":{"line":84,"column":66}},"loc":{"start":{"line":84,"column":69},"end":{"line":84,"column":90}}},"9":{"name":"(anonymous_10)","decl":{"start":{"line":99,"column":19},"end":{"line":99,"column":22}},"loc":{"start":{"line":99,"column":25},"end":{"line":99,"column":47}}}},"branchMap":{"0":{"loc":{"start":{"line":25,"column":4},"end":{"line":25,"column":66}},"type":"if","locations":[{"start":{"line":25,"column":4},"end":{"line":25,"column":66}},{"start":{},"end":{}}]},"1":{"loc":{"start":{"line":26,"column":4},"end":{"line":27,"column":82}},"type":"if","locations":[{"start":{"line":26,"column":4},"end":{"line":27,"column":82}},{"start":{"line":27,"column":9},"end":{"line":27,"column":82}}]},"2":{"loc":{"start":{"line":27,"column":9},"end":{"line":27,"column":82}},"type":"if","locations":[{"start":{"line":27,"column":9},"end":{"line":27,"column":82}},{"start":{},"end":{}}]},"3":{"loc":{"start":{"line":34,"column":4},"end":{"line":34,"column":28}},"type":"if","locations":[{"start":{"line":34,"column":4},"end":{"line":34,"column":28}},{"start":{},"end":{}}]},"4":{"loc":{"start":{"line":54,"column":32},"end":{"line":54,"column":67}},"type":"cond-expr","locations":[{"start":{"line":54,"column":50},"end":{"line":54,"column":62}},{"start":{"line":54,"column":65},"end":{"line":54,"column":67}}]},"5":{"loc":{"start":{"line":60,"column":11},"end":{"line":60,"column":76}},"type":"binary-expr","locations":[{"start":{"line":60,"column":11},"end":{"line":60,"column":26}},{"start":{"line":60,"column":30},"end":{"line":60,"column":76}}]},"6":{"loc":{"start":{"line":64,"column":32},"end":{"line":64,"column":62}},"type":"cond-expr","locations":[{"start":{"line":64,"column":45},"end":{"line":64,"column":57}},{"start":{"line":64,"column":60},"end":{"line":64,"column":62}}]},"7":{"loc":{"start":{"line":72,"column":11},"end":{"line":72,"column":66}},"type":"binary-expr","locations":[{"start":{"line":72,"column":11},"end":{"line":72,"column":21}},{"start":{"line":72,"column":25},"end":{"line":72,"column":66}}]},"8":{"loc":{"start":{"line":97,"column":7},"end":{"line":100,"column":null}},"type":"binary-expr","locations":[{"start":{"line":97,"column":7},"end":{"line":97,"column":19}},{"start":{"line":98,"column":8},"end":{"line":99,"column":null}}]}},"s":{"0":3,"1":3,"2":3,"3":3,"4":23,"5":116,"6":116,"7":115,"8":115,"9":115,"10":115,"11":41,"12":41,"13":33,"14":33,"15":8,"16":33,"17":10,"18":23,"19":16,"20":33,"21":33,"22":33,"23":33,"24":26,"25":7,"26":115,"27":1,"28":14,"29":26,"30":1,"31":0},"f":{"0":23,"1":116,"2":41,"3":33,"4":33,"5":1,"6":14,"7":26,"8":1,"9":0},"b":{"0":[8,25],"1":[10,23],"2":[16,7],"3":[26,7],"4":[10,105],"5":[115,10],"6":[39,76],"7":[115,39],"8":[115,1]}}
,"C:\\Users\\Berna\\Downloads\\SWEN_661-Team_6-main testing\\SWEN_661-Team_6-main\\electron-app\\careconnect-desktop\\src\\screens\\MedicationsScreen.tsx": {"path":"C:\\Users\\Berna\\Downloads\\SWEN_661-Team_6-main testing\\SWEN_661-Team_6-main\\electron-app\\careconnect-desktop\\src\\screens\\MedicationsScreen.tsx","statementMap":{"0":{"start":{"line":27,"column":0},"end":{"line":27,"column":24}},"1":{"start":{"line":1,"column":0},"end":{"line":1,"column":42}},"2":{"start":{"line":2,"column":0},"end":{"line":2,"column":47}},"3":{"start":{"line":3,"column":0},"end":{"line":3,"column":44}},"4":{"start":{"line":4,"column":0},"end":{"line":4,"column":42}},"5":{"start":{"line":5,"column":0},"end":{"line":5,"column":89}},"6":{"start":{"line":24,"column":2},"end":{"line":24,"column":71}},"7":{"start":{"line":28,"column":14},"end":{"line":28,"column":27}},"8":{"start":{"line":29,"column":32},"end":{"line":29,"column":47}},"9":{"start":{"line":32,"column":26},"end":{"line":64,"column":4}},"10":{"start":{"line":66,"column":19},"end":{"line":66,"column":76}},"11":{"start":{"line":66,"column":33},"end":{"line":66,"column":71}},"12":{"start":{"line":69,"column":4},"end":{"line":82,"column":6}},"13":{"start":{"line":70,"column":6},"end":{"line":81,"column":8}},"14":{"start":{"line":71,"column":8},"end":{"line":71,"column":37}},"15":{"start":{"line":71,"column":28},"end":{"line":71,"column":37}},"16":{"start":{"line":72,"column":8},"end":{"line":80,"column":10}},"17":{"start":{"line":75,"column":12},"end":{"line":75,"column":42}},"18":{"start":{"line":75,"column":33},"end":{"line":75,"column":42}},"19":{"start":{"line":77,"column":37},"end":{"line":77,"column":75}},"20":{"start":{"line":78,"column":12},"end":{"line":78,"column":42}},"21":{"start":{"line":86,"column":4},"end":{"line":86,"column":58}},"22":{"start":{"line":86,"column":22},"end":{"line":86,"column":56}},"23":{"start":{"line":86,"column":41},"end":{"line":86,"column":55}},"24":{"start":{"line":90,"column":18},"end":{"line":93,"column":22}},"25":{"start":{"line":92,"column":18},"end":{"line":92,"column":26}},"26":{"start":{"line":96,"column":6},"end":{"line":102,"column":62}},"27":{"start":{"line":97,"column":33},"end":{"line":101,"column":12}},"28":{"start":{"line":104,"column":29},"end":{"line":110,"column":6}},"29":{"start":{"line":112,"column":4},"end":{"line":112,"column":39}},"30":{"start":{"line":112,"column":22},"end":{"line":112,"column":37}},"31":{"start":{"line":113,"column":4},"end":{"line":113,"column":22}},"32":{"start":{"line":116,"column":2},"end":{"line":186,"column":4}},"33":{"start":{"line":121,"column":32},"end":{"line":121,"column":45}},"34":{"start":{"line":121,"column":61},"end":{"line":121,"column":89}},"35":{"start":{"line":130,"column":61},"end":{"line":130,"column":77}},"36":{"start":{"line":137,"column":14},"end":{"line":137,"column":30}},"37":{"start":{"line":149,"column":85},"end":{"line":149,"column":107}},"38":{"start":{"line":159,"column":20},"end":{"line":159,"column":36}},"39":{"start":{"line":164,"column":42},"end":{"line":164,"column":65}},"40":{"start":{"line":184,"column":53},"end":{"line":184,"column":70}}},"fnMap":{"0":{"name":"uid","decl":{"start":{"line":23,"column":9},"end":{"line":23,"column":12}},"loc":{"start":{"line":23,"column":12},"end":{"line":25,"column":1}}},"1":{"name":"MedicationsScreen","decl":{"start":{"line":27,"column":24},"end":{"line":27,"column":41}},"loc":{"start":{"line":27,"column":41},"end":{"line":187,"column":1}}},"2":{"name":"(anonymous_3)","decl":{"start":{"line":66,"column":27},"end":{"line":66,"column":30}},"loc":{"start":{"line":66,"column":33},"end":{"line":66,"column":71}}},"3":{"name":"toggleTaken","decl":{"start":{"line":68,"column":11},"end":{"line":68,"column":22}},"loc":{"start":{"line":68,"column":52},"end":{"line":83,"column":3}}},"4":{"name":"(anonymous_5)","decl":{"start":{"line":69,"column":12},"end":{"line":69,"column":13}},"loc":{"start":{"line":70,"column":6},"end":{"line":81,"column":8}}},"5":{"name":"(anonymous_6)","decl":{"start":{"line":70,"column":15},"end":{"line":70,"column":16}},"loc":{"start":{"line":70,"column":21},"end":{"line":81,"column":7}}},"6":{"name":"(anonymous_7)","decl":{"start":{"line":74,"column":29},"end":{"line":74,"column":30}},"loc":{"start":{"line":74,"column":35},"end":{"line":79,"column":11}}},"7":{"name":"removeMedication","decl":{"start":{"line":85,"column":11},"end":{"line":85,"column":27}},"loc":{"start":{"line":85,"column":41},"end":{"line":87,"column":3}}},"8":{"name":"(anonymous_9)","decl":{"start":{"line":86,"column":12},"end":{"line":86,"column":13}},"loc":{"start":{"line":86,"column":22},"end":{"line":86,"column":56}}},"9":{"name":"(anonymous_10)","decl":{"start":{"line":86,"column":34},"end":{"line":86,"column":35}},"loc":{"start":{"line":86,"column":41},"end":{"line":86,"column":55}}},"10":{"name":"addMedication","decl":{"start":{"line":89,"column":11},"end":{"line":89,"column":24}},"loc":{"start":{"line":89,"column":50},"end":{"line":114,"column":3}}},"11":{"name":"(anonymous_12)","decl":{"start":{"line":92,"column":11},"end":{"line":92,"column":12}},"loc":{"start":{"line":92,"column":18},"end":{"line":92,"column":26}}},"12":{"name":"(anonymous_13)","decl":{"start":{"line":97,"column":20},"end":{"line":97,"column":21}},"loc":{"start":{"line":97,"column":33},"end":{"line":101,"column":12}}},"13":{"name":"(anonymous_14)","decl":{"start":{"line":112,"column":12},"end":{"line":112,"column":13}},"loc":{"start":{"line":112,"column":22},"end":{"line":112,"column":37}}},"14":{"name":"(anonymous_15)","decl":{"start":{"line":121,"column":26},"end":{"line":121,"column":29}},"loc":{"start":{"line":121,"column":32},"end":{"line":121,"column":45}}},"15":{"name":"(anonymous_16)","decl":{"start":{"line":121,"column":55},"end":{"line":121,"column":58}},"loc":{"start":{"line":121,"column":61},"end":{"line":121,"column":89}}},"16":{"name":"(anonymous_17)","decl":{"start":{"line":130,"column":55},"end":{"line":130,"column":58}},"loc":{"start":{"line":130,"column":61},"end":{"line":130,"column":77}}},"17":{"name":"(anonymous_18)","decl":{"start":{"line":136,"column":22},"end":{"line":136,"column":23}},"loc":{"start":{"line":137,"column":14},"end":{"line":137,"column":30}}},"18":{"name":"(anonymous_19)","decl":{"start":{"line":149,"column":79},"end":{"line":149,"column":82}},"loc":{"start":{"line":149,"column":85},"end":{"line":149,"column":107}}},"19":{"name":"(anonymous_20)","decl":{"start":{"line":158,"column":31},"end":{"line":158,"column":32}},"loc":{"start":{"line":159,"column":20},"end":{"line":159,"column":36}}},"20":{"name":"(anonymous_21)","decl":{"start":{"line":164,"column":36},"end":{"line":164,"column":39}},"loc":{"start":{"line":164,"column":42},"end":{"line":164,"column":65}}},"21":{"name":"(anonymous_22)","decl":{"start":{"line":184,"column":47},"end":{"line":184,"column":50}},"loc":{"start":{"line":184,"column":53},"end":{"line":184,"column":70}}}},"branchMap":{"0":{"loc":{"start":{"line":71,"column":8},"end":{"line":71,"column":37}},"type":"if","locations":[{"start":{"line":71,"column":8},"end":{"line":71,"column":37}},{"start":{},"end":{}}]},"1":{"loc":{"start":{"line":75,"column":12},"end":{"line":75,"column":42}},"type":"if","locations":[{"start":{"line":75,"column":12},"end":{"line":75,"column":42}},{"start":{},"end":{}}]},"2":{"loc":{"start":{"line":77,"column":37},"end":{"line":77,"column":75}},"type":"cond-expr","locations":[{"start":{"line":77,"column":60},"end":{"line":77,"column":65}},{"start":{"line":77,"column":68},"end":{"line":77,"column":75}}]},"3":{"loc":{"start":{"line":96,"column":6},"end":{"line":102,"column":62}},"type":"cond-expr","locations":[{"start":{"line":97,"column":10},"end":{"line":101,"column":13}},{"start":{"line":102,"column":10},"end":{"line":102,"column":62}}]},"4":{"loc":{"start":{"line":100,"column":20},"end":{"line":100,"column":50}},"type":"cond-expr","locations":[{"start":{"line":100,"column":32},"end":{"line":100,"column":37}},{"start":{"line":100,"column":40},"end":{"line":100,"column":50}}]},"5":{"loc":{"start":{"line":108,"column":12},"end":{"line":108,"column":44}},"type":"binary-expr","locations":[{"start":{"line":108,"column":12},"end":{"line":108,"column":31}},{"start":{"line":108,"column":35},"end":{"line":108,"column":44}}]},"6":{"loc":{"start":{"line":155,"column":17},"end":{"line":155,"column":74}},"type":"binary-expr","locations":[{"start":{"line":155,"column":17},"end":{"line":155,"column":23}},{"start":{"line":155,"column":27},"end":{"line":155,"column":74}}]},"7":{"loc":{"start":{"line":170,"column":25},"end":{"line":170,"column":58}},"type":"binary-expr","locations":[{"start":{"line":170,"column":25},"end":{"line":170,"column":45}},{"start":{"line":170,"column":49},"end":{"line":170,"column":58}}]},"8":{"loc":{"start":{"line":171,"column":25},"end":{"line":171,"column":58}},"type":"binary-expr","locations":[{"start":{"line":171,"column":25},"end":{"line":171,"column":43}},{"start":{"line":171,"column":47},"end":{"line":171,"column":58}}]},"9":{"loc":{"start":{"line":172,"column":25},"end":{"line":172,"column":60}},"type":"binary-expr","locations":[{"start":{"line":172,"column":25},"end":{"line":172,"column":46}},{"start":{"line":172,"column":50},"end":{"line":172,"column":60}}]},"10":{"loc":{"start":{"line":173,"column":25},"end":{"line":173,"column":54}},"type":"binary-expr","locations":[{"start":{"line":173,"column":25},"end":{"line":173,"column":48}},{"start":{"line":173,"column":52},"end":{"line":173,"column":54}}]},"11":{"loc":{"start":{"line":184,"column":7},"end":{"line":184,"column":96}},"type":"binary-expr","locations":[{"start":{"line":184,"column":7},"end":{"line":184,"column":14}},{"start":{"line":184,"column":18},"end":{"line":184,"column":96}}]}},"s":{"0":4,"1":4,"2":4,"3":4,"4":4,"5":4,"6":420,"7":42,"8":42,"9":42,"10":42,"11":37,"12":1,"13":1,"14":3,"15":2,"16":1,"17":3,"18":2,"19":1,"20":1,"21":1,"22":1,"23":3,"24":0,"25":0,"26":0,"27":0,"28":0,"29":0,"30":0,"31":0,"32":42,"33":0,"34":0,"35":3,"36":125,"37":1,"38":291,"39":1,"40":0},"f":{"0":420,"1":42,"2":37,"3":1,"4":1,"5":3,"6":3,"7":1,"8":1,"9":3,"10":0,"11":0,"12":0,"13":0,"14":0,"15":0,"16":3,"17":125,"18":1,"19":291,"20":1,"21":0},"b":{"0":[2,1],"1":[2,1],"2":[1,0],"3":[0,0],"4":[0,0],"5":[0,0],"6":[125,125],"7":[291,82],"8":[291,42],"9":[291,0],"10":[291,167],"11":[42,3]}}
,"C:\\Users\\Berna\\Downloads\\SWEN_661-Team_6-main testing\\SWEN_661-Team_6-main\\electron-app\\careconnect-desktop\\src\\screens\\MyHealthScreen.tsx": {"path":"C:\\Users\\Berna\\Downloads\\SWEN_661-Team_6-main testing\\SWEN_661-Team_6-main\\electron-app\\careconnect-desktop\\src\\screens\\MyHealthScreen.tsx","statementMap":{"0":{"start":{"line":74,"column":0},"end":{"line":74,"column":24}},"1":{"start":{"line":1,"column":0},"end":{"line":1,"column":42}},"2":{"start":{"line":2,"column":0},"end":{"line":2,"column":47}},"3":{"start":{"line":3,"column":0},"end":{"line":3,"column":44}},"4":{"start":{"line":4,"column":0},"end":{"line":4,"column":42}},"5":{"start":{"line":5,"column":0},"end":{"line":5,"column":63}},"6":{"start":{"line":6,"column":0},"end":{"line":6,"column":85}},"7":{"start":{"line":32,"column":2},"end":{"line":32,"column":71}},"8":{"start":{"line":36,"column":12},"end":{"line":36,"column":23}},"9":{"start":{"line":37,"column":2},"end":{"line":37,"column":25}},"10":{"start":{"line":38,"column":2},"end":{"line":38,"column":11}},"11":{"start":{"line":42,"column":2},"end":{"line":46,"column":4}},"12":{"start":{"line":50,"column":2},"end":{"line":55,"column":5}},"13":{"start":{"line":59,"column":2},"end":{"line":59,"column":96}},"14":{"start":{"line":63,"column":2},"end":{"line":63,"column":81}},"15":{"start":{"line":68,"column":2},"end":{"line":68,"column":49}},"16":{"start":{"line":68,"column":27},"end":{"line":68,"column":49}},"17":{"start":{"line":69,"column":2},"end":{"line":69,"column":49}},"18":{"start":{"line":69,"column":27},"end":{"line":69,"column":49}},"19":{"start":{"line":70,"column":2},"end":{"line":70,"column":44}},"20":{"start":{"line":70,"column":26},"end":{"line":70,"column":44}},"21":{"start":{"line":71,"column":2},"end":{"line":71,"column":18}},"22":{"start":{"line":75,"column":14},"end":{"line":75,"column":27}},"23":{"start":{"line":77,"column":32},"end":{"line":77,"column":47}},"24":{"start":{"line":78,"column":40},"end":{"line":78,"column":55}},"25":{"start":{"line":80,"column":42},"end":{"line":80,"column":80}},"26":{"start":{"line":81,"column":34},"end":{"line":85,"column":4}},"27":{"start":{"line":82,"column":14},"end":{"line":82,"column":24}},"28":{"start":{"line":83,"column":4},"end":{"line":83,"column":17}},"29":{"start":{"line":84,"column":4},"end":{"line":84,"column":25}},"30":{"start":{"line":88,"column":26},"end":{"line":112,"column":4}},"31":{"start":{"line":114,"column":19},"end":{"line":118,"column":12}},"32":{"start":{"line":115,"column":15},"end":{"line":115,"column":59}},"33":{"start":{"line":115,"column":32},"end":{"line":115,"column":58}},"34":{"start":{"line":116,"column":4},"end":{"line":116,"column":52}},"35":{"start":{"line":116,"column":41},"end":{"line":116,"column":52}},"36":{"start":{"line":117,"column":4},"end":{"line":117,"column":44}},"37":{"start":{"line":120,"column":21},"end":{"line":124,"column":12}},"38":{"start":{"line":121,"column":14},"end":{"line":121,"column":49}},"39":{"start":{"line":121,"column":31},"end":{"line":121,"column":48}},"40":{"start":{"line":122,"column":4},"end":{"line":122,"column":23}},"41":{"start":{"line":122,"column":12},"end":{"line":122,"column":23}},"42":{"start":{"line":123,"column":4},"end":{"line":123,"column":28}},"43":{"start":{"line":126,"column":21},"end":{"line":129,"column":12}},"44":{"start":{"line":128,"column":4},"end":{"line":128,"column":56}},"45":{"start":{"line":128,"column":30},"end":{"line":128,"column":47}},"46":{"start":{"line":131,"column":30},"end":{"line":133,"column":26}},"47":{"start":{"line":132,"column":4},"end":{"line":132,"column":76}},"48":{"start":{"line":132,"column":30},"end":{"line":132,"column":74}},"49":{"start":{"line":136,"column":28},"end":{"line":141,"column":6}},"50":{"start":{"line":143,"column":4},"end":{"line":153,"column":5}},"51":{"start":{"line":144,"column":30},"end":{"line":149,"column":8}},"52":{"start":{"line":150,"column":6},"end":{"line":150,"column":41}},"53":{"start":{"line":150,"column":24},"end":{"line":150,"column":39}},"54":{"start":{"line":151,"column":6},"end":{"line":151,"column":24}},"55":{"start":{"line":152,"column":6},"end":{"line":152,"column":13}},"56":{"start":{"line":155,"column":4},"end":{"line":164,"column":5}},"57":{"start":{"line":156,"column":30},"end":{"line":160,"column":8}},"58":{"start":{"line":161,"column":6},"end":{"line":161,"column":41}},"59":{"start":{"line":161,"column":24},"end":{"line":161,"column":39}},"60":{"start":{"line":162,"column":6},"end":{"line":162,"column":24}},"61":{"start":{"line":163,"column":6},"end":{"line":163,"column":13}},"62":{"start":{"line":167,"column":28},"end":{"line":172,"column":6}},"63":{"start":{"line":173,"column":4},"end":{"line":173,"column":39}},"64":{"start":{"line":173,"column":22},"end":{"line":173,"column":37}},"65":{"start":{"line":174,"column":4},"end":{"line":174,"column":22}},"66":{"start":{"line":178,"column":4},"end":{"line":178,"column":55}},"67":{"start":{"line":178,"column":22},"end":{"line":178,"column":53}},"68":{"start":{"line":178,"column":41},"end":{"line":178,"column":52}},"69":{"start":{"line":181,"column":2},"end":{"line":443,"column":4}},"70":{"start":{"line":186,"column":32},"end":{"line":186,"column":45}},"71":{"start":{"line":186,"column":61},"end":{"line":186,"column":89}},"72":{"start":{"line":195,"column":64},"end":{"line":195,"column":80}},"73":{"start":{"line":262,"column":70},"end":{"line":262,"column":95}},"74":{"start":{"line":262,"column":92},"end":{"line":262,"column":94}},"75":{"start":{"line":279,"column":30},"end":{"line":279,"column":48}},"76":{"start":{"line":280,"column":20},"end":{"line":280,"column":49}},"77":{"start":{"line":281,"column":20},"end":{"line":281,"column":33}},"78":{"start":{"line":282,"column":20},"end":{"line":282,"column":47}},"79":{"start":{"line":285,"column":30},"end":{"line":285,"column":48}},"80":{"start":{"line":286,"column":20},"end":{"line":286,"column":49}},"81":{"start":{"line":287,"column":20},"end":{"line":287,"column":33}},"82":{"start":{"line":288,"column":20},"end":{"line":288,"column":47}},"83":{"start":{"line":290,"column":35},"end":{"line":290,"column":65}},"84":{"start":{"line":311,"column":34},"end":{"line":311,"column":55}},"85":{"start":{"line":314,"column":18},"end":{"line":352,"column":19}},"86":{"start":{"line":315,"column":34},"end":{"line":315,"column":66}},"87":{"start":{"line":316,"column":20},"end":{"line":351,"column":22}},"88":{"start":{"line":346,"column":71},"end":{"line":346,"column":86}},"89":{"start":{"line":355,"column":18},"end":{"line":392,"column":19}},"90":{"start":{"line":356,"column":20},"end":{"line":391,"column":22}},"91":{"start":{"line":386,"column":71},"end":{"line":386,"column":86}},"92":{"start":{"line":395,"column":18},"end":{"line":431,"column":19}},"93":{"start":{"line":396,"column":20},"end":{"line":430,"column":22}},"94":{"start":{"line":425,"column":71},"end":{"line":425,"column":86}},"95":{"start":{"line":433,"column":18},"end":{"line":433,"column":30}},"96":{"start":{"line":441,"column":53},"end":{"line":441,"column":70}},"97":{"start":{"line":460,"column":15},"end":{"line":460,"column":34}},"98":{"start":{"line":461,"column":12},"end":{"line":461,"column":28}},"99":{"start":{"line":463,"column":21},"end":{"line":463,"column":92}},"100":{"start":{"line":465,"column":16},"end":{"line":465,"column":36}},"101":{"start":{"line":466,"column":15},"end":{"line":466,"column":39}},"102":{"start":{"line":468,"column":23},"end":{"line":468,"column":37}},"103":{"start":{"line":469,"column":22},"end":{"line":469,"column":36}},"104":{"start":{"line":471,"column":33},"end":{"line":471,"column":35}},"105":{"start":{"line":472,"column":2},"end":{"line":472,"column":58}},"106":{"start":{"line":472,"column":15},"end":{"line":472,"column":16}},"107":{"start":{"line":472,"column":41},"end":{"line":472,"column":58}},"108":{"start":{"line":473,"column":2},"end":{"line":473,"column":74}},"109":{"start":{"line":473,"column":15},"end":{"line":473,"column":16}},"110":{"start":{"line":473,"column":41},"end":{"line":473,"column":74}},"111":{"start":{"line":474,"column":2},"end":{"line":474,"column":50}},"112":{"start":{"line":474,"column":33},"end":{"line":474,"column":50}},"113":{"start":{"line":476,"column":2},"end":{"line":517,"column":4}},"114":{"start":{"line":490,"column":10},"end":{"line":490,"column":23}},"115":{"start":{"line":498,"column":10},"end":{"line":498,"column":69}},"116":{"start":{"line":498,"column":18},"end":{"line":498,"column":69}},"117":{"start":{"line":501,"column":12},"end":{"line":503,"column":46}},"118":{"start":{"line":505,"column":10},"end":{"line":513,"column":12}},"119":{"start":{"line":509,"column":29},"end":{"line":509,"column":40}}},"fnMap":{"0":{"name":"uid","decl":{"start":{"line":31,"column":9},"end":{"line":31,"column":12}},"loc":{"start":{"line":31,"column":12},"end":{"line":33,"column":1}}},"1":{"name":"startOfDay","decl":{"start":{"line":35,"column":9},"end":{"line":35,"column":19}},"loc":{"start":{"line":35,"column":27},"end":{"line":39,"column":1}}},"2":{"name":"sameDay","decl":{"start":{"line":41,"column":9},"end":{"line":41,"column":16}},"loc":{"start":{"line":41,"column":33},"end":{"line":47,"column":1}}},"3":{"name":"fmtSelected","decl":{"start":{"line":49,"column":9},"end":{"line":49,"column":20}},"loc":{"start":{"line":49,"column":28},"end":{"line":56,"column":1}}},"4":{"name":"fmtShort","decl":{"start":{"line":58,"column":9},"end":{"line":58,"column":17}},"loc":{"start":{"line":58,"column":25},"end":{"line":60,"column":1}}},"5":{"name":"fmtTime","decl":{"start":{"line":62,"column":9},"end":{"line":62,"column":16}},"loc":{"start":{"line":62,"column":24},"end":{"line":64,"column":1}}},"6":{"name":"bpStage","decl":{"start":{"line":66,"column":9},"end":{"line":66,"column":16}},"loc":{"start":{"line":66,"column":37},"end":{"line":72,"column":1}}},"7":{"name":"MyHealthScreen","decl":{"start":{"line":74,"column":24},"end":{"line":74,"column":38}},"loc":{"start":{"line":74,"column":38},"end":{"line":444,"column":1}}},"8":{"name":"(anonymous_9)","decl":{"start":{"line":81,"column":49},"end":{"line":81,"column":52}},"loc":{"start":{"line":81,"column":54},"end":{"line":85,"column":3}}},"9":{"name":"(anonymous_10)","decl":{"start":{"line":114,"column":27},"end":{"line":114,"column":30}},"loc":{"start":{"line":114,"column":32},"end":{"line":118,"column":3}}},"10":{"name":"(anonymous_11)","decl":{"start":{"line":115,"column":25},"end":{"line":115,"column":26}},"loc":{"start":{"line":115,"column":32},"end":{"line":115,"column":58}}},"11":{"name":"(anonymous_12)","decl":{"start":{"line":120,"column":29},"end":{"line":120,"column":32}},"loc":{"start":{"line":120,"column":34},"end":{"line":124,"column":3}}},"12":{"name":"(anonymous_13)","decl":{"start":{"line":121,"column":24},"end":{"line":121,"column":25}},"loc":{"start":{"line":121,"column":31},"end":{"line":121,"column":48}}},"13":{"name":"(anonymous_14)","decl":{"start":{"line":126,"column":29},"end":{"line":126,"column":32}},"loc":{"start":{"line":126,"column":34},"end":{"line":129,"column":3}}},"14":{"name":"(anonymous_15)","decl":{"start":{"line":128,"column":23},"end":{"line":128,"column":24}},"loc":{"start":{"line":128,"column":30},"end":{"line":128,"column":47}}},"15":{"name":"(anonymous_16)","decl":{"start":{"line":131,"column":38},"end":{"line":131,"column":41}},"loc":{"start":{"line":131,"column":43},"end":{"line":133,"column":3}}},"16":{"name":"(anonymous_17)","decl":{"start":{"line":132,"column":23},"end":{"line":132,"column":24}},"loc":{"start":{"line":132,"column":30},"end":{"line":132,"column":74}}},"17":{"name":"addLog","decl":{"start":{"line":135,"column":11},"end":{"line":135,"column":17}},"loc":{"start":{"line":135,"column":39},"end":{"line":175,"column":3}}},"18":{"name":"(anonymous_19)","decl":{"start":{"line":150,"column":14},"end":{"line":150,"column":15}},"loc":{"start":{"line":150,"column":24},"end":{"line":150,"column":39}}},"19":{"name":"(anonymous_20)","decl":{"start":{"line":161,"column":14},"end":{"line":161,"column":15}},"loc":{"start":{"line":161,"column":24},"end":{"line":161,"column":39}}},"20":{"name":"(anonymous_21)","decl":{"start":{"line":173,"column":12},"end":{"line":173,"column":13}},"loc":{"start":{"line":173,"column":22},"end":{"line":173,"column":37}}},"21":{"name":"deleteLog","decl":{"start":{"line":177,"column":11},"end":{"line":177,"column":20}},"loc":{"start":{"line":177,"column":31},"end":{"line":179,"column":3}}},"22":{"name":"(anonymous_23)","decl":{"start":{"line":178,"column":12},"end":{"line":178,"column":13}},"loc":{"start":{"line":178,"column":22},"end":{"line":178,"column":53}}},"23":{"name":"(anonymous_24)","decl":{"start":{"line":178,"column":34},"end":{"line":178,"column":35}},"loc":{"start":{"line":178,"column":41},"end":{"line":178,"column":52}}},"24":{"name":"(anonymous_25)","decl":{"start":{"line":186,"column":26},"end":{"line":186,"column":29}},"loc":{"start":{"line":186,"column":32},"end":{"line":186,"column":45}}},"25":{"name":"(anonymous_26)","decl":{"start":{"line":186,"column":55},"end":{"line":186,"column":58}},"loc":{"start":{"line":186,"column":61},"end":{"line":186,"column":89}}},"26":{"name":"(anonymous_27)","decl":{"start":{"line":195,"column":58},"end":{"line":195,"column":61}},"loc":{"start":{"line":195,"column":64},"end":{"line":195,"column":80}}},"27":{"name":"(anonymous_28)","decl":{"start":{"line":262,"column":64},"end":{"line":262,"column":67}},"loc":{"start":{"line":262,"column":70},"end":{"line":262,"column":95}}},"28":{"name":"(anonymous_29)","decl":{"start":{"line":262,"column":85},"end":{"line":262,"column":86}},"loc":{"start":{"line":262,"column":92},"end":{"line":262,"column":94}}},"29":{"name":"(anonymous_30)","decl":{"start":{"line":278,"column":26},"end":{"line":278,"column":29}},"loc":{"start":{"line":278,"column":31},"end":{"line":283,"column":19}}},"30":{"name":"(anonymous_31)","decl":{"start":{"line":284,"column":26},"end":{"line":284,"column":29}},"loc":{"start":{"line":284,"column":31},"end":{"line":289,"column":19}}},"31":{"name":"(anonymous_32)","decl":{"start":{"line":290,"column":28},"end":{"line":290,"column":29}},"loc":{"start":{"line":290,"column":35},"end":{"line":290,"column":65}}},"32":{"name":"(anonymous_33)","decl":{"start":{"line":310,"column":41},"end":{"line":310,"column":42}},"loc":{"start":{"line":310,"column":47},"end":{"line":434,"column":17}}},"33":{"name":"(anonymous_34)","decl":{"start":{"line":346,"column":65},"end":{"line":346,"column":68}},"loc":{"start":{"line":346,"column":71},"end":{"line":346,"column":86}}},"34":{"name":"(anonymous_35)","decl":{"start":{"line":386,"column":65},"end":{"line":386,"column":68}},"loc":{"start":{"line":386,"column":71},"end":{"line":386,"column":86}}},"35":{"name":"(anonymous_36)","decl":{"start":{"line":425,"column":65},"end":{"line":425,"column":68}},"loc":{"start":{"line":425,"column":71},"end":{"line":425,"column":86}}},"36":{"name":"(anonymous_37)","decl":{"start":{"line":441,"column":47},"end":{"line":441,"column":50}},"loc":{"start":{"line":441,"column":53},"end":{"line":441,"column":70}}},"37":{"name":"Calendar","decl":{"start":{"line":447,"column":9},"end":{"line":447,"column":17}},"loc":{"start":{"line":459,"column":1},"end":{"line":518,"column":1}}},"38":{"name":"(anonymous_39)","decl":{"start":{"line":489,"column":56},"end":{"line":489,"column":57}},"loc":{"start":{"line":490,"column":10},"end":{"line":490,"column":23}}},"39":{"name":"(anonymous_40)","decl":{"start":{"line":497,"column":19},"end":{"line":497,"column":20}},"loc":{"start":{"line":497,"column":30},"end":{"line":514,"column":9}}},"40":{"name":"(anonymous_41)","decl":{"start":{"line":509,"column":23},"end":{"line":509,"column":26}},"loc":{"start":{"line":509,"column":29},"end":{"line":509,"column":40}}}},"branchMap":{"0":{"loc":{"start":{"line":43,"column":4},"end":{"line":45,"column":31}},"type":"binary-expr","locations":[{"start":{"line":43,"column":4},"end":{"line":43,"column":39}},{"start":{"line":44,"column":4},"end":{"line":44,"column":33}},{"start":{"line":45,"column":4},"end":{"line":45,"column":31}}]},"1":{"loc":{"start":{"line":68,"column":2},"end":{"line":68,"column":49}},"type":"if","locations":[{"start":{"line":68,"column":2},"end":{"line":68,"column":49}},{"start":{},"end":{}}]},"2":{"loc":{"start":{"line":68,"column":6},"end":{"line":68,"column":25}},"type":"binary-expr","locations":[{"start":{"line":68,"column":6},"end":{"line":68,"column":14}},{"start":{"line":68,"column":18},"end":{"line":68,"column":25}}]},"3":{"loc":{"start":{"line":69,"column":2},"end":{"line":69,"column":49}},"type":"if","locations":[{"start":{"line":69,"column":2},"end":{"line":69,"column":49}},{"start":{},"end":{}}]},"4":{"loc":{"start":{"line":69,"column":6},"end":{"line":69,"column":25}},"type":"binary-expr","locations":[{"start":{"line":69,"column":6},"end":{"line":69,"column":14}},{"start":{"line":69,"column":18},"end":{"line":69,"column":25}}]},"5":{"loc":{"start":{"line":70,"column":2},"end":{"line":70,"column":44}},"type":"if","locations":[{"start":{"line":70,"column":2},"end":{"line":70,"column":44}},{"start":{},"end":{}}]},"6":{"loc":{"start":{"line":70,"column":6},"end":{"line":70,"column":24}},"type":"binary-expr","locations":[{"start":{"line":70,"column":6},"end":{"line":70,"column":14}},{"start":{"line":70,"column":18},"end":{"line":70,"column":24}}]},"7":{"loc":{"start":{"line":116,"column":4},"end":{"line":116,"column":52}},"type":"if","locations":[{"start":{"line":116,"column":4},"end":{"line":116,"column":52}},{"start":{},"end":{}}]},"8":{"loc":{"start":{"line":116,"column":8},"end":{"line":116,"column":39}},"type":"binary-expr","locations":[{"start":{"line":116,"column":8},"end":{"line":116,"column":21}},{"start":{"line":116,"column":25},"end":{"line":116,"column":39}}]},"9":{"loc":{"start":{"line":122,"column":4},"end":{"line":122,"column":23}},"type":"if","locations":[{"start":{"line":122,"column":4},"end":{"line":122,"column":23}},{"start":{},"end":{}}]},"10":{"loc":{"start":{"line":123,"column":11},"end":{"line":123,"column":27}},"type":"binary-expr","locations":[{"start":{"line":123,"column":11},"end":{"line":123,"column":20}},{"start":{"line":123,"column":24},"end":{"line":123,"column":27}}]},"11":{"loc":{"start":{"line":140,"column":13},"end":{"line":140,"column":45}},"type":"binary-expr","locations":[{"start":{"line":140,"column":13},"end":{"line":140,"column":32}},{"start":{"line":140,"column":36},"end":{"line":140,"column":45}}]},"12":{"loc":{"start":{"line":143,"column":4},"end":{"line":153,"column":5}},"type":"if","locations":[{"start":{"line":143,"column":4},"end":{"line":153,"column":5}},{"start":{},"end":{}}]},"13":{"loc":{"start":{"line":148,"column":15},"end":{"line":148,"column":39}},"type":"binary-expr","locations":[{"start":{"line":148,"column":15},"end":{"line":148,"column":26}},{"start":{"line":148,"column":30},"end":{"line":148,"column":39}}]},"14":{"loc":{"start":{"line":155,"column":4},"end":{"line":164,"column":5}},"type":"if","locations":[{"start":{"line":155,"column":4},"end":{"line":164,"column":5}},{"start":{},"end":{}}]},"15":{"loc":{"start":{"line":171,"column":16},"end":{"line":171,"column":43}},"type":"binary-expr","locations":[{"start":{"line":171,"column":16},"end":{"line":171,"column":30}},{"start":{"line":171,"column":34},"end":{"line":171,"column":43}}]},"16":{"loc":{"start":{"line":263,"column":26},"end":{"line":263,"column":71}},"type":"cond-expr","locations":[{"start":{"line":263,"column":40},"end":{"line":263,"column":54}},{"start":{"line":263,"column":57},"end":{"line":263,"column":71}}]},"17":{"loc":{"start":{"line":263,"column":74},"end":{"line":263,"column":97}},"type":"cond-expr","locations":[{"start":{"line":263,"column":88},"end":{"line":263,"column":91}},{"start":{"line":263,"column":94},"end":{"line":263,"column":97}}]},"18":{"loc":{"start":{"line":268,"column":11},"end":{"line":436,"column":null}},"type":"binary-expr","locations":[{"start":{"line":268,"column":11},"end":{"line":268,"column":22}},{"start":{"line":269,"column":12},"end":{"line":435,"column":null}}]},"19":{"loc":{"start":{"line":306,"column":17},"end":{"line":307,"column":null}},"type":"binary-expr","locations":[{"start":{"line":306,"column":17},"end":{"line":306,"column":49}},{"start":{"line":307,"column":18},"end":{"line":307,"column":76}}]},"20":{"loc":{"start":{"line":314,"column":18},"end":{"line":352,"column":19}},"type":"if","locations":[{"start":{"line":314,"column":18},"end":{"line":352,"column":19}},{"start":{},"end":{}}]},"21":{"loc":{"start":{"line":314,"column":22},"end":{"line":314,"column":77}},"type":"binary-expr","locations":[{"start":{"line":314,"column":22},"end":{"line":314,"column":48}},{"start":{"line":314,"column":52},"end":{"line":314,"column":62}},{"start":{"line":314,"column":66},"end":{"line":314,"column":77}}]},"22":{"loc":{"start":{"line":341,"column":54},"end":{"line":341,"column":68}},"type":"binary-expr","locations":[{"start":{"line":341,"column":54},"end":{"line":341,"column":61}},{"start":{"line":341,"column":65},"end":{"line":341,"column":68}}]},"23":{"loc":{"start":{"line":355,"column":18},"end":{"line":392,"column":19}},"type":"if","locations":[{"start":{"line":355,"column":18},"end":{"line":392,"column":19}},{"start":{},"end":{}}]},"24":{"loc":{"start":{"line":367,"column":55},"end":{"line":367,"column":74}},"type":"binary-expr","locations":[{"start":{"line":367,"column":55},"end":{"line":367,"column":64}},{"start":{"line":367,"column":68},"end":{"line":367,"column":74}}]},"25":{"loc":{"start":{"line":373,"column":54},"end":{"line":373,"column":70}},"type":"binary-expr","locations":[{"start":{"line":373,"column":54},"end":{"line":373,"column":63}},{"start":{"line":373,"column":67},"end":{"line":373,"column":70}}]},"26":{"loc":{"start":{"line":377,"column":54},"end":{"line":377,"column":92}},"type":"cond-expr","locations":[{"start":{"line":377,"column":68},"end":{"line":377,"column":86}},{"start":{"line":377,"column":89},"end":{"line":377,"column":92}}]},"27":{"loc":{"start":{"line":381,"column":54},"end":{"line":381,"column":73}},"type":"cond-expr","locations":[{"start":{"line":381,"column":64},"end":{"line":381,"column":67}},{"start":{"line":381,"column":70},"end":{"line":381,"column":73}}]},"28":{"loc":{"start":{"line":395,"column":18},"end":{"line":431,"column":19}},"type":"if","locations":[{"start":{"line":395,"column":18},"end":{"line":431,"column":19}},{"start":{},"end":{}}]},"29":{"loc":{"start":{"line":407,"column":55},"end":{"line":407,"column":75}},"type":"binary-expr","locations":[{"start":{"line":407,"column":55},"end":{"line":407,"column":65}},{"start":{"line":407,"column":69},"end":{"line":407,"column":75}}]},"30":{"loc":{"start":{"line":412,"column":52},"end":{"line":412,"column":72}},"type":"binary-expr","locations":[{"start":{"line":412,"column":52},"end":{"line":412,"column":65}},{"start":{"line":412,"column":69},"end":{"line":412,"column":72}}]},"31":{"loc":{"start":{"line":415,"column":56},"end":{"line":415,"column":73}},"type":"binary-expr","locations":[{"start":{"line":415,"column":56},"end":{"line":415,"column":66}},{"start":{"line":415,"column":70},"end":{"line":415,"column":73}}]},"32":{"loc":{"start":{"line":417,"column":27},"end":{"line":420,"column":null}},"type":"binary-expr","locations":[{"start":{"line":417,"column":27},"end":{"line":417,"column":34}},{"start":{"line":418,"column":28},"end":{"line":419,"column":null}}]},"33":{"loc":{"start":{"line":441,"column":7},"end":{"line":441,"column":90}},"type":"binary-expr","locations":[{"start":{"line":441,"column":7},"end":{"line":441,"column":14}},{"start":{"line":441,"column":18},"end":{"line":441,"column":90}}]},"34":{"loc":{"start":{"line":498,"column":10},"end":{"line":498,"column":69}},"type":"if","locations":[{"start":{"line":498,"column":10},"end":{"line":498,"column":69}},{"start":{},"end":{}}]},"35":{"loc":{"start":{"line":501,"column":12},"end":{"line":503,"column":46}},"type":"binary-expr","locations":[{"start":{"line":501,"column":12},"end":{"line":501,"column":54}},{"start":{"line":502,"column":12},"end":{"line":502,"column":48}},{"start":{"line":503,"column":12},"end":{"line":503,"column":46}}]},"36":{"loc":{"start":{"line":508,"column":40},"end":{"line":508,"column":63}},"type":"cond-expr","locations":[{"start":{"line":508,"column":48},"end":{"line":508,"column":58}},{"start":{"line":508,"column":61},"end":{"line":508,"column":63}}]}},"s":{"0":3,"1":3,"2":3,"3":3,"4":3,"5":3,"6":3,"7":129,"8":84,"9":84,"10":84,"11":123,"12":1,"13":1,"14":3,"15":1,"16":0,"17":1,"18":1,"19":0,"20":0,"21":0,"22":43,"23":43,"24":43,"25":43,"26":43,"27":41,"28":41,"29":41,"30":43,"31":43,"32":41,"33":41,"34":41,"35":0,"36":41,"37":43,"38":41,"39":82,"40":41,"41":0,"42":41,"43":43,"44":41,"45":123,"46":43,"47":41,"48":123,"49":0,"50":0,"51":0,"52":0,"53":0,"54":0,"55":0,"56":0,"57":0,"58":0,"59":0,"60":0,"61":0,"62":0,"63":0,"64":0,"65":0,"66":0,"67":0,"68":0,"69":43,"70":0,"71":0,"72":1,"73":1,"74":1,"75":0,"76":0,"77":0,"78":0,"79":0,"80":0,"81":0,"82":0,"83":0,"84":3,"85":3,"86":1,"87":1,"88":0,"89":2,"90":1,"91":0,"92":1,"93":1,"94":0,"95":0,"96":0,"97":1,"98":1,"99":1,"100":1,"101":1,"102":1,"103":1,"104":1,"105":1,"106":1,"107":0,"108":1,"109":1,"110":31,"111":1,"112":4,"113":1,"114":7,"115":35,"116":4,"117":31,"118":31,"119":0},"f":{"0":129,"1":84,"2":123,"3":1,"4":1,"5":3,"6":1,"7":43,"8":41,"9":41,"10":41,"11":41,"12":82,"13":41,"14":123,"15":41,"16":123,"17":0,"18":0,"19":0,"20":0,"21":0,"22":0,"23":0,"24":0,"25":0,"26":1,"27":1,"28":1,"29":0,"30":0,"31":0,"32":3,"33":0,"34":0,"35":0,"36":0,"37":1,"38":7,"39":35,"40":0},"b":{"0":[123,123,123],"1":[0,1],"2":[1,1],"3":[1,0],"4":[1,1],"5":[0,0],"6":[0,0],"7":[0,41],"8":[41,41],"9":[0,41],"10":[41,0],"11":[0,0],"12":[0,0],"13":[0,0],"14":[0,0],"15":[0,0],"16":[1,42],"17":[1,42],"18":[43,1],"19":[1,0],"20":[1,2],"21":[3,1,1],"22":[1,0],"23":[1,1],"24":[1,0],"25":[1,0],"26":[1,0],"27":[0,1],"28":[1,0],"29":[1,0],"30":[1,0],"31":[1,0],"32":[1,0],"33":[43,1],"34":[4,31],"35":[31,31,31],"36":[1,30]}}
,"C:\\Users\\Berna\\Downloads\\SWEN_661-Team_6-main testing\\SWEN_661-Team_6-main\\electron-app\\careconnect-desktop\\src\\screens\\MyInfoScreen.tsx": {"path":"C:\\Users\\Berna\\Downloads\\SWEN_661-Team_6-main testing\\SWEN_661-Team_6-main\\electron-app\\careconnect-desktop\\src\\screens\\MyInfoScreen.tsx","statementMap":{"0":{"start":{"line":146,"column":0},"end":{"line":146,"column":24}},"1":{"start":{"line":1,"column":0},"end":{"line":1,"column":42}},"2":{"start":{"line":2,"column":0},"end":{"line":2,"column":47}},"3":{"start":{"line":3,"column":0},"end":{"line":3,"column":44}},"4":{"start":{"line":4,"column":0},"end":{"line":4,"column":42}},"5":{"start":{"line":39,"column":20},"end":{"line":39,"column":41}},"6":{"start":{"line":41,"column":32},"end":{"line":68,"column":2}},"7":{"start":{"line":71,"column":2},"end":{"line":78,"column":3}},"8":{"start":{"line":72,"column":16},"end":{"line":72,"column":49}},"9":{"start":{"line":73,"column":4},"end":{"line":73,"column":36}},"10":{"start":{"line":73,"column":14},"end":{"line":73,"column":36}},"11":{"start":{"line":74,"column":19},"end":{"line":74,"column":45}},"12":{"start":{"line":75,"column":4},"end":{"line":75,"column":18}},"13":{"start":{"line":77,"column":4},"end":{"line":77,"column":26}},"14":{"start":{"line":82,"column":2},"end":{"line":82,"column":55}},"15":{"start":{"line":98,"column":2},"end":{"line":112,"column":4}},"16":{"start":{"line":106,"column":27},"end":{"line":106,"column":53}},"17":{"start":{"line":128,"column":2},"end":{"line":143,"column":4}},"18":{"start":{"line":136,"column":27},"end":{"line":136,"column":53}},"19":{"start":{"line":147,"column":14},"end":{"line":147,"column":27}},"20":{"start":{"line":150,"column":32},"end":{"line":150,"column":70}},"21":{"start":{"line":150,"column":56},"end":{"line":150,"column":69}},"22":{"start":{"line":153,"column":42},"end":{"line":153,"column":57}},"23":{"start":{"line":154,"column":40},"end":{"line":154,"column":55}},"24":{"start":{"line":155,"column":40},"end":{"line":155,"column":55}},"25":{"start":{"line":158,"column":44},"end":{"line":158,"column":84}},"26":{"start":{"line":159,"column":42},"end":{"line":159,"column":80}},"27":{"start":{"line":160,"column":42},"end":{"line":160,"column":80}},"28":{"start":{"line":163,"column":2},"end":{"line":168,"column":16}},"29":{"start":{"line":164,"column":4},"end":{"line":164,"column":39}},"30":{"start":{"line":165,"column":4},"end":{"line":165,"column":37}},"31":{"start":{"line":166,"column":4},"end":{"line":166,"column":37}},"32":{"start":{"line":171,"column":26},"end":{"line":171,"column":65}},"33":{"start":{"line":172,"column":4},"end":{"line":172,"column":21}},"34":{"start":{"line":173,"column":4},"end":{"line":173,"column":23}},"35":{"start":{"line":174,"column":4},"end":{"line":174,"column":27}},"36":{"start":{"line":177,"column":4},"end":{"line":177,"column":39}},"37":{"start":{"line":178,"column":4},"end":{"line":178,"column":27}},"38":{"start":{"line":182,"column":26},"end":{"line":182,"column":63}},"39":{"start":{"line":183,"column":4},"end":{"line":183,"column":21}},"40":{"start":{"line":184,"column":4},"end":{"line":184,"column":23}},"41":{"start":{"line":185,"column":4},"end":{"line":185,"column":26}},"42":{"start":{"line":188,"column":4},"end":{"line":188,"column":37}},"43":{"start":{"line":189,"column":4},"end":{"line":189,"column":26}},"44":{"start":{"line":193,"column":26},"end":{"line":193,"column":63}},"45":{"start":{"line":194,"column":4},"end":{"line":194,"column":21}},"46":{"start":{"line":195,"column":4},"end":{"line":195,"column":23}},"47":{"start":{"line":196,"column":4},"end":{"line":196,"column":26}},"48":{"start":{"line":199,"column":4},"end":{"line":199,"column":37}},"49":{"start":{"line":200,"column":4},"end":{"line":200,"column":26}},"50":{"start":{"line":203,"column":2},"end":{"line":447,"column":4}},"51":{"start":{"line":207,"column":32},"end":{"line":207,"column":45}},"52":{"start":{"line":207,"column":61},"end":{"line":207,"column":89}},"53":{"start":{"line":235,"column":57},"end":{"line":235,"column":78}},"54":{"start":{"line":247,"column":33},"end":{"line":247,"column":82}},"55":{"start":{"line":247,"column":58},"end":{"line":247,"column":80}},"56":{"start":{"line":253,"column":33},"end":{"line":253,"column":81}},"57":{"start":{"line":253,"column":58},"end":{"line":253,"column":79}},"58":{"start":{"line":259,"column":33},"end":{"line":259,"column":76}},"59":{"start":{"line":259,"column":58},"end":{"line":259,"column":74}},"60":{"start":{"line":266,"column":33},"end":{"line":266,"column":78}},"61":{"start":{"line":266,"column":58},"end":{"line":266,"column":76}},"62":{"start":{"line":273,"column":35},"end":{"line":273,"column":80}},"63":{"start":{"line":273,"column":60},"end":{"line":273,"column":78}},"64":{"start":{"line":301,"column":57},"end":{"line":301,"column":77}},"65":{"start":{"line":314,"column":35},"end":{"line":314,"column":80}},"66":{"start":{"line":314,"column":59},"end":{"line":314,"column":78}},"67":{"start":{"line":321,"column":33},"end":{"line":321,"column":76}},"68":{"start":{"line":321,"column":57},"end":{"line":321,"column":74}},"69":{"start":{"line":327,"column":33},"end":{"line":327,"column":77}},"70":{"start":{"line":327,"column":57},"end":{"line":327,"column":75}},"71":{"start":{"line":333,"column":33},"end":{"line":333,"column":75}},"72":{"start":{"line":333,"column":57},"end":{"line":333,"column":73}},"73":{"start":{"line":360,"column":57},"end":{"line":360,"column":77}},"74":{"start":{"line":372,"column":33},"end":{"line":372,"column":85}},"75":{"start":{"line":372,"column":57},"end":{"line":372,"column":83}},"76":{"start":{"line":378,"column":33},"end":{"line":378,"column":83}},"77":{"start":{"line":378,"column":57},"end":{"line":378,"column":81}},"78":{"start":{"line":386,"column":33},"end":{"line":386,"column":89}},"79":{"start":{"line":386,"column":57},"end":{"line":386,"column":87}},"80":{"start":{"line":392,"column":33},"end":{"line":392,"column":81}},"81":{"start":{"line":392,"column":57},"end":{"line":392,"column":79}},"82":{"start":{"line":400,"column":33},"end":{"line":400,"column":89}},"83":{"start":{"line":400,"column":57},"end":{"line":400,"column":87}},"84":{"start":{"line":406,"column":33},"end":{"line":406,"column":83}},"85":{"start":{"line":406,"column":57},"end":{"line":406,"column":81}},"86":{"start":{"line":414,"column":35},"end":{"line":414,"column":83}},"87":{"start":{"line":414,"column":59},"end":{"line":414,"column":81}},"88":{"start":{"line":426,"column":35},"end":{"line":426,"column":92}},"89":{"start":{"line":426,"column":59},"end":{"line":426,"column":90}},"90":{"start":{"line":438,"column":35},"end":{"line":438,"column":91}},"91":{"start":{"line":438,"column":59},"end":{"line":438,"column":89}}},"fnMap":{"0":{"name":"readProfile","decl":{"start":{"line":70,"column":9},"end":{"line":70,"column":20}},"loc":{"start":{"line":70,"column":20},"end":{"line":79,"column":1}}},"1":{"name":"writeProfile","decl":{"start":{"line":81,"column":9},"end":{"line":81,"column":21}},"loc":{"start":{"line":81,"column":32},"end":{"line":83,"column":1}}},"2":{"name":"Field","decl":{"start":{"line":85,"column":9},"end":{"line":85,"column":14}},"loc":{"start":{"line":97,"column":1},"end":{"line":113,"column":1}}},"3":{"name":"(anonymous_4)","decl":{"start":{"line":106,"column":20},"end":{"line":106,"column":21}},"loc":{"start":{"line":106,"column":27},"end":{"line":106,"column":53}}},"4":{"name":"TextAreaField","decl":{"start":{"line":115,"column":9},"end":{"line":115,
[...]
"column":11}}},"20":{"name":"(anonymous_20)","decl":{"start":{"line":174,"column":27},"end":{"line":174,"column":28}},"loc":{"start":{"line":175,"column":12},"end":{"line":175,"column":null}}}},"branchMap":{"0":{"loc":{"start":{"line":24,"column":2},"end":{"line":24,"column":29}},"type":"if","locations":[{"start":{"line":24,"column":2},"end":{"line":24,"column":29}},{"start":{},"end":{}}]},"1":{"loc":{"start":{"line":39,"column":2},"end":{"line":65,"column":3}},"type":"if","locations":[{"start":{"line":39,"column":2},"end":{"line":65,"column":3}},{"start":{"line":48,"column":9},"end":{"line":65,"column":3}}]},"2":{"loc":{"start":{"line":48,"column":9},"end":{"line":65,"column":3}},"type":"if","locations":[{"start":{"line":48,"column":9},"end":{"line":65,"column":3}},{"start":{"line":57,"column":9},"end":{"line":65,"column":3}}]},"3":{"loc":{"start":{"line":79,"column":36},"end":{"line":79,"column":58}},"type":"binary-expr","locations":[{"start":{"line":79,"column":36},"end":{"line":79,"column":53}},{"start":{"line":79,"column":57},"end":{"line":79,"column":58}}]},"4":{"loc":{"start":{"line":80,"column":25},"end":{"line":80,"column":31}},"type":"binary-expr","locations":[{"start":{"line":80,"column":25},"end":{"line":80,"column":26}},{"start":{"line":80,"column":30},"end":{"line":80,"column":31}}]},"5":{"loc":{"start":{"line":97,"column":8},"end":{"line":99,"column":35}},"type":"cond-expr","locations":[{"start":{"line":98,"column":12},"end":{"line":98,"column":22}},{"start":{"line":99,"column":12},"end":{"line":99,"column":35}}]},"6":{"loc":{"start":{"line":102,"column":46},"end":{"line":102,"column":107}},"type":"binary-expr","locations":[{"start":{"line":102,"column":46},"end":{"line":102,"column":61}},{"start":{"line":102,"column":65},"end":{"line":102,"column":85}},{"start":{"line":102,"column":89},"end":{"line":102,"column":107}}]},"7":{"loc":{"start":{"line":119,"column":37},"end":{"line":119,"column":71}},"type":"cond-expr","locations":[{"start":{"line":119,"column":58},"end":{"line":119,"column":66}},{"start":{"line":119,"column":69},"end":{"line":119,"column":71}}]},"8":{"loc":{"start":{"line":122,"column":37},"end":{"line":122,"column":72}},"type":"cond-expr","locations":[{"start":{"line":122,"column":59},"end":{"line":122,"column":67}},{"start":{"line":122,"column":70},"end":{"line":122,"column":72}}]},"9":{"loc":{"start":{"line":125,"column":37},"end":{"line":125,"column":69}},"type":"cond-expr","locations":[{"start":{"line":125,"column":56},"end":{"line":125,"column":64}},{"start":{"line":125,"column":67},"end":{"line":125,"column":69}}]},"10":{"loc":{"start":{"line":131,"column":46},"end":{"line":131,"column":114}},"type":"cond-expr","locations":[{"start":{"line":131,"column":67},"end":{"line":131,"column":73}},{"start":{"line":131,"column":76},"end":{"line":131,"column":114}}]},"11":{"loc":{"start":{"line":131,"column":76},"end":{"line":131,"column":114}},"type":"cond-expr","locations":[{"start":{"line":131,"column":98},"end":{"line":131,"column":105}},{"start":{"line":131,"column":108},"end":{"line":131,"column":114}}]},"12":{"loc":{"start":{"line":145,"column":32},"end":{"line":145,"column":51}},"type":"cond-expr","locations":[{"start":{"line":145,"column":42},"end":{"line":145,"column":45}},{"start":{"line":145,"column":48},"end":{"line":145,"column":51}}]},"13":{"loc":{"start":{"line":159,"column":45},"end":{"line":159,"column":67}},"type":"binary-expr","locations":[{"start":{"line":159,"column":45},"end":{"line":159,"column":62}},{"start":{"line":159,"column":66},"end":{"line":159,"column":67}}]},"14":{"loc":{"start":{"line":177,"column":21},"end":{"line":177,"column":70}},"type":"cond-expr","locations":[{"start":{"line":177,"column":44},"end":{"line":177,"column":52}},{"start":{"line":177,"column":55},"end":{"line":177,"column":70}}]}},"s":{"0":3,"1":3,"2":3,"3":1160,"4":1104,"5":1104,"6":0,"7":0,"8":0,"9":0,"10":0,"11":40,"12":40,"13":40,"14":40,"15":36,"16":36,"17":252,"18":252,"19":252,"20":252,"21":252,"22":4,"23":3,"24":3,"25":12,"26":12,"27":12,"28":12,"29":12,"30":1,"31":1,"32":12,"33":12,"34":12,"35":12,"36":40,"37":168,"38":168,"39":168,"40":168,"41":168,"42":168,"43":1160,"44":1160,"45":1160,"46":1160,"47":42,"48":40,"49":42,"50":40,"51":40,"52":160,"53":40,"54":40,"55":276,"56":276,"57":276,"58":1104,"59":0,"60":1104,"61":0,"62":1104,"63":40,"64":42,"65":42,"66":42,"67":42,"68":2,"69":3,"70":1,"71":210,"72":210,"73":168,"74":168,"75":1160,"76":168,"77":1160,"78":290,"79":290,"80":168},"f":{"0":1160,"1":1104,"2":0,"3":0,"4":40,"5":168,"6":1160,"7":42,"8":40,"9":40,"10":0,"11":0,"12":2,"13":3,"14":1,"15":210,"16":168,"17":1160,"18":1160,"19":290,"20":168},"b":{"0":[1104,0],"1":[36,4],"2":[3,1],"3":[1160,0],"4":[1160,1160],"5":[40,236],"6":[0,0,0],"7":[38,4],"8":[3,39],"9":[1,41],"10":[38,4],"11":[3,1],"12":[168,992],"13":[290,0],"14":[42,126]}}
,"C:\\Users\\Berna\\Downloads\\SWEN_661-Team_6-main testing\\SWEN_661-Team_6-main\\electron-app\\careconnect-desktop\\src\\screens\\components\\TextSizeModal.tsx": {"path":"C:\\Users\\Berna\\Downloads\\SWEN_661-Team_6-main testing\\SWEN_661-Team_6-main\\electron-app\\careconnect-desktop\\src\\screens\\components\\TextSizeModal.tsx","statementMap":{"0":{"start":{"line":13,"column":0},"end":{"line":13,"column":24}},"1":{"start":{"line":1,"column":0},"end":{"line":1,"column":58}},"2":{"start":{"line":7,"column":65},"end":{"line":11,"column":2}},"3":{"start":{"line":14,"column":30},"end":{"line":14,"column":42}},"4":{"start":{"line":16,"column":2},"end":{"line":48,"column":4}},"5":{"start":{"line":18,"column":53},"end":{"line":18,"column":72}},"6":{"start":{"line":26,"column":12},"end":{"line":27,"column":null}},"7":{"start":{"line":29,"column":29},"end":{"line":29,"column":44}}},"fnMap":{"0":{"name":"TextSizeModal","decl":{"start":{"line":13,"column":24},"end":{"line":13,"column":37}},"loc":{"start":{"line":13,"column":56},"end":{"line":49,"column":1}}},"1":{"name":"(anonymous_1)","decl":{"start":{"line":18,"column":46},"end":{"line":18,"column":47}},"loc":{"start":{"line":18,"column":53},"end":{"line":18,"column":72}}},"2":{"name":"(anonymous_2)","decl":{"start":{"line":25,"column":23},"end":{"line":25,"column":24}},"loc":{"start":{"line":26,"column":12},"end":{"line":27,"column":null}}},"3":{"name":"(anonymous_3)","decl":{"start":{"line":29,"column":23},"end":{"line":29,"column":26}},"loc":{"start":{"line":29,"column":29},"end":{"line":29,"column":44}}}},"branchMap":{"0":{"loc":{"start":{"line":28,"column":39},"end":{"line":28,"column":70}},"type":"cond-expr","locations":[{"start":{"line":28,"column":57},"end":{"line":28,"column":65}},{"start":{"line":28,"column":68},"end":{"line":28,"column":70}}]},"1":{"loc":{"start":{"line":35,"column":19},"end":{"line":35,"column":74}},"type":"binary-expr","locations":[{"start":{"line":35,"column":19},"end":{"line":35,"column":34}},{"start":{"line":35,"column":38},"end":{"line":35,"column":74}}]}},"s":{"0":16,"1":16,"2":16,"3":10,"4":10,"5":5,"6":30,"7":3},"f":{"0":10,"1":5,"2":30,"3":3},"b":{"0":[10,20],"1":[30,10]}}
,"C:\\Users\\Berna\\Downloads\\SWEN_661-Team_6-main testing\\SWEN_661-Team_6-main\\electron-app\\careconnect-desktop\\src\\state\\activitiesStore.tsx": {"path":"C:\\Users\\Berna\\Downloads\\SWEN_661-Team_6-main testing\\SWEN_661-Team_6-main\\electron-app\\careconnect-desktop\\src\\state\\activitiesStore.tsx","statementMap":{"0":{"start":{"line":85,"column":0},"end":{"line":85,"column":16}},"1":{"start":{"line":123,"column":0},"end":{"line":123,"column":16}},"2":{"start":{"line":1,"column":0},"end":{"line":1,"column":89}},"3":{"start":{"line":21,"column":20},"end":{"line":21,"column":47}},"4":{"start":{"line":23,"column":32},"end":{"line":34,"column":2}},"5":{"start":{"line":37,"column":2},"end":{"line":60,"column":3}},"6":{"start":{"line":39,"column":6},"end":{"line":39,"column":54}},"7":{"start":{"line":41,"column":6},"end":{"line":41,"column":77}},"8":{"start":{"line":43,"column":6},"end":{"line":48,"column":8}},"9":{"start":{"line":46,"column":10},"end":{"line":46,"column":68}},"10":{"start":{"line":50,"column":6},"end":{"line":50,"column":90}},"11":{"start":{"line":50,"column":68},"end":{"line":50,"column":86}},"12":{"start":{"line":52,"column":6},"end":{"line":57,"column":8}},"13":{"start":{"line":55,"column":10},"end":{"line":55,"column":60}},"14":{"start":{"line":59,"column":6},"end":{"line":59,"column":19}},"15":{"start":{"line":71,"column":26},"end":{"line":71,"column":57}},"16":{"start":{"line":74,"column":2},"end":{"line":82,"column":3}},"17":{"start":{"line":75,"column":16},"end":{"line":75,"column":49}},"18":{"start":{"line":76,"column":4},"end":{"line":76,"column":26}},"19":{"start":{"line":76,"column":14},"end":{"line":76,"column":26}},"20":{"start":{"line":77,"column":19},"end":{"line":77,"column":48}},"21":{"start":{"line":78,"column":4},"end":{"line":78,"column":44}},"22":{"start":{"line":78,"column":32},"end":{"line":78,"column":44}},"23":{"start":{"line":79,"column":4},"end":{"line":79,"column":18}},"24":{"start":{"line":81,"column":4},"end":{"line":81,"column":16}},"25":{"start":{"line":86,"column":28},"end":{"line":86,"column":76}},"26":{"start":{"line":89,"column":2},"end":{"line":92,"column":9}},"27":{"start":{"line":90,"column":18},"end":{"line":90,"column":35}},"28":{"start":{"line":91,"column":4},"end":{"line":91,"column":77}},"29":{"start":{"line":91,"column":31},"end":{"line":91,"column":77}},"30":{"start":{"line":95,"column":2},"end":{"line":101,"column":25}},"31":{"start":{"line":96,"column":4},"end":{"line":100,"column":5}},"32":{"start":{"line":97,"column":6},"end":{"line":97,"column":74}},"33":{"start":{"line":103,"column":16},"end":{"line":118,"column":24}},"34":{"start":{"line":104,"column":4},"end":{"line":117,"column":6}},"35":{"start":{"line":107,"column":24},"end":{"line":107,"column":36}},"36":{"start":{"line":108,"column":8},"end":{"line":108,"column":29}},"37":{"start":{"line":108,"column":22},"end":{"line":108,"column":29}},"38":{"start":{"line":109,"column":8},"end":{"line":112,"column":11}},"39":{"start":{"line":114,"column":30},"end":{"line":114,"column":62}},"40":{"start":{"line":115,"column":30},"end":{"line":115,"column":62}},"41":{"start":{"line":116,"column":37},"end":{"line":116,"column":76}},"42":{"start":{"line":120,"column":2},"end":{"line":120,"column":91}},"43":{"start":{"line":124,"column":14},"end":{"line":124,"column":43}},"44":{"start":{"line":125,"column":2},"end":{"line":125,"column":84}},"45":{"start":{"line":125,"column":12},"end":{"line":125,"column":84}},"46":{"start":{"line":126,"column":2},"end":{"line":126,"column":13}}},"fnMap":{"0":{"name":"reducer","decl":{"start":{"line":36,"column":9},"end":{"line":36,"column":16}},"loc":{"start":{"line":36,"column":45},"end":{"line":61,"column":1}}},"1":{"name":"(anonymous_10)","decl":{"start":{"line":45,"column":41},"end":{"line":45,"column":42}},"loc":{"start":{"line":46,"column":10},"end":{"line":46,"column":68}}},"2":{"name":"(anonymous_11)","decl":{"start":{"line":50,"column":61},"end":{"line":50,"column":62}},"loc":{"start":{"line":50,"column":68},"end":{"line":50,"column":86}}},"3":{"name":"(anonymous_12)","decl":{"start":{"line":54,"column":41},"end":{"line":54,"column":42}},"loc":{"start":{"line":55,"column":10},"end":{"line":55,"column":60}}},"4":{"name":"loadFromStorage","decl":{"start":{"line":73,"column":9},"end":{"line":73,"column":24}},"loc":{"start":{"line":73,"column":24},"end":{"line":83,"column":1}}},"5":{"name":"ActivitiesProvider","decl":{"start":{"line":85,"column":16},"end":{"line":85,"column":34}},"loc":{"start":{"line":85,"column":78},"end":{"line":121,"column":1}}},"6":{"name":"(anonymous_15)","decl":{"start":{"line":89,"column":12},"end":{"line":89,"column":15}},"loc":{"start":{"line":89,"column":17},"end":{"line":92,"column":3}}},"7":{"name":"(anonymous_16)","decl":{"start":{"line":95,"column":12},"end":{"line":95,"column":15}},"loc":{"start":{"line":95,"column":17},"end":{"line":101,"column":3}}},"8":{"name":"(anonymous_17)","decl":{"start":{"line":103,"column":29},"end":{"line":103,"column":32}},"loc":{"start":{"line":103,"column":34},"end":{"line":118,"column":3}}},"9":{"name":"(anonymous_18)","decl":{"start":{"line":106,"column":19},"end":{"line":106,"column":20}},"loc":{"start":{"line":106,"column":35},"end":{"line":113,"column":7}}},"10":{"name":"(anonymous_19)","decl":{"start":{"line":114,"column":22},"end":{"line":114,"column":23}},"loc":{"start":{"line":114,"column":30},"end":{"line":114,"column":62}}},"11":{"name":"(anonymous_20)","decl":{"start":{"line":115,"column":22},"end":{"line":115,"column":23}},"loc":{"start":{"line":115,"column":30},"end":{"line":115,"column":62}}},"12":{"name":"(anonymous_21)","decl":{"start":{"line":116,"column":22},"end":{"line":116,"column":23}},"loc":{"start":{"line":116,"column":37},"end":{"line":116,"column":76}}},"13":{"name":"useActivities","decl":{"start":{"line":123,"column":16},"end":{"line":123,"column":29}},"loc":{"start":{"line":123,"column":29},"end":{"line":127,"column":1}}}},"branchMap":{"0":{"loc":{"start":{"line":37,"column":2},"end":{"line":60,"column":3}},"type":"switch","locations":[{"start":{"line":38,"column":4},"end":{"line":39,"column":54}},{"start":{"line":40,"column":4},"end":{"line":41,"column":77}},{"start":{"line":42,"column":4},"end":{"line":48,"column":8}},{"start":{"line":49,"column":4},"end":{"line":50,"column":90}},{"start":{"line":51,"column":4},"end":{"line":57,"column":8}},{"start":{"line":58,"column":4},"end":{"line":59,"column":19}}]},"1":{"loc":{"start":{"line":46,"column":10},"end":{"line":46,"column":68}},"type":"cond-expr","locations":[{"start":{"line":46,"column":31},"end":{"line":46,"column":64}},{"start":{"line":46,"column":67},"end":{"line":46,"column":68}}]},"2":{"loc":{"start":{"line":55,"column":10},"end":{"line":55,"column":60}},"type":"cond-expr","locations":[{"start":{"line":55,"column":31},"end":{"line":55,"column":56}},{"start":{"line":55,"column":59},"end":{"line":55,"column":60}}]},"3":{"loc":{"start":{"line":76,"column":4},"end":{"line":76,"column":26}},"type":"if","locations":[{"start":{"line":76,"column":4},"end":{"line":76,"column":26}},{"start":{},"end":{}}]},"4":{"loc":{"start":{"line":78,"column":4},"end":{"line":78,"column":44}},"type":"if","locations":[{"start":{"line":78,"column":4},"end":{"line":78,"column":44}},{"start":{},"end":{}}]},"5":{"loc":{"start":{"line":91,"column":4},"end":{"line":91,"column":77}},"type":"if","locations":[{"start":{"line":91,"column":4},"end":{"line":91,"column":77}},{"start":{},"end":{}}]},"6":{"loc":{"start":{"line":91,"column":8},"end":{"line":91,"column":29}},"type":"binary-expr","locations":[{"start":{"line":91,"column":8},"end":{"line":91,"column":13}},{"start":{"line":91,"column":17},"end":{"line":91,"column":29}}]},"7":{"loc":{"start":{"line":108,"column":8},"end":{"line":108,"column":29}},"type":"if","locations":[{"start":{"line":108,"column":8},"end":{"line":108,"column":29}},{"start":{},"end":{}}]},"8":{"loc":{"start":{"line":111,"column":68},"end":{"line":111,"column":93}},"type":"binary-expr","locations":[{"start":{"line":111,"column":68},"end":{"line":111,"column":80}},{"start":{"line":111,"column":84},"end":{"line":111,"column":93}}]},"9":{"loc":{"start":{"line":125,"column":2},"end":{"line":125,"column":84}},"type":"if","locations":[{"start":{"line":125,"column":2},"end":{"line":125,"column":84}},{"start":{},"end":{}}]}},"s":{"0":4,"1":4,"2":4,"3":4,"4":4,"5":121,"6":59,"7":36,"8":17,"9":437,"10":9,"11":298,"12":0,"13":0,"14":0,"15":4,"16":61,"17":61,"18":61,"19":2,"20":59,"21":59,"22":0,"23":59,"24":0,"25":158,"26":158,"27":61,"28":61,"29":59,"30":158,"31":156,"32":156,"33":158,"34":156,"35":36,"36":36,"37":0,"38":36,"39":17,"40":9,"41":0,"42":158,"43":164,"44":164,"45":4,"46":160},"f":{"0":121,"1":437,"2":298,"3":0,"4":61,"5":158,"6":61,"7":156,"8":156,"9":36,"10":17,"11":9,"12":0,"13":164},"b":{"0":[59,36,17,9,0,0],"1":[16,421],"2":[0,0],"3":[2,59],"4":[0,59],"5":[59,2],"6":[61,59],"7":[0,36],"8":[36,36],"9":[4,160]}}
,"C:\\Users\\Berna\\Downloads\\SWEN_661-Team_6-main testing\\SWEN_661-Team_6-main\\electron-app\\careconnect-desktop\\src\\state\\uiScale.tsx": {"path":"C:\\Users\\Berna\\Downloads\\SWEN_661-Team_6-main testing\\SWEN_661-Team_6-main\\electron-app\\careconnect-desktop\\src\\state\\uiScale.tsx","statementMap":{"0":{"start":{"line":19,"column":0},"end":{"line":19,"column":16}},"1":{"start":{"line":42,"column":0},"end":{"line":42,"column":16}},"2":{"start":{"line":1,"column":0},"end":{"line":1,"column":87}},"3":{"start":{"line":10,"column":23},"end":{"line":10,"column":54}},"4":{"start":{"line":12,"column":20},"end":{"line":12,"column":41}},"5":{"start":{"line":15,"column":2},"end":{"line":15,"column":70}},"6":{"start":{"line":16,"column":2},"end":{"line":16,"column":45}},"7":{"start":{"line":20,"column":33},"end":{"line":20,"column":60}},"8":{"start":{"line":22,"column":2},"end":{"line":30,"column":9}},"9":{"start":{"line":23,"column":18},"end":{"line":23,"column":69}},"10":{"start":{"line":24,"column":4},"end":{"line":29,"column":5}},"11":{"start":{"line":25,"column":6},"end":{"line":25,"column":27}},"12":{"start":{"line":26,"column":6},"end":{"line":26,"column":28}},"13":{"start":{"line":28,"column":6},"end":{"line":28,"column":31}},"14":{"start":{"line":33,"column":4},"end":{"line":33,"column":21}},"15":{"start":{"line":34,"column":4},"end":{"line":34,"column":41}},"16":{"start":{"line":35,"column":4},"end":{"line":35,"column":22}},"17":{"start":{"line":38,"column":16},"end":{"line":38,"column":61}},"18":{"start":{"line":38,"column":31},"end":{"line":38,"column":50}},"19":{"start":{"line":39,"column":2},"end":{"line":39,"column":85}},"20":{"start":{"line":43,"column":14},"end":{"line":43,"column":40}},"21":{"start":{"line":44,"column":2},"end":{"line":44,"column":78}},"22":{"start":{"line":44,"column":12},"end":{"line":44,"column":78}},"23":{"start":{"line":45,"column":2},"end":{"line":45,"column":13}}},"fnMap":{"0":{"name":"applyBodyClass","decl":{"start":{"line":14,"column":9},"end":{"line":14,"column":23}},"loc":{"start":{"line":14,"column":38},"end":{"line":17,"column":1}}},"1":{"name":"UiScaleProvider","decl":{"start":{"line":19,"column":16},"end":{"line":19,"column":31}},"loc":{"start":{"line":19,"column":75},"end":{"line":40,"column":1}}},"2":{"name":"(anonymous_11)","decl":{"start":{"line":22,"column":12},"end":{"line":22,"column":15}},"loc":{"start":{"line":22,"column":17},"end":{"line":30,"column":3}}},"3":{"name":"setScale","decl":{"start":{"line":32,"column":11},"end":{"line":32,"column":19}},"loc":{"start":{"line":32,"column":30},"end":{"line":36,"column":3}}},"4":{"name":"(anonymous_13)","decl":{"start":{"line":38,"column":24},"end":{"line":38,"column":27}},"loc":{"start":{"line":38,"column":31},"end":{"line":38,"column":50}}},"5":{"name":"useUiScale","decl":{"start":{"line":42,"column":16},"end":{"line":42,"column":26}},"loc":{"start":{"line":42,"column":26},"end":{"line":46,"column":1}}}},"branchMap":{"0":{"loc":{"start":{"line":24,"column":4},"end":{"line":29,"column":5}},"type":"if","locations":[{"start":{"line":24,"column":4},"end":{"line":29,"column":5}},{"start":{"line":27,"column":11},"end":{"line":29,"column":5}}]},"1":{"loc":{"start":{"line":24,"column":8},"end":{"line":24,"column":68}},"type":"binary-expr","locations":[{"start":{"line":24,"column":8},"end":{"line":24,"column":25}},{"start":{"line":24,"column":29},"end":{"line":24,"column":47}},{"start":{"line":24,"column":51},"end":{"line":24,"column":68}}]},"2":{"loc":{"start":{"line":44,"column":2},"end":{"line":44,"column":78}},"type":"if","locations":[{"start":{"line":44,"column":2},"end":{"line":44,"column":78}},{"start":{},"end":{}}]}},"s":{"0":15,"1":15,"2":15,"3":15,"4":15,"5":67,"6":67,"7":93,"8":93,"9":42,"10":42,"11":26,"12":26,"13":16,"14":25,"15":25,"16":25,"17":93,"18":84,"19":93,"20":78,"21":78,"22":0,"23":78},"f":{"0":67,"1":93,"2":42,"3":25,"4":84,"5":78},"b":{"0":[26,16],"1":[42,40,36],"2":[0,78]}}
}
