TN:
SF:src\main.tsx
FNF:0
FNH:0
DA:1,3
DA:2,3
DA:3,3
DA:4,3
DA:5,3
DA:6,3
DA:9,3
LF:7
LH:7
BRF:0
BRH:0
end_of_record
TN:
SF:src\app\App.tsx
FN:4,App
FNF:1
FNH:1
FNDA:6,App
DA:1,2
DA:2,2
DA:4,2
DA:5,6
LF:4
LH:4
BRF:0
BRH:0
end_of_record
TN:
SF:src\app\router.tsx
FN:17,Router
FN:20,(anonymous_2)
FN:21,(anonymous_3)
FN:22,(anonymous_4)
FNF:4
FNH:3
FNDA:6,Router
FNDA:6,(anonymous_2)
FNDA:0,(anonymous_3)
FNDA:6,(anonymous_4)
DA:1,2
DA:2,2
DA:6,2
DA:7,2
DA:8,2
DA:9,2
DA:10,2
DA:11,2
DA:12,2
DA:13,2
DA:14,2
DA:15,2
DA:17,2
DA:18,6
DA:20,6
DA:21,6
DA:22,6
DA:25,6
LF:18
LH:18
BRF:0
BRH:0
end_of_record
TN:
SF:src\app\layouts\AppLayout.tsx
FN:5,AppLayout
FN:11,(anonymous_2)
FN:12,(anonymous_3)
FNF:3
FNH:1
FNDA:4,AppLayout
FNDA:0,(anonymous_2)
FNDA:0,(anonymous_3)
DA:1,2
DA:2,2
DA:3,2
DA:5,2
DA:6,4
DA:12,0
LF:6
LH:5
BRF:0
BRH:0
end_of_record
TN:
SF:src\components\Panel.tsx
FN:10,Panel
FN:16,(anonymous_1)
FNF:2
FNH:2
FNDA:52,Panel
FNDA:96,(anonymous_1)
DA:10,4
DA:11,52
DA:17,96
LF:3
LH:3
BRDA:27,0,0,28
BRDA:27,0,1,24
BRF:2
BRH:2
end_of_record
TN:
SF:src\components\Sidebar.tsx
FN:5,Sidebar
FN:32,(anonymous_1)
FN:39,(anonymous_2)
FNF:3
FNH:3
FNDA:424,Sidebar
FNDA:3816,(anonymous_1)
FNDA:3,(anonymous_2)
DA:1,15
DA:5,15
DA:6,424
DA:7,424
DA:9,424
DA:21,424
DA:33,3816
DA:35,3816
DA:39,3
LF:9
LH:9
BRDA:33,0,0,3816
BRDA:33,0,1,0
BRDA:38,1,0,9
BRDA:38,1,1,3807
BRDA:39,2,0,3
BRDA:39,2,1,3
BRDA:41,3,0,0
BRDA:41,3,1,3816
BRDA:42,4,0,0
BRDA:42,4,1,3816
BRF:10
BRH:7
end_of_record
TN:
SF:src\components\TileCard.tsx
FN:9,TileCard
FNF:1
FNH:1
FNDA:122,TileCard
DA:9,4
DA:10,122
LF:2
LH:2
BRDA:9,0,0,98
BRF:1
BRH:1
end_of_record
TN:
SF:src\components\TopBar.tsx
FN:9,TopBar
FN:20,(anonymous_2)
FN:34,(anonymous_3)
FNF:3
FNH:1
FNDA:421,TopBar
FNDA:0,(anonymous_2)
FNDA:0,(anonymous_3)
DA:1,15
DA:2,15
DA:9,15
DA:10,421
DA:12,421
DA:20,0
DA:34,0
LF:7
LH:5
BRDA:33,0,0,421
BRDA:33,0,1,0
BRF:2
BRH:1
end_of_record
TN:
SF:src\screens\ActivitiesScreen.tsx
FN:8,ActivitiesScreen
FN:13,(anonymous_2)
FN:23,(anonymous_3)
FN:24,(anonymous_4)
FN:36,(anonymous_5)
FN:61,(anonymous_6)
FN:70,(anonymous_7)
FN:84,(anonymous_8)
FNF:8
FNH:5
FNDA:74,ActivitiesScreen
FNDA:740,(anonymous_2)
FNDA:0,(anonymous_3)
FNDA:0,(anonymous_4)
FNDA:1,(anonymous_5)
FNDA:740,(anonymous_6)
FNDA:4,(anonymous_7)
FNDA:0,(anonymous_8)
DA:1,3
DA:2,3
DA:3,3
DA:4,3
DA:5,3
DA:6,3
DA:8,3
DA:9,74
DA:10,74
DA:11,74
DA:13,740
DA:14,74
DA:15,74
DA:17,74
DA:23,0
DA:24,0
DA:36,1
DA:62,740
DA:70,4
DA:84,0
LF:20
LH:17
BRDA:15,0,0,0
BRDA:15,0,1,74
BRDA:64,1,0,212
BRDA:64,1,1,528
BRDA:75,2,0,740
BRDA:75,2,1,740
BRDA:84,3,0,74
BRDA:84,3,1,1
BRF:8
BRH:7
end_of_record
TN:
SF:src\screens\DashboardScreen.tsx
FN:7,DashboardScreen
FN:22,(anonymous_2)
FN:23,(anonymous_3)
FNF:3
FNH:1
FNDA:24,DashboardScreen
FNDA:0,(anonymous_2)
FNDA:0,(anonymous_3)
DA:1,3
DA:2,3
DA:3,3
DA:4,3
DA:5,3
DA:7,3
DA:8,24
DA:9,24
DA:10,24
DA:12,24
DA:13,24
DA:14,24
DA:16,24
DA:22,0
DA:23,0
LF:15
LH:13
BRDA:10,0,0,24
BRDA:10,0,1,24
BRF:2
BRH:2
end_of_record
TN:
SF:src\screens\EmergencyScreen.tsx
FN:5,EmergencyScreen
FN:8,(anonymous_2)
FN:12,(anonymous_3)
FN:22,(anonymous_4)
FN:23,(anonymous_5)
FN:40,(anonymous_6)
FN:47,(anonymous_7)
FN:66,(anonymous_8)
FN:90,(anonymous_9)
FN:102,(anonymous_10)
FN:108,(anonymous_11)
FNF:11
FNH:4
FNDA:21,EmergencyScreen
FNDA:3,(anonymous_2)
FNDA:0,(anonymous_3)
FNDA:0,(anonymous_4)
FNDA:0,(anonymous_5)
FNDA:3,(anonymous_6)
FNDA:0,(anonymous_7)
FNDA:0,(anonymous_8)
FNDA:42,(anonymous_9)
FNDA:0,(anonymous_10)
FNDA:0,(anonymous_11)
DA:1,3
DA:2,3
DA:3,3
DA:5,3
DA:6,21
DA:8,21
DA:9,3
DA:12,21
DA:13,0
DA:16,21
DA:22,0
DA:23,0
DA:40,3
DA:47,0
DA:66,0
DA:91,42
DA:102,0
DA:108,0
LF:18
LH:11
BRF:0
BRH:0
end_of_record
TN:
SF:src\screens\ExercisesScreen.tsx
FN:125,readCompleted
FN:135,writeCompleted
FN:139,ExercisesScreen
FN:142,(anonymous_4)
FN:144,(anonymous_5)
FN:145,(anonymous_6)
FN:148,(anonymous_7)
FN:150,startExercise
FN:161,(anonymous_9)
FN:161,(anonymous_10)
FN:203,(anonymous_11)
FN:217,(anonymous_12)
FN:220,(anonymous_13)
FN:253,(anonymous_14)
FNF:14
FNH:7
FNDA:30,readCompleted
FNDA:0,writeCompleted
FNDA:30,ExercisesScreen
FNDA:30,(anonymous_4)
FNDA:30,(anonymous_5)
FNDA:180,(anonymous_6)
FNDA:180,(anonymous_7)
FNDA:0,startExercise
FNDA:0,(anonymous_9)
FNDA:0,(anonymous_10)
FNDA:180,(anonymous_11)
FNDA:0,(anonymous_12)
FNDA:0,(anonymous_13)
FNDA:0,(anonymous_14)
DA:1,3
DA:2,3
DA:3,3
DA:4,3
DA:5,3
DA:6,3
DA:10,3
DA:12,3
DA:126,30
DA:127,30
DA:128,30
DA:129,0
DA:131,0
DA:136,0
DA:139,3
DA:140,30
DA:141,30
DA:142,30
DA:144,30
DA:145,180
DA:148,180
DA:151,0
DA:152,0
DA:153,0
DA:154,0
DA:157,30
DA:161,0
DA:204,180
DA:217,0
DA:220,0
DA:253,0
LF:31
LH:20
BRDA:128,0,0,30
BRDA:128,0,1,0
BRDA:204,1,0,0
BRDA:204,1,1,180
BRDA:205,2,0,0
BRDA:205,2,1,180
BRDA:206,3,0,0
BRDA:206,3,1,180
BRDA:213,4,0,0
BRDA:213,4,1,180
BRDA:250,5,0,30
BRDA:250,5,1,0
BRF:12
BRH:6
end_of_record
TN:
SF:src\screens\LoginScreen.tsx
FN:7,isSixDigits
FN:11,LoginScreen
FN:18,(anonymous_3)
FN:23,validate
FN:32,onSubmit
FN:41,(anonymous_6)
FN:56,(anonymous_7)
FN:66,(anonymous_8)
FN:84,(anonymous_9)
FN:99,(anonymous_10)
FNF:10
FNH:9
FNDA:23,isSixDigits
FNDA:116,LoginScreen
FNDA:41,(anonymous_3)
FNDA:33,validate
FNDA:33,onSubmit
FNDA:1,(anonymous_6)
FNDA:14,(anonymous_7)
FNDA:26,(anonymous_8)
FNDA:1,(anonymous_9)
FNDA:0,(anonymous_10)
DA:1,3
DA:2,3
DA:3,3
DA:8,23
DA:11,3
DA:12,116
DA:13,116
DA:14,115
DA:15,115
DA:16,115
DA:18,115
DA:19,41
DA:20,41
DA:24,33
DA:25,33
DA:26,33
DA:27,23
DA:28,33
DA:29,33
DA:33,33
DA:34,33
DA:35,7
DA:38,115
DA:41,1
DA:56,14
DA:66,26
DA:84,1
DA:99,0
LF:28
LH:27
BRDA:25,0,0,8
BRDA:25,0,1,25
BRDA:26,1,0,10
BRDA:26,1,1,23
BRDA:27,2,0,16
BRDA:27,2,1,7
BRDA:34,3,0,26
BRDA:34,3,1,7
BRDA:54,4,0,10
BRDA:54,4,1,105
BRDA:60,5,0,115
BRDA:60,5,1,10
BRDA:64,6,0,39
BRDA:64,6,1,76
BRDA:72,7,0,115
BRDA:72,7,1,39
BRDA:97,8,0,115
BRDA:97,8,1,1
BRF:18
BRH:18
end_of_record
TN:
SF:src\screens\MedicationsScreen.tsx
FN:23,uid
FN:27,MedicationsScreen
FN:66,(anonymous_3)
FN:68,toggleTaken
FN:69,(anonymous_5)
FN:70,(anonymous_6)
FN:74,(anonymous_7)
FN:85,removeMedication
FN:86,(anonymous_9)
FN:86,(anonymous_10)
FN:89,addMedication
FN:92,(anonymous_12)
FN:97,(anonymous_13)
FN:112,(anonymous_14)
FN:121,(anonymous_15)
FN:121,(anonymous_16)
FN:130,(anonymous_17)
FN:136,(anonymous_18)
FN:149,(anonymous_19)
FN:158,(anonymous_20)
FN:164,(anonymous_21)
FN:184,(anonymous_22)
FNF:22
FNH:15
FNDA:420,uid
FNDA:42,MedicationsScreen
FNDA:37,(anonymous_3)
FNDA:1,toggleTaken
FNDA:1,(anonymous_5)
FNDA:3,(anonymous_6)
FNDA:3,(anonymous_7)
FNDA:1,removeMedication
FNDA:1,(anonymous_9)
FNDA:3,(anonymous_10)
FNDA:0,addMedication
FNDA:0,(anonymous_12)
FNDA:0,(anonymous_13)
FNDA:0,(anonymous_14)
FNDA:0,(anonymous_15)
FNDA:0,(anonymous_16)
FNDA:3,(anonymous_17)
FNDA:125,(anonymous_18)
FNDA:1,(anonymous_19)
FNDA:291,(anonymous_20)
FNDA:1,(anonymous_21)
FNDA:0,(anonymous_22)
DA:1,4
DA:2,4
DA:3,4
DA:4,4
DA:5,4
DA:24,420
DA:27,4
DA:28,42
DA:29,42
DA:32,42
DA:66,42
DA:69,1
DA:70,1
DA:71,3
DA:72,1
DA:75,3
DA:77,1
DA:78,1
DA:86,3
DA:90,0
DA:92,0
DA:96,0
DA:97,0
DA:104,0
DA:112,0
DA:113,0
DA:116,42
DA:121,0
DA:130,3
DA:137,125
DA:149,1
DA:159,291
DA:164,1
DA:184,0
LF:34
LH:25
BRDA:71,0,0,2
BRDA:71,0,1,1
BRDA:75,1,0,2
BRDA:75,1,1,1
BRDA:77,2,0,1
BRDA:77,2,1,0
BRDA:96,3,0,0
BRDA:96,3,1,0
BRDA:100,4,0,0
BRDA:100,4,1,0
BRDA:108,5,0,0
BRDA:108,5,1,0
BRDA:155,6,0,125
BRDA:155,6,1,125
BRDA:170,7,0,291
BRDA:170,7,1,82
BRDA:171,8,0,291
BRDA:171,8,1,42
BRDA:172,9,0,291
BRDA:172,9,1,0
BRDA:173,10,0,291
BRDA:173,10,1,167
BRDA:184,11,0,42
BRDA:184,11,1,3
BRF:24
BRH:16
end_of_record
TN:
SF:src\screens\MyHealthScreen.tsx
FN:31,uid
FN:35,startOfDay
FN:41,sameDay
FN:49,fmtSelected
FN:58,fmtShort
FN:62,fmtTime
FN:66,bpStage
FN:74,MyHealthScreen
FN:81,(anonymous_9)
FN:114,(anonymous_10)
FN:115,(anonymous_11)
FN:120,(anonymous_12)
FN:121,(anonymous_13)
FN:126,(anonymous_14)
FN:128,(anonymous_15)
FN:131,(anonymous_16)
FN:132,(anonymous_17)
FN:135,addLog
FN:150,(anonymous_19)
FN:161,(anonymous_20)
FN:173,(anonymous_21)
FN:177,deleteLog
FN:178,(anonymous_23)
FN:178,(anonymous_24)
FN:186,(anonymous_25)
FN:186,(anonymous_26)
FN:195,(anonymous_27)
FN:262,(anonymous_28)
FN:262,(anonymous_29)
FN:278,(anonymous_30)
FN:284,(anonymous_31)
FN:290,(anonymous_32)
FN:310,(anonymous_33)
FN:346,(anonymous_34)
FN:386,(anonymous_35)
FN:425,(anonymous_36)
FN:441,(anonymous_37)
FN:447,Calendar
FN:489,(anonymous_39)
FN:497,(anonymous_40)
FN:509,(anonymous_41)
FNF:41
FNH:24
FNDA:129,uid
FNDA:84,startOfDay
FNDA:123,sameDay
FNDA:1,fmtSelected
FNDA:1,fmtShort
FNDA:3,fmtTime
FNDA:1,bpStage
FNDA:43,MyHealthScreen
FNDA:41,(anonymous_9)
FNDA:41,(anonymous_10)
FNDA:41,(anonymous_11)
FNDA:41,(anonymous_12)
FNDA:82,(anonymous_13)
FNDA:41,(anonymous_14)
FNDA:123,(anonymous_15)
FNDA:41,(anonymous_16)
FNDA:123,(anonymous_17)
FNDA:0,addLog
FNDA:0,(anonymous_19)
FNDA:0,(anonymous_20)
FNDA:0,(anonymous_21)
FNDA:0,deleteLog
FNDA:0,(anonymous_23)
FNDA:0,(anonymous_24)
FNDA:0,(anonymous_25)
FNDA:0,(anonymous_26)
FNDA:1,(anonymous_27)
FNDA:1,(anonymous_28)
FNDA:1,(anonymous_29)
FNDA:0,(anonymous_30)
FNDA:0,(anonymous_31)
FNDA:0,(anonymous_32)
FNDA:3,(anonymous_33)
FNDA:0,(anonymous_34)
FNDA:0,(anonymous_35)
FNDA:0,(anonymous_36)
FNDA:0,(anonymous_37)
FNDA:1,Calendar
FNDA:7,(anonymous_39)
FNDA:35,(anonymous_40)
FNDA:0,(anonymous_41)
DA:1,3
DA:2,3
DA:3,3
DA:4,3
DA:5,3
DA:6,3
DA:32,129
DA:36,84
DA:37,84
DA:38,84
DA:42,123
DA:50,1
DA:59,1
DA:63,3
DA:68,1
DA:69,1
DA:70,0
DA:71,0
DA:74,3
DA:75,43
DA:77,43
DA:78,43
DA:80,43
DA:81,43
DA:82,41
DA:83,41
DA:84,41
DA:88,43
DA:114,43
DA:115,41
DA:116,41
DA:117,41
DA:120,43
DA:121,82
DA:122,41
DA:123,41
DA:126,43
DA:128,123
DA:131,43
DA:132,123
DA:136,0
DA:143,0
DA:144,0
DA:150,0
DA:151,0
DA:152,0
DA:155,0
DA:156,0
DA:161,0
DA:162,0
DA:163,0
DA:167,0
DA:173,0
DA:174,0
DA:178,0
DA:181,43
DA:186,0
DA:195,1
DA:262,1
DA:279,0
DA:280,0
DA:281,0
DA:282,0
DA:285,0
DA:286,0
DA:287,0
DA:288,0
DA:290,0
DA:311,3
DA:314,3
DA:315,1
DA:316,1
DA:346,0
DA:355,2
DA:356,1
DA:386,0
DA:395,1
DA:396,1
DA:425,0
DA:433,0
DA:441,0
DA:460,1
DA:461,1
DA:463,1
DA:465,1
DA:466,1
DA:468,1
DA:469,1
DA:471,1
DA:472,1
DA:473,31
DA:474,4
DA:476,1
DA:490,7
DA:498,35
DA:501,31
DA:505,31
DA:509,0
LF:98
LH:65
BRDA:43,0,0,123
BRDA:43,0,1,123
BRDA:43,0,2,123
BRDA:68,1,0,0
BRDA:68,1,1,1
BRDA:68,2,0,1
BRDA:68,2,1,1
BRDA:69,3,0,1
BRDA:69,3,1,0
BRDA:69,4,0,1
BRDA:69,4,1,1
BRDA:70,5,0,0
BRDA:70,5,1,0
BRDA:70,6,0,0
BRDA:70,6,1,0
BRDA:116,7,0,0
BRDA:116,7,1,41
BRDA:116,8,0,41
BRDA:116,8,1,41
BRDA:122,9,0,0
BRDA:122,9,1,41
BRDA:123,10,0,41
BRDA:123,10,1,0
BRDA:140,11,0,0
BRDA:140,11,1,0
BRDA:143,12,0,0
BRDA:143,12,1,0
BRDA:148,13,0,0
BRDA:148,13,1,0
BRDA:155,14,0,0
BRDA:155,14,1,0
BRDA:171,15,0,0
BRDA:171,15,1,0
BRDA:263,16,0,1
BRDA:263,16,1,42
BRDA:263,17,0,1
BRDA:263,17,1,42
BRDA:268,18,0,43
BRDA:268,18,1,1
BRDA:306,19,0,1
BRDA:306,19,1,0
BRDA:314,20,0,1
BRDA:314,20,1,2
BRDA:314,21,0,3
BRDA:314,21,1,1
BRDA:314,21,2,1
BRDA:341,22,0,1
BRDA:341,22,1,0
BRDA:355,23,0,1
BRDA:355,23,1,1
BRDA:367,24,0,1
BRDA:367,24,1,0
BRDA:373,25,0,1
BRDA:373,25,1,0
BRDA:377,26,0,1
BRDA:377,26,1,0
BRDA:381,27,0,0
BRDA:381,27,1,1
BRDA:395,28,0,1
BRDA:395,28,1,0
BRDA:407,29,0,1
BRDA:407,29,1,0
BRDA:412,30,0,1
BRDA:412,30,1,0
BRDA:415,31,0,1
BRDA:415,31,1,0
BRDA:417,32,0,1
BRDA:417,32,1,0
BRDA:441,33,0,43
BRDA:441,33,1,1
BRDA:498,34,0,4
BRDA:498,34,1,31
BRDA:501,35,0,31
BRDA:501,35,1,31
BRDA:501,35,2,31
BRDA:508,36,0,1
BRDA:508,36,1,30
BRF:77
BRH:47
end_of_record
TN:
SF:src\screens\MyInfoScreen.tsx
FN:70,readProfile
FN:81,writeProfile
FN:85,Field
FN:106,(anonymous_4)
FN:115,TextAreaField
FN:136,(anonymous_6)
FN:146,MyInfoScreen
FN:150,(anonymous_8)
FN:163,(anonymous_9)
FN:170,savePersonal
FN:176,cancelPersonal
FN:181,saveAddress
FN:187,cancelAddress
FN:192,saveMedical
FN:198,cancelMedical
FN:207,(anonymous_16)
FN:207,(anonymous_17)
FN:235,(anonymous_18)
FN:247,(anonymous_19)
FN:247,(anonymous_20)
FN:253,(anonymous_21)
FN:253,(anonymous_22)
FN:259,(anonymous_23)
FN:259,(anonymous_24)
FN:266,(anonymous_25)
FN:266,(anonymous_26)
FN:273,(anonymous_27)
FN:273,(anonymous_28)
FN:301,(anonymous_29)
FN:314,(anonymous_30)
FN:314,(anonymous_31)
FN:321,(anonymous_32)
FN:321,(anonymous_33)
FN:327,(anonymous_34)
FN:327,(anonymous_35)
FN:333,(anonymous_36)
FN:333,(anonymous_37)
FN:360,(anonymous_38)
FN:372,(anonymous_39)
FN:372,(anonymous_40)
FN:378,(anonymous_41)
FN:378,(anonymous_42)
FN:386,(anonymous_43)
FN:386,(anonymous_44)
FN:392,(anonymous_45)
FN:392,(anonymous_46)
FN:400,(anonymous_47)
FN:400,(anonymous_48)
FN:406,(anonymous_49)
FN:406,(anonymous_50)
FN:414,(anonymous_51)
FN:414,(anonymous_52)
FN:426,(anonymous_53)
FN:426,(anonymous_54)
FN:438,(anonymous_55)
FN:438,(anonymous_56)
FNF:56
FNH:34
FNDA:56,readProfile
FNDA:3,writeProfile
FNDA:3000,Field
FNDA:93,(anonymous_4)
FNDA:600,TextAreaField
FNDA:35,(anonymous_6)
FNDA:259,MyInfoScreen
FNDA:56,(anonymous_8)
FNDA:59,(anonymous_9)
FNDA:1,savePersonal
FNDA:1,cancelPersonal
FNDA:1,saveAddress
FNDA:0,cancelAddress
FNDA:1,saveMedical
FNDA:0,cancelMedical
FNDA:1,(anonymous_16)
FNDA:1,(anonymous_17)
FNDA:10,(anonymous_18)
FNDA:20,(anonymous_19)
FNDA:20,(anonymous_20)
FNDA:7,(anonymous_21)
FNDA:7,(anonymous_22)
FNDA:0,(anonymous_23)
FNDA:0,(anonymous_24)
FNDA:0,(anonymous_25)
FNDA:0,(anonymous_26)
FNDA:25,(anonymous_27)
FNDA:25,(anonymous_28)
FNDA:1,(anonymous_29)
FNDA:16,(anonymous_30)
FNDA:16,(anonymous_31)
FNDA:10,(anonymous_32)
FNDA:10,(anonymous_33)
FNDA:0,(anonymous_34)
FNDA:0,(anonymous_35)
FNDA:0,(anonymous_36)
FNDA:0,(anonymous_37)
FNDA:1,(anonymous_38)
FNDA:15,(anonymous_39)
FNDA:15,(anonymous_40)
FNDA:0,(anonymous_41)
FNDA:0,(anonymous_42)
FNDA:0,(anonymous_43)
FNDA:0,(anonymous_44)
FNDA:0,(anonymous_45)
FNDA:0,(anonymous_46)
FNDA:0,(anonymous_47)
FNDA:0,(anonymous_48)
FNDA:0,(anonymous_49)
FNDA:0,(anonymous_50)
FNDA:12,(anonymous_51)
FNDA:12,(anonymous_52)
FNDA:0,(anonymous_53)
FNDA:0,(anonymous_54)
FNDA:23,(anonymous_55)
FNDA:23,(anonymous_56)
DA:1,5
DA:2,5
DA:3,5
DA:4,5
DA:39,5
DA:41,5
DA:71,56
DA:72,56
DA:73,56
DA:74,2
DA:75,1
DA:77,1
DA:82,3
DA:98,3000
DA:106,93
DA:128,600
DA:136,35
DA:146,5
DA:147,259
DA:150,259
DA:153,259
DA:154,259
DA:155,259
DA:158,259
DA:159,259
DA:160,259
DA:163,259
DA:164,59
DA:165,59
DA:166,59
DA:171,1
DA:172,1
DA:173,1
DA:174,1
DA:177,1
DA:178,1
DA:182,1
DA:183,1
DA:184,1
DA:185,1
DA:188,0
DA:189,0
DA:193,1
DA:194,1
DA:195,1
DA:196,1
DA:199,0
DA:200,0
DA:203,259
DA:207,1
DA:235,10
DA:247,20
DA:253,7
DA:259,0
DA:266,0
DA:273,25
DA:301,1
DA:314,16
DA:321,10
DA:327,0
DA:333,0
DA:360,1
DA:372,15
DA:378,0
DA:386,0
DA:392,0
DA:400,0
DA:406,0
DA:414,12
DA:426,0
DA:438,23
LF:71
LH:57
BRDA:73,0,0,54
BRDA:73,0,1,2
BRDA:101,1,0,724
BRDA:101,1,1,2276
BRDA:131,2,0,153
BRDA:131,2,1,447
BRDA:225,3,0,62
BRDA:225,3,1,197
BRDA:245,4,0,62
BRDA:245,4,1,197
BRDA:251,5,0,62
BRDA:251,5,1,197
BRDA:257,6,0,62
BRDA:257,6,1,197
BRDA:264,7,0,62
BRDA:264,7,1,197
BRDA:271,8,0,62
BRDA:271,8,1,197
BRDA:291,9,0,27
BRDA:291,9,1,232
BRDA:312,10,0,27
BRDA:312,10,1,232
BRDA:319,11,0,27
BRDA:319,11,1,232
BRDA:325,12,0,27
BRDA:325,12,1,232
BRDA:331,13,0,27
BRDA:331,13,1,232
BRDA:350,14,0,51
BRDA:350,14,1,208
BRDA:370,15,0,51
BRDA:370,15,1,208
BRDA:376,16,0,51
BRDA:376,16,1,208
BRDA:383,17,0,51
BRDA:383,17,1,208
BRDA:390,18,0,51
BRDA:390,18,1,208
BRDA:397,19,0,51
BRDA:397,19,1,208
BRDA:404,20,0,51
BRDA:404,20,1,208
BRDA:412,21,0,51
BRDA:412,21,1,208
BRDA:423,22,0,51
BRDA:423,22,1,208
BRDA:435,23,0,51
BRDA:435,23,1,208
BRF:48
BRH:48
end_of_record
TN:
SF:src\screens\SizeDemoScreen.tsx
FN:12,SizeDemoScreen
FN:20,(anonymous_2)
FN:20,(anonymous_3)
FN:40,(anonymous_4)
FN:44,(anonymous_5)
FNF:5
FNH:3
FNDA:78,SizeDemoScreen
FNDA:0,(anonymous_2)
FNDA:0,(anonymous_3)
FNDA:234,(anonymous_4)
FNDA:25,(anonymous_5)
DA:1,3
DA:2,3
DA:3,3
DA:4,3
DA:6,3
DA:12,3
DA:13,78
DA:14,78
DA:16,78
DA:20,0
DA:41,234
DA:44,25
LF:12
LH:11
BRDA:43,0,0,78
BRDA:43,0,1,156
BRF:2
BRH:2
end_of_record
TN:
SF:src\screens\SymptomsScreen.tsx
FN:11,readLogs
FN:16,(anonymous_2)
FN:22,writeLogs
FN:26,startOfDay
FN:32,fmtDate
FN:37,SymptomsScreen
FN:40,(anonymous_7)
FN:45,(anonymous_8)
FN:47,(anonymous_9)
FN:50,(anonymous_10)
FN:52,(anonymous_11)
FN:56,(anonymous_12)
FN:62,(anonymous_13)
FN:71,addLog
FN:86,(anonymous_15)
FN:86,(anonymous_16)
FN:95,(anonymous_17)
FN:150,(anonymous_18)
FN:150,(anonymous_19)
FN:159,(anonymous_20)
FN:160,(anonymous_21)
FN:164,(anonymous_22)
FN:165,(anonymous_23)
FN:175,(anonymous_24)
FN:176,(anonymous_25)
FNF:25
FNH:24
FNDA:46,readLogs
FNDA:6,(anonymous_2)
FNDA:3,writeLogs
FNDA:58,startOfDay
FNDA:0,fmtDate
FNDA:64,SymptomsScreen
FNDA:46,(anonymous_7)
FNDA:49,(anonymous_8)
FNDA:9,(anonymous_9)
FNDA:49,(anonymous_10)
FNDA:9,(anonymous_11)
FNDA:49,(anonymous_12)
FNDA:8,(anonymous_13)
FNDA:1,addLog
FNDA:1,(anonymous_15)
FNDA:1,(anonymous_16)
FNDA:3,(anonymous_17)
FNDA:5,(anonymous_18)
FNDA:5,(anonymous_19)
FNDA:1,(anonymous_20)
FNDA:2,(anonymous_21)
FNDA:1,(anonymous_22)
FNDA:1,(anonymous_23)
FNDA:1,(anonymous_24)
FNDA:1,(anonymous_25)
DA:1,4
DA:2,4
DA:3,4
DA:4,4
DA:5,4
DA:6,4
DA:7,4
DA:9,4
DA:12,46
DA:13,46
DA:14,46
DA:15,4
DA:16,6
DA:18,1
DA:23,3
DA:27,58
DA:28,58
DA:29,58
DA:33,0
DA:34,0
DA:37,4
DA:38,64
DA:40,64
DA:41,64
DA:42,64
DA:43,64
DA:45,64
DA:46,49
DA:47,49
DA:50,64
DA:51,49
DA:52,9
DA:53,6
DA:56,64
DA:57,49
DA:58,6
DA:59,9
DA:60,6
DA:61,6
DA:62,6
DA:63,8
DA:64,7
DA:65,7
DA:68,6
DA:72,1
DA:77,1
DA:78,1
DA:79,1
DA:82,64
DA:86,1
DA:95,3
DA:150,5
DA:160,2
DA:161,1
DA:162,1
DA:165,1
DA:166,1
DA:167,1
DA:175,1
DA:177,1
DA:178,1
LF:61
LH:59
BRDA:14,0,0,42
BRDA:14,0,1,4
BRDA:51,1,0,43
BRDA:51,1,1,6
BRDA:57,2,0,43
BRDA:57,2,1,6
BRDA:59,3,0,9
BRDA:59,3,1,8
BRDA:63,4,0,7
BRDA:63,4,1,1
BRDA:114,5,0,64
BRDA:114,5,1,56
BRDA:151,6,0,6
BRDA:151,6,1,58
BRDA:156,7,0,64
BRDA:156,7,1,6
BRDA:165,8,0,1
BRDA:165,8,1,0
BRDA:173,9,0,64
BRDA:173,9,1,3
BRF:20
BRH:19
end_of_record
TN:
SF:src\screens\components\AddActivityModal.tsx
FN:8,getFocusable
FN:13,(anonymous_10)
FN:16,AddActivityModal
FN:26,(anonymous_12)
FN:28,(anonymous_13)
FN:32,(anonymous_14)
FN:33,onKeyDown
FN:65,(anonymous_16)
FN:68,submit
FN:83,(anonymous_18)
FN:118,(anonymous_19)
FN:132,(anonymous_20)
FNF:12
FNH:12
FNDA:4,getFocusable
FNDA:16,(anonymous_10)
FNDA:93,AddActivityModal
FNDA:73,(anonymous_12)
FNDA:14,(anonymous_13)
FNDA:14,(anonymous_14)
FNDA:85,onKeyDown
FNDA:14,(anonymous_16)
FNDA:3,submit
FNDA:14,(anonymous_18)
FNDA:59,(anonymous_19)
FNDA:20,(anonymous_20)
DA:1,4
DA:2,4
DA:9,4
DA:10,4
DA:13,16
DA:16,4
DA:17,93
DA:19,93
DA:20,93
DA:21,93
DA:23,93
DA:24,93
DA:26,93
DA:28,93
DA:29,14
DA:32,93
DA:34,85
DA:35,1
DA:36,1
DA:37,1
DA:41,84
DA:42,4
DA:43,4
DA:44,4
DA:45,4
DA:47,4
DA:48,4
DA:50,4
DA:51,2
DA:52,2
DA:53,2
DA:56,2
DA:57,2
DA:58,2
DA:64,14
DA:65,14
DA:69,3
DA:70,3
DA:71,0
DA:72,0
DA:73,0
DA:75,3
DA:76,3
DA:79,93
DA:85,14
DA:119,59
DA:120,59
DA:132,20
LF:48
LH:45
BRDA:9,0,0,0
BRDA:9,0,1,4
BRDA:13,1,0,16
BRDA:13,1,1,14
BRDA:34,2,0,1
BRDA:34,2,1,84
BRDA:41,3,0,4
BRDA:41,3,1,80
BRDA:43,4,0,0
BRDA:43,4,1,4
BRDA:48,5,0,0
BRDA:48,5,1,4
BRDA:50,6,0,2
BRDA:50,6,1,2
BRDA:51,7,0,2
BRDA:51,7,1,0
BRDA:56,8,0,2
BRDA:56,8,1,0
BRDA:70,9,0,0
BRDA:70,9,1,3
BRDA:75,10,0,3
BRDA:75,10,1,1
BRDA:85,11,0,1
BRDA:85,11,1,13
BRDA:135,12,0,93
BRDA:135,12,1,0
BRF:26
BRH:19
end_of_record
TN:
SF:src\screens\components\AddMedicationModal.tsx
FN:15,AddMedicationModal
FN:22,submit
FN:39,(anonymous_2)
FN:49,(anonymous_3)
FN:52,(anonymous_4)
FN:55,(anonymous_5)
FN:58,(anonymous_6)
FNF:7
FNH:7
FNDA:163,AddMedicationModal
FNDA:7,submit
FNDA:23,(anonymous_2)
FNDA:70,(anonymous_3)
FNDA:26,(anonymous_4)
FNDA:30,(anonymous_5)
FNDA:17,(anonymous_6)
DA:1,5
DA:15,5
DA:16,163
DA:17,163
DA:18,163
DA:19,163
DA:20,163
DA:23,7
DA:25,7
DA:26,5
DA:27,4
DA:29,3
DA:37,163
DA:39,23
DA:49,70
DA:52,26
DA:55,30
DA:58,17
LF:18
LH:18
BRDA:25,0,0,2
BRDA:25,0,1,5
BRDA:26,1,0,1
BRDA:26,1,1,4
BRDA:27,2,0,1
BRDA:27,2,1,3
BRDA:33,3,0,3
BRDA:33,3,1,2
BRDA:60,4,0,163
BRDA:60,4,1,25
BRF:10
BRH:10
end_of_record
TN:
SF:src\screens\components\ExerciseInstructionsModal.tsx
FN:20,ExerciseInstructionsModal
FN:22,(anonymous_1)
FN:23,(anonymous_2)
FN:27,(anonymous_3)
FN:32,(anonymous_4)
FN:62,(anonymous_5)
FN:74,(anonymous_6)
FN:85,(anonymous_7)
FNF:8
FNH:8
FNDA:10,ExerciseInstructionsModal
FNDA:10,(anonymous_1)
FNDA:1,(anonymous_2)
FNDA:10,(anonymous_3)
FNDA:4,(anonymous_4)
FNDA:30,(anonymous_5)
FNDA:20,(anonymous_6)
FNDA:1,(anonymous_7)
DA:1,4
DA:20,4
DA:22,10
DA:23,10
DA:24,1
DA:26,10
DA:27,10
DA:30,10
DA:32,4
DA:63,30
DA:75,20
DA:85,1
LF:12
LH:12
BRDA:24,0,0,1
BRDA:24,0,1,0
BRF:2
BRH:1
end_of_record
TN:
SF:src\screens\components\ExerciseProgressChart.tsx
FN:7,clamp
FN:11,buildPath
FN:12,(anonymous_2)
FN:23,(anonymous_3)
FN:32,ExerciseProgressChart
FN:36,(anonymous_5)
FN:46,(anonymous_6)
FN:70,(anonymous_7)
FN:79,(anonymous_8)
FN:81,(anonymous_9)
FN:82,(anonymous_10)
FN:88,(anonymous_11)
FN:100,(anonymous_12)
FN:109,(anonymous_13)
FN:118,(anonymous_14)
FN:138,(anonymous_15)
FN:150,(anonymous_16)
FN:160,(anonymous_17)
FN:164,(anonymous_18)
FN:176,(anonymous_19)
FNF:20
FNH:16
FNDA:0,clamp
FNDA:30,buildPath
FNDA:210,(anonymous_2)
FNDA:210,(anonymous_3)
FNDA:30,ExerciseProgressChart
FNDA:30,(anonymous_5)
FNDA:120,(anonymous_6)
FNDA:210,(anonymous_7)
FNDA:30,(anonymous_8)
FNDA:30,(anonymous_9)
FNDA:210,(anonymous_10)
FNDA:120,(anonymous_11)
FNDA:0,(anonymous_12)
FNDA:0,(anonymous_13)
FNDA:0,(anonymous_14)
FNDA:120,(anonymous_15)
FNDA:120,(anonymous_16)
FNDA:210,(anonymous_17)
FNDA:1470,(anonymous_18)
FNDA:210,(anonymous_19)
DA:1,3
DA:8,0
DA:12,210
DA:13,30
DA:14,30
DA:17,30
DA:19,30
DA:20,30
DA:22,30
DA:24,210
DA:25,210
DA:26,210
DA:27,210
DA:32,3
DA:33,30
DA:35,30
DA:36,30
DA:46,120
DA:68,30
DA:70,210
DA:72,30
DA:75,30
DA:76,30
DA:77,30
DA:79,30
DA:81,30
DA:82,210
DA:83,30
DA:84,30
DA:85,30
DA:88,120
DA:89,30
DA:92,30
DA:100,0
DA:109,0
DA:118,0
DA:139,120
DA:151,120
DA:152,120
DA:161,210
DA:162,210
DA:164,1470
DA:165,210
DA:166,210
DA:167,210
DA:168,210
DA:169,210
DA:171,210
DA:177,210
LF:49
LH:45
BRDA:27,0,0,30
BRDA:27,0,1,180
BRDA:72,1,0,30
BRDA:72,1,1,0
BRDA:72,2,0,0
BRDA:72,2,1,0
BRDA:99,3,0,30
BRDA:99,3,1,0
BRDA:108,4,0,0
BRDA:108,4,1,30
BRDA:117,5,0,0
BRDA:117,5,1,30
BRF:12
BRH:6
end_of_record
TN:
SF:src\screens\components\HealthTrendsChart.tsx
FN:1,HealthTrendsChart
FN:8,(anonymous_1)
FN:19,(anonymous_2)
FN:32,(anonymous_3)
FN:61,(anonymous_4)
FNF:5
FNH:5
FNDA:43,HealthTrendsChart
FNDA:258,(anonymous_1)
FNDA:301,(anonymous_2)
FNDA:301,(anonymous_3)
FNDA:301,(anonymous_4)
DA:1,3
DA:4,43
DA:9,258
DA:20,301
DA:33,301
DA:62,301
LF:6
LH:6
BRF:0
BRH:0
end_of_record
TN:
SF:src\screens\components\LogHealthDataModal.tsx
FN:32,clamp
FN:36,moodLabel
FN:45,LogHealthDataModal
FN:55,(anonymous_3)
FN:70,parseIntSafe
FN:75,validateAndSave
FN:124,(anonymous_6)
FN:136,(anonymous_7)
FN:139,(anonymous_8)
FN:142,(anonymous_9)
FN:153,(anonymous_10)
FN:157,(anonymous_11)
FN:162,(anonymous_12)
FN:165,(anonymous_13)
FN:175,(anonymous_14)
FN:180,(anonymous_15)
FN:200,(anonymous_16)
FN:209,(anonymous_17)
FN:219,(anonymous_18)
FN:224,(anonymous_19)
FN:232,(anonymous_20)
FN:235,(anonymous_21)
FN:238,(anonymous_22)
FNF:23
FNH:13
FNDA:0,clamp
FNDA:1,moodLabel
FNDA:22,LogHealthDataModal
FNDA:15,(anonymous_3)
FNDA:0,parseIntSafe
FNDA:1,validateAndSave
FNDA:0,(anonymous_6)
FNDA:1,(anonymous_7)
FNDA:1,(anonymous_8)
FNDA:1,(anonymous_9)
FNDA:1,(anonymous_10)
FNDA:1,(anonymous_11)
FNDA:1,(anonymous_12)
FNDA:1,(anonymous_13)
FNDA:6,(anonymous_14)
FNDA:0,(anonymous_15)
FNDA:0,(anonymous_16)
FNDA:0,(anonymous_17)
FNDA:8,(anonymous_18)
FNDA:0,(anonymous_19)
FNDA:0,(anonymous_20)
FNDA:0,(anonymous_21)
FNDA:0,(anonymous_22)
DA:1,4
DA:33,0
DA:38,1
DA:39,1
DA:40,1
DA:41,0
DA:42,0
DA:45,4
DA:46,22
DA:49,22
DA:50,22
DA:51,22
DA:54,22
DA:55,15
DA:58,22
DA:59,22
DA:62,22
DA:63,22
DA:64,22
DA:67,22
DA:68,22
DA:71,0
DA:72,0
DA:76,1
DA:78,1
DA:79,0
DA:80,0
DA:81,0
DA:83,0
DA:84,0
DA:85,0
DA:87,0
DA:94,0
DA:97,1
DA:98,0
DA:99,0
DA:105,0
DA:109,1
DA:110,0
DA:111,0
DA:113,0
DA:122,22
DA:124,0
DA:136,1
DA:139,1
DA:142,1
DA:153,1
DA:157,1
DA:162,1
DA:165,1
DA:176,6
DA:180,0
DA:200,0
DA:209,0
DA:220,8
DA:224,0
DA:232,0
DA:235,0
DA:238,0
LF:59
LH:32
BRDA:38,0,0,0
BRDA:38,0,1,1
BRDA:39,1,0,0
BRDA:39,1,1,1
BRDA:40,2,0,1
BRDA:40,2,1,0
BRDA:41,3,0,0
BRDA:41,3,1,0
BRDA:72,4,0,0
BRDA:72,4,1,0
BRDA:78,5,0,0
BRDA:78,5,1,1
BRDA:81,6,0,0
BRDA:81,6,1,0
BRDA:83,7,0,0
BRDA:83,7,1,0
BRDA:83,8,0,0
BRDA:83,8,1,0
BRDA:83,8,2,0
BRDA:84,9,0,0
BRDA:84,9,1,0
BRDA:84,10,0,0
BRDA:84,10,1,0
BRDA:84,10,2,0
BRDA:85,11,0,0
BRDA:85,11,1,0
BRDA:85,12,0,0
BRDA:85,12,1,0
BRDA:85,12,2,0
BRDA:91,13,0,0
BRDA:91,13,1,0
BRDA:92,14,0,0
BRDA:92,14,1,0
BRDA:97,15,0,0
BRDA:97,15,1,1
BRDA:103,16,0,0
BRDA:103,16,1,0
BRDA:109,17,0,1
BRDA:109,17,1,0
BRDA:110,18,0,0
BRDA:110,18,1,0
BRDA:111,19,0,0
BRDA:111,19,1,0
BRDA:111,20,0,0
BRDA:111,20,1,0
BRDA:111,20,2,0
BRDA:117,21,0,0
BRDA:117,21,1,0
BRDA:118,22,0,0
BRDA:118,22,1,0
BRDA:136,23,0,19
BRDA:136,23,1,3
BRDA:139,24,0,1
BRDA:139,24,1,21
BRDA:142,25,0,2
BRDA:142,25,1,20
BRDA:148,26,0,22
BRDA:148,26,1,19
BRDA:170,27,0,22
BRDA:170,27,1,1
BRDA:179,28,0,1
BRDA:179,28,1,5
BRDA:214,29,0,22
BRDA:214,29,1,2
BRDA:223,30,0,2
BRDA:223,30,1,6
BRDA:242,31,0,22
BRDA:242,31,1,1
BRF:68
BRH:24
end_of_record
TN:
SF:src\screens\components\LogSymptomModal.tsx
FN:33,severityLabel
FN:39,LogSymptomModal
FN:44,(anonymous_2)
FN:62,(anonymous_3)
FN:66,(anonymous_4)
FN:83,(anonymous_5)
FN:96,(anonymous_6)
FN:105,(anonymous_7)
FNF:8
FNH:4
FNDA:1,severityLabel
FNDA:1,LogSymptomModal
FNDA:1,(anonymous_2)
FNDA:6,(anonymous_3)
FNDA:0,(anonymous_4)
FNDA:0,(anonymous_5)
FNDA:0,(anonymous_6)
FNDA:0,(anonymous_7)
DA:1,3
DA:24,3
DA:34,1
DA:35,1
DA:36,0
DA:39,3
DA:40,1
DA:41,1
DA:42,1
DA:44,1
DA:46,1
DA:63,6
DA:66,0
DA:83,0
DA:96,0
DA:106,0
LF:16
LH:11
BRDA:34,0,0,0
BRDA:34,0,1,1
BRDA:35,1,0,1
BRDA:35,1,1,0
BRDA:65,2,0,1
BRDA:65,2,1,5
BRDA:109,3,0,0
BRDA:109,3,1,0
BRF:8
BRH:4
end_of_record
TN:
SF:src\screens\components\RegisterModal.tsx
FN:6,isEmail
FN:9,isSixDigits
FN:13,RegisterModal
FN:20,validate
FN:33,onCreate
FN:51,(anonymous_5)
FN:55,(anonymous_6)
FN:59,(anonymous_7)
FN:63,(anonymous_8)
FNF:9
FNH:7
FNDA:0,isEmail
FNDA:0,isSixDigits
FNDA:33,RegisterModal
FNDA:2,validate
FNDA:2,onCreate
FNDA:3,(anonymous_5)
FNDA:2,(anonymous_6)
FNDA:2,(anonymous_7)
FNDA:1,(anonymous_8)
DA:1,4
DA:7,0
DA:10,0
DA:13,4
DA:14,33
DA:15,33
DA:16,33
DA:17,33
DA:18,33
DA:21,2
DA:22,2
DA:23,2
DA:24,0
DA:25,2
DA:26,0
DA:27,2
DA:28,0
DA:29,2
DA:30,2
DA:34,2
DA:36,0
DA:39,33
DA:51,3
DA:55,2
DA:59,2
DA:63,1
LF:26
LH:20
BRDA:22,0,0,1
BRDA:22,0,1,1
BRDA:23,1,0,2
BRDA:23,1,1,0
BRDA:24,2,0,0
BRDA:24,2,1,0
BRDA:25,3,0,2
BRDA:25,3,1,0
BRDA:26,4,0,0
BRDA:26,4,1,0
BRDA:27,5,0,2
BRDA:27,5,1,0
BRDA:28,6,0,0
BRDA:28,6,1,0
BRDA:34,7,0,2
BRDA:34,7,1,0
BRDA:51,8,0,1
BRDA:51,8,1,32
BRDA:52,9,0,33
BRDA:52,9,1,1
BRDA:55,10,0,2
BRDA:55,10,1,31
BRDA:56,11,0,33
BRDA:56,11,1,2
BRDA:59,12,0,2
BRDA:59,12,1,31
BRDA:60,13,0,33
BRDA:60,13,1,2
BRDA:63,14,0,2
BRDA:63,14,1,31
BRDA:64,15,0,33
BRDA:64,15,1,2
BRF:32
BRH:22
end_of_record
TN:
SF:src\screens\components\SymptomHistoryPanel.tsx
FN:10,startOfDay
FN:16,fmt
FN:22,fmtDate
FN:27,severityChip
FN:33,SymptomHistoryPanel
FN:34,(anonymous_5)
FN:37,(anonymous_6)
FN:37,(anonymous_7)
FN:42,(anonymous_8)
FN:80,(anonymous_9)
FN:87,(anonymous_10)
FN:116,(anonymous_11)
FN:132,(anonymous_12)
FN:141,(anonymous_13)
FNF:14
FNH:7
FNDA:1,startOfDay
FNDA:0,fmt
FNDA:1,fmtDate
FNDA:0,severityChip
FNDA:1,SymptomHistoryPanel
FNDA:1,(anonymous_5)
FNDA:1,(anonymous_6)
FNDA:0,(anonymous_7)
FNDA:1,(anonymous_8)
FNDA:31,(anonymous_9)
FNDA:0,(anonymous_10)
FNDA:0,(anonymous_11)
FNDA:0,(anonymous_12)
FNDA:0,(anonymous_13)
DA:1,3
DA:11,1
DA:12,1
DA:13,1
DA:17,0
DA:18,0
DA:19,0
DA:23,1
DA:24,1
DA:28,0
DA:29,0
DA:30,0
DA:33,3
DA:34,1
DA:36,1
DA:37,1
DA:42,1
DA:43,1
DA:44,1
DA:45,1
DA:46,1
DA:47,1
DA:48,1
DA:49,1
DA:50,31
DA:51,31
DA:52,31
DA:54,1
DA:57,1
DA:81,31
DA:82,31
DA:83,31
DA:87,0
DA:117,0
DA:118,0
DA:133,0
DA:134,0
DA:141,0
LF:38
LH:26
BRDA:28,0,0,0
BRDA:28,0,1,0
BRDA:29,1,0,0
BRDA:29,1,1,0
BRDA:86,2,0,1
BRDA:86,2,1,30
BRDA:111,3,0,1
BRDA:111,3,1,0
BRDA:123,4,0,0
BRDA:123,4,1,0
BRF:10
BRH:3
end_of_record
TN:
SF:src\screens\components\SymptomTrendsChart.tsx
FN:19,clamp
FN:23,avg
FN:25,(anonymous_2)
FN:28,startOfDay
FN:34,buildBuckets
FN:70,toPoints
FN:78,(anonymous_6)
FN:86,SymptomTrendsChart
FN:87,(anonymous_8)
FN:89,(anonymous_9)
FN:102,(anonymous_10)
FN:103,(anonymous_11)
FN:119,(anonymous_12)
FN:122,(anonymous_13)
FN:125,(anonymous_14)
FN:136,(anonymous_15)
FN:142,(anonymous_16)
FN:145,(anonymous_17)
FN:150,(anonymous_18)
FN:158,(anonymous_19)
FN:174,(anonymous_20)
FNF:21
FNH:17
FNDA:1160,clamp
FNDA:1104,avg
FNDA:0,(anonymous_2)
FNDA:0,startOfDay
FNDA:40,buildBuckets
FNDA:168,toPoints
FNDA:1160,(anonymous_6)
FNDA:42,SymptomTrendsChart
FNDA:40,(anonymous_8)
FNDA:40,(anonymous_9)
FNDA:0,(anonymous_10)
FNDA:0,(anonymous_11)
FNDA:2,(anonymous_12)
FNDA:3,(anonymous_13)
FNDA:1,(anonymous_14)
FNDA:210,(anonymous_15)
FNDA:168,(anonymous_16)
FNDA:1160,(anonymous_17)
FNDA:1160,(anonymous_18)
FNDA:290,(anonymous_19)
FNDA:168,(anonymous_20)
DA:1,3
DA:12,3
DA:20,1160
DA:24,1104
DA:25,0
DA:29,0
DA:30,0
DA:31,0
DA:35,40
DA:36,40
DA:37,40
DA:39,40
DA:41,36
DA:42,252
DA:43,252
DA:44,252
DA:45,252
DA:46,252
DA:48,4
DA:50,3
DA:51,12
DA:52,12
DA:53,12
DA:54,12
DA:55,12
DA:59,1
DA:60,12
DA:61,12
DA:62,12
DA:63,12
DA:67,40
DA:71,168
DA:72,168
DA:73,168
DA:75,168
DA:76,168
DA:78,168
DA:79,1160
DA:80,1160
DA:81,1160
DA:82,1160
DA:86,3
DA:87,42
DA:89,42
DA:91,40
DA:92,160
DA:94,40
DA:95,276
DA:97,276
DA:101,276
DA:102,1104
DA:103,1104
DA:104,1104
DA:108,40
DA:111,42
DA:112,42
DA:114,42
DA:116,42
DA:119,2
DA:122,3
DA:125,1
DA:137,210
DA:138,210
DA:143,168
DA:144,168
DA:145,1160
DA:147,168
DA:151,1160
DA:159,290
DA:160,290
DA:175,168
LF:71
LH:67
BRDA:24,0,0,1104
BRDA:24,0,1,0
BRDA:39,1,0,36
BRDA:39,1,1,4
BRDA:48,2,0,3
BRDA:48,2,1,1
BRDA:79,3,0,1160
BRDA:79,3,1,0
BRDA:80,4,0,1160
BRDA:80,4,1,1160
BRDA:97,5,0,40
BRDA:97,5,1,236
BRDA:102,6,0,0
BRDA:102,6,1,0
BRDA:102,6,2,0
BRDA:119,7,0,38
BRDA:119,7,1,4
BRDA:122,8,0,3
BRDA:122,8,1,39
BRDA:125,9,0,1
BRDA:125,9,1,41
BRDA:131,10,0,38
BRDA:131,10,1,4
BRDA:131,11,0,3
BRDA:131,11,1,1
BRDA:145,12,0,168
BRDA:145,12,1,992
BRDA:159,13,0,290
BRDA:159,13,1,0
BRDA:177,14,0,42
BRDA:177,14,1,126
BRF:31
BRH:25
end_of_record
TN:
SF:src\screens\components\TextSizeModal.tsx
FN:13,TextSizeModal
FN:18,(anonymous_1)
FN:25,(anonymous_2)
FN:29,(anonymous_3)
FNF:4
FNH:4
FNDA:10,TextSizeModal
FNDA:5,(anonymous_1)
FNDA:30,(anonymous_2)
FNDA:3,(anonymous_3)
DA:1,16
DA:7,16
DA:13,16
DA:14,10
DA:16,10
DA:18,5
DA:26,30
DA:29,3
LF:8
LH:8
BRDA:28,0,0,10
BRDA:28,0,1,20
BRDA:35,1,0,30
BRDA:35,1,1,10
BRF:4
BRH:4
end_of_record
TN:
SF:src\state\activitiesStore.tsx
FN:36,reducer
FN:45,(anonymous_10)
FN:50,(anonymous_11)
FN:54,(anonymous_12)
FN:73,loadFromStorage
FN:85,ActivitiesProvider
FN:89,(anonymous_15)
FN:95,(anonymous_16)
FN:103,(anonymous_17)
FN:106,(anonymous_18)
FN:114,(anonymous_19)
FN:115,(anonymous_20)
FN:116,(anonymous_21)
FN:123,useActivities
FNF:14
FNH:12
FNDA:121,reducer
FNDA:437,(anonymous_10)
FNDA:298,(anonymous_11)
FNDA:0,(anonymous_12)
FNDA:61,loadFromStorage
FNDA:158,ActivitiesProvider
FNDA:61,(anonymous_15)
FNDA:156,(anonymous_16)
FNDA:156,(anonymous_17)
FNDA:36,(anonymous_18)
FNDA:17,(anonymous_19)
FNDA:9,(anonymous_20)
FNDA:0,(anonymous_21)
FNDA:164,useActivities
DA:1,4
DA:21,4
DA:23,4
DA:37,121
DA:39,59
DA:41,36
DA:43,17
DA:46,437
DA:50,298
DA:52,0
DA:55,0
DA:59,0
DA:71,4
DA:74,61
DA:75,61
DA:76,61
DA:77,59
DA:78,59
DA:79,59
DA:81,0
DA:85,4
DA:86,158
DA:89,158
DA:90,61
DA:91,61
DA:95,158
DA:96,156
DA:97,156
DA:103,158
DA:104,156
DA:107,36
DA:108,36
DA:109,36
DA:114,17
DA:115,9
DA:116,0
DA:120,158
DA:123,4
DA:124,164
DA:125,164
DA:126,160
LF:41
LH:36
BRDA:37,0,0,59
BRDA:37,0,1,36
BRDA:37,0,2,17
BRDA:37,0,3,9
BRDA:37,0,4,0
BRDA:37,0,5,0
BRDA:46,1,0,16
BRDA:46,1,1,421
BRDA:55,2,0,0
BRDA:55,2,1,0
BRDA:76,3,0,2
BRDA:76,3,1,59
BRDA:78,4,0,0
BRDA:78,4,1,59
BRDA:91,5,0,59
BRDA:91,5,1,2
BRDA:91,6,0,61
BRDA:91,6,1,59
BRDA:108,7,0,0
BRDA:108,7,1,36
BRDA:111,8,0,36
BRDA:111,8,1,36
BRDA:125,9,0,4
BRDA:125,9,1,160
BRF:24
BRH:18
end_of_record
TN:
SF:src\state\uiScale.tsx
FN:14,applyBodyClass
FN:19,UiScaleProvider
FN:22,(anonymous_11)
FN:32,setScale
FN:38,(anonymous_13)
FN:42,useUiScale
FNF:6
FNH:6
FNDA:67,applyBodyClass
FNDA:93,UiScaleProvider
FNDA:42,(anonymous_11)
FNDA:25,setScale
FNDA:84,(anonymous_13)
FNDA:78,useUiScale
DA:1,15
DA:10,15
DA:12,15
DA:15,67
DA:16,67
DA:19,15
DA:20,93
DA:22,93
DA:23,42
DA:24,42
DA:25,26
DA:26,26
DA:28,16
DA:33,25
DA:34,25
DA:35,25
DA:38,93
DA:39,93
DA:42,15
DA:43,78
DA:44,78
DA:45,78
LF:22
LH:22
BRDA:24,0,0,26
BRDA:24,0,1,16
BRDA:24,1,0,42
BRDA:24,1,1,40
BRDA:24,1,2,36
BRDA:44,2,0,0
BRDA:44,2,1,78
BRF:7
BRH:6
end_of_record
